<?xml version="1.0" encoding="UTF-8"?>
<testsuites name="deneme" time="4.092" tests="0" failures="0" errors="0">
   <testsuite name="deneme" tests="0" failures="0" errors="0" time="4.092" skipped="0" timestamp="2021-06-15 01:14:01" hostname="yigit - LAPTOP-7436ND4C" id="">
      <properties>
         <property name="deviceName" value=""/>
         <property name="devicePlatform" value=""/>
         <property name="logFolder" value="C:\\Users\\yigit\\Documents\\GitHub\\EES_Katalon\\Reports\\20210615_011358\\deneme\\20210615_011358"/>
         <property name="logFiles" value="C:\\Users\\yigit\\Documents\\GitHub\\EES_Katalon\\Reports\\20210615_011358\\deneme\\20210615_011358\\execution0.log"/>
         <property name="attachments" value=""/>
         <property name="hostName" value="yigit - LAPTOP-7436ND4C"/>
         <property name="hostAddress" value="10.10.10.51"/>
         <property name="os" value="Windows 10 64bit"/>
         <property name="katalonVersion" value="8.0.1.208"/>
      </properties>
      <system-out><![CDATA[2021-06-15 01:14:01 - [TEST_SUITE][PASSED] - deneme: null]]></system-out>
      <system-err><![CDATA[]]></system-err>
   </testsuite>
</testsuites>
