<?xml version="1.0" encoding="UTF-8"?>
<testsuites name="deneme1" time="126.337" tests="4" failures="0" errors="0">
   <testsuite name="deneme1" tests="4" failures="0" errors="0" time="126.337" skipped="0" timestamp="2021-06-28 10:01:08" hostname="yigit - LAPTOP-7436ND4C" id="">
      <properties>
         <property name="deviceName" value=""/>
         <property name="devicePlatform" value=""/>
         <property name="logFolder" value="C:\\Users\\yigit\\Documents\\GitHub\\EES_Katalon\\Reports\\20210628_100100\\deneme1\\20210628_100101"/>
         <property name="logFiles" value="C:\\Users\\yigit\\Documents\\GitHub\\EES_Katalon\\Reports\\20210628_100100\\deneme1\\20210628_100101\\execution0.log"/>
         <property name="attachments" value=""/>
         <property name="hostName" value="yigit - LAPTOP-7436ND4C"/>
         <property name="os" value="Windows 10 64bit"/>
         <property name="katalonVersion" value="8.0.5.208"/>
         <property name="browser" value="Chrome 91.0.4472.114"/>
         <property name="hostAddress" value="10.10.10.134"/>
         <property name="sessionId" value="9772982d115ffd7758fcc118978be3ec"/>
         <property name="seleniumVersion" value="3.141.59"/>
         <property name="proxyInformation" value="ProxyInformation { proxyOption=NO_PROXY, proxyServerType=HTTP, username=, password=********, proxyServerAddress=, proxyServerPort=0, executionList=&quot;&quot;, isApplyToDesiredCapabilities=true }"/>
         <property name="platform" value="Windows 10"/>
      </properties>
      <testcase name="Test Cases/Case Repository/e-Fatura/Gelen Kutusu/Faturalar/Pdf Goster-Indir" time="40.911" classname="Test Cases/Case Repository/e-Fatura/Gelen Kutusu/Faturalar/Pdf Goster-Indir" status="PASSED">
         <system-out><![CDATA[2021-06-28 10:01:09 - [TEST_CASE][PASSED] - Test Cases/Case Repository/e-Fatura/Gelen Kutusu/Faturalar/Pdf Goster-Indir: Test Cases/Case Repository/e-Fatura/Gelen Kutusu/Faturalar/Pdf Goster-Indir

2021-06-28 10:01:09 - [TEST_STEP][PASSED] - Start listener action : sampleBeforeTestSuite: Invoke 'com.kms.katalon.core.annotation.BeforeTestCase' method: 'Listener.sampleBeforeTestSuite(...)' completed.

2021-06-28 10:01:09 - [MESSAGE][INFO] - Starting invoke 'com.kms.katalon.core.annotation.BeforeTestCase' method: 'Listener.sampleBeforeTestSuite(...)'

2021-06-28 10:01:09 - [TEST_STEP][PASSED] - openBrowser(baseUrl): Browser is opened with url: 'https://efatura-stage.elogo.com.tr/'

2021-06-28 10:01:10 - [MESSAGE][INFO] - Opening browser

2021-06-28 10:01:10 - [MESSAGE][INFO] - Starting 'Chrome' driver

2021-06-28 10:01:10 - [MESSAGE][INFO] - User set preference: ['prefs', '{download.default_directory=C:\otomasyondownfiles}']

2021-06-28 10:01:10 - [MESSAGE][INFO] - Action delay is set to 0 milliseconds

2021-06-28 10:01:13 - [MESSAGE][INFO] - Navigating browser to: 'https://efatura-stage.elogo.com.tr/'

2021-06-28 10:01:15 - [MESSAGE][PASSED] - Browser is opened with url: 'https://efatura-stage.elogo.com.tr/'

2021-06-28 10:01:15 - [TEST_STEP][PASSED] - maximizeWindow(): Invoke 'com.kms.katalon.core.annotation.BeforeTestCase' method: 'Listener.sampleBeforeTestSuite(...)' completed.

2021-06-28 10:01:15 - [MESSAGE][INFO] - Maximizing current window

2021-06-28 10:01:15 - [MESSAGE][PASSED] - Current window maximized

2021-06-28 10:01:15 - [MESSAGE][INFO] - Invoke 'com.kms.katalon.core.annotation.BeforeTestCase' method: 'Listener.sampleBeforeTestSuite(...)' completed.

2021-06-28 10:01:15 - [TEST_STEP][PASSED] - runFeatureFile("Include/features/e-Fatura/Gelen Kutusu/Faturalar/PDF Goster-Indir.feature"): Feature file: 'Include/features/e-Fatura/Gelen Kutusu/Faturalar/PDF Goster-Indir.feature' was passed

2021-06-28 10:01:15 - [MESSAGE][INFO] - Starting run keyword runFeatureFile: 'Include/features/e-Fatura/Gelen Kutusu/Faturalar/PDF Goster-Indir.feature' and extract report to folder: 'C:\Users\yigit\Documents\GitHub\EES_Katalon\Reports\20210628_100100\deneme1\20210628_100101/cucumber_report/1624863675864'...

2021-06-28 10:01:15 - [MESSAGE][INFO] - Glue: []

2021-06-28 10:01:19 - [MESSAGE][INFO] - Checking called Test Case

2021-06-28 10:01:19 - [MESSAGE][INFO] - Starting to call Test Case 'Test Cases/Sayfalar/Giris_Sayfasi/Login'

2021-06-28 10:01:19 - [TEST_CASE][PASSED] - Test Cases/Sayfalar/Giris_Sayfasi/Login: Test Cases/Sayfalar/Giris_Sayfasi/Login

2021-06-28 10:01:20 - [TEST_STEP][PASSED] - Sayfa_Basligi = getWindowTitle(): Current window's title is: 'LOGO e-Fatura'

2021-06-28 10:01:20 - [MESSAGE][INFO] - Getting current window's title

2021-06-28 10:01:20 - [MESSAGE][PASSED] - Current window's title is: 'LOGO e-Fatura'

2021-06-28 10:01:20 - [TEST_STEP][PASSED] - verifyMatch(Sayfa_Basligi, "LOGO e-Fatura", false): Actual text 'LOGO e-Fatura' and expected text 'LOGO e-Fatura' are matched 

2021-06-28 10:01:20 - [MESSAGE][INFO] - Matching actual text 'LOGO e-Fatura' with expected text 'LOGO e-Fatura'

2021-06-28 10:01:20 - [MESSAGE][PASSED] - Actual text 'LOGO e-Fatura' and expected text 'LOGO e-Fatura' are matched 

2021-06-28 10:01:20 - [TEST_STEP][PASSED] - sendKeys(findTestObject("Sayfalar/Giris_Sayfasi/Firma_Kodu"), KullaniciAdi): Keys 'ELOGO6' sent to object: 'Object Repository/Sayfalar/Giris_Sayfasi/Firma_Kodu'

2021-06-28 10:01:20 - [MESSAGE][INFO] - Finding Test Object 'Object Repository/Sayfalar/Giris_Sayfasi/Firma_Kodu'

2021-06-28 10:01:20 - [MESSAGE][INFO] - Sending keys 'ELOGO6' to object: 'Object Repository/Sayfalar/Giris_Sayfasi/Firma_Kodu'

2021-06-28 10:01:20 - [MESSAGE][INFO] - Finding web element from Test Object's properties

2021-06-28 10:01:20 - [MESSAGE][INFO] - Checking timeout

2021-06-28 10:01:20 - [MESSAGE][INFO] - Finding web element with id: 'Object Repository/Sayfalar/Giris_Sayfasi/Firma_Kodu' located by 'By.xpath: //*[@id = 'AccountName']' in '30' second(s)

2021-06-28 10:01:20 - [MESSAGE][INFO] - Smart Wait Function is triggered

2021-06-28 10:01:20 - [MESSAGE][INFO] - Found 1 web elements with id: 'Object Repository/Sayfalar/Giris_Sayfasi/Firma_Kodu' located by 'By.xpath: //*[@id = 'AccountName']' in '30' second(s)

2021-06-28 10:01:20 - [MESSAGE][PASSED] - Keys 'ELOGO6' sent to object: 'Object Repository/Sayfalar/Giris_Sayfasi/Firma_Kodu'

2021-06-28 10:01:20 - [TEST_STEP][PASSED] - sendKeys(findTestObject("Sayfalar/Giris_Sayfasi/Sifre"), Sifre): Keys '123456' sent to object: 'Object Repository/Sayfalar/Giris_Sayfasi/Sifre'

2021-06-28 10:01:20 - [MESSAGE][INFO] - Finding Test Object 'Object Repository/Sayfalar/Giris_Sayfasi/Sifre'

2021-06-28 10:01:20 - [MESSAGE][INFO] - Sending keys '123456' to object: 'Object Repository/Sayfalar/Giris_Sayfasi/Sifre'

2021-06-28 10:01:20 - [MESSAGE][INFO] - Finding web element from Test Object's properties

2021-06-28 10:01:20 - [MESSAGE][INFO] - Checking timeout

2021-06-28 10:01:20 - [MESSAGE][INFO] - Finding web element with id: 'Object Repository/Sayfalar/Giris_Sayfasi/Sifre' located by 'By.xpath: //*[@id = 'Password']' in '30' second(s)

2021-06-28 10:01:20 - [MESSAGE][INFO] - Smart Wait Function is triggered

2021-06-28 10:01:21 - [MESSAGE][INFO] - Found 1 web elements with id: 'Object Repository/Sayfalar/Giris_Sayfasi/Sifre' located by 'By.xpath: //*[@id = 'Password']' in '30' second(s)

2021-06-28 10:01:21 - [MESSAGE][PASSED] - Keys '123456' sent to object: 'Object Repository/Sayfalar/Giris_Sayfasi/Sifre'

2021-06-28 10:01:21 - [TEST_STEP][PASSED] - findWebElement(findTestObject("Sayfalar/Giris_Sayfasi/Giris_Butonu")).click(): Found 1 web elements with id: 'Object Repository/Sayfalar/Giris_Sayfasi/Giris_Butonu' located by 'By.cssSelector: #btnLogin' in '30' second(s)

2021-06-28 10:01:21 - [MESSAGE][INFO] - Finding Test Object 'Object Repository/Sayfalar/Giris_Sayfasi/Giris_Butonu'

2021-06-28 10:01:21 - [MESSAGE][INFO] - Finding web element from Test Object's properties

2021-06-28 10:01:21 - [MESSAGE][INFO] - Checking timeout

2021-06-28 10:01:21 - [MESSAGE][INFO] - Finding web element with id: 'Object Repository/Sayfalar/Giris_Sayfasi/Giris_Butonu' located by 'By.cssSelector: #btnLogin' in '30' second(s)

2021-06-28 10:01:21 - [MESSAGE][INFO] - Smart Wait Function is triggered

2021-06-28 10:01:21 - [MESSAGE][INFO] - Found 1 web elements with id: 'Object Repository/Sayfalar/Giris_Sayfasi/Giris_Butonu' located by 'By.cssSelector: #btnLogin' in '30' second(s)

2021-06-28 10:01:22 - [TEST_STEP][PASSED] - if (verifyElementPresent(findTestObject("Object Repository/Sayfalar/Giris_Sayfasi/RetveTamam_Butonu"), 5, OPTIONAL)): null

2021-06-28 10:01:22 - [MESSAGE][INFO] - Finding Test Object 'Object Repository/Sayfalar/Giris_Sayfasi/RetveTamam_Butonu'

2021-06-28 10:01:22 - [MESSAGE][INFO] - Checking object

2021-06-28 10:01:22 - [MESSAGE][INFO] - Finding web element from Test Object's properties

2021-06-28 10:01:22 - [MESSAGE][INFO] - Checking timeout

2021-06-28 10:01:22 - [MESSAGE][INFO] - Finding web element with id: 'Object Repository/Sayfalar/Giris_Sayfasi/RetveTamam_Butonu' located by 'By.xpath: //*[@class = 'btn btn-default']' in '5' second(s)

2021-06-28 10:01:22 - [MESSAGE][INFO] - Smart Wait Function is triggered

2021-06-28 10:01:23 - [MESSAGE][INFO] - Found 1 web elements with id: 'Object Repository/Sayfalar/Giris_Sayfasi/RetveTamam_Butonu' located by 'By.xpath: //*[@class = 'btn btn-default']' in '5' second(s)

2021-06-28 10:01:23 - [MESSAGE][PASSED] - Object 'Object Repository/Sayfalar/Giris_Sayfasi/RetveTamam_Butonu' is present

2021-06-28 10:01:23 - [TEST_STEP][PASSED] - click(findTestObject("Object Repository/Sayfalar/Giris_Sayfasi/RetveTamam_Butonu")): Object: 'Object Repository/Sayfalar/Giris_Sayfasi/RetveTamam_Butonu' is clicked on

2021-06-28 10:01:23 - [MESSAGE][INFO] - Finding Test Object 'Object Repository/Sayfalar/Giris_Sayfasi/RetveTamam_Butonu'

2021-06-28 10:01:23 - [MESSAGE][INFO] - Checking object

2021-06-28 10:01:23 - [MESSAGE][INFO] - Finding web element from Test Object's properties

2021-06-28 10:01:23 - [MESSAGE][INFO] - Checking timeout

2021-06-28 10:01:23 - [MESSAGE][INFO] - Finding web element with id: 'Object Repository/Sayfalar/Giris_Sayfasi/RetveTamam_Butonu' located by 'By.xpath: //*[@class = 'btn btn-default']' in '30' second(s)

2021-06-28 10:01:23 - [MESSAGE][INFO] - Smart Wait Function is triggered

2021-06-28 10:01:23 - [MESSAGE][INFO] - Found 1 web elements with id: 'Object Repository/Sayfalar/Giris_Sayfasi/RetveTamam_Butonu' located by 'By.xpath: //*[@class = 'btn btn-default']' in '30' second(s)

2021-06-28 10:01:23 - [MESSAGE][INFO] - Clicking on object: 'Object Repository/Sayfalar/Giris_Sayfasi/RetveTamam_Butonu'

2021-06-28 10:01:23 - [MESSAGE][PASSED] - Object: 'Object Repository/Sayfalar/Giris_Sayfasi/RetveTamam_Butonu' is clicked on

2021-06-28 10:01:23 - [TEST_STEP][PASSED] - click(findTestObject("Object Repository/Sayfalar/Giris_Sayfasi/RetveTamam_Butonu")): Object: 'Object Repository/Sayfalar/Giris_Sayfasi/RetveTamam_Butonu' is clicked on

2021-06-28 10:01:23 - [MESSAGE][INFO] - Finding Test Object 'Object Repository/Sayfalar/Giris_Sayfasi/RetveTamam_Butonu'

2021-06-28 10:01:23 - [MESSAGE][INFO] - Checking object

2021-06-28 10:01:23 - [MESSAGE][INFO] - Finding web element from Test Object's properties

2021-06-28 10:01:23 - [MESSAGE][INFO] - Checking timeout

2021-06-28 10:01:23 - [MESSAGE][INFO] - Finding web element with id: 'Object Repository/Sayfalar/Giris_Sayfasi/RetveTamam_Butonu' located by 'By.xpath: //*[@class = 'btn btn-default']' in '30' second(s)

2021-06-28 10:01:23 - [MESSAGE][INFO] - Smart Wait Function is triggered

2021-06-28 10:01:25 - [MESSAGE][INFO] - Found 1 web elements with id: 'Object Repository/Sayfalar/Giris_Sayfasi/RetveTamam_Butonu' located by 'By.xpath: //*[@class = 'btn btn-default']' in '30' second(s)

2021-06-28 10:01:25 - [MESSAGE][INFO] - Clicking on object: 'Object Repository/Sayfalar/Giris_Sayfasi/RetveTamam_Butonu'

2021-06-28 10:01:25 - [MESSAGE][PASSED] - Object: 'Object Repository/Sayfalar/Giris_Sayfasi/RetveTamam_Butonu' is clicked on

2021-06-28 10:01:25 - [TEST_STEP][PASSED] - if (verifyElementPresent(findTestObject("Sayfalar/Giris_Sayfasi/PopupOK"), 5, OPTIONAL)): null

2021-06-28 10:01:25 - [MESSAGE][INFO] - Finding Test Object 'Object Repository/Sayfalar/Giris_Sayfasi/PopupOK'

2021-06-28 10:01:25 - [MESSAGE][INFO] - Checking object

2021-06-28 10:01:25 - [MESSAGE][INFO] - Finding web element from Test Object's properties

2021-06-28 10:01:25 - [MESSAGE][INFO] - Checking timeout

2021-06-28 10:01:25 - [MESSAGE][INFO] - Finding web element with id: 'Object Repository/Sayfalar/Giris_Sayfasi/PopupOK' located by 'By.cssSelector: .btn.btn-success' in '5' second(s)

2021-06-28 10:01:25 - [MESSAGE][INFO] - Smart Wait Function is triggered

2021-06-28 10:01:26 - [MESSAGE][INFO] - Found 1 web elements with id: 'Object Repository/Sayfalar/Giris_Sayfasi/PopupOK' located by 'By.cssSelector: .btn.btn-success' in '5' second(s)

2021-06-28 10:01:26 - [MESSAGE][PASSED] - Object 'Object Repository/Sayfalar/Giris_Sayfasi/PopupOK' is present

2021-06-28 10:01:26 - [TEST_STEP][PASSED] - click(findTestObject("Object Repository/Sayfalar/Giris_Sayfasi/PopupCarpiGiris")): Object: 'Object Repository/Sayfalar/Giris_Sayfasi/PopupCarpiGiris' is clicked on

2021-06-28 10:01:26 - [MESSAGE][INFO] - Finding Test Object 'Object Repository/Sayfalar/Giris_Sayfasi/PopupCarpiGiris'

2021-06-28 10:01:26 - [MESSAGE][INFO] - Checking object

2021-06-28 10:01:26 - [MESSAGE][INFO] - Finding web element from Test Object's properties

2021-06-28 10:01:26 - [MESSAGE][INFO] - Checking timeout

2021-06-28 10:01:26 - [MESSAGE][INFO] - Finding web element with id: 'Object Repository/Sayfalar/Giris_Sayfasi/PopupCarpiGiris' located by 'By.cssSelector: .bootbox-close-button.close' in '30' second(s)

2021-06-28 10:01:26 - [MESSAGE][INFO] - Smart Wait Function is triggered

2021-06-28 10:01:26 - [MESSAGE][INFO] - Found 1 web elements with id: 'Object Repository/Sayfalar/Giris_Sayfasi/PopupCarpiGiris' located by 'By.cssSelector: .bootbox-close-button.close' in '30' second(s)

2021-06-28 10:01:26 - [MESSAGE][INFO] - Clicking on object: 'Object Repository/Sayfalar/Giris_Sayfasi/PopupCarpiGiris'

2021-06-28 10:01:26 - [MESSAGE][PASSED] - Object: 'Object Repository/Sayfalar/Giris_Sayfasi/PopupCarpiGiris' is clicked on

2021-06-28 10:01:26 - [TEST_STEP][PASSED] - verifyElementVisible(findTestObject("Object Repository/Kullanici_Islemleri/KullaniciIslemleri")): Object 'Object Repository/Kullanici_Islemleri/KullaniciIslemleri' is visible

2021-06-28 10:01:26 - [MESSAGE][INFO] - Finding Test Object 'Object Repository/Kullanici_Islemleri/KullaniciIslemleri'

2021-06-28 10:01:26 - [MESSAGE][INFO] - Checking object

2021-06-28 10:01:26 - [MESSAGE][INFO] - Finding web element from Test Object's properties

2021-06-28 10:01:26 - [MESSAGE][INFO] - Checking timeout

2021-06-28 10:01:26 - [MESSAGE][INFO] - Finding web element with id: 'Object Repository/Kullanici_Islemleri/KullaniciIslemleri' located by 'By.cssSelector: .dropdown>a>img' in '30' second(s)

2021-06-28 10:01:26 - [MESSAGE][INFO] - Smart Wait Function is triggered

2021-06-28 10:01:27 - [MESSAGE][INFO] - Found 1 web elements with id: 'Object Repository/Kullanici_Islemleri/KullaniciIslemleri' located by 'By.cssSelector: .dropdown>a>img' in '30' second(s)

2021-06-28 10:01:27 - [MESSAGE][PASSED] - Object 'Object Repository/Kullanici_Islemleri/KullaniciIslemleri' is visible

2021-06-28 10:01:27 - [MESSAGE][PASSED] - Call Test Case 'Test Cases/Sayfalar/Giris_Sayfasi/Login' successfully

2021-06-28 10:01:27 - [MESSAGE][INFO] - Checking called Test Case

2021-06-28 10:01:27 - [MESSAGE][INFO] - Starting to call Test Case 'Test Cases/Menu/AnaMenuSecimi'

2021-06-28 10:01:27 - [TEST_CASE][PASSED] - Test Cases/Menu/AnaMenuSecimi: Test Cases/Menu/AnaMenuSecimi

2021-06-28 10:01:27 - [TEST_STEP][PASSED] - Method.TextDegerineEsitElementeTikla(findTestObject("Menu/Ana_Menu"), Ana_Menu): Method.TextDegerineEsitElementeTikla is PASSED

2021-06-28 10:01:27 - [MESSAGE][INFO] - Finding Test Object 'Object Repository/Menu/Ana_Menu'

2021-06-28 10:01:28 - [MESSAGE][INFO] - Checking timeout

2021-06-28 10:01:28 - [MESSAGE][INFO] - Finding web element with id: 'Object Repository/Menu/Ana_Menu' located by 'By.xpath: //*[@class = 'dropdown-toggle']' in '10' second(s)

2021-06-28 10:01:28 - [MESSAGE][INFO] - Smart Wait Function is triggered

2021-06-28 10:01:28 - [MESSAGE][INFO] - Found 14 web elements with id: 'Object Repository/Menu/Ana_Menu' located by 'By.xpath: //*[@class = 'dropdown-toggle']' in '10' second(s)

2021-06-28 10:01:28 - [MESSAGE][PASSED] - Method.TextDegerineEsitElementeTikla is PASSED

2021-06-28 10:01:28 - [MESSAGE][PASSED] - Call Test Case 'Test Cases/Menu/AnaMenuSecimi' successfully

2021-06-28 10:01:28 - [MESSAGE][INFO] - Checking called Test Case

2021-06-28 10:01:28 - [MESSAGE][INFO] - Starting to call Test Case 'Test Cases/Menu/BasligaGoreAltMenuSecimi'

2021-06-28 10:01:28 - [TEST_CASE][PASSED] - Test Cases/Menu/BasligaGoreAltMenuSecimi: Test Cases/Menu/BasligaGoreAltMenuSecimi

2021-06-28 10:01:28 - [TEST_STEP][PASSED] - Method.TextDegerineEsitElementinAltindakiTextDegerineEsitOlanaTikla(findTestObject("Menu/Menu_Basligi"), findTestObject("Menu/Basliga_Gore_Alt_Menu"), Baslik, Alt_Menu): Method.TextDegerineEsitElementinAltindakiTextDegerineEsitOlanaTikla is PASSED

2021-06-28 10:01:28 - [MESSAGE][INFO] - Finding Test Object 'Object Repository/Menu/Menu_Basligi'

2021-06-28 10:01:28 - [MESSAGE][INFO] - Finding Test Object 'Object Repository/Menu/Basliga_Gore_Alt_Menu'

2021-06-28 10:01:29 - [MESSAGE][INFO] - Checking timeout

2021-06-28 10:01:29 - [MESSAGE][INFO] - Finding web element with id: 'Object Repository/Menu/Menu_Basligi' located by 'By.xpath: //li[@class='dropdown dropdown-large open']//li[@class='dropdown-header']' in '10' second(s)

2021-06-28 10:01:29 - [MESSAGE][INFO] - Smart Wait Function is triggered

2021-06-28 10:01:29 - [MESSAGE][INFO] - Found 3 web elements with id: 'Object Repository/Menu/Menu_Basligi' located by 'By.xpath: //li[@class='dropdown dropdown-large open']//li[@class='dropdown-header']' in '10' second(s)

2021-06-28 10:01:29 - [MESSAGE][INFO] - Smart Wait Function is triggered

2021-06-28 10:01:31 - [MESSAGE][PASSED] - Method.TextDegerineEsitElementinAltindakiTextDegerineEsitOlanaTikla is PASSED

2021-06-28 10:01:31 - [MESSAGE][PASSED] - Call Test Case 'Test Cases/Menu/BasligaGoreAltMenuSecimi' successfully

2021-06-28 10:01:31 - [MESSAGE][INFO] - Checking called Test Case

2021-06-28 10:01:31 - [MESSAGE][INFO] - Starting to call Test Case 'Test Cases/Filtreler/BaslangicYaz'

2021-06-28 10:01:31 - [TEST_CASE][PASSED] - Test Cases/Filtreler/BaslangicYaz: Test Cases/Filtreler/BaslangicYaz

2021-06-28 10:01:31 - [TEST_STEP][PASSED] - Method.TextDegerineEsitElementinAltindakineTikla(findTestObject("Filtreler/Basliklar"), findTestObject("Filtreler/Basliga_Gore_Baslangic_Image"), Filtre_Adi): Method.TextDegerineEsitElementinAltindakineTikla is PASSED

2021-06-28 10:01:31 - [MESSAGE][INFO] - Finding Test Object 'Object Repository/Filtreler/Basliklar'

2021-06-28 10:01:31 - [MESSAGE][INFO] - Finding Test Object 'Object Repository/Filtreler/Basliga_Gore_Baslangic_Image'

2021-06-28 10:01:31 - [MESSAGE][INFO] - Checking timeout

2021-06-28 10:01:31 - [MESSAGE][INFO] - Finding web element with id: 'Object Repository/Filtreler/Basliklar' located by 'By.cssSelector: .control-label.col-sm-4.paddingMarginRLC' in '10' second(s)

2021-06-28 10:01:31 - [MESSAGE][INFO] - Smart Wait Function is triggered

2021-06-28 10:01:31 - [MESSAGE][INFO] - Found 19 web elements with id: 'Object Repository/Filtreler/Basliklar' located by 'By.cssSelector: .control-label.col-sm-4.paddingMarginRLC' in '10' second(s)

2021-06-28 10:01:31 - [MESSAGE][INFO] - Smart Wait Function is triggered

2021-06-28 10:01:32 - [MESSAGE][PASSED] - Method.TextDegerineEsitElementinAltindakineTikla is PASSED

2021-06-28 10:01:32 - [TEST_STEP][PASSED] - Method.TextDegerineEsitElementinAltindakiTextboxtaYaz(findTestObject("Filtreler/Basliklar"), findTestObject("Filtreler/Basliga_Gore_Baslangic"), Filtre_Adi, Filtre_Degeri): Method.TextDegerineEsitElementinAltindakiTextboxtaYaz is PASSED

2021-06-28 10:01:32 - [MESSAGE][INFO] - Finding Test Object 'Object Repository/Filtreler/Basliklar'

2021-06-28 10:01:32 - [MESSAGE][INFO] - Finding Test Object 'Object Repository/Filtreler/Basliga_Gore_Baslangic'

2021-06-28 10:01:32 - [MESSAGE][INFO] - Checking timeout

2021-06-28 10:01:32 - [MESSAGE][INFO] - Finding web element with id: 'Object Repository/Filtreler/Basliklar' located by 'By.cssSelector: .control-label.col-sm-4.paddingMarginRLC' in '10' second(s)

2021-06-28 10:01:32 - [MESSAGE][INFO] - Smart Wait Function is triggered

2021-06-28 10:01:32 - [MESSAGE][INFO] - Found 19 web elements with id: 'Object Repository/Filtreler/Basliklar' located by 'By.cssSelector: .control-label.col-sm-4.paddingMarginRLC' in '10' second(s)

2021-06-28 10:01:32 - [MESSAGE][INFO] - Smart Wait Function is triggered

2021-06-28 10:01:33 - [MESSAGE][PASSED] - Method.TextDegerineEsitElementinAltindakiTextboxtaYaz is PASSED

2021-06-28 10:01:33 - [MESSAGE][PASSED] - Call Test Case 'Test Cases/Filtreler/BaslangicYaz' successfully

2021-06-28 10:01:33 - [MESSAGE][INFO] - Checking called Test Case

2021-06-28 10:01:33 - [MESSAGE][INFO] - Starting to call Test Case 'Test Cases/Filtreler/BitisYaz'

2021-06-28 10:01:33 - [TEST_CASE][PASSED] - Test Cases/Filtreler/BitisYaz: Test Cases/Filtreler/BitisYaz

2021-06-28 10:01:33 - [TEST_STEP][PASSED] - Method.TextDegerineEsitElementinAltindakineTikla(findTestObject("Filtreler/Basliklar"), findTestObject("Filtreler/Basliga_Gore_Bitis_Image"), Filtre_Adi): Method.TextDegerineEsitElementinAltindakineTikla is PASSED

2021-06-28 10:01:33 - [MESSAGE][INFO] - Finding Test Object 'Object Repository/Filtreler/Basliklar'

2021-06-28 10:01:33 - [MESSAGE][INFO] - Finding Test Object 'Object Repository/Filtreler/Basliga_Gore_Bitis_Image'

2021-06-28 10:01:33 - [MESSAGE][INFO] - Checking timeout

2021-06-28 10:01:33 - [MESSAGE][INFO] - Finding web element with id: 'Object Repository/Filtreler/Basliklar' located by 'By.cssSelector: .control-label.col-sm-4.paddingMarginRLC' in '10' second(s)

2021-06-28 10:01:33 - [MESSAGE][INFO] - Smart Wait Function is triggered

2021-06-28 10:01:33 - [MESSAGE][INFO] - Found 19 web elements with id: 'Object Repository/Filtreler/Basliklar' located by 'By.cssSelector: .control-label.col-sm-4.paddingMarginRLC' in '10' second(s)

2021-06-28 10:01:34 - [MESSAGE][INFO] - Smart Wait Function is triggered

2021-06-28 10:01:34 - [MESSAGE][PASSED] - Method.TextDegerineEsitElementinAltindakineTikla is PASSED

2021-06-28 10:01:34 - [TEST_STEP][PASSED] - Method.TextDegerineEsitElementinAltindakiTextboxtaYaz(findTestObject("Filtreler/Basliklar"), findTestObject("Object Repository/Filtreler/Basliga_Gore_Bitis"), Filtre_Adi, Filtre_Degeri): Method.TextDegerineEsitElementinAltindakiTextboxtaYaz is PASSED

2021-06-28 10:01:34 - [MESSAGE][INFO] - Finding Test Object 'Object Repository/Filtreler/Basliklar'

2021-06-28 10:01:34 - [MESSAGE][INFO] - Finding Test Object 'Object Repository/Filtreler/Basliga_Gore_Bitis'

2021-06-28 10:01:34 - [MESSAGE][INFO] - Checking timeout

2021-06-28 10:01:34 - [MESSAGE][INFO] - Finding web element with id: 'Object Repository/Filtreler/Basliklar' located by 'By.cssSelector: .control-label.col-sm-4.paddingMarginRLC' in '10' second(s)

2021-06-28 10:01:34 - [MESSAGE][INFO] - Smart Wait Function is triggered

2021-06-28 10:01:34 - [MESSAGE][INFO] - Found 19 web elements with id: 'Object Repository/Filtreler/Basliklar' located by 'By.cssSelector: .control-label.col-sm-4.paddingMarginRLC' in '10' second(s)

2021-06-28 10:01:34 - [MESSAGE][INFO] - Smart Wait Function is triggered

2021-06-28 10:01:35 - [MESSAGE][PASSED] - Method.TextDegerineEsitElementinAltindakiTextboxtaYaz is PASSED

2021-06-28 10:01:35 - [MESSAGE][PASSED] - Call Test Case 'Test Cases/Filtreler/BitisYaz' successfully

2021-06-28 10:01:35 - [MESSAGE][INFO] - Checking called Test Case

2021-06-28 10:01:35 - [MESSAGE][INFO] - Starting to call Test Case 'Test Cases/Filtreler/ButonaTikla'

2021-06-28 10:01:35 - [TEST_CASE][PASSED] - Test Cases/Filtreler/ButonaTikla: Test Cases/Filtreler/ButonaTikla

2021-06-28 10:01:35 - [TEST_STEP][PASSED] - Method.TextDegerineEsitElementeTikla(findTestObject("Filtreler/Butonlar"), Filtre_Buton): Method.TextDegerineEsitElementeTikla is PASSED

2021-06-28 10:01:35 - [MESSAGE][INFO] - Finding Test Object 'Object Repository/Filtreler/Butonlar'

2021-06-28 10:01:35 - [MESSAGE][INFO] - Checking timeout

2021-06-28 10:01:35 - [MESSAGE][INFO] - Finding web element with id: 'Object Repository/Filtreler/Butonlar' located by 'By.cssSelector: .dxb>span' in '10' second(s)

2021-06-28 10:01:35 - [MESSAGE][INFO] - Smart Wait Function is triggered

2021-06-28 10:01:36 - [MESSAGE][INFO] - Found 3 web elements with id: 'Object Repository/Filtreler/Butonlar' located by 'By.cssSelector: .dxb>span' in '10' second(s)

2021-06-28 10:01:36 - [MESSAGE][PASSED] - Method.TextDegerineEsitElementeTikla is PASSED

2021-06-28 10:01:36 - [MESSAGE][PASSED] - Call Test Case 'Test Cases/Filtreler/ButonaTikla' successfully

2021-06-28 10:01:36 - [MESSAGE][INFO] - Checking called Test Case

2021-06-28 10:01:36 - [MESSAGE][INFO] - Starting to call Test Case 'Test Cases/Tablo/TablodaVeriVarMi'

2021-06-28 10:01:36 - [TEST_CASE][PASSED] - Test Cases/Tablo/TablodaVeriVarMi: Test Cases/Tablo/TablodaVeriVarMi

2021-06-28 10:01:36 - [TEST_STEP][PASSED] - verifyTextNotPresent("Görüntülenecek veri yok", true): Text 'Görüntülenecek veri yok' is not present on page using regular expression

2021-06-28 10:01:36 - [MESSAGE][INFO] - Checking text present  using regular expression

2021-06-28 10:01:36 - [MESSAGE][INFO] - Smart Wait Function is triggered

2021-06-28 10:01:37 - [MESSAGE][INFO] - Finding text 'Görüntülenecek veri yok' on page  using regular expression

2021-06-28 10:01:37 - [MESSAGE][PASSED] - Text 'Görüntülenecek veri yok' is not present on page using regular expression

2021-06-28 10:01:37 - [MESSAGE][PASSED] - Call Test Case 'Test Cases/Tablo/TablodaVeriVarMi' successfully

2021-06-28 10:01:37 - [MESSAGE][INFO] - Checking called Test Case

2021-06-28 10:01:37 - [MESSAGE][INFO] - Starting to call Test Case 'Test Cases/Tablo/TablodanVeriSec'

2021-06-28 10:01:37 - [TEST_CASE][PASSED] - Test Cases/Tablo/TablodanVeriSec: Test Cases/Tablo/TablodanVeriSec

2021-06-28 10:01:37 - [TEST_STEP][PASSED] - Method.TextDegerineEsitElementinAltindakineTikla(findTestObject("Tablo/Veriler"), findTestObject("Tablo/VerininCheckBoxi"), Veri_Adi): Method.TextDegerineEsitElementinAltindakineTikla is PASSED

2021-06-28 10:01:37 - [MESSAGE][INFO] - Finding Test Object 'Object Repository/Tablo/Veriler'

2021-06-28 10:01:37 - [MESSAGE][INFO] - Finding Test Object 'Object Repository/Tablo/VerininCheckBoxi'

2021-06-28 10:01:37 - [MESSAGE][INFO] - Checking timeout

2021-06-28 10:01:37 - [MESSAGE][INFO] - Finding web element with id: 'Object Repository/Tablo/Veriler' located by 'By.cssSelector: td.dxgv b ,td.dxgv' in '10' second(s)

2021-06-28 10:01:37 - [MESSAGE][INFO] - Smart Wait Function is triggered

2021-06-28 10:01:37 - [MESSAGE][INFO] - Found 140 web elements with id: 'Object Repository/Tablo/Veriler' located by 'By.cssSelector: td.dxgv b ,td.dxgv' in '10' second(s)

2021-06-28 10:01:38 - [MESSAGE][INFO] - Smart Wait Function is triggered

2021-06-28 10:01:38 - [MESSAGE][PASSED] - Method.TextDegerineEsitElementinAltindakineTikla is PASSED

2021-06-28 10:01:38 - [MESSAGE][PASSED] - Call Test Case 'Test Cases/Tablo/TablodanVeriSec' successfully

2021-06-28 10:01:38 - [MESSAGE][INFO] - Checking called Test Case

2021-06-28 10:01:38 - [MESSAGE][INFO] - Starting to call Test Case 'Test Cases/Butonlar/ButonaTikla'

2021-06-28 10:01:38 - [TEST_CASE][PASSED] - Test Cases/Butonlar/ButonaTikla: Test Cases/Butonlar/ButonaTikla

2021-06-28 10:01:38 - [TEST_STEP][PASSED] - Method.TextDegerineEsitElementeTiklaEquals(findTestObject("Butonlar/Butonlar"), Buton_Adi): Method.TextDegerineEsitElementeTiklaEquals is PASSED

2021-06-28 10:01:38 - [MESSAGE][INFO] - Finding Test Object 'Object Repository/Butonlar/Butonlar'

2021-06-28 10:01:38 - [MESSAGE][INFO] - Checking timeout

2021-06-28 10:01:38 - [MESSAGE][INFO] - Finding web element with id: 'Object Repository/Butonlar/Butonlar' located by 'By.cssSelector: .panel.panel-default.text-center.footerPanel .btn,.btn.btn-primary.btnControls' in '10' second(s)

2021-06-28 10:01:38 - [MESSAGE][INFO] - Smart Wait Function is triggered

2021-06-28 10:01:39 - [MESSAGE][INFO] - Found 14 web elements with id: 'Object Repository/Butonlar/Butonlar' located by 'By.cssSelector: .panel.panel-default.text-center.footerPanel .btn,.btn.btn-primary.btnControls' in '10' second(s)

2021-06-28 10:01:39 - [MESSAGE][PASSED] - Method.TextDegerineEsitElementeTiklaEquals is PASSED

2021-06-28 10:01:39 - [MESSAGE][PASSED] - Call Test Case 'Test Cases/Butonlar/ButonaTikla' successfully

2021-06-28 10:01:39 - [MESSAGE][INFO] - Checking called Test Case

2021-06-28 10:01:39 - [MESSAGE][INFO] - Starting to call Test Case 'Test Cases/Butonlar/AltButonaTikla'

2021-06-28 10:01:39 - [TEST_CASE][PASSED] - Test Cases/Butonlar/AltButonaTikla: Test Cases/Butonlar/AltButonaTikla

2021-06-28 10:01:39 - [TEST_STEP][PASSED] - Method.TextDegerineEsitElementeTikla(findTestObject("Butonlar/AltButonlar"), Alt_Buton): Method.TextDegerineEsitElementeTikla is PASSED

2021-06-28 10:01:39 - [MESSAGE][INFO] - Finding Test Object 'Object Repository/Butonlar/AltButonlar'

2021-06-28 10:01:39 - [MESSAGE][INFO] - Checking timeout

2021-06-28 10:01:39 - [MESSAGE][INFO] - Finding web element with id: 'Object Repository/Butonlar/AltButonlar' located by 'By.cssSelector: .btn-group.open li>a' in '10' second(s)

2021-06-28 10:01:39 - [MESSAGE][INFO] - Smart Wait Function is triggered

2021-06-28 10:01:39 - [MESSAGE][INFO] - Found 2 web elements with id: 'Object Repository/Butonlar/AltButonlar' located by 'By.cssSelector: .btn-group.open li>a' in '10' second(s)

2021-06-28 10:01:40 - [MESSAGE][PASSED] - Method.TextDegerineEsitElementeTikla is PASSED

2021-06-28 10:01:40 - [MESSAGE][PASSED] - Call Test Case 'Test Cases/Butonlar/AltButonaTikla' successfully

2021-06-28 10:01:40 - [MESSAGE][INFO] - Checking called Test Case

2021-06-28 10:01:40 - [MESSAGE][INFO] - Starting to call Test Case 'Test Cases/Sekmeler/YeniSekmeyeGec'

2021-06-28 10:01:40 - [TEST_CASE][PASSED] - Test Cases/Sekmeler/YeniSekmeyeGec: Test Cases/Sekmeler/YeniSekmeyeGec

2021-06-28 10:01:40 - [TEST_STEP][PASSED] - switchToWindowIndex(1): Switched to window with index: '1'

2021-06-28 10:01:40 - [MESSAGE][INFO] - Checking index

2021-06-28 10:01:40 - [MESSAGE][INFO] - Switching window with index: '1'

2021-06-28 10:01:40 - [MESSAGE][PASSED] - Switched to window with index: '1'

2021-06-28 10:01:40 - [MESSAGE][PASSED] - Call Test Case 'Test Cases/Sekmeler/YeniSekmeyeGec' successfully

2021-06-28 10:01:40 - [MESSAGE][INFO] - Checking called Test Case

2021-06-28 10:01:40 - [MESSAGE][INFO] - Starting to call Test Case 'Test Cases/Butonlar/PDFGorseliVarMi'

2021-06-28 10:01:40 - [TEST_CASE][PASSED] - Test Cases/Butonlar/PDFGorseliVarMi: Test Cases/Butonlar/PDFGorseliVarMi

2021-06-28 10:01:41 - [TEST_STEP][PASSED] - driver = getWebDriver(): null

2021-06-28 10:01:41 - [TEST_STEP][PASSED] - assert getPageSource().contains("type="application/pdf""): null

2021-06-28 10:01:41 - [MESSAGE][PASSED] - Call Test Case 'Test Cases/Butonlar/PDFGorseliVarMi' successfully

2021-06-28 10:01:41 - [MESSAGE][INFO] - Checking called Test Case

2021-06-28 10:01:41 - [MESSAGE][INFO] - Starting to call Test Case 'Test Cases/Sekmeler/Ana_Sekmeye_Gec'

2021-06-28 10:01:41 - [TEST_CASE][PASSED] - Test Cases/Sekmeler/Ana_Sekmeye_Gec: Test Cases/Sekmeler/Ana_Sekmeye_Gec

2021-06-28 10:01:41 - [TEST_STEP][PASSED] - try: Window with index 1 is closed

2021-06-28 10:01:41 - [TEST_STEP][PASSED] - index = getWindowIndex(): Current window's index is: 1

2021-06-28 10:01:41 - [MESSAGE][INFO] - Getting current window's index

2021-06-28 10:01:41 - [MESSAGE][PASSED] - Current window's index is: 1

2021-06-28 10:01:41 - [TEST_STEP][PASSED] - closeWindowIndex(index): Window with index 1 is closed

2021-06-28 10:01:41 - [MESSAGE][INFO] - Checking index

2021-06-28 10:01:41 - [MESSAGE][INFO] - Closing window with index 1

2021-06-28 10:01:41 - [MESSAGE][PASSED] - Window with index 1 is closed

2021-06-28 10:01:41 - [TEST_STEP][PASSED] - switchToWindowIndex(0): Switched to window with index: '0'

2021-06-28 10:01:41 - [MESSAGE][INFO] - Checking index

2021-06-28 10:01:41 - [MESSAGE][INFO] - Switching window with index: '0'

2021-06-28 10:01:41 - [MESSAGE][PASSED] - Switched to window with index: '0'

2021-06-28 10:01:41 - [MESSAGE][PASSED] - Call Test Case 'Test Cases/Sekmeler/Ana_Sekmeye_Gec' successfully

2021-06-28 10:01:41 - [MESSAGE][INFO] - Checking called Test Case

2021-06-28 10:01:41 - [MESSAGE][INFO] - Starting to call Test Case 'Test Cases/Butonlar/ButonaTikla'

2021-06-28 10:01:41 - [TEST_CASE][PASSED] - Test Cases/Butonlar/ButonaTikla: Test Cases/Butonlar/ButonaTikla

2021-06-28 10:01:41 - [TEST_STEP][PASSED] - Method.TextDegerineEsitElementeTiklaEquals(findTestObject("Butonlar/Butonlar"), Buton_Adi): Method.TextDegerineEsitElementeTiklaEquals is PASSED

2021-06-28 10:01:41 - [MESSAGE][INFO] - Finding Test Object 'Object Repository/Butonlar/Butonlar'

2021-06-28 10:01:41 - [MESSAGE][INFO] - Checking timeout

2021-06-28 10:01:41 - [MESSAGE][INFO] - Finding web element with id: 'Object Repository/Butonlar/Butonlar' located by 'By.cssSelector: .panel.panel-default.text-center.footerPanel .btn,.btn.btn-primary.btnControls' in '10' second(s)

2021-06-28 10:01:41 - [MESSAGE][INFO] - Smart Wait Function is triggered

2021-06-28 10:01:42 - [MESSAGE][INFO] - Found 14 web elements with id: 'Object Repository/Butonlar/Butonlar' located by 'By.cssSelector: .panel.panel-default.text-center.footerPanel .btn,.btn.btn-primary.btnControls' in '10' second(s)

2021-06-28 10:01:42 - [MESSAGE][PASSED] - Method.TextDegerineEsitElementeTiklaEquals is PASSED

2021-06-28 10:01:42 - [MESSAGE][PASSED] - Call Test Case 'Test Cases/Butonlar/ButonaTikla' successfully

2021-06-28 10:01:42 - [MESSAGE][INFO] - Checking called Test Case

2021-06-28 10:01:42 - [MESSAGE][INFO] - Starting to call Test Case 'Test Cases/Butonlar/AltButonaTikla'

2021-06-28 10:01:42 - [TEST_CASE][PASSED] - Test Cases/Butonlar/AltButonaTikla: Test Cases/Butonlar/AltButonaTikla

2021-06-28 10:01:42 - [TEST_STEP][PASSED] - Method.TextDegerineEsitElementeTikla(findTestObject("Butonlar/AltButonlar"), Alt_Buton): Method.TextDegerineEsitElementeTikla is PASSED

2021-06-28 10:01:42 - [MESSAGE][INFO] - Finding Test Object 'Object Repository/Butonlar/AltButonlar'

2021-06-28 10:01:42 - [MESSAGE][INFO] - Checking timeout

2021-06-28 10:01:42 - [MESSAGE][INFO] - Finding web element with id: 'Object Repository/Butonlar/AltButonlar' located by 'By.cssSelector: .btn-group.open li>a' in '10' second(s)

2021-06-28 10:01:42 - [MESSAGE][INFO] - Smart Wait Function is triggered

2021-06-28 10:01:42 - [MESSAGE][INFO] - Found 2 web elements with id: 'Object Repository/Butonlar/AltButonlar' located by 'By.cssSelector: .btn-group.open li>a' in '10' second(s)

2021-06-28 10:01:42 - [MESSAGE][PASSED] - Method.TextDegerineEsitElementeTikla is PASSED

2021-06-28 10:01:42 - [MESSAGE][PASSED] - Call Test Case 'Test Cases/Butonlar/AltButonaTikla' successfully

2021-06-28 10:01:42 - [MESSAGE][INFO] - Checking called Test Case

2021-06-28 10:01:42 - [MESSAGE][INFO] - Starting to call Test Case 'Test Cases/Butonlar/DosyaIndirildiMi'

2021-06-28 10:01:42 - [TEST_CASE][PASSED] - Test Cases/Butonlar/DosyaIndirildiMi: Test Cases/Butonlar/DosyaIndirildiMi

2021-06-28 10:01:43 - [TEST_STEP][PASSED] - Method.isimliDosyaIndirildiMi(DownloadFile, FileName): Method.isimliDosyaIndirildiMi is PASSED

2021-06-28 10:01:43 - [MESSAGE][INFO] - Delaying browser in 3 second(s)

2021-06-28 10:01:46 - [MESSAGE][PASSED] - Delayed 3 second(s)

2021-06-28 10:01:46 - [MESSAGE][PASSED] - Method.isimliDosyaIndirildiMi is PASSED

2021-06-28 10:01:46 - [MESSAGE][PASSED] - Call Test Case 'Test Cases/Butonlar/DosyaIndirildiMi' successfully

2021-06-28 10:01:46 - [MESSAGE][INFO] - Checking called Test Case

2021-06-28 10:01:46 - [MESSAGE][INFO] - Starting to call Test Case 'Test Cases/Kullanici_Islemleri/KullaniciIslemlerindenSecimYapilir'

2021-06-28 10:01:46 - [TEST_CASE][PASSED] - Test Cases/Kullanici_Islemleri/KullaniciIslemlerindenSecimYapilir: Test Cases/Kullanici_Islemleri/KullaniciIslemlerindenSecimYapilir

2021-06-28 10:01:46 - [TEST_STEP][PASSED] - waitForElementClickable(findTestObject("Object Repository/Kullanici_Islemleri/KullaniciIslemleri"), 10): Object 'Object Repository/Kullanici_Islemleri/KullaniciIslemleri' is clickable

2021-06-28 10:01:46 - [MESSAGE][INFO] - Finding Test Object 'Object Repository/Kullanici_Islemleri/KullaniciIslemleri'

2021-06-28 10:01:46 - [MESSAGE][INFO] - Checking object

2021-06-28 10:01:46 - [MESSAGE][INFO] - Checking timeout

2021-06-28 10:01:46 - [MESSAGE][INFO] - Finding web element from Test Object's properties

2021-06-28 10:01:46 - [MESSAGE][INFO] - Checking timeout

2021-06-28 10:01:46 - [MESSAGE][INFO] - Finding web element with id: 'Object Repository/Kullanici_Islemleri/KullaniciIslemleri' located by 'By.cssSelector: .dropdown>a>img' in '10' second(s)

2021-06-28 10:01:46 - [MESSAGE][INFO] - Smart Wait Function is triggered

2021-06-28 10:01:47 - [MESSAGE][INFO] - Found 1 web elements with id: 'Object Repository/Kullanici_Islemleri/KullaniciIslemleri' located by 'By.cssSelector: .dropdown>a>img' in '10' second(s)

2021-06-28 10:01:47 - [MESSAGE][PASSED] - Object 'Object Repository/Kullanici_Islemleri/KullaniciIslemleri' is clickable

2021-06-28 10:01:47 - [TEST_STEP][PASSED] - click(findTestObject("Object Repository/Kullanici_Islemleri/KullaniciIslemleri")): Object: 'Object Repository/Kullanici_Islemleri/KullaniciIslemleri' is clicked on

2021-06-28 10:01:47 - [MESSAGE][INFO] - Finding Test Object 'Object Repository/Kullanici_Islemleri/KullaniciIslemleri'

2021-06-28 10:01:47 - [MESSAGE][INFO] - Checking object

2021-06-28 10:01:47 - [MESSAGE][INFO] - Finding web element from Test Object's properties

2021-06-28 10:01:47 - [MESSAGE][INFO] - Checking timeout

2021-06-28 10:01:47 - [MESSAGE][INFO] - Finding web element with id: 'Object Repository/Kullanici_Islemleri/KullaniciIslemleri' located by 'By.cssSelector: .dropdown>a>img' in '30' second(s)

2021-06-28 10:01:47 - [MESSAGE][INFO] - Smart Wait Function is triggered

2021-06-28 10:01:47 - [MESSAGE][INFO] - Found 1 web elements with id: 'Object Repository/Kullanici_Islemleri/KullaniciIslemleri' located by 'By.cssSelector: .dropdown>a>img' in '30' second(s)

2021-06-28 10:01:47 - [MESSAGE][INFO] - Clicking on object: 'Object Repository/Kullanici_Islemleri/KullaniciIslemleri'

2021-06-28 10:01:47 - [MESSAGE][PASSED] - Object: 'Object Repository/Kullanici_Islemleri/KullaniciIslemleri' is clicked on

2021-06-28 10:01:47 - [TEST_STEP][PASSED] - Method.TextDegerineEsitElementeTikla(findTestObject("Object Repository/Kullanici_Islemleri/Secenekler"), Islem): Method.TextDegerineEsitElementeTikla is PASSED

2021-06-28 10:01:47 - [MESSAGE][INFO] - Finding Test Object 'Object Repository/Kullanici_Islemleri/Secenekler'

2021-06-28 10:01:47 - [MESSAGE][INFO] - Checking timeout

2021-06-28 10:01:47 - [MESSAGE][INFO] - Finding web element with id: 'Object Repository/Kullanici_Islemleri/Secenekler' located by 'By.cssSelector: .nav.navbar-nav.navbar-right li a' in '10' second(s)

2021-06-28 10:01:47 - [MESSAGE][INFO] - Smart Wait Function is triggered

2021-06-28 10:01:47 - [MESSAGE][INFO] - Found 22 web elements with id: 'Object Repository/Kullanici_Islemleri/Secenekler' located by 'By.cssSelector: .nav.navbar-nav.navbar-right li a' in '10' second(s)

2021-06-28 10:01:48 - [MESSAGE][PASSED] - Method.TextDegerineEsitElementeTikla is PASSED

2021-06-28 10:01:48 - [TEST_STEP][PASSED] - verifyElementNotPresent(findTestObject("Object Repository/Kullanici_Islemleri/Secenekler"), 10): Web element with id: 'Object Repository/Kullanici_Islemleri/Secenekler' located by 'By.cssSelector: .nav.navbar-nav.navbar-right li a' is not present after '10' second(s)

2021-06-28 10:01:48 - [MESSAGE][INFO] - Finding Test Object 'Object Repository/Kullanici_Islemleri/Secenekler'

2021-06-28 10:01:48 - [MESSAGE][INFO] - Checking object

2021-06-28 10:01:48 - [MESSAGE][INFO] - Checking timeout

2021-06-28 10:01:48 - [MESSAGE][INFO] - Finding web element with id: 'Object Repository/Kullanici_Islemleri/Secenekler' located by 'By.cssSelector: .nav.navbar-nav.navbar-right li a' in '10' second(s)

2021-06-28 10:01:48 - [MESSAGE][INFO] - Smart Wait Function is triggered

2021-06-28 10:01:49 - [MESSAGE][PASSED] - Web element with id: 'Object Repository/Kullanici_Islemleri/Secenekler' located by 'By.cssSelector: .nav.navbar-nav.navbar-right li a' is not present after '10' second(s)

2021-06-28 10:01:49 - [MESSAGE][PASSED] - Call Test Case 'Test Cases/Kullanici_Islemleri/KullaniciIslemlerindenSecimYapilir' successfully

2021-06-28 10:01:49 - [TEST_CASE][PASSED] - Start Test Case : SCENARIO Faturanin PDFinin gosterilmesi: SCENARIO Faturanin PDFinin gosterilmesi

2021-06-28 10:01:49 - [TEST_STEP][PASSED] - Kullanıcı adı ELOGO6 ve Şifre 123456 olarak giriş yapılır: Kullanıcı adı ELOGO6 ve Şifre 123456 olarak giriş yapılır

2021-06-28 10:01:49 - [MESSAGE][PASSED] - Kullanıcı adı ELOGO6 ve Şifre 123456 olarak giriş yapılır

2021-06-28 10:01:49 - [TEST_STEP][PASSED] - Ana menüden e-Fatura seçilir: Ana menüden e-Fatura seçilir

2021-06-28 10:01:49 - [MESSAGE][PASSED] - Ana menüden e-Fatura seçilir

2021-06-28 10:01:49 - [TEST_STEP][PASSED] - Alt menü Gelen Kutusu başlığı altındaki Faturalar seçilir: Alt menü Gelen Kutusu başlığı altındaki Faturalar seçilir

2021-06-28 10:01:49 - [MESSAGE][PASSED] - Alt menü Gelen Kutusu başlığı altındaki Faturalar seçilir

2021-06-28 10:01:49 - [TEST_STEP][PASSED] - Filtrelerden Oluşturma Tarihi filtresine 01.12.2020 baslangic degerini yaz: Filtrelerden Oluşturma Tarihi filtresine 01.12.2020 baslangic degerini yaz

2021-06-28 10:01:49 - [MESSAGE][PASSED] - Filtrelerden Oluşturma Tarihi filtresine 01.12.2020 baslangic degerini yaz

2021-06-28 10:01:49 - [TEST_STEP][PASSED] - Filtrelerden Oluşturma Tarihi filtresine 31.12.2020 bitis degerini yaz: Filtrelerden Oluşturma Tarihi filtresine 31.12.2020 bitis degerini yaz

2021-06-28 10:01:49 - [MESSAGE][PASSED] - Filtrelerden Oluşturma Tarihi filtresine 31.12.2020 bitis degerini yaz

2021-06-28 10:01:49 - [TEST_STEP][PASSED] - Filtre butonlarından Listele seçilir: Filtre butonlarından Listele seçilir

2021-06-28 10:01:49 - [MESSAGE][PASSED] - Filtre butonlarından Listele seçilir

2021-06-28 10:01:49 - [TEST_STEP][PASSED] - Tabloda veri var mı kontrol edilir: Tabloda veri var mı kontrol edilir

2021-06-28 10:01:49 - [MESSAGE][PASSED] - Tabloda veri var mı kontrol edilir

2021-06-28 10:01:49 - [TEST_STEP][PASSED] - Tablodan E LOGO 6 isimli veri seçilir: Tablodan E LOGO 6 isimli veri seçilir

2021-06-28 10:01:49 - [MESSAGE][PASSED] - Tablodan E LOGO 6 isimli veri seçilir

2021-06-28 10:01:49 - [TEST_STEP][PASSED] - Butonlardan PDF isimli butona tıklanır: Butonlardan PDF isimli butona tıklanır

2021-06-28 10:01:49 - [MESSAGE][PASSED] - Butonlardan PDF isimli butona tıklanır

2021-06-28 10:01:49 - [TEST_STEP][PASSED] - Alt butonlardan Göster butonuna tıklanır: Alt butonlardan Göster butonuna tıklanır

2021-06-28 10:01:49 - [MESSAGE][PASSED] - Alt butonlardan Göster butonuna tıklanır

2021-06-28 10:01:49 - [TEST_STEP][PASSED] - Yeni açılan sekmeye geçilir: Yeni açılan sekmeye geçilir

2021-06-28 10:01:49 - [MESSAGE][PASSED] - Yeni açılan sekmeye geçilir

2021-06-28 10:01:49 - [TEST_STEP][PASSED] - PDF açıldı mı: PDF açıldı mı

2021-06-28 10:01:49 - [MESSAGE][PASSED] - PDF açıldı mı

2021-06-28 10:01:49 - [TEST_STEP][PASSED] - Ana sekmeye geçilir: Ana sekmeye geçilir

2021-06-28 10:01:49 - [MESSAGE][PASSED] - Ana sekmeye geçilir

2021-06-28 10:01:49 - [TEST_STEP][PASSED] - Butonlardan PDF isimli butona tıklanır: Butonlardan PDF isimli butona tıklanır

2021-06-28 10:01:49 - [MESSAGE][PASSED] - Butonlardan PDF isimli butona tıklanır

2021-06-28 10:01:49 - [TEST_STEP][PASSED] - Alt butonlardan İndir butonuna tıklanır: Alt butonlardan İndir butonuna tıklanır

2021-06-28 10:01:49 - [MESSAGE][PASSED] - Alt butonlardan İndir butonuna tıklanır

2021-06-28 10:01:49 - [TEST_STEP][PASSED] - Ön eki Invoice olan dosya indirildi mi: Ön eki Invoice olan dosya indirildi mi

2021-06-28 10:01:49 - [MESSAGE][PASSED] - Ön eki Invoice olan dosya indirildi mi

2021-06-28 10:01:49 - [TEST_STEP][PASSED] - Kullanıcı işlemlerinden Çıkış seçilir: Kullanıcı işlemlerinden Çıkış seçilir

2021-06-28 10:01:49 - [MESSAGE][PASSED] - Kullanıcı işlemlerinden Çıkış seçilir

2021-06-28 10:01:49 - [MESSAGE][PASSED] - Feature file: 'Include/features/e-Fatura/Gelen Kutusu/Faturalar/PDF Goster-Indir.feature' was passed

2021-06-28 10:01:49 - [TEST_STEP][PASSED] - Start listener action : sampleAfterTestSuite: Invoke 'com.kms.katalon.core.annotation.AfterTestCase' method: 'Listener.sampleAfterTestSuite(...)' completed.

2021-06-28 10:01:49 - [MESSAGE][INFO] - Starting invoke 'com.kms.katalon.core.annotation.AfterTestCase' method: 'Listener.sampleAfterTestSuite(...)'

2021-06-28 10:01:49 - [TEST_STEP][PASSED] - closeBrowser(): Invoke 'com.kms.katalon.core.annotation.AfterTestCase' method: 'Listener.sampleAfterTestSuite(...)' completed.

2021-06-28 10:01:49 - [MESSAGE][INFO] - Closing browser

2021-06-28 10:01:50 - [MESSAGE][PASSED] - Browser is closed

2021-06-28 10:01:50 - [MESSAGE][INFO] - Invoke 'com.kms.katalon.core.annotation.AfterTestCase' method: 'Listener.sampleAfterTestSuite(...)' completed.]]></system-out>
         <system-err><![CDATA[]]></system-err>
      </testcase>
      <testcase name="Test Cases/Case Repository/e-Fatura/Gelen Kutusu/Uygulama Yanitlari/UBL-Goster-Indir" time="29.81" classname="Test Cases/Case Repository/e-Fatura/Gelen Kutusu/Uygulama Yanitlari/UBL-Goster-Indir" status="PASSED">
         <system-out><![CDATA[2021-06-28 10:01:50 - [TEST_CASE][PASSED] - Test Cases/Case Repository/e-Fatura/Gelen Kutusu/Uygulama Yanitlari/UBL-Goster-Indir: Test Cases/Case Repository/e-Fatura/Gelen Kutusu/Uygulama Yanitlari/UBL-Goster-Indir

2021-06-28 10:01:50 - [TEST_STEP][PASSED] - Start listener action : sampleBeforeTestSuite: Invoke 'com.kms.katalon.core.annotation.BeforeTestCase' method: 'Listener.sampleBeforeTestSuite(...)' completed.

2021-06-28 10:01:50 - [MESSAGE][INFO] - Starting invoke 'com.kms.katalon.core.annotation.BeforeTestCase' method: 'Listener.sampleBeforeTestSuite(...)'

2021-06-28 10:01:50 - [TEST_STEP][PASSED] - openBrowser(baseUrl): Browser is opened with url: 'https://efatura-stage.elogo.com.tr/'

2021-06-28 10:01:50 - [MESSAGE][INFO] - Opening browser

2021-06-28 10:01:50 - [MESSAGE][INFO] - Starting 'Chrome' driver

2021-06-28 10:01:50 - [MESSAGE][INFO] - User set preference: ['prefs', '{download.default_directory=C:\otomasyondownfiles}']

2021-06-28 10:01:50 - [MESSAGE][INFO] - Action delay is set to 0 milliseconds

2021-06-28 10:01:51 - [MESSAGE][INFO] - Navigating browser to: 'https://efatura-stage.elogo.com.tr/'

2021-06-28 10:01:52 - [MESSAGE][PASSED] - Browser is opened with url: 'https://efatura-stage.elogo.com.tr/'

2021-06-28 10:01:52 - [TEST_STEP][PASSED] - maximizeWindow(): Invoke 'com.kms.katalon.core.annotation.BeforeTestCase' method: 'Listener.sampleBeforeTestSuite(...)' completed.

2021-06-28 10:01:52 - [MESSAGE][INFO] - Maximizing current window

2021-06-28 10:01:52 - [MESSAGE][PASSED] - Current window maximized

2021-06-28 10:01:52 - [MESSAGE][INFO] - Invoke 'com.kms.katalon.core.annotation.BeforeTestCase' method: 'Listener.sampleBeforeTestSuite(...)' completed.

2021-06-28 10:01:53 - [TEST_STEP][PASSED] - runFeatureFile("Include/features/e-Fatura/Gelen Kutusu/Uygulama Yanitlari/UBL-Goster-Indir.feature"): Feature file: 'Include/features/e-Fatura/Gelen Kutusu/Uygulama Yanitlari/UBL-Goster-Indir.feature' was passed

2021-06-28 10:01:53 - [MESSAGE][INFO] - Starting run keyword runFeatureFile: 'Include/features/e-Fatura/Gelen Kutusu/Uygulama Yanitlari/UBL-Goster-Indir.feature' and extract report to folder: 'C:\Users\yigit\Documents\GitHub\EES_Katalon\Reports\20210628_100100\deneme1\20210628_100101/cucumber_report/1624863713187'...

2021-06-28 10:01:53 - [MESSAGE][INFO] - Glue: []

2021-06-28 10:01:55 - [MESSAGE][INFO] - Checking called Test Case

2021-06-28 10:01:55 - [MESSAGE][INFO] - Starting to call Test Case 'Test Cases/Sayfalar/Giris_Sayfasi/Login'

2021-06-28 10:01:55 - [TEST_CASE][PASSED] - Test Cases/Sayfalar/Giris_Sayfasi/Login: Test Cases/Sayfalar/Giris_Sayfasi/Login

2021-06-28 10:01:55 - [TEST_STEP][PASSED] - Sayfa_Basligi = getWindowTitle(): Current window's title is: 'LOGO e-Fatura'

2021-06-28 10:01:55 - [MESSAGE][INFO] - Getting current window's title

2021-06-28 10:01:55 - [MESSAGE][PASSED] - Current window's title is: 'LOGO e-Fatura'

2021-06-28 10:01:55 - [TEST_STEP][PASSED] - verifyMatch(Sayfa_Basligi, "LOGO e-Fatura", false): Actual text 'LOGO e-Fatura' and expected text 'LOGO e-Fatura' are matched 

2021-06-28 10:01:55 - [MESSAGE][INFO] - Matching actual text 'LOGO e-Fatura' with expected text 'LOGO e-Fatura'

2021-06-28 10:01:55 - [MESSAGE][PASSED] - Actual text 'LOGO e-Fatura' and expected text 'LOGO e-Fatura' are matched 

2021-06-28 10:01:55 - [TEST_STEP][PASSED] - sendKeys(findTestObject("Sayfalar/Giris_Sayfasi/Firma_Kodu"), KullaniciAdi): Keys 'ELOGO6' sent to object: 'Object Repository/Sayfalar/Giris_Sayfasi/Firma_Kodu'

2021-06-28 10:01:55 - [MESSAGE][INFO] - Finding Test Object 'Object Repository/Sayfalar/Giris_Sayfasi/Firma_Kodu'

2021-06-28 10:01:55 - [MESSAGE][INFO] - Sending keys 'ELOGO6' to object: 'Object Repository/Sayfalar/Giris_Sayfasi/Firma_Kodu'

2021-06-28 10:01:55 - [MESSAGE][INFO] - Finding web element from Test Object's properties

2021-06-28 10:01:55 - [MESSAGE][INFO] - Checking timeout

2021-06-28 10:01:55 - [MESSAGE][INFO] - Finding web element with id: 'Object Repository/Sayfalar/Giris_Sayfasi/Firma_Kodu' located by 'By.xpath: //*[@id = 'AccountName']' in '30' second(s)

2021-06-28 10:01:55 - [MESSAGE][INFO] - Smart Wait Function is triggered

2021-06-28 10:01:56 - [MESSAGE][INFO] - Found 1 web elements with id: 'Object Repository/Sayfalar/Giris_Sayfasi/Firma_Kodu' located by 'By.xpath: //*[@id = 'AccountName']' in '30' second(s)

2021-06-28 10:01:56 - [MESSAGE][PASSED] - Keys 'ELOGO6' sent to object: 'Object Repository/Sayfalar/Giris_Sayfasi/Firma_Kodu'

2021-06-28 10:01:56 - [TEST_STEP][PASSED] - sendKeys(findTestObject("Sayfalar/Giris_Sayfasi/Sifre"), Sifre): Keys '123456' sent to object: 'Object Repository/Sayfalar/Giris_Sayfasi/Sifre'

2021-06-28 10:01:56 - [MESSAGE][INFO] - Finding Test Object 'Object Repository/Sayfalar/Giris_Sayfasi/Sifre'

2021-06-28 10:01:56 - [MESSAGE][INFO] - Sending keys '123456' to object: 'Object Repository/Sayfalar/Giris_Sayfasi/Sifre'

2021-06-28 10:01:56 - [MESSAGE][INFO] - Finding web element from Test Object's properties

2021-06-28 10:01:56 - [MESSAGE][INFO] - Checking timeout

2021-06-28 10:01:56 - [MESSAGE][INFO] - Finding web element with id: 'Object Repository/Sayfalar/Giris_Sayfasi/Sifre' located by 'By.xpath: //*[@id = 'Password']' in '30' second(s)

2021-06-28 10:01:56 - [MESSAGE][INFO] - Smart Wait Function is triggered

2021-06-28 10:01:56 - [MESSAGE][INFO] - Found 1 web elements with id: 'Object Repository/Sayfalar/Giris_Sayfasi/Sifre' located by 'By.xpath: //*[@id = 'Password']' in '30' second(s)

2021-06-28 10:01:56 - [MESSAGE][PASSED] - Keys '123456' sent to object: 'Object Repository/Sayfalar/Giris_Sayfasi/Sifre'

2021-06-28 10:01:56 - [TEST_STEP][PASSED] - findWebElement(findTestObject("Sayfalar/Giris_Sayfasi/Giris_Butonu")).click(): Found 1 web elements with id: 'Object Repository/Sayfalar/Giris_Sayfasi/Giris_Butonu' located by 'By.cssSelector: #btnLogin' in '30' second(s)

2021-06-28 10:01:56 - [MESSAGE][INFO] - Finding Test Object 'Object Repository/Sayfalar/Giris_Sayfasi/Giris_Butonu'

2021-06-28 10:01:56 - [MESSAGE][INFO] - Finding web element from Test Object's properties

2021-06-28 10:01:56 - [MESSAGE][INFO] - Checking timeout

2021-06-28 10:01:56 - [MESSAGE][INFO] - Finding web element with id: 'Object Repository/Sayfalar/Giris_Sayfasi/Giris_Butonu' located by 'By.cssSelector: #btnLogin' in '30' second(s)

2021-06-28 10:01:56 - [MESSAGE][INFO] - Smart Wait Function is triggered

2021-06-28 10:01:56 - [MESSAGE][INFO] - Found 1 web elements with id: 'Object Repository/Sayfalar/Giris_Sayfasi/Giris_Butonu' located by 'By.cssSelector: #btnLogin' in '30' second(s)

2021-06-28 10:01:57 - [TEST_STEP][PASSED] - if (verifyElementPresent(findTestObject("Object Repository/Sayfalar/Giris_Sayfasi/RetveTamam_Butonu"), 5, OPTIONAL)): null

2021-06-28 10:01:57 - [MESSAGE][INFO] - Finding Test Object 'Object Repository/Sayfalar/Giris_Sayfasi/RetveTamam_Butonu'

2021-06-28 10:01:57 - [MESSAGE][INFO] - Checking object

2021-06-28 10:01:57 - [MESSAGE][INFO] - Finding web element from Test Object's properties

2021-06-28 10:01:57 - [MESSAGE][INFO] - Checking timeout

2021-06-28 10:01:57 - [MESSAGE][INFO] - Finding web element with id: 'Object Repository/Sayfalar/Giris_Sayfasi/RetveTamam_Butonu' located by 'By.xpath: //*[@class = 'btn btn-default']' in '5' second(s)

2021-06-28 10:01:57 - [MESSAGE][INFO] - Smart Wait Function is triggered

2021-06-28 10:01:57 - [MESSAGE][INFO] - Found 1 web elements with id: 'Object Repository/Sayfalar/Giris_Sayfasi/RetveTamam_Butonu' located by 'By.xpath: //*[@class = 'btn btn-default']' in '5' second(s)

2021-06-28 10:01:57 - [MESSAGE][PASSED] - Object 'Object Repository/Sayfalar/Giris_Sayfasi/RetveTamam_Butonu' is present

2021-06-28 10:01:57 - [TEST_STEP][PASSED] - click(findTestObject("Object Repository/Sayfalar/Giris_Sayfasi/RetveTamam_Butonu")): Object: 'Object Repository/Sayfalar/Giris_Sayfasi/RetveTamam_Butonu' is clicked on

2021-06-28 10:01:57 - [MESSAGE][INFO] - Finding Test Object 'Object Repository/Sayfalar/Giris_Sayfasi/RetveTamam_Butonu'

2021-06-28 10:01:58 - [MESSAGE][INFO] - Checking object

2021-06-28 10:01:58 - [MESSAGE][INFO] - Finding web element from Test Object's properties

2021-06-28 10:01:58 - [MESSAGE][INFO] - Checking timeout

2021-06-28 10:01:58 - [MESSAGE][INFO] - Finding web element with id: 'Object Repository/Sayfalar/Giris_Sayfasi/RetveTamam_Butonu' located by 'By.xpath: //*[@class = 'btn btn-default']' in '30' second(s)

2021-06-28 10:01:58 - [MESSAGE][INFO] - Smart Wait Function is triggered

2021-06-28 10:01:58 - [MESSAGE][INFO] - Found 1 web elements with id: 'Object Repository/Sayfalar/Giris_Sayfasi/RetveTamam_Butonu' located by 'By.xpath: //*[@class = 'btn btn-default']' in '30' second(s)

2021-06-28 10:01:58 - [MESSAGE][INFO] - Clicking on object: 'Object Repository/Sayfalar/Giris_Sayfasi/RetveTamam_Butonu'

2021-06-28 10:01:58 - [MESSAGE][PASSED] - Object: 'Object Repository/Sayfalar/Giris_Sayfasi/RetveTamam_Butonu' is clicked on

2021-06-28 10:01:58 - [TEST_STEP][PASSED] - click(findTestObject("Object Repository/Sayfalar/Giris_Sayfasi/RetveTamam_Butonu")): Object: 'Object Repository/Sayfalar/Giris_Sayfasi/RetveTamam_Butonu' is clicked on

2021-06-28 10:01:58 - [MESSAGE][INFO] - Finding Test Object 'Object Repository/Sayfalar/Giris_Sayfasi/RetveTamam_Butonu'

2021-06-28 10:01:58 - [MESSAGE][INFO] - Checking object

2021-06-28 10:01:58 - [MESSAGE][INFO] - Finding web element from Test Object's properties

2021-06-28 10:01:58 - [MESSAGE][INFO] - Checking timeout

2021-06-28 10:01:58 - [MESSAGE][INFO] - Finding web element with id: 'Object Repository/Sayfalar/Giris_Sayfasi/RetveTamam_Butonu' located by 'By.xpath: //*[@class = 'btn btn-default']' in '30' second(s)

2021-06-28 10:01:58 - [MESSAGE][INFO] - Smart Wait Function is triggered

2021-06-28 10:02:00 - [MESSAGE][INFO] - Found 1 web elements with id: 'Object Repository/Sayfalar/Giris_Sayfasi/RetveTamam_Butonu' located by 'By.xpath: //*[@class = 'btn btn-default']' in '30' second(s)

2021-06-28 10:02:00 - [MESSAGE][INFO] - Clicking on object: 'Object Repository/Sayfalar/Giris_Sayfasi/RetveTamam_Butonu'

2021-06-28 10:02:00 - [MESSAGE][PASSED] - Object: 'Object Repository/Sayfalar/Giris_Sayfasi/RetveTamam_Butonu' is clicked on

2021-06-28 10:02:00 - [TEST_STEP][PASSED] - if (verifyElementPresent(findTestObject("Sayfalar/Giris_Sayfasi/PopupOK"), 5, OPTIONAL)): null

2021-06-28 10:02:00 - [MESSAGE][INFO] - Finding Test Object 'Object Repository/Sayfalar/Giris_Sayfasi/PopupOK'

2021-06-28 10:02:00 - [MESSAGE][INFO] - Checking object

2021-06-28 10:02:00 - [MESSAGE][INFO] - Finding web element from Test Object's properties

2021-06-28 10:02:00 - [MESSAGE][INFO] - Checking timeout

2021-06-28 10:02:00 - [MESSAGE][INFO] - Finding web element with id: 'Object Repository/Sayfalar/Giris_Sayfasi/PopupOK' located by 'By.cssSelector: .btn.btn-success' in '5' second(s)

2021-06-28 10:02:00 - [MESSAGE][INFO] - Smart Wait Function is triggered

2021-06-28 10:02:01 - [MESSAGE][INFO] - Found 1 web elements with id: 'Object Repository/Sayfalar/Giris_Sayfasi/PopupOK' located by 'By.cssSelector: .btn.btn-success' in '5' second(s)

2021-06-28 10:02:01 - [MESSAGE][PASSED] - Object 'Object Repository/Sayfalar/Giris_Sayfasi/PopupOK' is present

2021-06-28 10:02:01 - [TEST_STEP][PASSED] - click(findTestObject("Object Repository/Sayfalar/Giris_Sayfasi/PopupCarpiGiris")): Object: 'Object Repository/Sayfalar/Giris_Sayfasi/PopupCarpiGiris' is clicked on

2021-06-28 10:02:01 - [MESSAGE][INFO] - Finding Test Object 'Object Repository/Sayfalar/Giris_Sayfasi/PopupCarpiGiris'

2021-06-28 10:02:01 - [MESSAGE][INFO] - Checking object

2021-06-28 10:02:01 - [MESSAGE][INFO] - Finding web element from Test Object's properties

2021-06-28 10:02:01 - [MESSAGE][INFO] - Checking timeout

2021-06-28 10:02:01 - [MESSAGE][INFO] - Finding web element with id: 'Object Repository/Sayfalar/Giris_Sayfasi/PopupCarpiGiris' located by 'By.cssSelector: .bootbox-close-button.close' in '30' second(s)

2021-06-28 10:02:01 - [MESSAGE][INFO] - Smart Wait Function is triggered

2021-06-28 10:02:01 - [MESSAGE][INFO] - Found 1 web elements with id: 'Object Repository/Sayfalar/Giris_Sayfasi/PopupCarpiGiris' located by 'By.cssSelector: .bootbox-close-button.close' in '30' second(s)

2021-06-28 10:02:01 - [MESSAGE][INFO] - Clicking on object: 'Object Repository/Sayfalar/Giris_Sayfasi/PopupCarpiGiris'

2021-06-28 10:02:01 - [MESSAGE][PASSED] - Object: 'Object Repository/Sayfalar/Giris_Sayfasi/PopupCarpiGiris' is clicked on

2021-06-28 10:02:01 - [TEST_STEP][PASSED] - verifyElementVisible(findTestObject("Object Repository/Kullanici_Islemleri/KullaniciIslemleri")): Object 'Object Repository/Kullanici_Islemleri/KullaniciIslemleri' is visible

2021-06-28 10:02:01 - [MESSAGE][INFO] - Finding Test Object 'Object Repository/Kullanici_Islemleri/KullaniciIslemleri'

2021-06-28 10:02:01 - [MESSAGE][INFO] - Checking object

2021-06-28 10:02:01 - [MESSAGE][INFO] - Finding web element from Test Object's properties

2021-06-28 10:02:01 - [MESSAGE][INFO] - Checking timeout

2021-06-28 10:02:01 - [MESSAGE][INFO] - Finding web element with id: 'Object Repository/Kullanici_Islemleri/KullaniciIslemleri' located by 'By.cssSelector: .dropdown>a>img' in '30' second(s)

2021-06-28 10:02:01 - [MESSAGE][INFO] - Smart Wait Function is triggered

2021-06-28 10:02:02 - [MESSAGE][INFO] - Found 1 web elements with id: 'Object Repository/Kullanici_Islemleri/KullaniciIslemleri' located by 'By.cssSelector: .dropdown>a>img' in '30' second(s)

2021-06-28 10:02:02 - [MESSAGE][PASSED] - Object 'Object Repository/Kullanici_Islemleri/KullaniciIslemleri' is visible

2021-06-28 10:02:02 - [MESSAGE][PASSED] - Call Test Case 'Test Cases/Sayfalar/Giris_Sayfasi/Login' successfully

2021-06-28 10:02:02 - [MESSAGE][INFO] - Checking called Test Case

2021-06-28 10:02:02 - [MESSAGE][INFO] - Starting to call Test Case 'Test Cases/Menu/AnaMenuSecimi'

2021-06-28 10:02:02 - [TEST_CASE][PASSED] - Test Cases/Menu/AnaMenuSecimi: Test Cases/Menu/AnaMenuSecimi

2021-06-28 10:02:02 - [TEST_STEP][PASSED] - Method.TextDegerineEsitElementeTikla(findTestObject("Menu/Ana_Menu"), Ana_Menu): Method.TextDegerineEsitElementeTikla is PASSED

2021-06-28 10:02:02 - [MESSAGE][INFO] - Finding Test Object 'Object Repository/Menu/Ana_Menu'

2021-06-28 10:02:02 - [MESSAGE][INFO] - Checking timeout

2021-06-28 10:02:02 - [MESSAGE][INFO] - Finding web element with id: 'Object Repository/Menu/Ana_Menu' located by 'By.xpath: //*[@class = 'dropdown-toggle']' in '10' second(s)

2021-06-28 10:02:02 - [MESSAGE][INFO] - Smart Wait Function is triggered

2021-06-28 10:02:02 - [MESSAGE][INFO] - Found 14 web elements with id: 'Object Repository/Menu/Ana_Menu' located by 'By.xpath: //*[@class = 'dropdown-toggle']' in '10' second(s)

2021-06-28 10:02:02 - [MESSAGE][PASSED] - Method.TextDegerineEsitElementeTikla is PASSED

2021-06-28 10:02:02 - [MESSAGE][PASSED] - Call Test Case 'Test Cases/Menu/AnaMenuSecimi' successfully

2021-06-28 10:02:02 - [MESSAGE][INFO] - Checking called Test Case

2021-06-28 10:02:02 - [MESSAGE][INFO] - Starting to call Test Case 'Test Cases/Menu/BasligaGoreAltMenuSecimi'

2021-06-28 10:02:02 - [TEST_CASE][PASSED] - Test Cases/Menu/BasligaGoreAltMenuSecimi: Test Cases/Menu/BasligaGoreAltMenuSecimi

2021-06-28 10:02:02 - [TEST_STEP][PASSED] - Method.TextDegerineEsitElementinAltindakiTextDegerineEsitOlanaTikla(findTestObject("Menu/Menu_Basligi"), findTestObject("Menu/Basliga_Gore_Alt_Menu"), Baslik, Alt_Menu): Method.TextDegerineEsitElementinAltindakiTextDegerineEsitOlanaTikla is PASSED

2021-06-28 10:02:02 - [MESSAGE][INFO] - Finding Test Object 'Object Repository/Menu/Menu_Basligi'

2021-06-28 10:02:03 - [MESSAGE][INFO] - Finding Test Object 'Object Repository/Menu/Basliga_Gore_Alt_Menu'

2021-06-28 10:02:03 - [MESSAGE][INFO] - Checking timeout

2021-06-28 10:02:03 - [MESSAGE][INFO] - Finding web element with id: 'Object Repository/Menu/Menu_Basligi' located by 'By.xpath: //li[@class='dropdown dropdown-large open']//li[@class='dropdown-header']' in '10' second(s)

2021-06-28 10:02:03 - [MESSAGE][INFO] - Smart Wait Function is triggered

2021-06-28 10:02:03 - [MESSAGE][INFO] - Found 3 web elements with id: 'Object Repository/Menu/Menu_Basligi' located by 'By.xpath: //li[@class='dropdown dropdown-large open']//li[@class='dropdown-header']' in '10' second(s)

2021-06-28 10:02:03 - [MESSAGE][INFO] - Smart Wait Function is triggered

2021-06-28 10:02:04 - [MESSAGE][PASSED] - Method.TextDegerineEsitElementinAltindakiTextDegerineEsitOlanaTikla is PASSED

2021-06-28 10:02:04 - [MESSAGE][PASSED] - Call Test Case 'Test Cases/Menu/BasligaGoreAltMenuSecimi' successfully

2021-06-28 10:02:04 - [MESSAGE][INFO] - Checking called Test Case

2021-06-28 10:02:04 - [MESSAGE][INFO] - Starting to call Test Case 'Test Cases/Filtreler/BaslangicYaz'

2021-06-28 10:02:04 - [TEST_CASE][PASSED] - Test Cases/Filtreler/BaslangicYaz: Test Cases/Filtreler/BaslangicYaz

2021-06-28 10:02:04 - [TEST_STEP][PASSED] - Method.TextDegerineEsitElementinAltindakineTikla(findTestObject("Filtreler/Basliklar"), findTestObject("Filtreler/Basliga_Gore_Baslangic_Image"), Filtre_Adi): Method.TextDegerineEsitElementinAltindakineTikla is PASSED

2021-06-28 10:02:04 - [MESSAGE][INFO] - Finding Test Object 'Object Repository/Filtreler/Basliklar'

2021-06-28 10:02:04 - [MESSAGE][INFO] - Finding Test Object 'Object Repository/Filtreler/Basliga_Gore_Baslangic_Image'

2021-06-28 10:02:04 - [MESSAGE][INFO] - Checking timeout

2021-06-28 10:02:04 - [MESSAGE][INFO] - Finding web element with id: 'Object Repository/Filtreler/Basliklar' located by 'By.cssSelector: .control-label.col-sm-4.paddingMarginRLC' in '10' second(s)

2021-06-28 10:02:04 - [MESSAGE][INFO] - Smart Wait Function is triggered

2021-06-28 10:02:05 - [MESSAGE][INFO] - Found 13 web elements with id: 'Object Repository/Filtreler/Basliklar' located by 'By.cssSelector: .control-label.col-sm-4.paddingMarginRLC' in '10' second(s)

2021-06-28 10:02:05 - [MESSAGE][INFO] - Smart Wait Function is triggered

2021-06-28 10:02:05 - [MESSAGE][PASSED] - Method.TextDegerineEsitElementinAltindakineTikla is PASSED

2021-06-28 10:02:05 - [TEST_STEP][PASSED] - Method.TextDegerineEsitElementinAltindakiTextboxtaYaz(findTestObject("Filtreler/Basliklar"), findTestObject("Filtreler/Basliga_Gore_Baslangic"), Filtre_Adi, Filtre_Degeri): Method.TextDegerineEsitElementinAltindakiTextboxtaYaz is PASSED

2021-06-28 10:02:05 - [MESSAGE][INFO] - Finding Test Object 'Object Repository/Filtreler/Basliklar'

2021-06-28 10:02:05 - [MESSAGE][INFO] - Finding Test Object 'Object Repository/Filtreler/Basliga_Gore_Baslangic'

2021-06-28 10:02:05 - [MESSAGE][INFO] - Checking timeout

2021-06-28 10:02:05 - [MESSAGE][INFO] - Finding web element with id: 'Object Repository/Filtreler/Basliklar' located by 'By.cssSelector: .control-label.col-sm-4.paddingMarginRLC' in '10' second(s)

2021-06-28 10:02:05 - [MESSAGE][INFO] - Smart Wait Function is triggered

2021-06-28 10:02:06 - [MESSAGE][INFO] - Found 13 web elements with id: 'Object Repository/Filtreler/Basliklar' located by 'By.cssSelector: .control-label.col-sm-4.paddingMarginRLC' in '10' second(s)

2021-06-28 10:02:06 - [MESSAGE][INFO] - Smart Wait Function is triggered

2021-06-28 10:02:06 - [MESSAGE][PASSED] - Method.TextDegerineEsitElementinAltindakiTextboxtaYaz is PASSED

2021-06-28 10:02:06 - [MESSAGE][PASSED] - Call Test Case 'Test Cases/Filtreler/BaslangicYaz' successfully

2021-06-28 10:02:06 - [MESSAGE][INFO] - Checking called Test Case

2021-06-28 10:02:06 - [MESSAGE][INFO] - Starting to call Test Case 'Test Cases/Filtreler/BitisYaz'

2021-06-28 10:02:06 - [TEST_CASE][PASSED] - Test Cases/Filtreler/BitisYaz: Test Cases/Filtreler/BitisYaz

2021-06-28 10:02:06 - [TEST_STEP][PASSED] - Method.TextDegerineEsitElementinAltindakineTikla(findTestObject("Filtreler/Basliklar"), findTestObject("Filtreler/Basliga_Gore_Bitis_Image"), Filtre_Adi): Method.TextDegerineEsitElementinAltindakineTikla is PASSED

2021-06-28 10:02:06 - [MESSAGE][INFO] - Finding Test Object 'Object Repository/Filtreler/Basliklar'

2021-06-28 10:02:06 - [MESSAGE][INFO] - Finding Test Object 'Object Repository/Filtreler/Basliga_Gore_Bitis_Image'

2021-06-28 10:02:06 - [MESSAGE][INFO] - Checking timeout

2021-06-28 10:02:06 - [MESSAGE][INFO] - Finding web element with id: 'Object Repository/Filtreler/Basliklar' located by 'By.cssSelector: .control-label.col-sm-4.paddingMarginRLC' in '10' second(s)

2021-06-28 10:02:06 - [MESSAGE][INFO] - Smart Wait Function is triggered

2021-06-28 10:02:06 - [MESSAGE][INFO] - Found 13 web elements with id: 'Object Repository/Filtreler/Basliklar' located by 'By.cssSelector: .control-label.col-sm-4.paddingMarginRLC' in '10' second(s)

2021-06-28 10:02:07 - [MESSAGE][INFO] - Smart Wait Function is triggered

2021-06-28 10:02:07 - [MESSAGE][PASSED] - Method.TextDegerineEsitElementinAltindakineTikla is PASSED

2021-06-28 10:02:07 - [TEST_STEP][PASSED] - Method.TextDegerineEsitElementinAltindakiTextboxtaYaz(findTestObject("Filtreler/Basliklar"), findTestObject("Object Repository/Filtreler/Basliga_Gore_Bitis"), Filtre_Adi, Filtre_Degeri): Method.TextDegerineEsitElementinAltindakiTextboxtaYaz is PASSED

2021-06-28 10:02:07 - [MESSAGE][INFO] - Finding Test Object 'Object Repository/Filtreler/Basliklar'

2021-06-28 10:02:07 - [MESSAGE][INFO] - Finding Test Object 'Object Repository/Filtreler/Basliga_Gore_Bitis'

2021-06-28 10:02:07 - [MESSAGE][INFO] - Checking timeout

2021-06-28 10:02:07 - [MESSAGE][INFO] - Finding web element with id: 'Object Repository/Filtreler/Basliklar' located by 'By.cssSelector: .control-label.col-sm-4.paddingMarginRLC' in '10' second(s)

2021-06-28 10:02:07 - [MESSAGE][INFO] - Smart Wait Function is triggered

2021-06-28 10:02:07 - [MESSAGE][INFO] - Found 13 web elements with id: 'Object Repository/Filtreler/Basliklar' located by 'By.cssSelector: .control-label.col-sm-4.paddingMarginRLC' in '10' second(s)

2021-06-28 10:02:07 - [MESSAGE][INFO] - Smart Wait Function is triggered

2021-06-28 10:02:08 - [MESSAGE][PASSED] - Method.TextDegerineEsitElementinAltindakiTextboxtaYaz is PASSED

2021-06-28 10:02:08 - [MESSAGE][PASSED] - Call Test Case 'Test Cases/Filtreler/BitisYaz' successfully

2021-06-28 10:02:08 - [MESSAGE][INFO] - Checking called Test Case

2021-06-28 10:02:08 - [MESSAGE][INFO] - Starting to call Test Case 'Test Cases/Filtreler/ButonaTikla'

2021-06-28 10:02:08 - [TEST_CASE][PASSED] - Test Cases/Filtreler/ButonaTikla: Test Cases/Filtreler/ButonaTikla

2021-06-28 10:02:08 - [TEST_STEP][PASSED] - Method.TextDegerineEsitElementeTikla(findTestObject("Filtreler/Butonlar"), Filtre_Buton): Method.TextDegerineEsitElementeTikla is PASSED

2021-06-28 10:02:08 - [MESSAGE][INFO] - Finding Test Object 'Object Repository/Filtreler/Butonlar'

2021-06-28 10:02:08 - [MESSAGE][INFO] - Checking timeout

2021-06-28 10:02:08 - [MESSAGE][INFO] - Finding web element with id: 'Object Repository/Filtreler/Butonlar' located by 'By.cssSelector: .dxb>span' in '10' second(s)

2021-06-28 10:02:08 - [MESSAGE][INFO] - Smart Wait Function is triggered

2021-06-28 10:02:08 - [MESSAGE][INFO] - Found 3 web elements with id: 'Object Repository/Filtreler/Butonlar' located by 'By.cssSelector: .dxb>span' in '10' second(s)

2021-06-28 10:02:08 - [MESSAGE][PASSED] - Method.TextDegerineEsitElementeTikla is PASSED

2021-06-28 10:02:08 - [MESSAGE][PASSED] - Call Test Case 'Test Cases/Filtreler/ButonaTikla' successfully

2021-06-28 10:02:08 - [MESSAGE][INFO] - Checking called Test Case

2021-06-28 10:02:08 - [MESSAGE][INFO] - Starting to call Test Case 'Test Cases/Tablo/TablodaVeriVarMi'

2021-06-28 10:02:08 - [TEST_CASE][PASSED] - Test Cases/Tablo/TablodaVeriVarMi: Test Cases/Tablo/TablodaVeriVarMi

2021-06-28 10:02:08 - [TEST_STEP][PASSED] - verifyTextNotPresent("Görüntülenecek veri yok", true): Text 'Görüntülenecek veri yok' is not present on page using regular expression

2021-06-28 10:02:08 - [MESSAGE][INFO] - Checking text present  using regular expression

2021-06-28 10:02:08 - [MESSAGE][INFO] - Smart Wait Function is triggered

2021-06-28 10:02:09 - [MESSAGE][INFO] - Finding text 'Görüntülenecek veri yok' on page  using regular expression

2021-06-28 10:02:09 - [MESSAGE][PASSED] - Text 'Görüntülenecek veri yok' is not present on page using regular expression

2021-06-28 10:02:09 - [MESSAGE][PASSED] - Call Test Case 'Test Cases/Tablo/TablodaVeriVarMi' successfully

2021-06-28 10:02:09 - [MESSAGE][INFO] - Checking called Test Case

2021-06-28 10:02:09 - [MESSAGE][INFO] - Starting to call Test Case 'Test Cases/Tablo/TablodanVeriSec'

2021-06-28 10:02:09 - [TEST_CASE][PASSED] - Test Cases/Tablo/TablodanVeriSec: Test Cases/Tablo/TablodanVeriSec

2021-06-28 10:02:09 - [TEST_STEP][PASSED] - Method.TextDegerineEsitElementinAltindakineTikla(findTestObject("Tablo/Veriler"), findTestObject("Tablo/VerininCheckBoxi"), Veri_Adi): Method.TextDegerineEsitElementinAltindakineTikla is PASSED

2021-06-28 10:02:09 - [MESSAGE][INFO] - Finding Test Object 'Object Repository/Tablo/Veriler'

2021-06-28 10:02:09 - [MESSAGE][INFO] - Finding Test Object 'Object Repository/Tablo/VerininCheckBoxi'

2021-06-28 10:02:09 - [MESSAGE][INFO] - Checking timeout

2021-06-28 10:02:09 - [MESSAGE][INFO] - Finding web element with id: 'Object Repository/Tablo/Veriler' located by 'By.cssSelector: td.dxgv b ,td.dxgv' in '10' second(s)

2021-06-28 10:02:09 - [MESSAGE][INFO] - Smart Wait Function is triggered

2021-06-28 10:02:09 - [MESSAGE][INFO] - Found 26 web elements with id: 'Object Repository/Tablo/Veriler' located by 'By.cssSelector: td.dxgv b ,td.dxgv' in '10' second(s)

2021-06-28 10:02:10 - [MESSAGE][INFO] - Smart Wait Function is triggered

2021-06-28 10:02:10 - [MESSAGE][PASSED] - Method.TextDegerineEsitElementinAltindakineTikla is PASSED

2021-06-28 10:02:10 - [MESSAGE][PASSED] - Call Test Case 'Test Cases/Tablo/TablodanVeriSec' successfully

2021-06-28 10:02:10 - [MESSAGE][INFO] - Checking called Test Case

2021-06-28 10:02:10 - [MESSAGE][INFO] - Starting to call Test Case 'Test Cases/Butonlar/ButonaTikla'

2021-06-28 10:02:10 - [TEST_CASE][PASSED] - Test Cases/Butonlar/ButonaTikla: Test Cases/Butonlar/ButonaTikla

2021-06-28 10:02:10 - [TEST_STEP][PASSED] - Method.TextDegerineEsitElementeTiklaEquals(findTestObject("Butonlar/Butonlar"), Buton_Adi): Method.TextDegerineEsitElementeTiklaEquals is PASSED

2021-06-28 10:02:10 - [MESSAGE][INFO] - Finding Test Object 'Object Repository/Butonlar/Butonlar'

2021-06-28 10:02:10 - [MESSAGE][INFO] - Checking timeout

2021-06-28 10:02:10 - [MESSAGE][INFO] - Finding web element with id: 'Object Repository/Butonlar/Butonlar' located by 'By.cssSelector: .panel.panel-default.text-center.footerPanel .btn,.btn.btn-primary.btnControls' in '10' second(s)

2021-06-28 10:02:10 - [MESSAGE][INFO] - Smart Wait Function is triggered

2021-06-28 10:02:10 - [MESSAGE][INFO] - Found 7 web elements with id: 'Object Repository/Butonlar/Butonlar' located by 'By.cssSelector: .panel.panel-default.text-center.footerPanel .btn,.btn.btn-primary.btnControls' in '10' second(s)

2021-06-28 10:02:10 - [MESSAGE][PASSED] - Method.TextDegerineEsitElementeTiklaEquals is PASSED

2021-06-28 10:02:10 - [MESSAGE][PASSED] - Call Test Case 'Test Cases/Butonlar/ButonaTikla' successfully

2021-06-28 10:02:10 - [MESSAGE][INFO] - Checking called Test Case

2021-06-28 10:02:10 - [MESSAGE][INFO] - Starting to call Test Case 'Test Cases/Butonlar/AltButonaTikla'

2021-06-28 10:02:10 - [TEST_CASE][PASSED] - Test Cases/Butonlar/AltButonaTikla: Test Cases/Butonlar/AltButonaTikla

2021-06-28 10:02:10 - [TEST_STEP][PASSED] - Method.TextDegerineEsitElementeTikla(findTestObject("Butonlar/AltButonlar"), Alt_Buton): Method.TextDegerineEsitElementeTikla is PASSED

2021-06-28 10:02:10 - [MESSAGE][INFO] - Finding Test Object 'Object Repository/Butonlar/AltButonlar'

2021-06-28 10:02:11 - [MESSAGE][INFO] - Checking timeout

2021-06-28 10:02:11 - [MESSAGE][INFO] - Finding web element with id: 'Object Repository/Butonlar/AltButonlar' located by 'By.cssSelector: .btn-group.open li>a' in '10' second(s)

2021-06-28 10:02:11 - [MESSAGE][INFO] - Smart Wait Function is triggered

2021-06-28 10:02:11 - [MESSAGE][INFO] - Found 2 web elements with id: 'Object Repository/Butonlar/AltButonlar' located by 'By.cssSelector: .btn-group.open li>a' in '10' second(s)

2021-06-28 10:02:11 - [MESSAGE][PASSED] - Method.TextDegerineEsitElementeTikla is PASSED

2021-06-28 10:02:11 - [MESSAGE][PASSED] - Call Test Case 'Test Cases/Butonlar/AltButonaTikla' successfully

2021-06-28 10:02:11 - [MESSAGE][INFO] - Checking called Test Case

2021-06-28 10:02:11 - [MESSAGE][INFO] - Starting to call Test Case 'Test Cases/Sekmeler/YeniSekmeyeGec'

2021-06-28 10:02:11 - [TEST_CASE][PASSED] - Test Cases/Sekmeler/YeniSekmeyeGec: Test Cases/Sekmeler/YeniSekmeyeGec

2021-06-28 10:02:11 - [TEST_STEP][PASSED] - switchToWindowIndex(1): Switched to window with index: '1'

2021-06-28 10:02:11 - [MESSAGE][INFO] - Checking index

2021-06-28 10:02:11 - [MESSAGE][INFO] - Switching window with index: '1'

2021-06-28 10:02:11 - [MESSAGE][PASSED] - Switched to window with index: '1'

2021-06-28 10:02:11 - [MESSAGE][PASSED] - Call Test Case 'Test Cases/Sekmeler/YeniSekmeyeGec' successfully

2021-06-28 10:02:11 - [MESSAGE][INFO] - Checking called Test Case

2021-06-28 10:02:11 - [MESSAGE][INFO] - Starting to call Test Case 'Test Cases/Sekmeler/TagGeldiMi'

2021-06-28 10:02:11 - [TEST_CASE][PASSED] - Test Cases/Sekmeler/TagGeldiMi: Test Cases/Sekmeler/TagGeldiMi

2021-06-28 10:02:12 - [TEST_STEP][PASSED] - waitForElementPresent(findTestObject("Object Repository/Sekmeler/UBLTag"), 10): Object 'Object Repository/Sekmeler/UBLTag' is present

2021-06-28 10:02:12 - [MESSAGE][INFO] - Finding Test Object 'Object Repository/Sekmeler/UBLTag'

2021-06-28 10:02:12 - [MESSAGE][INFO] - Checking object

2021-06-28 10:02:12 - [MESSAGE][INFO] - Finding web element from Test Object's properties

2021-06-28 10:02:12 - [MESSAGE][INFO] - Checking timeout

2021-06-28 10:02:12 - [MESSAGE][INFO] - Finding web element with id: 'Object Repository/Sekmeler/UBLTag' located by 'By.cssSelector: #webkit-xml-viewer-source-xml>:first-child' in '10' second(s)

2021-06-28 10:02:12 - [MESSAGE][INFO] - Smart Wait Function is triggered

2021-06-28 10:02:12 - [MESSAGE][INFO] - Found 1 web elements with id: 'Object Repository/Sekmeler/UBLTag' located by 'By.cssSelector: #webkit-xml-viewer-source-xml>:first-child' in '10' second(s)

2021-06-28 10:02:12 - [MESSAGE][PASSED] - Object 'Object Repository/Sekmeler/UBLTag' is present

2021-06-28 10:02:12 - [TEST_STEP][PASSED] - println(toLowerCase().toString()): Found 1 web elements with id: 'Object Repository/Sekmeler/UBLTag' located by 'By.cssSelector: #webkit-xml-viewer-source-xml>:first-child' in '10' second(s)

2021-06-28 10:02:12 - [MESSAGE][INFO] - Finding Test Object 'Object Repository/Sekmeler/UBLTag'

2021-06-28 10:02:12 - [MESSAGE][INFO] - Finding web element from Test Object's properties

2021-06-28 10:02:12 - [MESSAGE][INFO] - Checking timeout

2021-06-28 10:02:12 - [MESSAGE][INFO] - Finding web element with id: 'Object Repository/Sekmeler/UBLTag' located by 'By.cssSelector: #webkit-xml-viewer-source-xml>:first-child' in '10' second(s)

2021-06-28 10:02:12 - [MESSAGE][INFO] - Smart Wait Function is triggered

2021-06-28 10:02:12 - [MESSAGE][INFO] - Found 1 web elements with id: 'Object Repository/Sekmeler/UBLTag' located by 'By.cssSelector: #webkit-xml-viewer-source-xml>:first-child' in '10' second(s)

2021-06-28 10:02:12 - [TEST_STEP][PASSED] - if (!(toString().contains(toString().toLowerCase()))): Found 1 web elements with id: 'Object Repository/Sekmeler/UBLTag' located by 'By.cssSelector: #webkit-xml-viewer-source-xml>:first-child' in '10' second(s)

2021-06-28 10:02:12 - [MESSAGE][INFO] - Finding Test Object 'Object Repository/Sekmeler/UBLTag'

2021-06-28 10:02:12 - [MESSAGE][INFO] - Finding web element from Test Object's properties

2021-06-28 10:02:12 - [MESSAGE][INFO] - Checking timeout

2021-06-28 10:02:12 - [MESSAGE][INFO] - Finding web element with id: 'Object Repository/Sekmeler/UBLTag' located by 'By.cssSelector: #webkit-xml-viewer-source-xml>:first-child' in '10' second(s)

2021-06-28 10:02:12 - [MESSAGE][INFO] - Smart Wait Function is triggered

2021-06-28 10:02:12 - [MESSAGE][INFO] - Found 1 web elements with id: 'Object Repository/Sekmeler/UBLTag' located by 'By.cssSelector: #webkit-xml-viewer-source-xml>:first-child' in '10' second(s)

2021-06-28 10:02:12 - [MESSAGE][PASSED] - Call Test Case 'Test Cases/Sekmeler/TagGeldiMi' successfully

2021-06-28 10:02:12 - [MESSAGE][INFO] - Checking called Test Case

2021-06-28 10:02:12 - [MESSAGE][INFO] - Starting to call Test Case 'Test Cases/Sekmeler/Ana_Sekmeye_Gec'

2021-06-28 10:02:12 - [TEST_CASE][PASSED] - Test Cases/Sekmeler/Ana_Sekmeye_Gec: Test Cases/Sekmeler/Ana_Sekmeye_Gec

2021-06-28 10:02:12 - [TEST_STEP][PASSED] - try: Window with index 1 is closed

2021-06-28 10:02:12 - [TEST_STEP][PASSED] - index = getWindowIndex(): Current window's index is: 1

2021-06-28 10:02:12 - [MESSAGE][INFO] - Getting current window's index

2021-06-28 10:02:12 - [MESSAGE][PASSED] - Current window's index is: 1

2021-06-28 10:02:12 - [TEST_STEP][PASSED] - closeWindowIndex(index): Window with index 1 is closed

2021-06-28 10:02:12 - [MESSAGE][INFO] - Checking index

2021-06-28 10:02:12 - [MESSAGE][INFO] - Closing window with index 1

2021-06-28 10:02:12 - [MESSAGE][PASSED] - Window with index 1 is closed

2021-06-28 10:02:12 - [TEST_STEP][PASSED] - switchToWindowIndex(0): Switched to window with index: '0'

2021-06-28 10:02:12 - [MESSAGE][INFO] - Checking index

2021-06-28 10:02:12 - [MESSAGE][INFO] - Switching window with index: '0'

2021-06-28 10:02:12 - [MESSAGE][PASSED] - Switched to window with index: '0'

2021-06-28 10:02:12 - [MESSAGE][PASSED] - Call Test Case 'Test Cases/Sekmeler/Ana_Sekmeye_Gec' successfully

2021-06-28 10:02:12 - [MESSAGE][INFO] - Checking called Test Case

2021-06-28 10:02:12 - [MESSAGE][INFO] - Starting to call Test Case 'Test Cases/Butonlar/ButonaTikla'

2021-06-28 10:02:12 - [TEST_CASE][PASSED] - Test Cases/Butonlar/ButonaTikla: Test Cases/Butonlar/ButonaTikla

2021-06-28 10:02:12 - [TEST_STEP][PASSED] - Method.TextDegerineEsitElementeTiklaEquals(findTestObject("Butonlar/Butonlar"), Buton_Adi): Method.TextDegerineEsitElementeTiklaEquals is PASSED

2021-06-28 10:02:12 - [MESSAGE][INFO] - Finding Test Object 'Object Repository/Butonlar/Butonlar'

2021-06-28 10:02:12 - [MESSAGE][INFO] - Checking timeout

2021-06-28 10:02:12 - [MESSAGE][INFO] - Finding web element with id: 'Object Repository/Butonlar/Butonlar' located by 'By.cssSelector: .panel.panel-default.text-center.footerPanel .btn,.btn.btn-primary.btnControls' in '10' second(s)

2021-06-28 10:02:12 - [MESSAGE][INFO] - Smart Wait Function is triggered

2021-06-28 10:02:12 - [MESSAGE][INFO] - Found 7 web elements with id: 'Object Repository/Butonlar/Butonlar' located by 'By.cssSelector: .panel.panel-default.text-center.footerPanel .btn,.btn.btn-primary.btnControls' in '10' second(s)

2021-06-28 10:02:13 - [MESSAGE][PASSED] - Method.TextDegerineEsitElementeTiklaEquals is PASSED

2021-06-28 10:02:13 - [MESSAGE][PASSED] - Call Test Case 'Test Cases/Butonlar/ButonaTikla' successfully

2021-06-28 10:02:13 - [MESSAGE][INFO] - Checking called Test Case

2021-06-28 10:02:13 - [MESSAGE][INFO] - Starting to call Test Case 'Test Cases/Butonlar/AltButonaTikla'

2021-06-28 10:02:13 - [TEST_CASE][PASSED] - Test Cases/Butonlar/AltButonaTikla: Test Cases/Butonlar/AltButonaTikla

2021-06-28 10:02:13 - [TEST_STEP][PASSED] - Method.TextDegerineEsitElementeTikla(findTestObject("Butonlar/AltButonlar"), Alt_Buton): Method.TextDegerineEsitElementeTikla is PASSED

2021-06-28 10:02:13 - [MESSAGE][INFO] - Finding Test Object 'Object Repository/Butonlar/AltButonlar'

2021-06-28 10:02:13 - [MESSAGE][INFO] - Checking timeout

2021-06-28 10:02:13 - [MESSAGE][INFO] - Finding web element with id: 'Object Repository/Butonlar/AltButonlar' located by 'By.cssSelector: .btn-group.open li>a' in '10' second(s)

2021-06-28 10:02:13 - [MESSAGE][INFO] - Smart Wait Function is triggered

2021-06-28 10:02:13 - [MESSAGE][INFO] - Found 2 web elements with id: 'Object Repository/Butonlar/AltButonlar' located by 'By.cssSelector: .btn-group.open li>a' in '10' second(s)

2021-06-28 10:02:13 - [MESSAGE][PASSED] - Method.TextDegerineEsitElementeTikla is PASSED

2021-06-28 10:02:13 - [MESSAGE][PASSED] - Call Test Case 'Test Cases/Butonlar/AltButonaTikla' successfully

2021-06-28 10:02:13 - [MESSAGE][INFO] - Checking called Test Case

2021-06-28 10:02:13 - [MESSAGE][INFO] - Starting to call Test Case 'Test Cases/Butonlar/DosyaIndirildiMi'

2021-06-28 10:02:13 - [TEST_CASE][PASSED] - Test Cases/Butonlar/DosyaIndirildiMi: Test Cases/Butonlar/DosyaIndirildiMi

2021-06-28 10:02:13 - [TEST_STEP][PASSED] - Method.isimliDosyaIndirildiMi(DownloadFile, FileName): Method.isimliDosyaIndirildiMi is PASSED

2021-06-28 10:02:13 - [MESSAGE][INFO] - Delaying browser in 3 second(s)

2021-06-28 10:02:16 - [MESSAGE][PASSED] - Delayed 3 second(s)

2021-06-28 10:02:16 - [MESSAGE][PASSED] - Method.isimliDosyaIndirildiMi is PASSED

2021-06-28 10:02:16 - [MESSAGE][PASSED] - Call Test Case 'Test Cases/Butonlar/DosyaIndirildiMi' successfully

2021-06-28 10:02:16 - [MESSAGE][INFO] - Checking called Test Case

2021-06-28 10:02:16 - [MESSAGE][INFO] - Starting to call Test Case 'Test Cases/Kullanici_Islemleri/KullaniciIslemlerindenSecimYapilir'

2021-06-28 10:02:16 - [TEST_CASE][PASSED] - Test Cases/Kullanici_Islemleri/KullaniciIslemlerindenSecimYapilir: Test Cases/Kullanici_Islemleri/KullaniciIslemlerindenSecimYapilir

2021-06-28 10:02:16 - [TEST_STEP][PASSED] - waitForElementClickable(findTestObject("Object Repository/Kullanici_Islemleri/KullaniciIslemleri"), 10): Object 'Object Repository/Kullanici_Islemleri/KullaniciIslemleri' is clickable

2021-06-28 10:02:16 - [MESSAGE][INFO] - Finding Test Object 'Object Repository/Kullanici_Islemleri/KullaniciIslemleri'

2021-06-28 10:02:16 - [MESSAGE][INFO] - Checking object

2021-06-28 10:02:16 - [MESSAGE][INFO] - Checking timeout

2021-06-28 10:02:16 - [MESSAGE][INFO] - Finding web element from Test Object's properties

2021-06-28 10:02:16 - [MESSAGE][INFO] - Checking timeout

2021-06-28 10:02:16 - [MESSAGE][INFO] - Finding web element with id: 'Object Repository/Kullanici_Islemleri/KullaniciIslemleri' located by 'By.cssSelector: .dropdown>a>img' in '10' second(s)

2021-06-28 10:02:16 - [MESSAGE][INFO] - Smart Wait Function is triggered

2021-06-28 10:02:17 - [MESSAGE][INFO] - Found 1 web elements with id: 'Object Repository/Kullanici_Islemleri/KullaniciIslemleri' located by 'By.cssSelector: .dropdown>a>img' in '10' second(s)

2021-06-28 10:02:17 - [MESSAGE][PASSED] - Object 'Object Repository/Kullanici_Islemleri/KullaniciIslemleri' is clickable

2021-06-28 10:02:17 - [TEST_STEP][PASSED] - click(findTestObject("Object Repository/Kullanici_Islemleri/KullaniciIslemleri")): Object: 'Object Repository/Kullanici_Islemleri/KullaniciIslemleri' is clicked on

2021-06-28 10:02:17 - [MESSAGE][INFO] - Finding Test Object 'Object Repository/Kullanici_Islemleri/KullaniciIslemleri'

2021-06-28 10:02:17 - [MESSAGE][INFO] - Checking object

2021-06-28 10:02:17 - [MESSAGE][INFO] - Finding web element from Test Object's properties

2021-06-28 10:02:17 - [MESSAGE][INFO] - Checking timeout

2021-06-28 10:02:17 - [MESSAGE][INFO] - Finding web element with id: 'Object Repository/Kullanici_Islemleri/KullaniciIslemleri' located by 'By.cssSelector: .dropdown>a>img' in '30' second(s)

2021-06-28 10:02:17 - [MESSAGE][INFO] - Smart Wait Function is triggered

2021-06-28 10:02:17 - [MESSAGE][INFO] - Found 1 web elements with id: 'Object Repository/Kullanici_Islemleri/KullaniciIslemleri' located by 'By.cssSelector: .dropdown>a>img' in '30' second(s)

2021-06-28 10:02:17 - [MESSAGE][INFO] - Clicking on object: 'Object Repository/Kullanici_Islemleri/KullaniciIslemleri'

2021-06-28 10:02:17 - [MESSAGE][PASSED] - Object: 'Object Repository/Kullanici_Islemleri/KullaniciIslemleri' is clicked on

2021-06-28 10:02:17 - [TEST_STEP][PASSED] - Method.TextDegerineEsitElementeTikla(findTestObject("Object Repository/Kullanici_Islemleri/Secenekler"), Islem): Method.TextDegerineEsitElementeTikla is PASSED

2021-06-28 10:02:17 - [MESSAGE][INFO] - Finding Test Object 'Object Repository/Kullanici_Islemleri/Secenekler'

2021-06-28 10:02:17 - [MESSAGE][INFO] - Checking timeout

2021-06-28 10:02:17 - [MESSAGE][INFO] - Finding web element with id: 'Object Repository/Kullanici_Islemleri/Secenekler' located by 'By.cssSelector: .nav.navbar-nav.navbar-right li a' in '10' second(s)

2021-06-28 10:02:17 - [MESSAGE][INFO] - Smart Wait Function is triggered

2021-06-28 10:02:17 - [MESSAGE][INFO] - Found 22 web elements with id: 'Object Repository/Kullanici_Islemleri/Secenekler' located by 'By.cssSelector: .nav.navbar-nav.navbar-right li a' in '10' second(s)

2021-06-28 10:02:18 - [MESSAGE][PASSED] - Method.TextDegerineEsitElementeTikla is PASSED

2021-06-28 10:02:18 - [TEST_STEP][PASSED] - verifyElementNotPresent(findTestObject("Object Repository/Kullanici_Islemleri/Secenekler"), 10): Web element with id: 'Object Repository/Kullanici_Islemleri/Secenekler' located by 'By.cssSelector: .nav.navbar-nav.navbar-right li a' is not present after '10' second(s)

2021-06-28 10:02:18 - [MESSAGE][INFO] - Finding Test Object 'Object Repository/Kullanici_Islemleri/Secenekler'

2021-06-28 10:02:18 - [MESSAGE][INFO] - Checking object

2021-06-28 10:02:18 - [MESSAGE][INFO] - Checking timeout

2021-06-28 10:02:18 - [MESSAGE][INFO] - Finding web element with id: 'Object Repository/Kullanici_Islemleri/Secenekler' located by 'By.cssSelector: .nav.navbar-nav.navbar-right li a' in '10' second(s)

2021-06-28 10:02:18 - [MESSAGE][INFO] - Smart Wait Function is triggered

2021-06-28 10:02:19 - [MESSAGE][PASSED] - Web element with id: 'Object Repository/Kullanici_Islemleri/Secenekler' located by 'By.cssSelector: .nav.navbar-nav.navbar-right li a' is not present after '10' second(s)

2021-06-28 10:02:19 - [MESSAGE][PASSED] - Call Test Case 'Test Cases/Kullanici_Islemleri/KullaniciIslemlerindenSecimYapilir' successfully

2021-06-28 10:02:19 - [TEST_CASE][PASSED] - Start Test Case : SCENARIO e-Fatura Gelen Kutusu Uygulama Yanıtlari UBL - Goster: SCENARIO e-Fatura Gelen Kutusu Uygulama Yanıtlari UBL - Goster

2021-06-28 10:02:19 - [TEST_STEP][PASSED] - Kullanıcı adı ELOGO6 ve Şifre 123456 olarak giriş yapılır: Kullanıcı adı ELOGO6 ve Şifre 123456 olarak giriş yapılır

2021-06-28 10:02:19 - [MESSAGE][PASSED] - Kullanıcı adı ELOGO6 ve Şifre 123456 olarak giriş yapılır

2021-06-28 10:02:19 - [TEST_STEP][PASSED] - Ana menüden e-Fatura seçilir: Ana menüden e-Fatura seçilir

2021-06-28 10:02:19 - [MESSAGE][PASSED] - Ana menüden e-Fatura seçilir

2021-06-28 10:02:19 - [TEST_STEP][PASSED] - Alt menü Gelen Kutusu başlığı altındaki Uygulama Yanıtları seçilir: Alt menü Gelen Kutusu başlığı altındaki Uygulama Yanıtları seçilir

2021-06-28 10:02:19 - [MESSAGE][PASSED] - Alt menü Gelen Kutusu başlığı altındaki Uygulama Yanıtları seçilir

2021-06-28 10:02:19 - [TEST_STEP][PASSED] - Filtrelerden Oluşturma Tarihi filtresine 01.12.2020 baslangic degerini yaz: Filtrelerden Oluşturma Tarihi filtresine 01.12.2020 baslangic degerini yaz

2021-06-28 10:02:19 - [MESSAGE][PASSED] - Filtrelerden Oluşturma Tarihi filtresine 01.12.2020 baslangic degerini yaz

2021-06-28 10:02:19 - [TEST_STEP][PASSED] - Filtrelerden Oluşturma Tarihi filtresine 31.12.2020 bitis degerini yaz: Filtrelerden Oluşturma Tarihi filtresine 31.12.2020 bitis degerini yaz

2021-06-28 10:02:19 - [MESSAGE][PASSED] - Filtrelerden Oluşturma Tarihi filtresine 31.12.2020 bitis degerini yaz

2021-06-28 10:02:19 - [TEST_STEP][PASSED] - Filtre butonlarından Listele seçilir: Filtre butonlarından Listele seçilir

2021-06-28 10:02:19 - [MESSAGE][PASSED] - Filtre butonlarından Listele seçilir

2021-06-28 10:02:19 - [TEST_STEP][PASSED] - Tabloda veri var mı kontrol edilir: Tabloda veri var mı kontrol edilir

2021-06-28 10:02:19 - [MESSAGE][PASSED] - Tabloda veri var mı kontrol edilir

2021-06-28 10:02:19 - [TEST_STEP][PASSED] - Tablodan 1234567806 isimli veri seçilir: Tablodan 1234567806 isimli veri seçilir

2021-06-28 10:02:19 - [MESSAGE][PASSED] - Tablodan 1234567806 isimli veri seçilir

2021-06-28 10:02:19 - [TEST_STEP][PASSED] - Butonlardan UBL isimli butona tıklanır: Butonlardan UBL isimli butona tıklanır

2021-06-28 10:02:19 - [MESSAGE][PASSED] - Butonlardan UBL isimli butona tıklanır

2021-06-28 10:02:19 - [TEST_STEP][PASSED] - Alt butonlardan Göster butonuna tıklanır: Alt butonlardan Göster butonuna tıklanır

2021-06-28 10:02:19 - [MESSAGE][PASSED] - Alt butonlardan Göster butonuna tıklanır

2021-06-28 10:02:19 - [TEST_STEP][PASSED] - Yeni açılan sekmeye geçilir: Yeni açılan sekmeye geçilir

2021-06-28 10:02:19 - [MESSAGE][PASSED] - Yeni açılan sekmeye geçilir

2021-06-28 10:02:19 - [TEST_STEP][PASSED] - ApplicationResponse tagli ubl geldi mi: ApplicationResponse tagli ubl geldi mi

2021-06-28 10:02:19 - [MESSAGE][PASSED] - ApplicationResponse tagli ubl geldi mi

2021-06-28 10:02:19 - [TEST_STEP][PASSED] - Ana sekmeye geçilir: Ana sekmeye geçilir

2021-06-28 10:02:19 - [MESSAGE][PASSED] - Ana sekmeye geçilir

2021-06-28 10:02:19 - [TEST_STEP][PASSED] - Butonlardan UBL isimli butona tıklanır: Butonlardan UBL isimli butona tıklanır

2021-06-28 10:02:19 - [MESSAGE][PASSED] - Butonlardan UBL isimli butona tıklanır

2021-06-28 10:02:19 - [TEST_STEP][PASSED] - Alt butonlardan İndir butonuna tıklanır: Alt butonlardan İndir butonuna tıklanır

2021-06-28 10:02:19 - [MESSAGE][PASSED] - Alt butonlardan İndir butonuna tıklanır

2021-06-28 10:02:19 - [TEST_STEP][PASSED] - Ön eki ApplicationResponse olan dosya indirildi mi: Ön eki ApplicationResponse olan dosya indirildi mi

2021-06-28 10:02:19 - [MESSAGE][PASSED] - Ön eki ApplicationResponse olan dosya indirildi mi

2021-06-28 10:02:19 - [TEST_STEP][PASSED] - Kullanıcı işlemlerinden Çıkış seçilir: Kullanıcı işlemlerinden Çıkış seçilir

2021-06-28 10:02:19 - [MESSAGE][PASSED] - Kullanıcı işlemlerinden Çıkış seçilir

2021-06-28 10:02:19 - [MESSAGE][PASSED] - Feature file: 'Include/features/e-Fatura/Gelen Kutusu/Uygulama Yanitlari/UBL-Goster-Indir.feature' was passed

2021-06-28 10:02:19 - [TEST_STEP][PASSED] - Start listener action : sampleAfterTestSuite: Invoke 'com.kms.katalon.core.annotation.AfterTestCase' method: 'Listener.sampleAfterTestSuite(...)' completed.

2021-06-28 10:02:19 - [MESSAGE][INFO] - Starting invoke 'com.kms.katalon.core.annotation.AfterTestCase' method: 'Listener.sampleAfterTestSuite(...)'

2021-06-28 10:02:19 - [TEST_STEP][PASSED] - closeBrowser(): Invoke 'com.kms.katalon.core.annotation.AfterTestCase' method: 'Listener.sampleAfterTestSuite(...)' completed.

2021-06-28 10:02:19 - [MESSAGE][INFO] - Closing browser

2021-06-28 10:02:20 - [MESSAGE][PASSED] - Browser is closed

2021-06-28 10:02:20 - [MESSAGE][INFO] - Invoke 'com.kms.katalon.core.annotation.AfterTestCase' method: 'Listener.sampleAfterTestSuite(...)' completed.]]></system-out>
         <system-err><![CDATA[]]></system-err>
      </testcase>
      <testcase name="Test Cases/Case Repository/e-Makbuz/e-Serbest Meslek Uygulamasi/e-Serbest Meslek Makbuzlari/UBL" time="24.419" classname="Test Cases/Case Repository/e-Makbuz/e-Serbest Meslek Uygulamasi/e-Serbest Meslek Makbuzlari/UBL" status="PASSED">
         <system-out><![CDATA[2021-06-28 10:02:20 - [TEST_CASE][PASSED] - Test Cases/Case Repository/e-Makbuz/e-Serbest Meslek Uygulamasi/e-Serbest Meslek Makbuzlari/UBL: Test Cases/Case Repository/e-Makbuz/e-Serbest Meslek Uygulamasi/e-Serbest Meslek Makbuzlari/UBL

2021-06-28 10:02:20 - [TEST_STEP][PASSED] - Start listener action : sampleBeforeTestSuite: Invoke 'com.kms.katalon.core.annotation.BeforeTestCase' method: 'Listener.sampleBeforeTestSuite(...)' completed.

2021-06-28 10:02:20 - [MESSAGE][INFO] - Starting invoke 'com.kms.katalon.core.annotation.BeforeTestCase' method: 'Listener.sampleBeforeTestSuite(...)'

2021-06-28 10:02:20 - [TEST_STEP][PASSED] - openBrowser(baseUrl): Browser is opened with url: 'https://efatura-stage.elogo.com.tr/'

2021-06-28 10:02:20 - [MESSAGE][INFO] - Opening browser

2021-06-28 10:02:20 - [MESSAGE][INFO] - Starting 'Chrome' driver

2021-06-28 10:02:20 - [MESSAGE][INFO] - User set preference: ['prefs', '{download.default_directory=C:\otomasyondownfiles}']

2021-06-28 10:02:20 - [MESSAGE][INFO] - Action delay is set to 0 milliseconds

2021-06-28 10:02:21 - [MESSAGE][INFO] - Navigating browser to: 'https://efatura-stage.elogo.com.tr/'

2021-06-28 10:02:23 - [MESSAGE][PASSED] - Browser is opened with url: 'https://efatura-stage.elogo.com.tr/'

2021-06-28 10:02:23 - [TEST_STEP][PASSED] - maximizeWindow(): Invoke 'com.kms.katalon.core.annotation.BeforeTestCase' method: 'Listener.sampleBeforeTestSuite(...)' completed.

2021-06-28 10:02:23 - [MESSAGE][INFO] - Maximizing current window

2021-06-28 10:02:23 - [MESSAGE][PASSED] - Current window maximized

2021-06-28 10:02:23 - [MESSAGE][INFO] - Invoke 'com.kms.katalon.core.annotation.BeforeTestCase' method: 'Listener.sampleBeforeTestSuite(...)' completed.

2021-06-28 10:02:23 - [TEST_STEP][PASSED] - runFeatureFile("Include/features/e-Makbuz/e-Serbest Meslek Uygulaması/e-Serbest Meslek Makbuzlari/UBL.feature"): Feature file: 'Include/features/e-Makbuz/e-Serbest Meslek Uygulaması/e-Serbest Meslek Makbuzlari/UBL.feature' was passed

2021-06-28 10:02:23 - [MESSAGE][INFO] - Starting run keyword runFeatureFile: 'Include/features/e-Makbuz/e-Serbest Meslek Uygulaması/e-Serbest Meslek Makbuzlari/UBL.feature' and extract report to folder: 'C:\Users\yigit\Documents\GitHub\EES_Katalon\Reports\20210628_100100\deneme1\20210628_100101/cucumber_report/1624863743723'...

2021-06-28 10:02:23 - [MESSAGE][INFO] - Glue: []

2021-06-28 10:02:25 - [MESSAGE][INFO] - Checking called Test Case

2021-06-28 10:02:25 - [MESSAGE][INFO] - Starting to call Test Case 'Test Cases/Sayfalar/Giris_Sayfasi/Login'

2021-06-28 10:02:26 - [TEST_CASE][PASSED] - Test Cases/Sayfalar/Giris_Sayfasi/Login: Test Cases/Sayfalar/Giris_Sayfasi/Login

2021-06-28 10:02:26 - [TEST_STEP][PASSED] - Sayfa_Basligi = getWindowTitle(): Current window's title is: 'LOGO e-Fatura'

2021-06-28 10:02:26 - [MESSAGE][INFO] - Getting current window's title

2021-06-28 10:02:26 - [MESSAGE][PASSED] - Current window's title is: 'LOGO e-Fatura'

2021-06-28 10:02:26 - [TEST_STEP][PASSED] - verifyMatch(Sayfa_Basligi, "LOGO e-Fatura", false): Actual text 'LOGO e-Fatura' and expected text 'LOGO e-Fatura' are matched 

2021-06-28 10:02:26 - [MESSAGE][INFO] - Matching actual text 'LOGO e-Fatura' with expected text 'LOGO e-Fatura'

2021-06-28 10:02:26 - [MESSAGE][PASSED] - Actual text 'LOGO e-Fatura' and expected text 'LOGO e-Fatura' are matched 

2021-06-28 10:02:26 - [TEST_STEP][PASSED] - sendKeys(findTestObject("Sayfalar/Giris_Sayfasi/Firma_Kodu"), KullaniciAdi): Keys 'ELOGO6' sent to object: 'Object Repository/Sayfalar/Giris_Sayfasi/Firma_Kodu'

2021-06-28 10:02:26 - [MESSAGE][INFO] - Finding Test Object 'Object Repository/Sayfalar/Giris_Sayfasi/Firma_Kodu'

2021-06-28 10:02:26 - [MESSAGE][INFO] - Sending keys 'ELOGO6' to object: 'Object Repository/Sayfalar/Giris_Sayfasi/Firma_Kodu'

2021-06-28 10:02:26 - [MESSAGE][INFO] - Finding web element from Test Object's properties

2021-06-28 10:02:26 - [MESSAGE][INFO] - Checking timeout

2021-06-28 10:02:26 - [MESSAGE][INFO] - Finding web element with id: 'Object Repository/Sayfalar/Giris_Sayfasi/Firma_Kodu' located by 'By.xpath: //*[@id = 'AccountName']' in '30' second(s)

2021-06-28 10:02:26 - [MESSAGE][INFO] - Smart Wait Function is triggered

2021-06-28 10:02:26 - [MESSAGE][INFO] - Found 1 web elements with id: 'Object Repository/Sayfalar/Giris_Sayfasi/Firma_Kodu' located by 'By.xpath: //*[@id = 'AccountName']' in '30' second(s)

2021-06-28 10:02:26 - [MESSAGE][PASSED] - Keys 'ELOGO6' sent to object: 'Object Repository/Sayfalar/Giris_Sayfasi/Firma_Kodu'

2021-06-28 10:02:26 - [TEST_STEP][PASSED] - sendKeys(findTestObject("Sayfalar/Giris_Sayfasi/Sifre"), Sifre): Keys '123456' sent to object: 'Object Repository/Sayfalar/Giris_Sayfasi/Sifre'

2021-06-28 10:02:26 - [MESSAGE][INFO] - Finding Test Object 'Object Repository/Sayfalar/Giris_Sayfasi/Sifre'

2021-06-28 10:02:26 - [MESSAGE][INFO] - Sending keys '123456' to object: 'Object Repository/Sayfalar/Giris_Sayfasi/Sifre'

2021-06-28 10:02:26 - [MESSAGE][INFO] - Finding web element from Test Object's properties

2021-06-28 10:02:26 - [MESSAGE][INFO] - Checking timeout

2021-06-28 10:02:26 - [MESSAGE][INFO] - Finding web element with id: 'Object Repository/Sayfalar/Giris_Sayfasi/Sifre' located by 'By.xpath: //*[@id = 'Password']' in '30' second(s)

2021-06-28 10:02:26 - [MESSAGE][INFO] - Smart Wait Function is triggered

2021-06-28 10:02:26 - [MESSAGE][INFO] - Found 1 web elements with id: 'Object Repository/Sayfalar/Giris_Sayfasi/Sifre' located by 'By.xpath: //*[@id = 'Password']' in '30' second(s)

2021-06-28 10:02:26 - [MESSAGE][PASSED] - Keys '123456' sent to object: 'Object Repository/Sayfalar/Giris_Sayfasi/Sifre'

2021-06-28 10:02:26 - [TEST_STEP][PASSED] - findWebElement(findTestObject("Sayfalar/Giris_Sayfasi/Giris_Butonu")).click(): Found 1 web elements with id: 'Object Repository/Sayfalar/Giris_Sayfasi/Giris_Butonu' located by 'By.cssSelector: #btnLogin' in '30' second(s)

2021-06-28 10:02:26 - [MESSAGE][INFO] - Finding Test Object 'Object Repository/Sayfalar/Giris_Sayfasi/Giris_Butonu'

2021-06-28 10:02:26 - [MESSAGE][INFO] - Finding web element from Test Object's properties

2021-06-28 10:02:26 - [MESSAGE][INFO] - Checking timeout

2021-06-28 10:02:26 - [MESSAGE][INFO] - Finding web element with id: 'Object Repository/Sayfalar/Giris_Sayfasi/Giris_Butonu' located by 'By.cssSelector: #btnLogin' in '30' second(s)

2021-06-28 10:02:26 - [MESSAGE][INFO] - Smart Wait Function is triggered

2021-06-28 10:02:27 - [MESSAGE][INFO] - Found 1 web elements with id: 'Object Repository/Sayfalar/Giris_Sayfasi/Giris_Butonu' located by 'By.cssSelector: #btnLogin' in '30' second(s)

2021-06-28 10:02:27 - [TEST_STEP][PASSED] - if (verifyElementPresent(findTestObject("Object Repository/Sayfalar/Giris_Sayfasi/RetveTamam_Butonu"), 5, OPTIONAL)): null

2021-06-28 10:02:27 - [MESSAGE][INFO] - Finding Test Object 'Object Repository/Sayfalar/Giris_Sayfasi/RetveTamam_Butonu'

2021-06-28 10:02:27 - [MESSAGE][INFO] - Checking object

2021-06-28 10:02:27 - [MESSAGE][INFO] - Finding web element from Test Object's properties

2021-06-28 10:02:27 - [MESSAGE][INFO] - Checking timeout

2021-06-28 10:02:27 - [MESSAGE][INFO] - Finding web element with id: 'Object Repository/Sayfalar/Giris_Sayfasi/RetveTamam_Butonu' located by 'By.xpath: //*[@class = 'btn btn-default']' in '5' second(s)

2021-06-28 10:02:27 - [MESSAGE][INFO] - Smart Wait Function is triggered

2021-06-28 10:02:28 - [MESSAGE][INFO] - Found 1 web elements with id: 'Object Repository/Sayfalar/Giris_Sayfasi/RetveTamam_Butonu' located by 'By.xpath: //*[@class = 'btn btn-default']' in '5' second(s)

2021-06-28 10:02:28 - [MESSAGE][PASSED] - Object 'Object Repository/Sayfalar/Giris_Sayfasi/RetveTamam_Butonu' is present

2021-06-28 10:02:28 - [TEST_STEP][PASSED] - click(findTestObject("Object Repository/Sayfalar/Giris_Sayfasi/RetveTamam_Butonu")): Object: 'Object Repository/Sayfalar/Giris_Sayfasi/RetveTamam_Butonu' is clicked on

2021-06-28 10:02:28 - [MESSAGE][INFO] - Finding Test Object 'Object Repository/Sayfalar/Giris_Sayfasi/RetveTamam_Butonu'

2021-06-28 10:02:28 - [MESSAGE][INFO] - Checking object

2021-06-28 10:02:28 - [MESSAGE][INFO] - Finding web element from Test Object's properties

2021-06-28 10:02:28 - [MESSAGE][INFO] - Checking timeout

2021-06-28 10:02:28 - [MESSAGE][INFO] - Finding web element with id: 'Object Repository/Sayfalar/Giris_Sayfasi/RetveTamam_Butonu' located by 'By.xpath: //*[@class = 'btn btn-default']' in '30' second(s)

2021-06-28 10:02:28 - [MESSAGE][INFO] - Smart Wait Function is triggered

2021-06-28 10:02:28 - [MESSAGE][INFO] - Found 1 web elements with id: 'Object Repository/Sayfalar/Giris_Sayfasi/RetveTamam_Butonu' located by 'By.xpath: //*[@class = 'btn btn-default']' in '30' second(s)

2021-06-28 10:02:28 - [MESSAGE][INFO] - Clicking on object: 'Object Repository/Sayfalar/Giris_Sayfasi/RetveTamam_Butonu'

2021-06-28 10:02:28 - [MESSAGE][PASSED] - Object: 'Object Repository/Sayfalar/Giris_Sayfasi/RetveTamam_Butonu' is clicked on

2021-06-28 10:02:28 - [TEST_STEP][PASSED] - click(findTestObject("Object Repository/Sayfalar/Giris_Sayfasi/RetveTamam_Butonu")): Object: 'Object Repository/Sayfalar/Giris_Sayfasi/RetveTamam_Butonu' is clicked on

2021-06-28 10:02:28 - [MESSAGE][INFO] - Finding Test Object 'Object Repository/Sayfalar/Giris_Sayfasi/RetveTamam_Butonu'

2021-06-28 10:02:28 - [MESSAGE][INFO] - Checking object

2021-06-28 10:02:28 - [MESSAGE][INFO] - Finding web element from Test Object's properties

2021-06-28 10:02:28 - [MESSAGE][INFO] - Checking timeout

2021-06-28 10:02:28 - [MESSAGE][INFO] - Finding web element with id: 'Object Repository/Sayfalar/Giris_Sayfasi/RetveTamam_Butonu' located by 'By.xpath: //*[@class = 'btn btn-default']' in '30' second(s)

2021-06-28 10:02:28 - [MESSAGE][INFO] - Smart Wait Function is triggered

2021-06-28 10:02:30 - [MESSAGE][INFO] - Found 1 web elements with id: 'Object Repository/Sayfalar/Giris_Sayfasi/RetveTamam_Butonu' located by 'By.xpath: //*[@class = 'btn btn-default']' in '30' second(s)

2021-06-28 10:02:30 - [MESSAGE][INFO] - Clicking on object: 'Object Repository/Sayfalar/Giris_Sayfasi/RetveTamam_Butonu'

2021-06-28 10:02:30 - [MESSAGE][PASSED] - Object: 'Object Repository/Sayfalar/Giris_Sayfasi/RetveTamam_Butonu' is clicked on

2021-06-28 10:02:30 - [TEST_STEP][PASSED] - if (verifyElementPresent(findTestObject("Sayfalar/Giris_Sayfasi/PopupOK"), 5, OPTIONAL)): null

2021-06-28 10:02:30 - [MESSAGE][INFO] - Finding Test Object 'Object Repository/Sayfalar/Giris_Sayfasi/PopupOK'

2021-06-28 10:02:30 - [MESSAGE][INFO] - Checking object

2021-06-28 10:02:30 - [MESSAGE][INFO] - Finding web element from Test Object's properties

2021-06-28 10:02:30 - [MESSAGE][INFO] - Checking timeout

2021-06-28 10:02:30 - [MESSAGE][INFO] - Finding web element with id: 'Object Repository/Sayfalar/Giris_Sayfasi/PopupOK' located by 'By.cssSelector: .btn.btn-success' in '5' second(s)

2021-06-28 10:02:30 - [MESSAGE][INFO] - Smart Wait Function is triggered

2021-06-28 10:02:30 - [MESSAGE][INFO] - Found 1 web elements with id: 'Object Repository/Sayfalar/Giris_Sayfasi/PopupOK' located by 'By.cssSelector: .btn.btn-success' in '5' second(s)

2021-06-28 10:02:30 - [MESSAGE][PASSED] - Object 'Object Repository/Sayfalar/Giris_Sayfasi/PopupOK' is present

2021-06-28 10:02:30 - [TEST_STEP][PASSED] - click(findTestObject("Object Repository/Sayfalar/Giris_Sayfasi/PopupCarpiGiris")): Object: 'Object Repository/Sayfalar/Giris_Sayfasi/PopupCarpiGiris' is clicked on

2021-06-28 10:02:30 - [MESSAGE][INFO] - Finding Test Object 'Object Repository/Sayfalar/Giris_Sayfasi/PopupCarpiGiris'

2021-06-28 10:02:30 - [MESSAGE][INFO] - Checking object

2021-06-28 10:02:30 - [MESSAGE][INFO] - Finding web element from Test Object's properties

2021-06-28 10:02:30 - [MESSAGE][INFO] - Checking timeout

2021-06-28 10:02:30 - [MESSAGE][INFO] - Finding web element with id: 'Object Repository/Sayfalar/Giris_Sayfasi/PopupCarpiGiris' located by 'By.cssSelector: .bootbox-close-button.close' in '30' second(s)

2021-06-28 10:02:30 - [MESSAGE][INFO] - Smart Wait Function is triggered

2021-06-28 10:02:31 - [MESSAGE][INFO] - Found 1 web elements with id: 'Object Repository/Sayfalar/Giris_Sayfasi/PopupCarpiGiris' located by 'By.cssSelector: .bootbox-close-button.close' in '30' second(s)

2021-06-28 10:02:31 - [MESSAGE][INFO] - Clicking on object: 'Object Repository/Sayfalar/Giris_Sayfasi/PopupCarpiGiris'

2021-06-28 10:02:31 - [MESSAGE][PASSED] - Object: 'Object Repository/Sayfalar/Giris_Sayfasi/PopupCarpiGiris' is clicked on

2021-06-28 10:02:31 - [TEST_STEP][PASSED] - verifyElementVisible(findTestObject("Object Repository/Kullanici_Islemleri/KullaniciIslemleri")): Object 'Object Repository/Kullanici_Islemleri/KullaniciIslemleri' is visible

2021-06-28 10:02:31 - [MESSAGE][INFO] - Finding Test Object 'Object Repository/Kullanici_Islemleri/KullaniciIslemleri'

2021-06-28 10:02:31 - [MESSAGE][INFO] - Checking object

2021-06-28 10:02:31 - [MESSAGE][INFO] - Finding web element from Test Object's properties

2021-06-28 10:02:31 - [MESSAGE][INFO] - Checking timeout

2021-06-28 10:02:31 - [MESSAGE][INFO] - Finding web element with id: 'Object Repository/Kullanici_Islemleri/KullaniciIslemleri' located by 'By.cssSelector: .dropdown>a>img' in '30' second(s)

2021-06-28 10:02:31 - [MESSAGE][INFO] - Smart Wait Function is triggered

2021-06-28 10:02:32 - [MESSAGE][INFO] - Found 1 web elements with id: 'Object Repository/Kullanici_Islemleri/KullaniciIslemleri' located by 'By.cssSelector: .dropdown>a>img' in '30' second(s)

2021-06-28 10:02:32 - [MESSAGE][PASSED] - Object 'Object Repository/Kullanici_Islemleri/KullaniciIslemleri' is visible

2021-06-28 10:02:32 - [MESSAGE][PASSED] - Call Test Case 'Test Cases/Sayfalar/Giris_Sayfasi/Login' successfully

2021-06-28 10:02:32 - [MESSAGE][INFO] - Checking called Test Case

2021-06-28 10:02:32 - [MESSAGE][INFO] - Starting to call Test Case 'Test Cases/Menu/AnaMenuSecimi'

2021-06-28 10:02:32 - [TEST_CASE][PASSED] - Test Cases/Menu/AnaMenuSecimi: Test Cases/Menu/AnaMenuSecimi

2021-06-28 10:02:32 - [TEST_STEP][PASSED] - Method.TextDegerineEsitElementeTikla(findTestObject("Menu/Ana_Menu"), Ana_Menu): Method.TextDegerineEsitElementeTikla is PASSED

2021-06-28 10:02:32 - [MESSAGE][INFO] - Finding Test Object 'Object Repository/Menu/Ana_Menu'

2021-06-28 10:02:32 - [MESSAGE][INFO] - Checking timeout

2021-06-28 10:02:32 - [MESSAGE][INFO] - Finding web element with id: 'Object Repository/Menu/Ana_Menu' located by 'By.xpath: //*[@class = 'dropdown-toggle']' in '10' second(s)

2021-06-28 10:02:32 - [MESSAGE][INFO] - Smart Wait Function is triggered

2021-06-28 10:02:32 - [MESSAGE][INFO] - Found 14 web elements with id: 'Object Repository/Menu/Ana_Menu' located by 'By.xpath: //*[@class = 'dropdown-toggle']' in '10' second(s)

2021-06-28 10:02:32 - [MESSAGE][PASSED] - Method.TextDegerineEsitElementeTikla is PASSED

2021-06-28 10:02:32 - [MESSAGE][PASSED] - Call Test Case 'Test Cases/Menu/AnaMenuSecimi' successfully

2021-06-28 10:02:32 - [MESSAGE][INFO] - Checking called Test Case

2021-06-28 10:02:32 - [MESSAGE][INFO] - Starting to call Test Case 'Test Cases/Menu/BasligaGoreAltMenuSecimi'

2021-06-28 10:02:32 - [TEST_CASE][PASSED] - Test Cases/Menu/BasligaGoreAltMenuSecimi: Test Cases/Menu/BasligaGoreAltMenuSecimi

2021-06-28 10:02:32 - [TEST_STEP][PASSED] - Method.TextDegerineEsitElementinAltindakiTextDegerineEsitOlanaTikla(findTestObject("Menu/Menu_Basligi"), findTestObject("Menu/Basliga_Gore_Alt_Menu"), Baslik, Alt_Menu): Method.TextDegerineEsitElementinAltindakiTextDegerineEsitOlanaTikla is PASSED

2021-06-28 10:02:32 - [MESSAGE][INFO] - Finding Test Object 'Object Repository/Menu/Menu_Basligi'

2021-06-28 10:02:32 - [MESSAGE][INFO] - Finding Test Object 'Object Repository/Menu/Basliga_Gore_Alt_Menu'

2021-06-28 10:02:32 - [MESSAGE][INFO] - Checking timeout

2021-06-28 10:02:32 - [MESSAGE][INFO] - Finding web element with id: 'Object Repository/Menu/Menu_Basligi' located by 'By.xpath: //li[@class='dropdown dropdown-large open']//li[@class='dropdown-header']' in '10' second(s)

2021-06-28 10:02:32 - [MESSAGE][INFO] - Smart Wait Function is triggered

2021-06-28 10:02:33 - [MESSAGE][INFO] - Found 2 web elements with id: 'Object Repository/Menu/Menu_Basligi' located by 'By.xpath: //li[@class='dropdown dropdown-large open']//li[@class='dropdown-header']' in '10' second(s)

2021-06-28 10:02:33 - [MESSAGE][INFO] - Smart Wait Function is triggered

2021-06-28 10:02:34 - [MESSAGE][PASSED] - Method.TextDegerineEsitElementinAltindakiTextDegerineEsitOlanaTikla is PASSED

2021-06-28 10:02:34 - [MESSAGE][PASSED] - Call Test Case 'Test Cases/Menu/BasligaGoreAltMenuSecimi' successfully

2021-06-28 10:02:34 - [MESSAGE][INFO] - Checking called Test Case

2021-06-28 10:02:34 - [MESSAGE][INFO] - Starting to call Test Case 'Test Cases/Filtreler/BaslangicYaz'

2021-06-28 10:02:34 - [TEST_CASE][PASSED] - Test Cases/Filtreler/BaslangicYaz: Test Cases/Filtreler/BaslangicYaz

2021-06-28 10:02:34 - [TEST_STEP][PASSED] - Method.TextDegerineEsitElementinAltindakineTikla(findTestObject("Filtreler/Basliklar"), findTestObject("Filtreler/Basliga_Gore_Baslangic_Image"), Filtre_Adi): Method.TextDegerineEsitElementinAltindakineTikla is PASSED

2021-06-28 10:02:34 - [MESSAGE][INFO] - Finding Test Object 'Object Repository/Filtreler/Basliklar'

2021-06-28 10:02:34 - [MESSAGE][INFO] - Finding Test Object 'Object Repository/Filtreler/Basliga_Gore_Baslangic_Image'

2021-06-28 10:02:34 - [MESSAGE][INFO] - Checking timeout

2021-06-28 10:02:34 - [MESSAGE][INFO] - Finding web element with id: 'Object Repository/Filtreler/Basliklar' located by 'By.cssSelector: .control-label.col-sm-4.paddingMarginRLC' in '10' second(s)

2021-06-28 10:02:34 - [MESSAGE][INFO] - Smart Wait Function is triggered

2021-06-28 10:02:34 - [MESSAGE][INFO] - Found 13 web elements with id: 'Object Repository/Filtreler/Basliklar' located by 'By.cssSelector: .control-label.col-sm-4.paddingMarginRLC' in '10' second(s)

2021-06-28 10:02:34 - [MESSAGE][INFO] - Smart Wait Function is triggered

2021-06-28 10:02:35 - [MESSAGE][PASSED] - Method.TextDegerineEsitElementinAltindakineTikla is PASSED

2021-06-28 10:02:35 - [TEST_STEP][PASSED] - Method.TextDegerineEsitElementinAltindakiTextboxtaYaz(findTestObject("Filtreler/Basliklar"), findTestObject("Filtreler/Basliga_Gore_Baslangic"), Filtre_Adi, Filtre_Degeri): Method.TextDegerineEsitElementinAltindakiTextboxtaYaz is PASSED

2021-06-28 10:02:35 - [MESSAGE][INFO] - Finding Test Object 'Object Repository/Filtreler/Basliklar'

2021-06-28 10:02:35 - [MESSAGE][INFO] - Finding Test Object 'Object Repository/Filtreler/Basliga_Gore_Baslangic'

2021-06-28 10:02:35 - [MESSAGE][INFO] - Checking timeout

2021-06-28 10:02:35 - [MESSAGE][INFO] - Finding web element with id: 'Object Repository/Filtreler/Basliklar' located by 'By.cssSelector: .control-label.col-sm-4.paddingMarginRLC' in '10' second(s)

2021-06-28 10:02:35 - [MESSAGE][INFO] - Smart Wait Function is triggered

2021-06-28 10:02:35 - [MESSAGE][INFO] - Found 13 web elements with id: 'Object Repository/Filtreler/Basliklar' located by 'By.cssSelector: .control-label.col-sm-4.paddingMarginRLC' in '10' second(s)

2021-06-28 10:02:35 - [MESSAGE][INFO] - Smart Wait Function is triggered

2021-06-28 10:02:36 - [MESSAGE][PASSED] - Method.TextDegerineEsitElementinAltindakiTextboxtaYaz is PASSED

2021-06-28 10:02:36 - [MESSAGE][PASSED] - Call Test Case 'Test Cases/Filtreler/BaslangicYaz' successfully

2021-06-28 10:02:36 - [MESSAGE][INFO] - Checking called Test Case

2021-06-28 10:02:36 - [MESSAGE][INFO] - Starting to call Test Case 'Test Cases/Filtreler/BitisYaz'

2021-06-28 10:02:36 - [TEST_CASE][PASSED] - Test Cases/Filtreler/BitisYaz: Test Cases/Filtreler/BitisYaz

2021-06-28 10:02:36 - [TEST_STEP][PASSED] - Method.TextDegerineEsitElementinAltindakineTikla(findTestObject("Filtreler/Basliklar"), findTestObject("Filtreler/Basliga_Gore_Bitis_Image"), Filtre_Adi): Method.TextDegerineEsitElementinAltindakineTikla is PASSED

2021-06-28 10:02:36 - [MESSAGE][INFO] - Finding Test Object 'Object Repository/Filtreler/Basliklar'

2021-06-28 10:02:36 - [MESSAGE][INFO] - Finding Test Object 'Object Repository/Filtreler/Basliga_Gore_Bitis_Image'

2021-06-28 10:02:36 - [MESSAGE][INFO] - Checking timeout

2021-06-28 10:02:36 - [MESSAGE][INFO] - Finding web element with id: 'Object Repository/Filtreler/Basliklar' located by 'By.cssSelector: .control-label.col-sm-4.paddingMarginRLC' in '10' second(s)

2021-06-28 10:02:36 - [MESSAGE][INFO] - Smart Wait Function is triggered

2021-06-28 10:02:36 - [MESSAGE][INFO] - Found 13 web elements with id: 'Object Repository/Filtreler/Basliklar' located by 'By.cssSelector: .control-label.col-sm-4.paddingMarginRLC' in '10' second(s)

2021-06-28 10:02:36 - [MESSAGE][INFO] - Smart Wait Function is triggered

2021-06-28 10:02:36 - [MESSAGE][PASSED] - Method.TextDegerineEsitElementinAltindakineTikla is PASSED

2021-06-28 10:02:36 - [TEST_STEP][PASSED] - Method.TextDegerineEsitElementinAltindakiTextboxtaYaz(findTestObject("Filtreler/Basliklar"), findTestObject("Object Repository/Filtreler/Basliga_Gore_Bitis"), Filtre_Adi, Filtre_Degeri): Method.TextDegerineEsitElementinAltindakiTextboxtaYaz is PASSED

2021-06-28 10:02:36 - [MESSAGE][INFO] - Finding Test Object 'Object Repository/Filtreler/Basliklar'

2021-06-28 10:02:36 - [MESSAGE][INFO] - Finding Test Object 'Object Repository/Filtreler/Basliga_Gore_Bitis'

2021-06-28 10:02:36 - [MESSAGE][INFO] - Checking timeout

2021-06-28 10:02:36 - [MESSAGE][INFO] - Finding web element with id: 'Object Repository/Filtreler/Basliklar' located by 'By.cssSelector: .control-label.col-sm-4.paddingMarginRLC' in '10' second(s)

2021-06-28 10:02:36 - [MESSAGE][INFO] - Smart Wait Function is triggered

2021-06-28 10:02:37 - [MESSAGE][INFO] - Found 13 web elements with id: 'Object Repository/Filtreler/Basliklar' located by 'By.cssSelector: .control-label.col-sm-4.paddingMarginRLC' in '10' second(s)

2021-06-28 10:02:37 - [MESSAGE][INFO] - Smart Wait Function is triggered

2021-06-28 10:02:37 - [MESSAGE][PASSED] - Method.TextDegerineEsitElementinAltindakiTextboxtaYaz is PASSED

2021-06-28 10:02:37 - [MESSAGE][PASSED] - Call Test Case 'Test Cases/Filtreler/BitisYaz' successfully

2021-06-28 10:02:37 - [MESSAGE][INFO] - Checking called Test Case

2021-06-28 10:02:37 - [MESSAGE][INFO] - Starting to call Test Case 'Test Cases/Filtreler/ButonaTikla'

2021-06-28 10:02:37 - [TEST_CASE][PASSED] - Test Cases/Filtreler/ButonaTikla: Test Cases/Filtreler/ButonaTikla

2021-06-28 10:02:37 - [TEST_STEP][PASSED] - Method.TextDegerineEsitElementeTikla(findTestObject("Filtreler/Butonlar"), Filtre_Buton): Method.TextDegerineEsitElementeTikla is PASSED

2021-06-28 10:02:37 - [MESSAGE][INFO] - Finding Test Object 'Object Repository/Filtreler/Butonlar'

2021-06-28 10:02:37 - [MESSAGE][INFO] - Checking timeout

2021-06-28 10:02:37 - [MESSAGE][INFO] - Finding web element with id: 'Object Repository/Filtreler/Butonlar' located by 'By.cssSelector: .dxb>span' in '10' second(s)

2021-06-28 10:02:37 - [MESSAGE][INFO] - Smart Wait Function is triggered

2021-06-28 10:02:37 - [MESSAGE][INFO] - Found 3 web elements with id: 'Object Repository/Filtreler/Butonlar' located by 'By.cssSelector: .dxb>span' in '10' second(s)

2021-06-28 10:02:38 - [MESSAGE][PASSED] - Method.TextDegerineEsitElementeTikla is PASSED

2021-06-28 10:02:38 - [MESSAGE][PASSED] - Call Test Case 'Test Cases/Filtreler/ButonaTikla' successfully

2021-06-28 10:02:38 - [MESSAGE][INFO] - Checking called Test Case

2021-06-28 10:02:38 - [MESSAGE][INFO] - Starting to call Test Case 'Test Cases/Tablo/TablodaVeriVarMi'

2021-06-28 10:02:38 - [TEST_CASE][PASSED] - Test Cases/Tablo/TablodaVeriVarMi: Test Cases/Tablo/TablodaVeriVarMi

2021-06-28 10:02:38 - [TEST_STEP][PASSED] - verifyTextNotPresent("Görüntülenecek veri yok", true): Text 'Görüntülenecek veri yok' is not present on page using regular expression

2021-06-28 10:02:38 - [MESSAGE][INFO] - Checking text present  using regular expression

2021-06-28 10:02:38 - [MESSAGE][INFO] - Smart Wait Function is triggered

2021-06-28 10:02:38 - [MESSAGE][INFO] - Finding text 'Görüntülenecek veri yok' on page  using regular expression

2021-06-28 10:02:38 - [MESSAGE][PASSED] - Text 'Görüntülenecek veri yok' is not present on page using regular expression

2021-06-28 10:02:38 - [MESSAGE][PASSED] - Call Test Case 'Test Cases/Tablo/TablodaVeriVarMi' successfully

2021-06-28 10:02:38 - [MESSAGE][INFO] - Checking called Test Case

2021-06-28 10:02:38 - [MESSAGE][INFO] - Starting to call Test Case 'Test Cases/Tablo/TablodanVeriSec'

2021-06-28 10:02:38 - [TEST_CASE][PASSED] - Test Cases/Tablo/TablodanVeriSec: Test Cases/Tablo/TablodanVeriSec

2021-06-28 10:02:38 - [TEST_STEP][PASSED] - Method.TextDegerineEsitElementinAltindakineTikla(findTestObject("Tablo/Veriler"), findTestObject("Tablo/VerininCheckBoxi"), Veri_Adi): Method.TextDegerineEsitElementinAltindakineTikla is PASSED

2021-06-28 10:02:38 - [MESSAGE][INFO] - Finding Test Object 'Object Repository/Tablo/Veriler'

2021-06-28 10:02:38 - [MESSAGE][INFO] - Finding Test Object 'Object Repository/Tablo/VerininCheckBoxi'

2021-06-28 10:02:39 - [MESSAGE][INFO] - Checking timeout

2021-06-28 10:02:39 - [MESSAGE][INFO] - Finding web element with id: 'Object Repository/Tablo/Veriler' located by 'By.cssSelector: td.dxgv b ,td.dxgv' in '10' second(s)

2021-06-28 10:02:39 - [MESSAGE][INFO] - Smart Wait Function is triggered

2021-06-28 10:02:39 - [MESSAGE][INFO] - Found 52 web elements with id: 'Object Repository/Tablo/Veriler' located by 'By.cssSelector: td.dxgv b ,td.dxgv' in '10' second(s)

2021-06-28 10:02:39 - [MESSAGE][INFO] - Smart Wait Function is triggered

2021-06-28 10:02:39 - [MESSAGE][PASSED] - Method.TextDegerineEsitElementinAltindakineTikla is PASSED

2021-06-28 10:02:39 - [MESSAGE][PASSED] - Call Test Case 'Test Cases/Tablo/TablodanVeriSec' successfully

2021-06-28 10:02:39 - [MESSAGE][INFO] - Checking called Test Case

2021-06-28 10:02:39 - [MESSAGE][INFO] - Starting to call Test Case 'Test Cases/Butonlar/ButonaTikla'

2021-06-28 10:02:39 - [TEST_CASE][PASSED] - Test Cases/Butonlar/ButonaTikla: Test Cases/Butonlar/ButonaTikla

2021-06-28 10:02:39 - [TEST_STEP][PASSED] - Method.TextDegerineEsitElementeTiklaEquals(findTestObject("Butonlar/Butonlar"), Buton_Adi): Method.TextDegerineEsitElementeTiklaEquals is PASSED

2021-06-28 10:02:39 - [MESSAGE][INFO] - Finding Test Object 'Object Repository/Butonlar/Butonlar'

2021-06-28 10:02:39 - [MESSAGE][INFO] - Checking timeout

2021-06-28 10:02:39 - [MESSAGE][INFO] - Finding web element with id: 'Object Repository/Butonlar/Butonlar' located by 'By.cssSelector: .panel.panel-default.text-center.footerPanel .btn,.btn.btn-primary.btnControls' in '10' second(s)

2021-06-28 10:02:39 - [MESSAGE][INFO] - Smart Wait Function is triggered

2021-06-28 10:02:40 - [MESSAGE][INFO] - Found 11 web elements with id: 'Object Repository/Butonlar/Butonlar' located by 'By.cssSelector: .panel.panel-default.text-center.footerPanel .btn,.btn.btn-primary.btnControls' in '10' second(s)

2021-06-28 10:02:40 - [MESSAGE][PASSED] - Method.TextDegerineEsitElementeTiklaEquals is PASSED

2021-06-28 10:02:40 - [MESSAGE][PASSED] - Call Test Case 'Test Cases/Butonlar/ButonaTikla' successfully

2021-06-28 10:02:40 - [MESSAGE][INFO] - Checking called Test Case

2021-06-28 10:02:40 - [MESSAGE][INFO] - Starting to call Test Case 'Test Cases/Sekmeler/YeniSekmeyeGec'

2021-06-28 10:02:40 - [TEST_CASE][PASSED] - Test Cases/Sekmeler/YeniSekmeyeGec: Test Cases/Sekmeler/YeniSekmeyeGec

2021-06-28 10:02:40 - [TEST_STEP][PASSED] - switchToWindowIndex(1): Switched to window with index: '1'

2021-06-28 10:02:40 - [MESSAGE][INFO] - Checking index

2021-06-28 10:02:40 - [MESSAGE][INFO] - Switching window with index: '1'

2021-06-28 10:02:40 - [MESSAGE][PASSED] - Switched to window with index: '1'

2021-06-28 10:02:40 - [MESSAGE][PASSED] - Call Test Case 'Test Cases/Sekmeler/YeniSekmeyeGec' successfully

2021-06-28 10:02:40 - [MESSAGE][INFO] - Checking called Test Case

2021-06-28 10:02:40 - [MESSAGE][INFO] - Starting to call Test Case 'Test Cases/Sekmeler/TagGeldiMi'

2021-06-28 10:02:40 - [TEST_CASE][PASSED] - Test Cases/Sekmeler/TagGeldiMi: Test Cases/Sekmeler/TagGeldiMi

2021-06-28 10:02:40 - [TEST_STEP][PASSED] - waitForElementPresent(findTestObject("Object Repository/Sekmeler/UBLTag"), 10): Object 'Object Repository/Sekmeler/UBLTag' is present

2021-06-28 10:02:40 - [MESSAGE][INFO] - Finding Test Object 'Object Repository/Sekmeler/UBLTag'

2021-06-28 10:02:40 - [MESSAGE][INFO] - Checking object

2021-06-28 10:02:40 - [MESSAGE][INFO] - Finding web element from Test Object's properties

2021-06-28 10:02:40 - [MESSAGE][INFO] - Checking timeout

2021-06-28 10:02:40 - [MESSAGE][INFO] - Finding web element with id: 'Object Repository/Sekmeler/UBLTag' located by 'By.cssSelector: #webkit-xml-viewer-source-xml>:first-child' in '10' second(s)

2021-06-28 10:02:40 - [MESSAGE][INFO] - Smart Wait Function is triggered

2021-06-28 10:02:40 - [MESSAGE][INFO] - Found 1 web elements with id: 'Object Repository/Sekmeler/UBLTag' located by 'By.cssSelector: #webkit-xml-viewer-source-xml>:first-child' in '10' second(s)

2021-06-28 10:02:40 - [MESSAGE][PASSED] - Object 'Object Repository/Sekmeler/UBLTag' is present

2021-06-28 10:02:40 - [TEST_STEP][PASSED] - println(toLowerCase().toString()): Found 1 web elements with id: 'Object Repository/Sekmeler/UBLTag' located by 'By.cssSelector: #webkit-xml-viewer-source-xml>:first-child' in '10' second(s)

2021-06-28 10:02:40 - [MESSAGE][INFO] - Finding Test Object 'Object Repository/Sekmeler/UBLTag'

2021-06-28 10:02:40 - [MESSAGE][INFO] - Finding web element from Test Object's properties

2021-06-28 10:02:40 - [MESSAGE][INFO] - Checking timeout

2021-06-28 10:02:40 - [MESSAGE][INFO] - Finding web element with id: 'Object Repository/Sekmeler/UBLTag' located by 'By.cssSelector: #webkit-xml-viewer-source-xml>:first-child' in '10' second(s)

2021-06-28 10:02:40 - [MESSAGE][INFO] - Smart Wait Function is triggered

2021-06-28 10:02:40 - [MESSAGE][INFO] - Found 1 web elements with id: 'Object Repository/Sekmeler/UBLTag' located by 'By.cssSelector: #webkit-xml-viewer-source-xml>:first-child' in '10' second(s)

2021-06-28 10:02:40 - [TEST_STEP][PASSED] - if (!(toString().contains(toString().toLowerCase()))): Found 1 web elements with id: 'Object Repository/Sekmeler/UBLTag' located by 'By.cssSelector: #webkit-xml-viewer-source-xml>:first-child' in '10' second(s)

2021-06-28 10:02:40 - [MESSAGE][INFO] - Finding Test Object 'Object Repository/Sekmeler/UBLTag'

2021-06-28 10:02:41 - [MESSAGE][INFO] - Finding web element from Test Object's properties

2021-06-28 10:02:41 - [MESSAGE][INFO] - Checking timeout

2021-06-28 10:02:41 - [MESSAGE][INFO] - Finding web element with id: 'Object Repository/Sekmeler/UBLTag' located by 'By.cssSelector: #webkit-xml-viewer-source-xml>:first-child' in '10' second(s)

2021-06-28 10:02:41 - [MESSAGE][INFO] - Smart Wait Function is triggered

2021-06-28 10:02:41 - [MESSAGE][INFO] - Found 1 web elements with id: 'Object Repository/Sekmeler/UBLTag' located by 'By.cssSelector: #webkit-xml-viewer-source-xml>:first-child' in '10' second(s)

2021-06-28 10:02:41 - [MESSAGE][PASSED] - Call Test Case 'Test Cases/Sekmeler/TagGeldiMi' successfully

2021-06-28 10:02:41 - [MESSAGE][INFO] - Checking called Test Case

2021-06-28 10:02:41 - [MESSAGE][INFO] - Starting to call Test Case 'Test Cases/Sekmeler/Ana_Sekmeye_Gec'

2021-06-28 10:02:41 - [TEST_CASE][PASSED] - Test Cases/Sekmeler/Ana_Sekmeye_Gec: Test Cases/Sekmeler/Ana_Sekmeye_Gec

2021-06-28 10:02:41 - [TEST_STEP][PASSED] - try: Window with index 1 is closed

2021-06-28 10:02:41 - [TEST_STEP][PASSED] - index = getWindowIndex(): Current window's index is: 1

2021-06-28 10:02:41 - [MESSAGE][INFO] - Getting current window's index

2021-06-28 10:02:41 - [MESSAGE][PASSED] - Current window's index is: 1

2021-06-28 10:02:41 - [TEST_STEP][PASSED] - closeWindowIndex(index): Window with index 1 is closed

2021-06-28 10:02:41 - [MESSAGE][INFO] - Checking index

2021-06-28 10:02:41 - [MESSAGE][INFO] - Closing window with index 1

2021-06-28 10:02:41 - [MESSAGE][PASSED] - Window with index 1 is closed

2021-06-28 10:02:41 - [TEST_STEP][PASSED] - switchToWindowIndex(0): Switched to window with index: '0'

2021-06-28 10:02:41 - [MESSAGE][INFO] - Checking index

2021-06-28 10:02:41 - [MESSAGE][INFO] - Switching window with index: '0'

2021-06-28 10:02:41 - [MESSAGE][PASSED] - Switched to window with index: '0'

2021-06-28 10:02:41 - [MESSAGE][PASSED] - Call Test Case 'Test Cases/Sekmeler/Ana_Sekmeye_Gec' successfully

2021-06-28 10:02:41 - [MESSAGE][INFO] - Checking called Test Case

2021-06-28 10:02:41 - [MESSAGE][INFO] - Starting to call Test Case 'Test Cases/Kullanici_Islemleri/KullaniciIslemlerindenSecimYapilir'

2021-06-28 10:02:41 - [TEST_CASE][PASSED] - Test Cases/Kullanici_Islemleri/KullaniciIslemlerindenSecimYapilir: Test Cases/Kullanici_Islemleri/KullaniciIslemlerindenSecimYapilir

2021-06-28 10:02:41 - [TEST_STEP][PASSED] - waitForElementClickable(findTestObject("Object Repository/Kullanici_Islemleri/KullaniciIslemleri"), 10): Object 'Object Repository/Kullanici_Islemleri/KullaniciIslemleri' is clickable

2021-06-28 10:02:41 - [MESSAGE][INFO] - Finding Test Object 'Object Repository/Kullanici_Islemleri/KullaniciIslemleri'

2021-06-28 10:02:41 - [MESSAGE][INFO] - Checking object

2021-06-28 10:02:41 - [MESSAGE][INFO] - Checking timeout

2021-06-28 10:02:41 - [MESSAGE][INFO] - Finding web element from Test Object's properties

2021-06-28 10:02:41 - [MESSAGE][INFO] - Checking timeout

2021-06-28 10:02:41 - [MESSAGE][INFO] - Finding web element with id: 'Object Repository/Kullanici_Islemleri/KullaniciIslemleri' located by 'By.cssSelector: .dropdown>a>img' in '10' second(s)

2021-06-28 10:02:41 - [MESSAGE][INFO] - Smart Wait Function is triggered

2021-06-28 10:02:41 - [MESSAGE][INFO] - Found 1 web elements with id: 'Object Repository/Kullanici_Islemleri/KullaniciIslemleri' located by 'By.cssSelector: .dropdown>a>img' in '10' second(s)

2021-06-28 10:02:41 - [MESSAGE][PASSED] - Object 'Object Repository/Kullanici_Islemleri/KullaniciIslemleri' is clickable

2021-06-28 10:02:41 - [TEST_STEP][PASSED] - click(findTestObject("Object Repository/Kullanici_Islemleri/KullaniciIslemleri")): Object: 'Object Repository/Kullanici_Islemleri/KullaniciIslemleri' is clicked on

2021-06-28 10:02:41 - [MESSAGE][INFO] - Finding Test Object 'Object Repository/Kullanici_Islemleri/KullaniciIslemleri'

2021-06-28 10:02:41 - [MESSAGE][INFO] - Checking object

2021-06-28 10:02:41 - [MESSAGE][INFO] - Finding web element from Test Object's properties

2021-06-28 10:02:41 - [MESSAGE][INFO] - Checking timeout

2021-06-28 10:02:41 - [MESSAGE][INFO] - Finding web element with id: 'Object Repository/Kullanici_Islemleri/KullaniciIslemleri' located by 'By.cssSelector: .dropdown>a>img' in '30' second(s)

2021-06-28 10:02:41 - [MESSAGE][INFO] - Smart Wait Function is triggered

2021-06-28 10:02:42 - [MESSAGE][INFO] - Found 1 web elements with id: 'Object Repository/Kullanici_Islemleri/KullaniciIslemleri' located by 'By.cssSelector: .dropdown>a>img' in '30' second(s)

2021-06-28 10:02:42 - [MESSAGE][INFO] - Clicking on object: 'Object Repository/Kullanici_Islemleri/KullaniciIslemleri'

2021-06-28 10:02:42 - [MESSAGE][PASSED] - Object: 'Object Repository/Kullanici_Islemleri/KullaniciIslemleri' is clicked on

2021-06-28 10:02:42 - [TEST_STEP][PASSED] - Method.TextDegerineEsitElementeTikla(findTestObject("Object Repository/Kullanici_Islemleri/Secenekler"), Islem): Method.TextDegerineEsitElementeTikla is PASSED

2021-06-28 10:02:42 - [MESSAGE][INFO] - Finding Test Object 'Object Repository/Kullanici_Islemleri/Secenekler'

2021-06-28 10:02:42 - [MESSAGE][INFO] - Checking timeout

2021-06-28 10:02:42 - [MESSAGE][INFO] - Finding web element with id: 'Object Repository/Kullanici_Islemleri/Secenekler' located by 'By.cssSelector: .nav.navbar-nav.navbar-right li a' in '10' second(s)

2021-06-28 10:02:42 - [MESSAGE][INFO] - Smart Wait Function is triggered

2021-06-28 10:02:42 - [MESSAGE][INFO] - Found 22 web elements with id: 'Object Repository/Kullanici_Islemleri/Secenekler' located by 'By.cssSelector: .nav.navbar-nav.navbar-right li a' in '10' second(s)

2021-06-28 10:02:43 - [MESSAGE][PASSED] - Method.TextDegerineEsitElementeTikla is PASSED

2021-06-28 10:02:43 - [TEST_STEP][PASSED] - verifyElementNotPresent(findTestObject("Object Repository/Kullanici_Islemleri/Secenekler"), 10): Web element with id: 'Object Repository/Kullanici_Islemleri/Secenekler' located by 'By.cssSelector: .nav.navbar-nav.navbar-right li a' is not present after '10' second(s)

2021-06-28 10:02:43 - [MESSAGE][INFO] - Finding Test Object 'Object Repository/Kullanici_Islemleri/Secenekler'

2021-06-28 10:02:43 - [MESSAGE][INFO] - Checking object

2021-06-28 10:02:43 - [MESSAGE][INFO] - Checking timeout

2021-06-28 10:02:43 - [MESSAGE][INFO] - Finding web element with id: 'Object Repository/Kullanici_Islemleri/Secenekler' located by 'By.cssSelector: .nav.navbar-nav.navbar-right li a' in '10' second(s)

2021-06-28 10:02:43 - [MESSAGE][INFO] - Smart Wait Function is triggered

2021-06-28 10:02:43 - [MESSAGE][PASSED] - Web element with id: 'Object Repository/Kullanici_Islemleri/Secenekler' located by 'By.cssSelector: .nav.navbar-nav.navbar-right li a' is not present after '10' second(s)

2021-06-28 10:02:43 - [MESSAGE][PASSED] - Call Test Case 'Test Cases/Kullanici_Islemleri/KullaniciIslemlerindenSecimYapilir' successfully

2021-06-28 10:02:43 - [TEST_CASE][PASSED] - Start Test Case : SCENARIO e-Serbest Meslek Makbuzlari UBL: SCENARIO e-Serbest Meslek Makbuzlari UBL

2021-06-28 10:02:43 - [TEST_STEP][PASSED] - Kullanıcı adı ELOGO6 ve Şifre 123456 olarak giriş yapılır: Kullanıcı adı ELOGO6 ve Şifre 123456 olarak giriş yapılır

2021-06-28 10:02:43 - [MESSAGE][PASSED] - Kullanıcı adı ELOGO6 ve Şifre 123456 olarak giriş yapılır

2021-06-28 10:02:43 - [TEST_STEP][PASSED] - Ana menüden e-Makbuz seçilir: Ana menüden e-Makbuz seçilir

2021-06-28 10:02:43 - [MESSAGE][PASSED] - Ana menüden e-Makbuz seçilir

2021-06-28 10:02:43 - [TEST_STEP][PASSED] - Alt menü e-Serbest Meslek Uygulaması başlığı altındaki e-Serbest Meslek Makbuzları seçilir: Alt menü e-Serbest Meslek Uygulaması başlığı altındaki e-Serbest Meslek Makbuzları seçilir

2021-06-28 10:02:43 - [MESSAGE][PASSED] - Alt menü e-Serbest Meslek Uygulaması başlığı altındaki e-Serbest Meslek Makbuzları seçilir

2021-06-28 10:02:43 - [TEST_STEP][PASSED] - Filtrelerden Oluşturma Tarihi filtresine 01.12.2020 baslangic degerini yaz: Filtrelerden Oluşturma Tarihi filtresine 01.12.2020 baslangic degerini yaz

2021-06-28 10:02:43 - [MESSAGE][PASSED] - Filtrelerden Oluşturma Tarihi filtresine 01.12.2020 baslangic degerini yaz

2021-06-28 10:02:43 - [TEST_STEP][PASSED] - Filtrelerden Oluşturma Tarihi filtresine 31.12.2020 bitis degerini yaz: Filtrelerden Oluşturma Tarihi filtresine 31.12.2020 bitis degerini yaz

2021-06-28 10:02:43 - [MESSAGE][PASSED] - Filtrelerden Oluşturma Tarihi filtresine 31.12.2020 bitis degerini yaz

2021-06-28 10:02:43 - [TEST_STEP][PASSED] - Filtre butonlarından Listele seçilir: Filtre butonlarından Listele seçilir

2021-06-28 10:02:43 - [MESSAGE][PASSED] - Filtre butonlarından Listele seçilir

2021-06-28 10:02:43 - [TEST_STEP][PASSED] - Tabloda veri var mı kontrol edilir: Tabloda veri var mı kontrol edilir

2021-06-28 10:02:43 - [MESSAGE][PASSED] - Tabloda veri var mı kontrol edilir

2021-06-28 10:02:43 - [TEST_STEP][PASSED] - Tablodan TEST isimli veri seçilir: Tablodan TEST isimli veri seçilir

2021-06-28 10:02:43 - [MESSAGE][PASSED] - Tablodan TEST isimli veri seçilir

2021-06-28 10:02:43 - [TEST_STEP][PASSED] - Butonlardan UBL isimli butona tıklanır: Butonlardan UBL isimli butona tıklanır

2021-06-28 10:02:43 - [MESSAGE][PASSED] - Butonlardan UBL isimli butona tıklanır

2021-06-28 10:02:43 - [TEST_STEP][PASSED] - Yeni açılan sekmeye geçilir: Yeni açılan sekmeye geçilir

2021-06-28 10:02:43 - [MESSAGE][PASSED] - Yeni açılan sekmeye geçilir

2021-06-28 10:02:43 - [TEST_STEP][PASSED] - CreditNote tagli ubl geldi mi: CreditNote tagli ubl geldi mi

2021-06-28 10:02:43 - [MESSAGE][PASSED] - CreditNote tagli ubl geldi mi

2021-06-28 10:02:43 - [TEST_STEP][PASSED] - Ana sekmeye geçilir: Ana sekmeye geçilir

2021-06-28 10:02:43 - [MESSAGE][PASSED] - Ana sekmeye geçilir

2021-06-28 10:02:43 - [TEST_STEP][PASSED] - Kullanıcı işlemlerinden Çıkış seçilir: Kullanıcı işlemlerinden Çıkış seçilir

2021-06-28 10:02:43 - [MESSAGE][PASSED] - Kullanıcı işlemlerinden Çıkış seçilir

2021-06-28 10:02:43 - [MESSAGE][PASSED] - Feature file: 'Include/features/e-Makbuz/e-Serbest Meslek Uygulaması/e-Serbest Meslek Makbuzlari/UBL.feature' was passed

2021-06-28 10:02:43 - [TEST_STEP][PASSED] - Start listener action : sampleAfterTestSuite: Invoke 'com.kms.katalon.core.annotation.AfterTestCase' method: 'Listener.sampleAfterTestSuite(...)' completed.

2021-06-28 10:02:43 - [MESSAGE][INFO] - Starting invoke 'com.kms.katalon.core.annotation.AfterTestCase' method: 'Listener.sampleAfterTestSuite(...)'

2021-06-28 10:02:43 - [TEST_STEP][PASSED] - closeBrowser(): Invoke 'com.kms.katalon.core.annotation.AfterTestCase' method: 'Listener.sampleAfterTestSuite(...)' completed.

2021-06-28 10:02:43 - [MESSAGE][INFO] - Closing browser

2021-06-28 10:02:44 - [MESSAGE][PASSED] - Browser is closed

2021-06-28 10:02:44 - [MESSAGE][INFO] - Invoke 'com.kms.katalon.core.annotation.AfterTestCase' method: 'Listener.sampleAfterTestSuite(...)' completed.]]></system-out>
         <system-err><![CDATA[]]></system-err>
      </testcase>
      <testcase name="Test Cases/Case Repository/e-Makbuz/e-Mustahsil Uygulamasi/e-Mustahsil Makbuzlari/UBL" time="24.963" classname="Test Cases/Case Repository/e-Makbuz/e-Mustahsil Uygulamasi/e-Mustahsil Makbuzlari/UBL" status="PASSED">
         <system-out><![CDATA[2021-06-28 10:02:44 - [TEST_CASE][PASSED] - Test Cases/Case Repository/e-Makbuz/e-Mustahsil Uygulamasi/e-Mustahsil Makbuzlari/UBL: Test Cases/Case Repository/e-Makbuz/e-Mustahsil Uygulamasi/e-Mustahsil Makbuzlari/UBL

2021-06-28 10:02:44 - [TEST_STEP][PASSED] - Start listener action : sampleBeforeTestSuite: Invoke 'com.kms.katalon.core.annotation.BeforeTestCase' method: 'Listener.sampleBeforeTestSuite(...)' completed.

2021-06-28 10:02:44 - [MESSAGE][INFO] - Starting invoke 'com.kms.katalon.core.annotation.BeforeTestCase' method: 'Listener.sampleBeforeTestSuite(...)'

2021-06-28 10:02:44 - [TEST_STEP][PASSED] - openBrowser(baseUrl): Browser is opened with url: 'https://efatura-stage.elogo.com.tr/'

2021-06-28 10:02:44 - [MESSAGE][INFO] - Opening browser

2021-06-28 10:02:44 - [MESSAGE][INFO] - Starting 'Chrome' driver

2021-06-28 10:02:44 - [MESSAGE][INFO] - User set preference: ['prefs', '{download.default_directory=C:\otomasyondownfiles}']

2021-06-28 10:02:44 - [MESSAGE][INFO] - Action delay is set to 0 milliseconds

2021-06-28 10:02:45 - [MESSAGE][INFO] - Navigating browser to: 'https://efatura-stage.elogo.com.tr/'

2021-06-28 10:02:48 - [MESSAGE][PASSED] - Browser is opened with url: 'https://efatura-stage.elogo.com.tr/'

2021-06-28 10:02:48 - [TEST_STEP][PASSED] - maximizeWindow(): Invoke 'com.kms.katalon.core.annotation.BeforeTestCase' method: 'Listener.sampleBeforeTestSuite(...)' completed.

2021-06-28 10:02:48 - [MESSAGE][INFO] - Maximizing current window

2021-06-28 10:02:48 - [MESSAGE][PASSED] - Current window maximized

2021-06-28 10:02:48 - [MESSAGE][INFO] - Invoke 'com.kms.katalon.core.annotation.BeforeTestCase' method: 'Listener.sampleBeforeTestSuite(...)' completed.

2021-06-28 10:02:48 - [TEST_STEP][PASSED] - runFeatureFile("Include/features/e-Makbuz/e-Mustahsil Uygulamasi/e-Mustahsil Makbuzlari/UBL.feature"): Feature file: 'Include/features/e-Makbuz/e-Mustahsil Uygulamasi/e-Mustahsil Makbuzlari/UBL.feature' was passed

2021-06-28 10:02:48 - [MESSAGE][INFO] - Starting run keyword runFeatureFile: 'Include/features/e-Makbuz/e-Mustahsil Uygulamasi/e-Mustahsil Makbuzlari/UBL.feature' and extract report to folder: 'C:\Users\yigit\Documents\GitHub\EES_Katalon\Reports\20210628_100100\deneme1\20210628_100101/cucumber_report/1624863768554'...

2021-06-28 10:02:48 - [MESSAGE][INFO] - Glue: []

2021-06-28 10:02:51 - [MESSAGE][INFO] - Checking called Test Case

2021-06-28 10:02:51 - [MESSAGE][INFO] - Starting to call Test Case 'Test Cases/Sayfalar/Giris_Sayfasi/Login'

2021-06-28 10:02:51 - [TEST_CASE][PASSED] - Test Cases/Sayfalar/Giris_Sayfasi/Login: Test Cases/Sayfalar/Giris_Sayfasi/Login

2021-06-28 10:02:51 - [TEST_STEP][PASSED] - Sayfa_Basligi = getWindowTitle(): Current window's title is: 'LOGO e-Fatura'

2021-06-28 10:02:51 - [MESSAGE][INFO] - Getting current window's title

2021-06-28 10:02:51 - [MESSAGE][PASSED] - Current window's title is: 'LOGO e-Fatura'

2021-06-28 10:02:51 - [TEST_STEP][PASSED] - verifyMatch(Sayfa_Basligi, "LOGO e-Fatura", false): Actual text 'LOGO e-Fatura' and expected text 'LOGO e-Fatura' are matched 

2021-06-28 10:02:51 - [MESSAGE][INFO] - Matching actual text 'LOGO e-Fatura' with expected text 'LOGO e-Fatura'

2021-06-28 10:02:51 - [MESSAGE][PASSED] - Actual text 'LOGO e-Fatura' and expected text 'LOGO e-Fatura' are matched 

2021-06-28 10:02:51 - [TEST_STEP][PASSED] - sendKeys(findTestObject("Sayfalar/Giris_Sayfasi/Firma_Kodu"), KullaniciAdi): Keys 'ELOGO6' sent to object: 'Object Repository/Sayfalar/Giris_Sayfasi/Firma_Kodu'

2021-06-28 10:02:51 - [MESSAGE][INFO] - Finding Test Object 'Object Repository/Sayfalar/Giris_Sayfasi/Firma_Kodu'

2021-06-28 10:02:51 - [MESSAGE][INFO] - Sending keys 'ELOGO6' to object: 'Object Repository/Sayfalar/Giris_Sayfasi/Firma_Kodu'

2021-06-28 10:02:51 - [MESSAGE][INFO] - Finding web element from Test Object's properties

2021-06-28 10:02:51 - [MESSAGE][INFO] - Checking timeout

2021-06-28 10:02:51 - [MESSAGE][INFO] - Finding web element with id: 'Object Repository/Sayfalar/Giris_Sayfasi/Firma_Kodu' located by 'By.xpath: //*[@id = 'AccountName']' in '30' second(s)

2021-06-28 10:02:51 - [MESSAGE][INFO] - Smart Wait Function is triggered

2021-06-28 10:02:51 - [MESSAGE][INFO] - Found 1 web elements with id: 'Object Repository/Sayfalar/Giris_Sayfasi/Firma_Kodu' located by 'By.xpath: //*[@id = 'AccountName']' in '30' second(s)

2021-06-28 10:02:51 - [MESSAGE][PASSED] - Keys 'ELOGO6' sent to object: 'Object Repository/Sayfalar/Giris_Sayfasi/Firma_Kodu'

2021-06-28 10:02:51 - [TEST_STEP][PASSED] - sendKeys(findTestObject("Sayfalar/Giris_Sayfasi/Sifre"), Sifre): Keys '123456' sent to object: 'Object Repository/Sayfalar/Giris_Sayfasi/Sifre'

2021-06-28 10:02:51 - [MESSAGE][INFO] - Finding Test Object 'Object Repository/Sayfalar/Giris_Sayfasi/Sifre'

2021-06-28 10:02:51 - [MESSAGE][INFO] - Sending keys '123456' to object: 'Object Repository/Sayfalar/Giris_Sayfasi/Sifre'

2021-06-28 10:02:51 - [MESSAGE][INFO] - Finding web element from Test Object's properties

2021-06-28 10:02:51 - [MESSAGE][INFO] - Checking timeout

2021-06-28 10:02:51 - [MESSAGE][INFO] - Finding web element with id: 'Object Repository/Sayfalar/Giris_Sayfasi/Sifre' located by 'By.xpath: //*[@id = 'Password']' in '30' second(s)

2021-06-28 10:02:51 - [MESSAGE][INFO] - Smart Wait Function is triggered

2021-06-28 10:02:51 - [MESSAGE][INFO] - Found 1 web elements with id: 'Object Repository/Sayfalar/Giris_Sayfasi/Sifre' located by 'By.xpath: //*[@id = 'Password']' in '30' second(s)

2021-06-28 10:02:51 - [MESSAGE][PASSED] - Keys '123456' sent to object: 'Object Repository/Sayfalar/Giris_Sayfasi/Sifre'

2021-06-28 10:02:51 - [TEST_STEP][PASSED] - findWebElement(findTestObject("Sayfalar/Giris_Sayfasi/Giris_Butonu")).click(): Found 1 web elements with id: 'Object Repository/Sayfalar/Giris_Sayfasi/Giris_Butonu' located by 'By.cssSelector: #btnLogin' in '30' second(s)

2021-06-28 10:02:51 - [MESSAGE][INFO] - Finding Test Object 'Object Repository/Sayfalar/Giris_Sayfasi/Giris_Butonu'

2021-06-28 10:02:52 - [MESSAGE][INFO] - Finding web element from Test Object's properties

2021-06-28 10:02:52 - [MESSAGE][INFO] - Checking timeout

2021-06-28 10:02:52 - [MESSAGE][INFO] - Finding web element with id: 'Object Repository/Sayfalar/Giris_Sayfasi/Giris_Butonu' located by 'By.cssSelector: #btnLogin' in '30' second(s)

2021-06-28 10:02:52 - [MESSAGE][INFO] - Smart Wait Function is triggered

2021-06-28 10:02:52 - [MESSAGE][INFO] - Found 1 web elements with id: 'Object Repository/Sayfalar/Giris_Sayfasi/Giris_Butonu' located by 'By.cssSelector: #btnLogin' in '30' second(s)

2021-06-28 10:02:52 - [TEST_STEP][PASSED] - if (verifyElementPresent(findTestObject("Object Repository/Sayfalar/Giris_Sayfasi/RetveTamam_Butonu"), 5, OPTIONAL)): null

2021-06-28 10:02:52 - [MESSAGE][INFO] - Finding Test Object 'Object Repository/Sayfalar/Giris_Sayfasi/RetveTamam_Butonu'

2021-06-28 10:02:53 - [MESSAGE][INFO] - Checking object

2021-06-28 10:02:53 - [MESSAGE][INFO] - Finding web element from Test Object's properties

2021-06-28 10:02:53 - [MESSAGE][INFO] - Checking timeout

2021-06-28 10:02:53 - [MESSAGE][INFO] - Finding web element with id: 'Object Repository/Sayfalar/Giris_Sayfasi/RetveTamam_Butonu' located by 'By.xpath: //*[@class = 'btn btn-default']' in '5' second(s)

2021-06-28 10:02:53 - [MESSAGE][INFO] - Smart Wait Function is triggered

2021-06-28 10:02:53 - [MESSAGE][INFO] - Found 1 web elements with id: 'Object Repository/Sayfalar/Giris_Sayfasi/RetveTamam_Butonu' located by 'By.xpath: //*[@class = 'btn btn-default']' in '5' second(s)

2021-06-28 10:02:53 - [MESSAGE][PASSED] - Object 'Object Repository/Sayfalar/Giris_Sayfasi/RetveTamam_Butonu' is present

2021-06-28 10:02:53 - [TEST_STEP][PASSED] - click(findTestObject("Object Repository/Sayfalar/Giris_Sayfasi/RetveTamam_Butonu")): Object: 'Object Repository/Sayfalar/Giris_Sayfasi/RetveTamam_Butonu' is clicked on

2021-06-28 10:02:53 - [MESSAGE][INFO] - Finding Test Object 'Object Repository/Sayfalar/Giris_Sayfasi/RetveTamam_Butonu'

2021-06-28 10:02:53 - [MESSAGE][INFO] - Checking object

2021-06-28 10:02:53 - [MESSAGE][INFO] - Finding web element from Test Object's properties

2021-06-28 10:02:53 - [MESSAGE][INFO] - Checking timeout

2021-06-28 10:02:53 - [MESSAGE][INFO] - Finding web element with id: 'Object Repository/Sayfalar/Giris_Sayfasi/RetveTamam_Butonu' located by 'By.xpath: //*[@class = 'btn btn-default']' in '30' second(s)

2021-06-28 10:02:53 - [MESSAGE][INFO] - Smart Wait Function is triggered

2021-06-28 10:02:53 - [MESSAGE][INFO] - Found 1 web elements with id: 'Object Repository/Sayfalar/Giris_Sayfasi/RetveTamam_Butonu' located by 'By.xpath: //*[@class = 'btn btn-default']' in '30' second(s)

2021-06-28 10:02:53 - [MESSAGE][INFO] - Clicking on object: 'Object Repository/Sayfalar/Giris_Sayfasi/RetveTamam_Butonu'

2021-06-28 10:02:53 - [MESSAGE][PASSED] - Object: 'Object Repository/Sayfalar/Giris_Sayfasi/RetveTamam_Butonu' is clicked on

2021-06-28 10:02:53 - [TEST_STEP][PASSED] - click(findTestObject("Object Repository/Sayfalar/Giris_Sayfasi/RetveTamam_Butonu")): Object: 'Object Repository/Sayfalar/Giris_Sayfasi/RetveTamam_Butonu' is clicked on

2021-06-28 10:02:53 - [MESSAGE][INFO] - Finding Test Object 'Object Repository/Sayfalar/Giris_Sayfasi/RetveTamam_Butonu'

2021-06-28 10:02:53 - [MESSAGE][INFO] - Checking object

2021-06-28 10:02:53 - [MESSAGE][INFO] - Finding web element from Test Object's properties

2021-06-28 10:02:53 - [MESSAGE][INFO] - Checking timeout

2021-06-28 10:02:53 - [MESSAGE][INFO] - Finding web element with id: 'Object Repository/Sayfalar/Giris_Sayfasi/RetveTamam_Butonu' located by 'By.xpath: //*[@class = 'btn btn-default']' in '30' second(s)

2021-06-28 10:02:53 - [MESSAGE][INFO] - Smart Wait Function is triggered

2021-06-28 10:02:55 - [MESSAGE][INFO] - Found 1 web elements with id: 'Object Repository/Sayfalar/Giris_Sayfasi/RetveTamam_Butonu' located by 'By.xpath: //*[@class = 'btn btn-default']' in '30' second(s)

2021-06-28 10:02:55 - [MESSAGE][INFO] - Clicking on object: 'Object Repository/Sayfalar/Giris_Sayfasi/RetveTamam_Butonu'

2021-06-28 10:02:55 - [MESSAGE][PASSED] - Object: 'Object Repository/Sayfalar/Giris_Sayfasi/RetveTamam_Butonu' is clicked on

2021-06-28 10:02:55 - [TEST_STEP][PASSED] - if (verifyElementPresent(findTestObject("Sayfalar/Giris_Sayfasi/PopupOK"), 5, OPTIONAL)): null

2021-06-28 10:02:55 - [MESSAGE][INFO] - Finding Test Object 'Object Repository/Sayfalar/Giris_Sayfasi/PopupOK'

2021-06-28 10:02:55 - [MESSAGE][INFO] - Checking object

2021-06-28 10:02:55 - [MESSAGE][INFO] - Finding web element from Test Object's properties

2021-06-28 10:02:55 - [MESSAGE][INFO] - Checking timeout

2021-06-28 10:02:55 - [MESSAGE][INFO] - Finding web element with id: 'Object Repository/Sayfalar/Giris_Sayfasi/PopupOK' located by 'By.cssSelector: .btn.btn-success' in '5' second(s)

2021-06-28 10:02:55 - [MESSAGE][INFO] - Smart Wait Function is triggered

2021-06-28 10:02:56 - [MESSAGE][INFO] - Found 1 web elements with id: 'Object Repository/Sayfalar/Giris_Sayfasi/PopupOK' located by 'By.cssSelector: .btn.btn-success' in '5' second(s)

2021-06-28 10:02:56 - [MESSAGE][PASSED] - Object 'Object Repository/Sayfalar/Giris_Sayfasi/PopupOK' is present

2021-06-28 10:02:56 - [TEST_STEP][PASSED] - click(findTestObject("Object Repository/Sayfalar/Giris_Sayfasi/PopupCarpiGiris")): Object: 'Object Repository/Sayfalar/Giris_Sayfasi/PopupCarpiGiris' is clicked on

2021-06-28 10:02:56 - [MESSAGE][INFO] - Finding Test Object 'Object Repository/Sayfalar/Giris_Sayfasi/PopupCarpiGiris'

2021-06-28 10:02:56 - [MESSAGE][INFO] - Checking object

2021-06-28 10:02:56 - [MESSAGE][INFO] - Finding web element from Test Object's properties

2021-06-28 10:02:56 - [MESSAGE][INFO] - Checking timeout

2021-06-28 10:02:56 - [MESSAGE][INFO] - Finding web element with id: 'Object Repository/Sayfalar/Giris_Sayfasi/PopupCarpiGiris' located by 'By.cssSelector: .bootbox-close-button.close' in '30' second(s)

2021-06-28 10:02:56 - [MESSAGE][INFO] - Smart Wait Function is triggered

2021-06-28 10:02:56 - [MESSAGE][INFO] - Found 1 web elements with id: 'Object Repository/Sayfalar/Giris_Sayfasi/PopupCarpiGiris' located by 'By.cssSelector: .bootbox-close-button.close' in '30' second(s)

2021-06-28 10:02:56 - [MESSAGE][INFO] - Clicking on object: 'Object Repository/Sayfalar/Giris_Sayfasi/PopupCarpiGiris'

2021-06-28 10:02:56 - [MESSAGE][PASSED] - Object: 'Object Repository/Sayfalar/Giris_Sayfasi/PopupCarpiGiris' is clicked on

2021-06-28 10:02:56 - [TEST_STEP][PASSED] - verifyElementVisible(findTestObject("Object Repository/Kullanici_Islemleri/KullaniciIslemleri")): Object 'Object Repository/Kullanici_Islemleri/KullaniciIslemleri' is visible

2021-06-28 10:02:56 - [MESSAGE][INFO] - Finding Test Object 'Object Repository/Kullanici_Islemleri/KullaniciIslemleri'

2021-06-28 10:02:56 - [MESSAGE][INFO] - Checking object

2021-06-28 10:02:56 - [MESSAGE][INFO] - Finding web element from Test Object's properties

2021-06-28 10:02:56 - [MESSAGE][INFO] - Checking timeout

2021-06-28 10:02:56 - [MESSAGE][INFO] - Finding web element with id: 'Object Repository/Kullanici_Islemleri/KullaniciIslemleri' located by 'By.cssSelector: .dropdown>a>img' in '30' second(s)

2021-06-28 10:02:56 - [MESSAGE][INFO] - Smart Wait Function is triggered

2021-06-28 10:02:57 - [MESSAGE][INFO] - Found 1 web elements with id: 'Object Repository/Kullanici_Islemleri/KullaniciIslemleri' located by 'By.cssSelector: .dropdown>a>img' in '30' second(s)

2021-06-28 10:02:57 - [MESSAGE][PASSED] - Object 'Object Repository/Kullanici_Islemleri/KullaniciIslemleri' is visible

2021-06-28 10:02:57 - [MESSAGE][PASSED] - Call Test Case 'Test Cases/Sayfalar/Giris_Sayfasi/Login' successfully

2021-06-28 10:02:57 - [MESSAGE][INFO] - Checking called Test Case

2021-06-28 10:02:57 - [MESSAGE][INFO] - Starting to call Test Case 'Test Cases/Menu/AnaMenuSecimi'

2021-06-28 10:02:57 - [TEST_CASE][PASSED] - Test Cases/Menu/AnaMenuSecimi: Test Cases/Menu/AnaMenuSecimi

2021-06-28 10:02:57 - [TEST_STEP][PASSED] - Method.TextDegerineEsitElementeTikla(findTestObject("Menu/Ana_Menu"), Ana_Menu): Method.TextDegerineEsitElementeTikla is PASSED

2021-06-28 10:02:57 - [MESSAGE][INFO] - Finding Test Object 'Object Repository/Menu/Ana_Menu'

2021-06-28 10:02:57 - [MESSAGE][INFO] - Checking timeout

2021-06-28 10:02:57 - [MESSAGE][INFO] - Finding web element with id: 'Object Repository/Menu/Ana_Menu' located by 'By.xpath: //*[@class = 'dropdown-toggle']' in '10' second(s)

2021-06-28 10:02:57 - [MESSAGE][INFO] - Smart Wait Function is triggered

2021-06-28 10:02:57 - [MESSAGE][INFO] - Found 14 web elements with id: 'Object Repository/Menu/Ana_Menu' located by 'By.xpath: //*[@class = 'dropdown-toggle']' in '10' second(s)

2021-06-28 10:02:57 - [MESSAGE][PASSED] - Method.TextDegerineEsitElementeTikla is PASSED

2021-06-28 10:02:57 - [MESSAGE][PASSED] - Call Test Case 'Test Cases/Menu/AnaMenuSecimi' successfully

2021-06-28 10:02:57 - [MESSAGE][INFO] - Checking called Test Case

2021-06-28 10:02:57 - [MESSAGE][INFO] - Starting to call Test Case 'Test Cases/Menu/BasligaGoreAltMenuSecimi'

2021-06-28 10:02:57 - [TEST_CASE][PASSED] - Test Cases/Menu/BasligaGoreAltMenuSecimi: Test Cases/Menu/BasligaGoreAltMenuSecimi

2021-06-28 10:02:57 - [TEST_STEP][PASSED] - Method.TextDegerineEsitElementinAltindakiTextDegerineEsitOlanaTikla(findTestObject("Menu/Menu_Basligi"), findTestObject("Menu/Basliga_Gore_Alt_Menu"), Baslik, Alt_Menu): Method.TextDegerineEsitElementinAltindakiTextDegerineEsitOlanaTikla is PASSED

2021-06-28 10:02:57 - [MESSAGE][INFO] - Finding Test Object 'Object Repository/Menu/Menu_Basligi'

2021-06-28 10:02:57 - [MESSAGE][INFO] - Finding Test Object 'Object Repository/Menu/Basliga_Gore_Alt_Menu'

2021-06-28 10:02:57 - [MESSAGE][INFO] - Checking timeout

2021-06-28 10:02:57 - [MESSAGE][INFO] - Finding web element with id: 'Object Repository/Menu/Menu_Basligi' located by 'By.xpath: //li[@class='dropdown dropdown-large open']//li[@class='dropdown-header']' in '10' second(s)

2021-06-28 10:02:57 - [MESSAGE][INFO] - Smart Wait Function is triggered

2021-06-28 10:02:58 - [MESSAGE][INFO] - Found 2 web elements with id: 'Object Repository/Menu/Menu_Basligi' located by 'By.xpath: //li[@class='dropdown dropdown-large open']//li[@class='dropdown-header']' in '10' second(s)

2021-06-28 10:02:58 - [MESSAGE][INFO] - Smart Wait Function is triggered

2021-06-28 10:02:59 - [MESSAGE][PASSED] - Method.TextDegerineEsitElementinAltindakiTextDegerineEsitOlanaTikla is PASSED

2021-06-28 10:02:59 - [MESSAGE][PASSED] - Call Test Case 'Test Cases/Menu/BasligaGoreAltMenuSecimi' successfully

2021-06-28 10:02:59 - [MESSAGE][INFO] - Checking called Test Case

2021-06-28 10:02:59 - [MESSAGE][INFO] - Starting to call Test Case 'Test Cases/Filtreler/BaslangicYaz'

2021-06-28 10:02:59 - [TEST_CASE][PASSED] - Test Cases/Filtreler/BaslangicYaz: Test Cases/Filtreler/BaslangicYaz

2021-06-28 10:02:59 - [TEST_STEP][PASSED] - Method.TextDegerineEsitElementinAltindakineTikla(findTestObject("Filtreler/Basliklar"), findTestObject("Filtreler/Basliga_Gore_Baslangic_Image"), Filtre_Adi): Method.TextDegerineEsitElementinAltindakineTikla is PASSED

2021-06-28 10:02:59 - [MESSAGE][INFO] - Finding Test Object 'Object Repository/Filtreler/Basliklar'

2021-06-28 10:02:59 - [MESSAGE][INFO] - Finding Test Object 'Object Repository/Filtreler/Basliga_Gore_Baslangic_Image'

2021-06-28 10:02:59 - [MESSAGE][INFO] - Checking timeout

2021-06-28 10:02:59 - [MESSAGE][INFO] - Finding web element with id: 'Object Repository/Filtreler/Basliklar' located by 'By.cssSelector: .control-label.col-sm-4.paddingMarginRLC' in '10' second(s)

2021-06-28 10:02:59 - [MESSAGE][INFO] - Smart Wait Function is triggered

2021-06-28 10:03:00 - [MESSAGE][INFO] - Found 14 web elements with id: 'Object Repository/Filtreler/Basliklar' located by 'By.cssSelector: .control-label.col-sm-4.paddingMarginRLC' in '10' second(s)

2021-06-28 10:03:00 - [MESSAGE][INFO] - Smart Wait Function is triggered

2021-06-28 10:03:00 - [MESSAGE][PASSED] - Method.TextDegerineEsitElementinAltindakineTikla is PASSED

2021-06-28 10:03:00 - [TEST_STEP][PASSED] - Method.TextDegerineEsitElementinAltindakiTextboxtaYaz(findTestObject("Filtreler/Basliklar"), findTestObject("Filtreler/Basliga_Gore_Baslangic"), Filtre_Adi, Filtre_Degeri): Method.TextDegerineEsitElementinAltindakiTextboxtaYaz is PASSED

2021-06-28 10:03:00 - [MESSAGE][INFO] - Finding Test Object 'Object Repository/Filtreler/Basliklar'

2021-06-28 10:03:00 - [MESSAGE][INFO] - Finding Test Object 'Object Repository/Filtreler/Basliga_Gore_Baslangic'

2021-06-28 10:03:00 - [MESSAGE][INFO] - Checking timeout

2021-06-28 10:03:00 - [MESSAGE][INFO] - Finding web element with id: 'Object Repository/Filtreler/Basliklar' located by 'By.cssSelector: .control-label.col-sm-4.paddingMarginRLC' in '10' second(s)

2021-06-28 10:03:00 - [MESSAGE][INFO] - Smart Wait Function is triggered

2021-06-28 10:03:00 - [MESSAGE][INFO] - Found 14 web elements with id: 'Object Repository/Filtreler/Basliklar' located by 'By.cssSelector: .control-label.col-sm-4.paddingMarginRLC' in '10' second(s)

2021-06-28 10:03:00 - [MESSAGE][INFO] - Smart Wait Function is triggered

2021-06-28 10:03:01 - [MESSAGE][PASSED] - Method.TextDegerineEsitElementinAltindakiTextboxtaYaz is PASSED

2021-06-28 10:03:01 - [MESSAGE][PASSED] - Call Test Case 'Test Cases/Filtreler/BaslangicYaz' successfully

2021-06-28 10:03:01 - [MESSAGE][INFO] - Checking called Test Case

2021-06-28 10:03:01 - [MESSAGE][INFO] - Starting to call Test Case 'Test Cases/Filtreler/BitisYaz'

2021-06-28 10:03:01 - [TEST_CASE][PASSED] - Test Cases/Filtreler/BitisYaz: Test Cases/Filtreler/BitisYaz

2021-06-28 10:03:01 - [TEST_STEP][PASSED] - Method.TextDegerineEsitElementinAltindakineTikla(findTestObject("Filtreler/Basliklar"), findTestObject("Filtreler/Basliga_Gore_Bitis_Image"), Filtre_Adi): Method.TextDegerineEsitElementinAltindakineTikla is PASSED

2021-06-28 10:03:01 - [MESSAGE][INFO] - Finding Test Object 'Object Repository/Filtreler/Basliklar'

2021-06-28 10:03:01 - [MESSAGE][INFO] - Finding Test Object 'Object Repository/Filtreler/Basliga_Gore_Bitis_Image'

2021-06-28 10:03:01 - [MESSAGE][INFO] - Checking timeout

2021-06-28 10:03:01 - [MESSAGE][INFO] - Finding web element with id: 'Object Repository/Filtreler/Basliklar' located by 'By.cssSelector: .control-label.col-sm-4.paddingMarginRLC' in '10' second(s)

2021-06-28 10:03:01 - [MESSAGE][INFO] - Smart Wait Function is triggered

2021-06-28 10:03:01 - [MESSAGE][INFO] - Found 14 web elements with id: 'Object Repository/Filtreler/Basliklar' located by 'By.cssSelector: .control-label.col-sm-4.paddingMarginRLC' in '10' second(s)

2021-06-28 10:03:01 - [MESSAGE][INFO] - Smart Wait Function is triggered

2021-06-28 10:03:02 - [MESSAGE][PASSED] - Method.TextDegerineEsitElementinAltindakineTikla is PASSED

2021-06-28 10:03:02 - [TEST_STEP][PASSED] - Method.TextDegerineEsitElementinAltindakiTextboxtaYaz(findTestObject("Filtreler/Basliklar"), findTestObject("Object Repository/Filtreler/Basliga_Gore_Bitis"), Filtre_Adi, Filtre_Degeri): Method.TextDegerineEsitElementinAltindakiTextboxtaYaz is PASSED

2021-06-28 10:03:02 - [MESSAGE][INFO] - Finding Test Object 'Object Repository/Filtreler/Basliklar'

2021-06-28 10:03:02 - [MESSAGE][INFO] - Finding Test Object 'Object Repository/Filtreler/Basliga_Gore_Bitis'

2021-06-28 10:03:02 - [MESSAGE][INFO] - Checking timeout

2021-06-28 10:03:02 - [MESSAGE][INFO] - Finding web element with id: 'Object Repository/Filtreler/Basliklar' located by 'By.cssSelector: .control-label.col-sm-4.paddingMarginRLC' in '10' second(s)

2021-06-28 10:03:02 - [MESSAGE][INFO] - Smart Wait Function is triggered

2021-06-28 10:03:02 - [MESSAGE][INFO] - Found 14 web elements with id: 'Object Repository/Filtreler/Basliklar' located by 'By.cssSelector: .control-label.col-sm-4.paddingMarginRLC' in '10' second(s)

2021-06-28 10:03:02 - [MESSAGE][INFO] - Smart Wait Function is triggered

2021-06-28 10:03:02 - [MESSAGE][PASSED] - Method.TextDegerineEsitElementinAltindakiTextboxtaYaz is PASSED

2021-06-28 10:03:02 - [MESSAGE][PASSED] - Call Test Case 'Test Cases/Filtreler/BitisYaz' successfully

2021-06-28 10:03:02 - [MESSAGE][INFO] - Checking called Test Case

2021-06-28 10:03:02 - [MESSAGE][INFO] - Starting to call Test Case 'Test Cases/Filtreler/ButonaTikla'

2021-06-28 10:03:02 - [TEST_CASE][PASSED] - Test Cases/Filtreler/ButonaTikla: Test Cases/Filtreler/ButonaTikla

2021-06-28 10:03:02 - [TEST_STEP][PASSED] - Method.TextDegerineEsitElementeTikla(findTestObject("Filtreler/Butonlar"), Filtre_Buton): Method.TextDegerineEsitElementeTikla is PASSED

2021-06-28 10:03:02 - [MESSAGE][INFO] - Finding Test Object 'Object Repository/Filtreler/Butonlar'

2021-06-28 10:03:02 - [MESSAGE][INFO] - Checking timeout

2021-06-28 10:03:02 - [MESSAGE][INFO] - Finding web element with id: 'Object Repository/Filtreler/Butonlar' located by 'By.cssSelector: .dxb>span' in '10' second(s)

2021-06-28 10:03:02 - [MESSAGE][INFO] - Smart Wait Function is triggered

2021-06-28 10:03:03 - [MESSAGE][INFO] - Found 3 web elements with id: 'Object Repository/Filtreler/Butonlar' located by 'By.cssSelector: .dxb>span' in '10' second(s)

2021-06-28 10:03:03 - [MESSAGE][PASSED] - Method.TextDegerineEsitElementeTikla is PASSED

2021-06-28 10:03:03 - [MESSAGE][PASSED] - Call Test Case 'Test Cases/Filtreler/ButonaTikla' successfully

2021-06-28 10:03:03 - [MESSAGE][INFO] - Checking called Test Case

2021-06-28 10:03:03 - [MESSAGE][INFO] - Starting to call Test Case 'Test Cases/Tablo/TablodaVeriVarMi'

2021-06-28 10:03:03 - [TEST_CASE][PASSED] - Test Cases/Tablo/TablodaVeriVarMi: Test Cases/Tablo/TablodaVeriVarMi

2021-06-28 10:03:03 - [TEST_STEP][PASSED] - verifyTextNotPresent("Görüntülenecek veri yok", true): Text 'Görüntülenecek veri yok' is not present on page using regular expression

2021-06-28 10:03:03 - [MESSAGE][INFO] - Checking text present  using regular expression

2021-06-28 10:03:03 - [MESSAGE][INFO] - Smart Wait Function is triggered

2021-06-28 10:03:04 - [MESSAGE][INFO] - Finding text 'Görüntülenecek veri yok' on page  using regular expression

2021-06-28 10:03:04 - [MESSAGE][PASSED] - Text 'Görüntülenecek veri yok' is not present on page using regular expression

2021-06-28 10:03:04 - [MESSAGE][PASSED] - Call Test Case 'Test Cases/Tablo/TablodaVeriVarMi' successfully

2021-06-28 10:03:04 - [MESSAGE][INFO] - Checking called Test Case

2021-06-28 10:03:04 - [MESSAGE][INFO] - Starting to call Test Case 'Test Cases/Tablo/TablodanVeriSec'

2021-06-28 10:03:04 - [TEST_CASE][PASSED] - Test Cases/Tablo/TablodanVeriSec: Test Cases/Tablo/TablodanVeriSec

2021-06-28 10:03:04 - [TEST_STEP][PASSED] - Method.TextDegerineEsitElementinAltindakineTikla(findTestObject("Tablo/Veriler"), findTestObject("Tablo/VerininCheckBoxi"), Veri_Adi): Method.TextDegerineEsitElementinAltindakineTikla is PASSED

2021-06-28 10:03:04 - [MESSAGE][INFO] - Finding Test Object 'Object Repository/Tablo/Veriler'

2021-06-28 10:03:04 - [MESSAGE][INFO] - Finding Test Object 'Object Repository/Tablo/VerininCheckBoxi'

2021-06-28 10:03:04 - [MESSAGE][INFO] - Checking timeout

2021-06-28 10:03:04 - [MESSAGE][INFO] - Finding web element with id: 'Object Repository/Tablo/Veriler' located by 'By.cssSelector: td.dxgv b ,td.dxgv' in '10' second(s)

2021-06-28 10:03:04 - [MESSAGE][INFO] - Smart Wait Function is triggered

2021-06-28 10:03:04 - [MESSAGE][INFO] - Found 13 web elements with id: 'Object Repository/Tablo/Veriler' located by 'By.cssSelector: td.dxgv b ,td.dxgv' in '10' second(s)

2021-06-28 10:03:04 - [MESSAGE][INFO] - Smart Wait Function is triggered

2021-06-28 10:03:04 - [MESSAGE][PASSED] - Method.TextDegerineEsitElementinAltindakineTikla is PASSED

2021-06-28 10:03:04 - [MESSAGE][PASSED] - Call Test Case 'Test Cases/Tablo/TablodanVeriSec' successfully

2021-06-28 10:03:04 - [MESSAGE][INFO] - Checking called Test Case

2021-06-28 10:03:04 - [MESSAGE][INFO] - Starting to call Test Case 'Test Cases/Butonlar/ButonaTikla'

2021-06-28 10:03:04 - [TEST_CASE][PASSED] - Test Cases/Butonlar/ButonaTikla: Test Cases/Butonlar/ButonaTikla

2021-06-28 10:03:04 - [TEST_STEP][PASSED] - Method.TextDegerineEsitElementeTiklaEquals(findTestObject("Butonlar/Butonlar"), Buton_Adi): Method.TextDegerineEsitElementeTiklaEquals is PASSED

2021-06-28 10:03:04 - [MESSAGE][INFO] - Finding Test Object 'Object Repository/Butonlar/Butonlar'

2021-06-28 10:03:05 - [MESSAGE][INFO] - Checking timeout

2021-06-28 10:03:05 - [MESSAGE][INFO] - Finding web element with id: 'Object Repository/Butonlar/Butonlar' located by 'By.cssSelector: .panel.panel-default.text-center.footerPanel .btn,.btn.btn-primary.btnControls' in '10' second(s)

2021-06-28 10:03:05 - [MESSAGE][INFO] - Smart Wait Function is triggered

2021-06-28 10:03:05 - [MESSAGE][INFO] - Found 13 web elements with id: 'Object Repository/Butonlar/Butonlar' located by 'By.cssSelector: .panel.panel-default.text-center.footerPanel .btn,.btn.btn-primary.btnControls' in '10' second(s)

2021-06-28 10:03:05 - [MESSAGE][PASSED] - Method.TextDegerineEsitElementeTiklaEquals is PASSED

2021-06-28 10:03:05 - [MESSAGE][PASSED] - Call Test Case 'Test Cases/Butonlar/ButonaTikla' successfully

2021-06-28 10:03:05 - [MESSAGE][INFO] - Checking called Test Case

2021-06-28 10:03:05 - [MESSAGE][INFO] - Starting to call Test Case 'Test Cases/Sekmeler/YeniSekmeyeGec'

2021-06-28 10:03:05 - [TEST_CASE][PASSED] - Test Cases/Sekmeler/YeniSekmeyeGec: Test Cases/Sekmeler/YeniSekmeyeGec

2021-06-28 10:03:05 - [TEST_STEP][PASSED] - switchToWindowIndex(1): Switched to window with index: '1'

2021-06-28 10:03:05 - [MESSAGE][INFO] - Checking index

2021-06-28 10:03:05 - [MESSAGE][INFO] - Switching window with index: '1'

2021-06-28 10:03:05 - [MESSAGE][PASSED] - Switched to window with index: '1'

2021-06-28 10:03:05 - [MESSAGE][PASSED] - Call Test Case 'Test Cases/Sekmeler/YeniSekmeyeGec' successfully

2021-06-28 10:03:05 - [MESSAGE][INFO] - Checking called Test Case

2021-06-28 10:03:05 - [MESSAGE][INFO] - Starting to call Test Case 'Test Cases/Sekmeler/TagGeldiMi'

2021-06-28 10:03:05 - [TEST_CASE][PASSED] - Test Cases/Sekmeler/TagGeldiMi: Test Cases/Sekmeler/TagGeldiMi

2021-06-28 10:03:05 - [TEST_STEP][PASSED] - waitForElementPresent(findTestObject("Object Repository/Sekmeler/UBLTag"), 10): Object 'Object Repository/Sekmeler/UBLTag' is present

2021-06-28 10:03:05 - [MESSAGE][INFO] - Finding Test Object 'Object Repository/Sekmeler/UBLTag'

2021-06-28 10:03:05 - [MESSAGE][INFO] - Checking object

2021-06-28 10:03:05 - [MESSAGE][INFO] - Finding web element from Test Object's properties

2021-06-28 10:03:05 - [MESSAGE][INFO] - Checking timeout

2021-06-28 10:03:05 - [MESSAGE][INFO] - Finding web element with id: 'Object Repository/Sekmeler/UBLTag' located by 'By.cssSelector: #webkit-xml-viewer-source-xml>:first-child' in '10' second(s)

2021-06-28 10:03:05 - [MESSAGE][INFO] - Smart Wait Function is triggered

2021-06-28 10:03:05 - [MESSAGE][INFO] - Found 1 web elements with id: 'Object Repository/Sekmeler/UBLTag' located by 'By.cssSelector: #webkit-xml-viewer-source-xml>:first-child' in '10' second(s)

2021-06-28 10:03:05 - [MESSAGE][PASSED] - Object 'Object Repository/Sekmeler/UBLTag' is present

2021-06-28 10:03:05 - [TEST_STEP][PASSED] - println(toLowerCase().toString()): Found 1 web elements with id: 'Object Repository/Sekmeler/UBLTag' located by 'By.cssSelector: #webkit-xml-viewer-source-xml>:first-child' in '10' second(s)

2021-06-28 10:03:05 - [MESSAGE][INFO] - Finding Test Object 'Object Repository/Sekmeler/UBLTag'

2021-06-28 10:03:05 - [MESSAGE][INFO] - Finding web element from Test Object's properties

2021-06-28 10:03:05 - [MESSAGE][INFO] - Checking timeout

2021-06-28 10:03:05 - [MESSAGE][INFO] - Finding web element with id: 'Object Repository/Sekmeler/UBLTag' located by 'By.cssSelector: #webkit-xml-viewer-source-xml>:first-child' in '10' second(s)

2021-06-28 10:03:05 - [MESSAGE][INFO] - Smart Wait Function is triggered

2021-06-28 10:03:05 - [MESSAGE][INFO] - Found 1 web elements with id: 'Object Repository/Sekmeler/UBLTag' located by 'By.cssSelector: #webkit-xml-viewer-source-xml>:first-child' in '10' second(s)

2021-06-28 10:03:05 - [TEST_STEP][PASSED] - if (!(toString().contains(toString().toLowerCase()))): Found 1 web elements with id: 'Object Repository/Sekmeler/UBLTag' located by 'By.cssSelector: #webkit-xml-viewer-source-xml>:first-child' in '10' second(s)

2021-06-28 10:03:05 - [MESSAGE][INFO] - Finding Test Object 'Object Repository/Sekmeler/UBLTag'

2021-06-28 10:03:05 - [MESSAGE][INFO] - Finding web element from Test Object's properties

2021-06-28 10:03:05 - [MESSAGE][INFO] - Checking timeout

2021-06-28 10:03:05 - [MESSAGE][INFO] - Finding web element with id: 'Object Repository/Sekmeler/UBLTag' located by 'By.cssSelector: #webkit-xml-viewer-source-xml>:first-child' in '10' second(s)

2021-06-28 10:03:05 - [MESSAGE][INFO] - Smart Wait Function is triggered

2021-06-28 10:03:06 - [MESSAGE][INFO] - Found 1 web elements with id: 'Object Repository/Sekmeler/UBLTag' located by 'By.cssSelector: #webkit-xml-viewer-source-xml>:first-child' in '10' second(s)

2021-06-28 10:03:06 - [MESSAGE][PASSED] - Call Test Case 'Test Cases/Sekmeler/TagGeldiMi' successfully

2021-06-28 10:03:06 - [MESSAGE][INFO] - Checking called Test Case

2021-06-28 10:03:06 - [MESSAGE][INFO] - Starting to call Test Case 'Test Cases/Sekmeler/Ana_Sekmeye_Gec'

2021-06-28 10:03:06 - [TEST_CASE][PASSED] - Test Cases/Sekmeler/Ana_Sekmeye_Gec: Test Cases/Sekmeler/Ana_Sekmeye_Gec

2021-06-28 10:03:06 - [TEST_STEP][PASSED] - try: Window with index 1 is closed

2021-06-28 10:03:06 - [TEST_STEP][PASSED] - index = getWindowIndex(): Current window's index is: 1

2021-06-28 10:03:06 - [MESSAGE][INFO] - Getting current window's index

2021-06-28 10:03:06 - [MESSAGE][PASSED] - Current window's index is: 1

2021-06-28 10:03:06 - [TEST_STEP][PASSED] - closeWindowIndex(index): Window with index 1 is closed

2021-06-28 10:03:06 - [MESSAGE][INFO] - Checking index

2021-06-28 10:03:06 - [MESSAGE][INFO] - Closing window with index 1

2021-06-28 10:03:06 - [MESSAGE][PASSED] - Window with index 1 is closed

2021-06-28 10:03:06 - [TEST_STEP][PASSED] - switchToWindowIndex(0): Switched to window with index: '0'

2021-06-28 10:03:06 - [MESSAGE][INFO] - Checking index

2021-06-28 10:03:06 - [MESSAGE][INFO] - Switching window with index: '0'

2021-06-28 10:03:06 - [MESSAGE][PASSED] - Switched to window with index: '0'

2021-06-28 10:03:06 - [MESSAGE][PASSED] - Call Test Case 'Test Cases/Sekmeler/Ana_Sekmeye_Gec' successfully

2021-06-28 10:03:06 - [MESSAGE][INFO] - Checking called Test Case

2021-06-28 10:03:06 - [MESSAGE][INFO] - Starting to call Test Case 'Test Cases/Kullanici_Islemleri/KullaniciIslemlerindenSecimYapilir'

2021-06-28 10:03:06 - [TEST_CASE][PASSED] - Test Cases/Kullanici_Islemleri/KullaniciIslemlerindenSecimYapilir: Test Cases/Kullanici_Islemleri/KullaniciIslemlerindenSecimYapilir

2021-06-28 10:03:06 - [TEST_STEP][PASSED] - waitForElementClickable(findTestObject("Object Repository/Kullanici_Islemleri/KullaniciIslemleri"), 10): Object 'Object Repository/Kullanici_Islemleri/KullaniciIslemleri' is clickable

2021-06-28 10:03:06 - [MESSAGE][INFO] - Finding Test Object 'Object Repository/Kullanici_Islemleri/KullaniciIslemleri'

2021-06-28 10:03:06 - [MESSAGE][INFO] - Checking object

2021-06-28 10:03:06 - [MESSAGE][INFO] - Checking timeout

2021-06-28 10:03:06 - [MESSAGE][INFO] - Finding web element from Test Object's properties

2021-06-28 10:03:06 - [MESSAGE][INFO] - Checking timeout

2021-06-28 10:03:06 - [MESSAGE][INFO] - Finding web element with id: 'Object Repository/Kullanici_Islemleri/KullaniciIslemleri' located by 'By.cssSelector: .dropdown>a>img' in '10' second(s)

2021-06-28 10:03:06 - [MESSAGE][INFO] - Smart Wait Function is triggered

2021-06-28 10:03:06 - [MESSAGE][INFO] - Found 1 web elements with id: 'Object Repository/Kullanici_Islemleri/KullaniciIslemleri' located by 'By.cssSelector: .dropdown>a>img' in '10' second(s)

2021-06-28 10:03:06 - [MESSAGE][PASSED] - Object 'Object Repository/Kullanici_Islemleri/KullaniciIslemleri' is clickable

2021-06-28 10:03:06 - [TEST_STEP][PASSED] - click(findTestObject("Object Repository/Kullanici_Islemleri/KullaniciIslemleri")): Object: 'Object Repository/Kullanici_Islemleri/KullaniciIslemleri' is clicked on

2021-06-28 10:03:06 - [MESSAGE][INFO] - Finding Test Object 'Object Repository/Kullanici_Islemleri/KullaniciIslemleri'

2021-06-28 10:03:06 - [MESSAGE][INFO] - Checking object

2021-06-28 10:03:06 - [MESSAGE][INFO] - Finding web element from Test Object's properties

2021-06-28 10:03:06 - [MESSAGE][INFO] - Checking timeout

2021-06-28 10:03:06 - [MESSAGE][INFO] - Finding web element with id: 'Object Repository/Kullanici_Islemleri/KullaniciIslemleri' located by 'By.cssSelector: .dropdown>a>img' in '30' second(s)

2021-06-28 10:03:06 - [MESSAGE][INFO] - Smart Wait Function is triggered

2021-06-28 10:03:06 - [MESSAGE][INFO] - Found 1 web elements with id: 'Object Repository/Kullanici_Islemleri/KullaniciIslemleri' located by 'By.cssSelector: .dropdown>a>img' in '30' second(s)

2021-06-28 10:03:06 - [MESSAGE][INFO] - Clicking on object: 'Object Repository/Kullanici_Islemleri/KullaniciIslemleri'

2021-06-28 10:03:07 - [MESSAGE][PASSED] - Object: 'Object Repository/Kullanici_Islemleri/KullaniciIslemleri' is clicked on

2021-06-28 10:03:07 - [TEST_STEP][PASSED] - Method.TextDegerineEsitElementeTikla(findTestObject("Object Repository/Kullanici_Islemleri/Secenekler"), Islem): Method.TextDegerineEsitElementeTikla is PASSED

2021-06-28 10:03:07 - [MESSAGE][INFO] - Finding Test Object 'Object Repository/Kullanici_Islemleri/Secenekler'

2021-06-28 10:03:07 - [MESSAGE][INFO] - Checking timeout

2021-06-28 10:03:07 - [MESSAGE][INFO] - Finding web element with id: 'Object Repository/Kullanici_Islemleri/Secenekler' located by 'By.cssSelector: .nav.navbar-nav.navbar-right li a' in '10' second(s)

2021-06-28 10:03:07 - [MESSAGE][INFO] - Smart Wait Function is triggered

2021-06-28 10:03:07 - [MESSAGE][INFO] - Found 22 web elements with id: 'Object Repository/Kullanici_Islemleri/Secenekler' located by 'By.cssSelector: .nav.navbar-nav.navbar-right li a' in '10' second(s)

2021-06-28 10:03:08 - [MESSAGE][PASSED] - Method.TextDegerineEsitElementeTikla is PASSED

2021-06-28 10:03:08 - [TEST_STEP][PASSED] - verifyElementNotPresent(findTestObject("Object Repository/Kullanici_Islemleri/Secenekler"), 10): Web element with id: 'Object Repository/Kullanici_Islemleri/Secenekler' located by 'By.cssSelector: .nav.navbar-nav.navbar-right li a' is not present after '10' second(s)

2021-06-28 10:03:08 - [MESSAGE][INFO] - Finding Test Object 'Object Repository/Kullanici_Islemleri/Secenekler'

2021-06-28 10:03:08 - [MESSAGE][INFO] - Checking object

2021-06-28 10:03:08 - [MESSAGE][INFO] - Checking timeout

2021-06-28 10:03:08 - [MESSAGE][INFO] - Finding web element with id: 'Object Repository/Kullanici_Islemleri/Secenekler' located by 'By.cssSelector: .nav.navbar-nav.navbar-right li a' in '10' second(s)

2021-06-28 10:03:08 - [MESSAGE][INFO] - Smart Wait Function is triggered

2021-06-28 10:03:08 - [MESSAGE][PASSED] - Web element with id: 'Object Repository/Kullanici_Islemleri/Secenekler' located by 'By.cssSelector: .nav.navbar-nav.navbar-right li a' is not present after '10' second(s)

2021-06-28 10:03:08 - [MESSAGE][PASSED] - Call Test Case 'Test Cases/Kullanici_Islemleri/KullaniciIslemlerindenSecimYapilir' successfully

2021-06-28 10:03:08 - [TEST_CASE][PASSED] - Start Test Case : SCENARIO e-Mustahsil Makbuzu UBL: SCENARIO e-Mustahsil Makbuzu UBL

2021-06-28 10:03:08 - [TEST_STEP][PASSED] - Kullanıcı adı ELOGO6 ve Şifre 123456 olarak giriş yapılır: Kullanıcı adı ELOGO6 ve Şifre 123456 olarak giriş yapılır

2021-06-28 10:03:08 - [MESSAGE][PASSED] - Kullanıcı adı ELOGO6 ve Şifre 123456 olarak giriş yapılır

2021-06-28 10:03:08 - [TEST_STEP][PASSED] - Ana menüden e-Makbuz seçilir: Ana menüden e-Makbuz seçilir

2021-06-28 10:03:08 - [MESSAGE][PASSED] - Ana menüden e-Makbuz seçilir

2021-06-28 10:03:08 - [TEST_STEP][PASSED] - Alt menü e-Müstahsil Uygulaması başlığı altındaki e-Müstahsil Makbuzları seçilir: Alt menü e-Müstahsil Uygulaması başlığı altındaki e-Müstahsil Makbuzları seçilir

2021-06-28 10:03:08 - [MESSAGE][PASSED] - Alt menü e-Müstahsil Uygulaması başlığı altındaki e-Müstahsil Makbuzları seçilir

2021-06-28 10:03:08 - [TEST_STEP][PASSED] - Filtrelerden Oluşturma Tarihi filtresine 01.12.2020 baslangic degerini yaz: Filtrelerden Oluşturma Tarihi filtresine 01.12.2020 baslangic degerini yaz

2021-06-28 10:03:08 - [MESSAGE][PASSED] - Filtrelerden Oluşturma Tarihi filtresine 01.12.2020 baslangic degerini yaz

2021-06-28 10:03:08 - [TEST_STEP][PASSED] - Filtrelerden Oluşturma Tarihi filtresine 31.12.2020 bitis degerini yaz: Filtrelerden Oluşturma Tarihi filtresine 31.12.2020 bitis degerini yaz

2021-06-28 10:03:08 - [MESSAGE][PASSED] - Filtrelerden Oluşturma Tarihi filtresine 31.12.2020 bitis degerini yaz

2021-06-28 10:03:08 - [TEST_STEP][PASSED] - Filtre butonlarından Listele seçilir: Filtre butonlarından Listele seçilir

2021-06-28 10:03:08 - [MESSAGE][PASSED] - Filtre butonlarından Listele seçilir

2021-06-28 10:03:08 - [TEST_STEP][PASSED] - Tabloda veri var mı kontrol edilir: Tabloda veri var mı kontrol edilir

2021-06-28 10:03:08 - [MESSAGE][PASSED] - Tabloda veri var mı kontrol edilir

2021-06-28 10:03:08 - [TEST_STEP][PASSED] - Tablodan ELOGO5 isimli veri seçilir: Tablodan ELOGO5 isimli veri seçilir

2021-06-28 10:03:08 - [MESSAGE][PASSED] - Tablodan ELOGO5 isimli veri seçilir

2021-06-28 10:03:08 - [TEST_STEP][PASSED] - Butonlardan UBL isimli butona tıklanır: Butonlardan UBL isimli butona tıklanır

2021-06-28 10:03:08 - [MESSAGE][PASSED] - Butonlardan UBL isimli butona tıklanır

2021-06-28 10:03:08 - [TEST_STEP][PASSED] - Yeni açılan sekmeye geçilir: Yeni açılan sekmeye geçilir

2021-06-28 10:03:08 - [MESSAGE][PASSED] - Yeni açılan sekmeye geçilir

2021-06-28 10:03:08 - [TEST_STEP][PASSED] - CreditNote tagli ubl geldi mi: CreditNote tagli ubl geldi mi

2021-06-28 10:03:08 - [MESSAGE][PASSED] - CreditNote tagli ubl geldi mi

2021-06-28 10:03:08 - [TEST_STEP][PASSED] - Ana sekmeye geçilir: Ana sekmeye geçilir

2021-06-28 10:03:08 - [MESSAGE][PASSED] - Ana sekmeye geçilir

2021-06-28 10:03:08 - [TEST_STEP][PASSED] - Kullanıcı işlemlerinden Çıkış seçilir: Kullanıcı işlemlerinden Çıkış seçilir

2021-06-28 10:03:08 - [MESSAGE][PASSED] - Kullanıcı işlemlerinden Çıkış seçilir

2021-06-28 10:03:08 - [MESSAGE][PASSED] - Feature file: 'Include/features/e-Makbuz/e-Mustahsil Uygulamasi/e-Mustahsil Makbuzlari/UBL.feature' was passed

2021-06-28 10:03:08 - [TEST_STEP][PASSED] - Start listener action : sampleAfterTestSuite: Invoke 'com.kms.katalon.core.annotation.AfterTestCase' method: 'Listener.sampleAfterTestSuite(...)' completed.

2021-06-28 10:03:08 - [MESSAGE][INFO] - Starting invoke 'com.kms.katalon.core.annotation.AfterTestCase' method: 'Listener.sampleAfterTestSuite(...)'

2021-06-28 10:03:08 - [TEST_STEP][PASSED] - closeBrowser(): Invoke 'com.kms.katalon.core.annotation.AfterTestCase' method: 'Listener.sampleAfterTestSuite(...)' completed.

2021-06-28 10:03:08 - [MESSAGE][INFO] - Closing browser

2021-06-28 10:03:09 - [MESSAGE][PASSED] - Browser is closed

2021-06-28 10:03:09 - [MESSAGE][INFO] - Invoke 'com.kms.katalon.core.annotation.AfterTestCase' method: 'Listener.sampleAfterTestSuite(...)' completed.]]></system-out>
         <system-err><![CDATA[]]></system-err>
      </testcase>
      <system-out><![CDATA[2021-06-28 10:01:08 - [TEST_SUITE][PASSED] - deneme1: Test Cases/Case Repository/e-Makbuz/e-Mustahsil Uygulamasi/e-Mustahsil Makbuzlari/UBL]]></system-out>
      <system-err><![CDATA[]]></system-err>
   </testsuite>
</testsuites>
