<?xml version="1.0" encoding="UTF-8"?>
<testsuites name="New Test Suite Collection" time="83.568" tests="8" failures="8" errors="0">
   <testsuite name="Buton Kontrolu" tests="1" failures="1" errors="0" time="56.853" timestamp="2020-12-17 23:08:33" hostname="yigit - LAPTOP-7436ND4C" id="">
      <properties>
         <property name="deviceName" value=""/>
         <property name="devicePlatform" value=""/>
         <property name="logFolder" value="C:\\Users\\yigit\\Documents\\GitHub\\eesekim\\Reports\\20201217_230810\\_Suite Repository ( Deneysel )\\Ayarlar\\Araclar\\Adres Defteri\\Buton Kontrolu\\20201217_230811"/>
         <property name="logFiles" value="C:\\Users\\yigit\\Documents\\GitHub\\eesekim\\Reports\\20201217_230810\\_Suite Repository ( Deneysel )\\Ayarlar\\Araclar\\Adres Defteri\\Buton Kontrolu\\20201217_230811\\execution0.log"/>
         <property name="attachments" value=""/>
         <property name="hostName" value="yigit - LAPTOP-7436ND4C"/>
         <property name="os" value="Windows 10 64bit"/>
         <property name="katalonVersion" value="7.7.2.205"/>
         <property name="browser" value="Chrome 87.0.4280.88"/>
         <property name="hostAddress" value="10.10.10.154"/>
         <property name="sessionId" value="d5220888e902114c7be661150f76edc1"/>
         <property name="seleniumVersion" value="3.141.59"/>
         <property name="proxyInformation" value="ProxyInformation { proxyOption=NO_PROXY, proxyServerType=HTTP, username=, password=********, proxyServerAddress=, proxyServerPort=0, executionList=&quot;&quot;, isApplyToDesiredCapabilities=true }"/>
         <property name="platform" value="Windows 10"/>
      </properties>
      <testcase name="Test Cases/Case Repository/Ayarlar/Araclar/Adres Defteri/Buton Kontrolu" time="55.238" classname="Test Cases/Case Repository/Ayarlar/Araclar/Adres Defteri/Buton Kontrolu" status="FAILED">
         <failure type="FAILED" message="Test Cases/Case Repository/Ayarlar/Araclar/Adres Defteri/Buton Kontrolu FAILED.
Reason:
com.kms.katalon.core.exception.StepFailedException: Keyword runFeatureFile was failed (Root cause: java.lang.NullPointerException: No format for key faıled
	at cucumber.runtime.formatter.AnsiFormats.get(AnsiFormats.java:51)
	at cucumber.runtime.Stats.printScenarios(Stats.java:170)
	at cucumber.runtime.Stats.printNonZeroResultScenarios(Stats.java:161)
	at cucumber.runtime.Stats.printStats(Stats.java:107)
	at cucumber.runtime.DefaultSummaryPrinter.printStats(DefaultSummaryPrinter.java:34)
	at cucumber.runtime.DefaultSummaryPrinter.print(DefaultSummaryPrinter.java:27)
	at cucumber.runtime.DefaultSummaryPrinter.access$000(DefaultSummaryPrinter.java:14)
	at cucumber.runtime.DefaultSummaryPrinter$1.receive(DefaultSummaryPrinter.java:63)
	at cucumber.runtime.DefaultSummaryPrinter$1.receive(DefaultSummaryPrinter.java:60)
	at cucumber.runner.EventBus.send(EventBus.java:28)
	at cucumber.runtime.Runtime.run(Runtime.java:109)
	at cucumber.api.cli.Main.run(Main.java:35)
	at cucumber.api.cli.Main$run.call(Unknown Source)
	at com.kms.katalon.core.cucumber.keyword.CucumberBuiltinKeywords$_runFeatureFile_closure1.doCall(CucumberBuiltinKeywords.groovy:76)
	at com.kms.katalon.core.cucumber.keyword.CucumberBuiltinKeywords$_runFeatureFile_closure1.doCall(CucumberBuiltinKeywords.groovy)
	at com.kms.katalon.core.keyword.internal.KeywordMain.runKeyword(KeywordMain.groovy:68)
	at com.kms.katalon.core.keyword.internal.KeywordMain$runKeyword.call(Unknown Source)
	at com.kms.katalon.core.cucumber.keyword.CucumberBuiltinKeywords.runFeatureFile(CucumberBuiltinKeywords.groovy:46)
	at com.kms.katalon.core.cucumber.keyword.CucumberBuiltinKeywords$runFeatureFile$0.callStatic(Unknown Source)
	at com.kms.katalon.core.cucumber.keyword.CucumberBuiltinKeywords.runFeatureFile(CucumberBuiltinKeywords.groovy:169)
	at com.kms.katalon.core.cucumber.keyword.CucumberBuiltinKeywords$runFeatureFile.call(Unknown Source)
	at Buton Kontrolu.run(Buton Kontrolu:19)
	at com.kms.katalon.core.main.ScriptEngine.run(ScriptEngine.java:194)
	at com.kms.katalon.core.main.ScriptEngine.runScriptAsRawText(ScriptEngine.java:119)
	at com.kms.katalon.core.main.TestCaseExecutor.runScript(TestCaseExecutor.java:339)
	at com.kms.katalon.core.main.TestCaseExecutor.doExecute(TestCaseExecutor.java:330)
	at com.kms.katalon.core.main.TestCaseExecutor.processExecutionPhase(TestCaseExecutor.java:309)
	at com.kms.katalon.core.main.TestCaseExecutor.accessMainPhase(TestCaseExecutor.java:301)
	at com.kms.katalon.core.main.TestCaseExecutor.execute(TestCaseExecutor.java:235)
	at com.kms.katalon.core.main.TestSuiteExecutor.accessTestCaseMainPhase(TestSuiteExecutor.java:191)
	at com.kms.katalon.core.main.TestSuiteExecutor.accessTestSuiteMainPhase(TestSuiteExecutor.java:141)
	at com.kms.katalon.core.main.TestSuiteExecutor.execute(TestSuiteExecutor.java:90)
	at com.kms.katalon.core.main.TestCaseMain.startTestSuite(TestCaseMain.java:157)
	at com.kms.katalon.core.main.TestCaseMain$startTestSuite$0.call(Unknown Source)
	at TempTestSuite1608235691517.run(TempTestSuite1608235691517.groovy:39)
)
	at com.kms.katalon.core.keyword.internal.KeywordMain.stepFailed(KeywordMain.groovy:50)
	at com.kms.katalon.core.keyword.internal.KeywordMain.stepFailed(KeywordMain.groovy)
	at com.kms.katalon.core.keyword.internal.KeywordMain.runKeyword(KeywordMain.groovy:70)
	at com.kms.katalon.core.keyword.internal.KeywordMain$runKeyword.call(Unknown Source)
	at com.kms.katalon.core.cucumber.keyword.CucumberBuiltinKeywords.runFeatureFile(CucumberBuiltinKeywords.groovy:46)
	at com.kms.katalon.core.cucumber.keyword.CucumberBuiltinKeywords$runFeatureFile$0.callStatic(Unknown Source)
	at com.kms.katalon.core.cucumber.keyword.CucumberBuiltinKeywords.runFeatureFile(CucumberBuiltinKeywords.groovy:169)
	at com.kms.katalon.core.cucumber.keyword.CucumberBuiltinKeywords$runFeatureFile.call(Unknown Source)
	at Buton Kontrolu.run(Buton Kontrolu:19)
	at com.kms.katalon.core.main.ScriptEngine.run(ScriptEngine.java:194)
	at com.kms.katalon.core.main.ScriptEngine.runScriptAsRawText(ScriptEngine.java:119)
	at com.kms.katalon.core.main.TestCaseExecutor.runScript(TestCaseExecutor.java:339)
	at com.kms.katalon.core.main.TestCaseExecutor.doExecute(TestCaseExecutor.java:330)
	at com.kms.katalon.core.main.TestCaseExecutor.processExecutionPhase(TestCaseExecutor.java:309)
	at com.kms.katalon.core.main.TestCaseExecutor.accessMainPhase(TestCaseExecutor.java:301)
	at com.kms.katalon.core.main.TestCaseExecutor.execute(TestCaseExecutor.java:235)
	at com.kms.katalon.core.main.TestSuiteExecutor.accessTestCaseMainPhase(TestSuiteExecutor.java:191)
	at com.kms.katalon.core.main.TestSuiteExecutor.accessTestSuiteMainPhase(TestSuiteExecutor.java:141)
	at com.kms.katalon.core.main.TestSuiteExecutor.execute(TestSuiteExecutor.java:90)
	at com.kms.katalon.core.main.TestCaseMain.startTestSuite(TestCaseMain.java:157)
	at com.kms.katalon.core.main.TestCaseMain$startTestSuite$0.call(Unknown Source)
	at TempTestSuite1608235691517.run(TempTestSuite1608235691517.groovy:39)
Caused by: java.lang.NullPointerException: No format for key faıled
	at cucumber.runtime.formatter.AnsiFormats.get(AnsiFormats.java:51)
	at cucumber.runtime.Stats.printScenarios(Stats.java:170)
	at cucumber.runtime.Stats.printNonZeroResultScenarios(Stats.java:161)
	at cucumber.runtime.Stats.printStats(Stats.java:107)
	at cucumber.runtime.DefaultSummaryPrinter.printStats(DefaultSummaryPrinter.java:34)
	at cucumber.runtime.DefaultSummaryPrinter.print(DefaultSummaryPrinter.java:27)
	at cucumber.runtime.DefaultSummaryPrinter.access$000(DefaultSummaryPrinter.java:14)
	at cucumber.runtime.DefaultSummaryPrinter$1.receive(DefaultSummaryPrinter.java:63)
	at cucumber.runtime.DefaultSummaryPrinter$1.receive(DefaultSummaryPrinter.java:60)
	at cucumber.runner.EventBus.send(EventBus.java:28)
	at cucumber.runtime.Runtime.run(Runtime.java:109)
	at cucumber.api.cli.Main.run(Main.java:35)
	at cucumber.api.cli.Main$run.call(Unknown Source)
	at com.kms.katalon.core.cucumber.keyword.CucumberBuiltinKeywords$_runFeatureFile_closure1.doCall(CucumberBuiltinKeywords.groovy:76)
	at com.kms.katalon.core.cucumber.keyword.CucumberBuiltinKeywords$_runFeatureFile_closure1.doCall(CucumberBuiltinKeywords.groovy)
	at com.kms.katalon.core.keyword.internal.KeywordMain.runKeyword(KeywordMain.groovy:68)
	... 19 more
"/>
         <system-out><![CDATA[2020-12-17 23:08:33 - [TEST_CASE][FAILED] - Test Cases/Case Repository/Ayarlar/Araclar/Adres Defteri/Buton Kontrolu: Test Cases/Case Repository/Ayarlar/Araclar/Adres Defteri/Buton Kontrolu FAILED.
Reason:
com.kms.katalon.core.exception.StepFailedException: Keyword runFeatureFile was failed (Root cause: java.lang.NullPointerException: No format for key faıled
	at cucumber.runtime.formatter.AnsiFormats.get(AnsiFormats.java:51)
	at cucumber.runtime.Stats.printScenarios(Stats.java:170)
	at cucumber.runtime.Stats.printNonZeroResultScenarios(Stats.java:161)
	at cucumber.runtime.Stats.printStats(Stats.java:107)
	at cucumber.runtime.DefaultSummaryPrinter.printStats(DefaultSummaryPrinter.java:34)
	at cucumber.runtime.DefaultSummaryPrinter.print(DefaultSummaryPrinter.java:27)
	at cucumber.runtime.DefaultSummaryPrinter.access$000(DefaultSummaryPrinter.java:14)
	at cucumber.runtime.DefaultSummaryPrinter$1.receive(DefaultSummaryPrinter.java:63)
	at cucumber.runtime.DefaultSummaryPrinter$1.receive(DefaultSummaryPrinter.java:60)
	at cucumber.runner.EventBus.send(EventBus.java:28)
	at cucumber.runtime.Runtime.run(Runtime.java:109)
	at cucumber.api.cli.Main.run(Main.java:35)
	at cucumber.api.cli.Main$run.call(Unknown Source)
	at com.kms.katalon.core.cucumber.keyword.CucumberBuiltinKeywords$_runFeatureFile_closure1.doCall(CucumberBuiltinKeywords.groovy:76)
	at com.kms.katalon.core.cucumber.keyword.CucumberBuiltinKeywords$_runFeatureFile_closure1.doCall(CucumberBuiltinKeywords.groovy)
	at com.kms.katalon.core.keyword.internal.KeywordMain.runKeyword(KeywordMain.groovy:68)
	at com.kms.katalon.core.keyword.internal.KeywordMain$runKeyword.call(Unknown Source)
	at com.kms.katalon.core.cucumber.keyword.CucumberBuiltinKeywords.runFeatureFile(CucumberBuiltinKeywords.groovy:46)
	at com.kms.katalon.core.cucumber.keyword.CucumberBuiltinKeywords$runFeatureFile$0.callStatic(Unknown Source)
	at com.kms.katalon.core.cucumber.keyword.CucumberBuiltinKeywords.runFeatureFile(CucumberBuiltinKeywords.groovy:169)
	at com.kms.katalon.core.cucumber.keyword.CucumberBuiltinKeywords$runFeatureFile.call(Unknown Source)
	at Buton Kontrolu.run(Buton Kontrolu:19)
	at com.kms.katalon.core.main.ScriptEngine.run(ScriptEngine.java:194)
	at com.kms.katalon.core.main.ScriptEngine.runScriptAsRawText(ScriptEngine.java:119)
	at com.kms.katalon.core.main.TestCaseExecutor.runScript(TestCaseExecutor.java:339)
	at com.kms.katalon.core.main.TestCaseExecutor.doExecute(TestCaseExecutor.java:330)
	at com.kms.katalon.core.main.TestCaseExecutor.processExecutionPhase(TestCaseExecutor.java:309)
	at com.kms.katalon.core.main.TestCaseExecutor.accessMainPhase(TestCaseExecutor.java:301)
	at com.kms.katalon.core.main.TestCaseExecutor.execute(TestCaseExecutor.java:235)
	at com.kms.katalon.core.main.TestSuiteExecutor.accessTestCaseMainPhase(TestSuiteExecutor.java:191)
	at com.kms.katalon.core.main.TestSuiteExecutor.accessTestSuiteMainPhase(TestSuiteExecutor.java:141)
	at com.kms.katalon.core.main.TestSuiteExecutor.execute(TestSuiteExecutor.java:90)
	at com.kms.katalon.core.main.TestCaseMain.startTestSuite(TestCaseMain.java:157)
	at com.kms.katalon.core.main.TestCaseMain$startTestSuite$0.call(Unknown Source)
	at TempTestSuite1608235691517.run(TempTestSuite1608235691517.groovy:39)
)
	at com.kms.katalon.core.keyword.internal.KeywordMain.stepFailed(KeywordMain.groovy:50)
	at com.kms.katalon.core.keyword.internal.KeywordMain.stepFailed(KeywordMain.groovy)
	at com.kms.katalon.core.keyword.internal.KeywordMain.runKeyword(KeywordMain.groovy:70)
	at com.kms.katalon.core.keyword.internal.KeywordMain$runKeyword.call(Unknown Source)
	at com.kms.katalon.core.cucumber.keyword.CucumberBuiltinKeywords.runFeatureFile(CucumberBuiltinKeywords.groovy:46)
	at com.kms.katalon.core.cucumber.keyword.CucumberBuiltinKeywords$runFeatureFile$0.callStatic(Unknown Source)
	at com.kms.katalon.core.cucumber.keyword.CucumberBuiltinKeywords.runFeatureFile(CucumberBuiltinKeywords.groovy:169)
	at com.kms.katalon.core.cucumber.keyword.CucumberBuiltinKeywords$runFeatureFile.call(Unknown Source)
	at Buton Kontrolu.run(Buton Kontrolu:19)
	at com.kms.katalon.core.main.ScriptEngine.run(ScriptEngine.java:194)
	at com.kms.katalon.core.main.ScriptEngine.runScriptAsRawText(ScriptEngine.java:119)
	at com.kms.katalon.core.main.TestCaseExecutor.runScript(TestCaseExecutor.java:339)
	at com.kms.katalon.core.main.TestCaseExecutor.doExecute(TestCaseExecutor.java:330)
	at com.kms.katalon.core.main.TestCaseExecutor.processExecutionPhase(TestCaseExecutor.java:309)
	at com.kms.katalon.core.main.TestCaseExecutor.accessMainPhase(TestCaseExecutor.java:301)
	at com.kms.katalon.core.main.TestCaseExecutor.execute(TestCaseExecutor.java:235)
	at com.kms.katalon.core.main.TestSuiteExecutor.accessTestCaseMainPhase(TestSuiteExecutor.java:191)
	at com.kms.katalon.core.main.TestSuiteExecutor.accessTestSuiteMainPhase(TestSuiteExecutor.java:141)
	at com.kms.katalon.core.main.TestSuiteExecutor.execute(TestSuiteExecutor.java:90)
	at com.kms.katalon.core.main.TestCaseMain.startTestSuite(TestCaseMain.java:157)
	at com.kms.katalon.core.main.TestCaseMain$startTestSuite$0.call(Unknown Source)
	at TempTestSuite1608235691517.run(TempTestSuite1608235691517.groovy:39)
Caused by: java.lang.NullPointerException: No format for key faıled
	at cucumber.runtime.formatter.AnsiFormats.get(AnsiFormats.java:51)
	at cucumber.runtime.Stats.printScenarios(Stats.java:170)
	at cucumber.runtime.Stats.printNonZeroResultScenarios(Stats.java:161)
	at cucumber.runtime.Stats.printStats(Stats.java:107)
	at cucumber.runtime.DefaultSummaryPrinter.printStats(DefaultSummaryPrinter.java:34)
	at cucumber.runtime.DefaultSummaryPrinter.print(DefaultSummaryPrinter.java:27)
	at cucumber.runtime.DefaultSummaryPrinter.access$000(DefaultSummaryPrinter.java:14)
	at cucumber.runtime.DefaultSummaryPrinter$1.receive(DefaultSummaryPrinter.java:63)
	at cucumber.runtime.DefaultSummaryPrinter$1.receive(DefaultSummaryPrinter.java:60)
	at cucumber.runner.EventBus.send(EventBus.java:28)
	at cucumber.runtime.Runtime.run(Runtime.java:109)
	at cucumber.api.cli.Main.run(Main.java:35)
	at cucumber.api.cli.Main$run.call(Unknown Source)
	at com.kms.katalon.core.cucumber.keyword.CucumberBuiltinKeywords$_runFeatureFile_closure1.doCall(CucumberBuiltinKeywords.groovy:76)
	at com.kms.katalon.core.cucumber.keyword.CucumberBuiltinKeywords$_runFeatureFile_closure1.doCall(CucumberBuiltinKeywords.groovy)
	at com.kms.katalon.core.keyword.internal.KeywordMain.runKeyword(KeywordMain.groovy:68)
	... 19 more


2020-12-17 23:08:33 - [TEST_STEP][PASSED] - Start listener action : sampleBeforeTestSuite: Invoke 'com.kms.katalon.core.annotation.BeforeTestCase' method: 'Listener.sampleBeforeTestSuite(...)' completed.

2020-12-17 23:08:33 - [MESSAGE][INFO] - Starting invoke 'com.kms.katalon.core.annotation.BeforeTestCase' method: 'Listener.sampleBeforeTestSuite(...)'

2020-12-17 23:08:34 - [TEST_STEP][PASSED] - Method.dosyalariSil("C:\otomasyondownfiles"): Method.dosyalariSil is PASSED

2020-12-17 23:08:34 - [MESSAGE][PASSED] - Method.dosyalariSil is PASSED

2020-12-17 23:08:34 - [TEST_STEP][PASSED] - openBrowser(baseUrl): Browser is opened with url: 'https://efatura-stage.elogo.com.tr/'

2020-12-17 23:08:36 - [MESSAGE][INFO] - Opening browser

2020-12-17 23:08:36 - [MESSAGE][INFO] - Starting 'Chrome' driver

2020-12-17 23:08:36 - [MESSAGE][INFO] - User set preference: ['prefs', '{download.default_directory=C:\otomasyondownfiles}']

2020-12-17 23:08:36 - [MESSAGE][INFO] - Action delay is set to 0 milliseconds

2020-12-17 23:08:43 - [MESSAGE][INFO] - Navigating browser to: 'https://efatura-stage.elogo.com.tr/'

2020-12-17 23:08:44 - [MESSAGE][PASSED] - Browser is opened with url: 'https://efatura-stage.elogo.com.tr/'

2020-12-17 23:08:44 - [TEST_STEP][PASSED] - maximizeWindow(): Invoke 'com.kms.katalon.core.annotation.BeforeTestCase' method: 'Listener.sampleBeforeTestSuite(...)' completed.

2020-12-17 23:08:44 - [MESSAGE][INFO] - Maximizing current window

2020-12-17 23:08:46 - [MESSAGE][PASSED] - Current window maximized

2020-12-17 23:08:46 - [MESSAGE][INFO] - Invoke 'com.kms.katalon.core.annotation.BeforeTestCase' method: 'Listener.sampleBeforeTestSuite(...)' completed.

2020-12-17 23:08:47 - [TEST_STEP][FAILED] - runFeatureFile("Include/features/Ayarlar/Araclar/Adres Defteri/Buton Kontrolu.feature"): Keyword runFeatureFile was failed (Root cause: java.lang.NullPointerException: No format for key faıled
	at cucumber.runtime.formatter.AnsiFormats.get(AnsiFormats.java:51)
	at cucumber.runtime.Stats.printScenarios(Stats.java:170)
	at cucumber.runtime.Stats.printNonZeroResultScenarios(Stats.java:161)
	at cucumber.runtime.Stats.printStats(Stats.java:107)
	at cucumber.runtime.DefaultSummaryPrinter.printStats(DefaultSummaryPrinter.java:34)
	at cucumber.runtime.DefaultSummaryPrinter.print(DefaultSummaryPrinter.java:27)
	at cucumber.runtime.DefaultSummaryPrinter.access$000(DefaultSummaryPrinter.java:14)
	at cucumber.runtime.DefaultSummaryPrinter$1.receive(DefaultSummaryPrinter.java:63)
	at cucumber.runtime.DefaultSummaryPrinter$1.receive(DefaultSummaryPrinter.java:60)
	at cucumber.runner.EventBus.send(EventBus.java:28)
	at cucumber.runtime.Runtime.run(Runtime.java:109)
	at cucumber.api.cli.Main.run(Main.java:35)
	at cucumber.api.cli.Main$run.call(Unknown Source)
	at com.kms.katalon.core.cucumber.keyword.CucumberBuiltinKeywords$_runFeatureFile_closure1.doCall(CucumberBuiltinKeywords.groovy:76)
	at com.kms.katalon.core.cucumber.keyword.CucumberBuiltinKeywords$_runFeatureFile_closure1.doCall(CucumberBuiltinKeywords.groovy)
	at com.kms.katalon.core.keyword.internal.KeywordMain.runKeyword(KeywordMain.groovy:68)
	at com.kms.katalon.core.keyword.internal.KeywordMain$runKeyword.call(Unknown Source)
	at com.kms.katalon.core.cucumber.keyword.CucumberBuiltinKeywords.runFeatureFile(CucumberBuiltinKeywords.groovy:46)
	at com.kms.katalon.core.cucumber.keyword.CucumberBuiltinKeywords$runFeatureFile$0.callStatic(Unknown Source)
	at com.kms.katalon.core.cucumber.keyword.CucumberBuiltinKeywords.runFeatureFile(CucumberBuiltinKeywords.groovy:169)
	at com.kms.katalon.core.cucumber.keyword.CucumberBuiltinKeywords$runFeatureFile.call(Unknown Source)
	at Buton Kontrolu.run(Buton Kontrolu:19)
	at com.kms.katalon.core.main.ScriptEngine.run(ScriptEngine.java:194)
	at com.kms.katalon.core.main.ScriptEngine.runScriptAsRawText(ScriptEngine.java:119)
	at com.kms.katalon.core.main.TestCaseExecutor.runScript(TestCaseExecutor.java:339)
	at com.kms.katalon.core.main.TestCaseExecutor.doExecute(TestCaseExecutor.java:330)
	at com.kms.katalon.core.main.TestCaseExecutor.processExecutionPhase(TestCaseExecutor.java:309)
	at com.kms.katalon.core.main.TestCaseExecutor.accessMainPhase(TestCaseExecutor.java:301)
	at com.kms.katalon.core.main.TestCaseExecutor.execute(TestCaseExecutor.java:235)
	at com.kms.katalon.core.main.TestSuiteExecutor.accessTestCaseMainPhase(TestSuiteExecutor.java:191)
	at com.kms.katalon.core.main.TestSuiteExecutor.accessTestSuiteMainPhase(TestSuiteExecutor.java:141)
	at com.kms.katalon.core.main.TestSuiteExecutor.execute(TestSuiteExecutor.java:90)
	at com.kms.katalon.core.main.TestCaseMain.startTestSuite(TestCaseMain.java:157)
	at com.kms.katalon.core.main.TestCaseMain$startTestSuite$0.call(Unknown Source)
	at TempTestSuite1608235691517.run(TempTestSuite1608235691517.groovy:39)
)

2020-12-17 23:08:47 - [MESSAGE][INFO] - Starting run keyword runFeatureFile: 'Include/features/Ayarlar/Araclar/Adres Defteri/Buton Kontrolu.feature' and extract report to folder: 'C:\Users\yigit\Documents\GitHub\eesekim\Reports\20201217_230810\_Suite Repository ( Deneysel )\Ayarlar\Araclar\Adres Defteri\Buton Kontrolu\20201217_230811/cucumber_report/1608235727269'...

2020-12-17 23:08:48 - [TEST_CASE][ERROR] - Start Test Case : SCENARIO Adres Defteri Buton Kontrolu: SCENARIO Adres Defteri Buton Kontrolu FAILED.
Reason:
com.kms.katalon.core.exception.StepErrorException: Call Test Case 'Test Cases/Kullanici_Islemleri/KullaniciIslemlerindenSecimYapilir' failed because of error(s)
	at com.kms.katalon.core.keyword.builtin.CallTestCaseKeyword$_callTestCase_closure1.doCall(CallTestCaseKeyword.groovy:66)
	at com.kms.katalon.core.keyword.builtin.CallTestCaseKeyword$_callTestCase_closure1.call(CallTestCaseKeyword.groovy)
	at com.kms.katalon.core.keyword.internal.KeywordMain.runKeyword(KeywordMain.groovy:68)
	at com.kms.katalon.core.keyword.builtin.CallTestCaseKeyword.callTestCase(CallTestCaseKeyword.groovy:81)
	at com.kms.katalon.core.keyword.builtin.CallTestCaseKeyword.execute(CallTestCaseKeyword.groovy:44)
	at com.kms.katalon.core.keyword.internal.KeywordExecutor.executeKeywordForPlatform(KeywordExecutor.groovy:73)
	at com.kms.katalon.core.keyword.BuiltinKeywords.callTestCase(BuiltinKeywords.groovy:334)
	at kullaniciIslemleri.kullaniciIslemleri.kullaniciIslemi(kullaniciIslemleri.groovy:50)
	at ✽.Kullanıcı işlemlerinden Çıkış seçilir(C:/Users/yigit/Documents/GitHub/eesekim/Include/features/Ayarlar/Araclar/Adres Defteri/Buton Kontrolu.feature:8)
Caused by: org.codehaus.groovy.runtime.InvokerInvocationException: Assertion failed: 

assert a
       |
       false

	at Method.invokeMethod(Method.groovy)
	at com.kms.katalon.core.main.CustomKeywordDelegatingMetaClass.invokeStaticMethod(CustomKeywordDelegatingMetaClass.java:50)
	at KullaniciIslemlerindenSecimYapilir.run(KullaniciIslemlerindenSecimYapilir:23)
	at com.kms.katalon.core.main.ScriptEngine.run(ScriptEngine.java:194)
	at com.kms.katalon.core.main.ScriptEngine.runScriptAsRawText(ScriptEngine.java:119)
	at com.kms.katalon.core.main.TestCaseExecutor.runScript(TestCaseExecutor.java:339)
	at com.kms.katalon.core.main.TestCaseExecutor.doExecute(TestCaseExecutor.java:330)
	at com.kms.katalon.core.main.TestCaseExecutor.processExecutionPhase(TestCaseExecutor.java:309)
	at com.kms.katalon.core.main.TestCaseExecutor.accessMainPhase(TestCaseExecutor.java:301)
	at com.kms.katalon.core.main.TestCaseExecutor.execute(TestCaseExecutor.java:235)
	at com.kms.katalon.core.main.TestCaseMain.runTestCase(TestCaseMain.java:114)
	at com.kms.katalon.core.keyword.builtin.CallTestCaseKeyword$_callTestCase_closure1.doCall(CallTestCaseKeyword.groovy:59)
	at com.kms.katalon.core.keyword.builtin.CallTestCaseKeyword$_callTestCase_closure1.call(CallTestCaseKeyword.groovy)
	at com.kms.katalon.core.keyword.internal.KeywordMain.runKeyword(KeywordMain.groovy:68)
	at com.kms.katalon.core.keyword.builtin.CallTestCaseKeyword.callTestCase(CallTestCaseKeyword.groovy:81)
	at com.kms.katalon.core.keyword.builtin.CallTestCaseKeyword.execute(CallTestCaseKeyword.groovy:44)
	at com.kms.katalon.core.keyword.internal.KeywordExecutor.executeKeywordForPlatform(KeywordExecutor.groovy:73)
	at com.kms.katalon.core.keyword.BuiltinKeywords.callTestCase(BuiltinKeywords.groovy:334)
	at kullaniciIslemleri.kullaniciIslemleri.kullaniciIslemi(kullaniciIslemleri.groovy:50)
	at cucumber.runtime.Utils$1.call(Utils.java:26)
	at cucumber.runtime.Timeout.timeout(Timeout.java:16)
	at cucumber.runtime.Utils.invoke(Utils.java:20)
	at cucumber.runtime.java.JavaStepDefinition.execute(JavaStepDefinition.java:48)
	at cucumber.runtime.PickleStepDefinitionMatch.runStep(PickleStepDefinitionMatch.java:50)
	at cucumber.runner.TestStep.executeStep(TestStep.java:55)
	at cucumber.runner.TestStep.run(TestStep.java:42)
	at cucumber.runner.PickleStepTestStep.run(PickleStepTestStep.java:53)
	at cucumber.runner.TestCase.run(TestCase.java:47)
	at cucumber.runner.Runner.runPickle(Runner.java:44)
	at cucumber.runtime.Runtime.runFeature(Runtime.java:120)
	at cucumber.runtime.Runtime.run(Runtime.java:106)
	at cucumber.api.cli.Main.run(Main.java:35)
	at cucumber.api.cli.Main$run.call(Unknown Source)
	at com.kms.katalon.core.cucumber.keyword.CucumberBuiltinKeywords$_runFeatureFile_closure1.doCall(CucumberBuiltinKeywords.groovy:76)
	at com.kms.katalon.core.cucumber.keyword.CucumberBuiltinKeywords$_runFeatureFile_closure1.doCall(CucumberBuiltinKeywords.groovy)
	at com.kms.katalon.core.keyword.internal.KeywordMain.runKeyword(KeywordMain.groovy:68)
	at com.kms.katalon.core.keyword.internal.KeywordMain$runKeyword.call(Unknown Source)
	at com.kms.katalon.core.cucumber.keyword.CucumberBuiltinKeywords.runFeatureFile(CucumberBuiltinKeywords.groovy:46)
	at com.kms.katalon.core.cucumber.keyword.CucumberBuiltinKeywords$runFeatureFile$0.callStatic(Unknown Source)
	at com.kms.katalon.core.cucumber.keyword.CucumberBuiltinKeywords.runFeatureFile(CucumberBuiltinKeywords.groovy:169)
	at com.kms.katalon.core.cucumber.keyword.CucumberBuiltinKeywords$runFeatureFile.call(Unknown Source)
	at Buton Kontrolu.run(Buton Kontrolu:19)
	at com.kms.katalon.core.main.ScriptEngine.run(ScriptEngine.java:194)
	at com.kms.katalon.core.main.ScriptEngine.runScriptAsRawText(ScriptEngine.java:119)
	at com.kms.katalon.core.main.TestCaseExecutor.runScript(TestCaseExecutor.java:339)
	at com.kms.katalon.core.main.TestCaseExecutor.doExecute(TestCaseExecutor.java:330)
	at com.kms.katalon.core.main.TestCaseExecutor.processExecutionPhase(TestCaseExecutor.java:309)
	at com.kms.katalon.core.main.TestCaseExecutor.accessMainPhase(TestCaseExecutor.java:301)
	at com.kms.katalon.core.main.TestCaseExecutor.execute(TestCaseExecutor.java:235)
	at com.kms.katalon.core.main.TestSuiteExecutor.accessTestCaseMainPhase(TestSuiteExecutor.java:191)
	at com.kms.katalon.core.main.TestSuiteExecutor.accessTestSuiteMainPhase(TestSuiteExecutor.java:141)
	at com.kms.katalon.core.main.TestSuiteExecutor.execute(TestSuiteExecutor.java:90)
	at com.kms.katalon.core.main.TestCaseMain.startTestSuite(TestCaseMain.java:157)
	at com.kms.katalon.core.main.TestCaseMain$startTestSuite$0.call(Unknown Source)
	at TempTestSuite1608235691517.run(TempTestSuite1608235691517.groovy:39)
Caused by: Assertion failed: 

assert a
       |
       false

	at Method.TextDegerineEsitElementeTikla(Method.groovy:76)
	... 55 more


2020-12-17 23:08:48 - [TEST_STEP][PASSED] - Kullanıcı adı ELOGOGIB ve Şifre 123456 olarak giriş yapılır: Kullanıcı adı ELOGOGIB ve Şifre 123456 olarak giriş yapılır

2020-12-17 23:08:48 - [MESSAGE][INFO] - Checking called Test Case

2020-12-17 23:08:48 - [MESSAGE][INFO] - Starting to call Test Case 'Test Cases/Sayfalar/Giris_Sayfasi/Login'

2020-12-17 23:08:48 - [TEST_CASE][PASSED] - Test Cases/Sayfalar/Giris_Sayfasi/Login: Test Cases/Sayfalar/Giris_Sayfasi/Login

2020-12-17 23:08:48 - [TEST_STEP][PASSED] - Sayfa_Basligi = getWindowTitle(): Current window's title is: 'LOGO e-Fatura'

2020-12-17 23:08:48 - [MESSAGE][INFO] - Getting current window's title

2020-12-17 23:08:48 - [MESSAGE][PASSED] - Current window's title is: 'LOGO e-Fatura'

2020-12-17 23:08:48 - [TEST_STEP][PASSED] - verifyMatch(Sayfa_Basligi, "LOGO e-Fatura", false): Actual text 'LOGO e-Fatura' and expected text 'LOGO e-Fatura' are matched 

2020-12-17 23:08:48 - [MESSAGE][INFO] - Matching actual text 'LOGO e-Fatura' with expected text 'LOGO e-Fatura'

2020-12-17 23:08:48 - [MESSAGE][PASSED] - Actual text 'LOGO e-Fatura' and expected text 'LOGO e-Fatura' are matched 

2020-12-17 23:08:48 - [TEST_STEP][PASSED] - if (waitForElementPresent(findTestObject("Object Repository/Sayfalar/Giris_Sayfasi/PopupCarpiGiris"), 5, OPTIONAL)): Object 'Object Repository/Sayfalar/Giris_Sayfasi/PopupCarpiGiris' is not present after 5 second(s)

2020-12-17 23:08:48 - [MESSAGE][INFO] - Finding Test Object 'Object Repository/Sayfalar/Giris_Sayfasi/PopupCarpiGiris'

2020-12-17 23:08:49 - [MESSAGE][INFO] - Checking object

2020-12-17 23:08:49 - [MESSAGE][INFO] - Finding web element from Test Object's properties

2020-12-17 23:08:49 - [MESSAGE][INFO] - Checking timeout

2020-12-17 23:08:49 - [MESSAGE][INFO] - Finding web element with id: 'Object Repository/Sayfalar/Giris_Sayfasi/PopupCarpiGiris' located by 'By.cssSelector: .bootbox-close-button.close' in '5' second(s)

2020-12-17 23:08:49 - [MESSAGE][INFO] - Smart Wait Function is triggered

2020-12-17 23:08:49 - [MESSAGE][INFO] - Smart Wait Function is triggered

2020-12-17 23:08:49 - [MESSAGE][INFO] - Smart Wait Function is triggered

2020-12-17 23:08:49 - [MESSAGE][INFO] - Smart Wait Function is triggered

2020-12-17 23:08:50 - [MESSAGE][INFO] - Smart Wait Function is triggered

2020-12-17 23:08:51 - [MESSAGE][INFO] - Smart Wait Function is triggered

2020-12-17 23:08:53 - [MESSAGE][INFO] - Smart Wait Function is triggered

2020-12-17 23:08:55 - [MESSAGE][INFO] - Unable to find the element located by 'By.cssSelector: .bootbox-close-button.close'. Please recheck the objects properties to make sure the desired element is located. 

2020-12-17 23:08:55 - [MESSAGE][WARNING] - [SELF-HEALING] Failed to find element with id 'Object Repository/Sayfalar/Giris_Sayfasi/PopupCarpiGiris'. Try using Self-healing.

2020-12-17 23:08:55 - [MESSAGE][WARNING] - [SELF-HEALING] Cannot find elements when the XPath is null.

2020-12-17 23:08:55 - [MESSAGE][WARNING] - [SELF-HEALING] Cannot find elements when the selector is null

2020-12-17 23:08:55 - [MESSAGE][WARNING] - Object 'Object Repository/Sayfalar/Giris_Sayfasi/PopupCarpiGiris' is not present after 5 second(s)

2020-12-17 23:08:55 - [TEST_STEP][PASSED] - sendKeys(findTestObject("Sayfalar/Giris_Sayfasi/Firma_Kodu"), KullaniciAdi): Keys 'ELOGOGIB' sent to object: 'Object Repository/Sayfalar/Giris_Sayfasi/Firma_Kodu'

2020-12-17 23:08:55 - [MESSAGE][INFO] - Finding Test Object 'Object Repository/Sayfalar/Giris_Sayfasi/Firma_Kodu'

2020-12-17 23:08:55 - [MESSAGE][INFO] - Sending keys 'ELOGOGIB' to object: 'Object Repository/Sayfalar/Giris_Sayfasi/Firma_Kodu'

2020-12-17 23:08:55 - [MESSAGE][INFO] - Finding web element from Test Object's properties

2020-12-17 23:08:55 - [MESSAGE][INFO] - Checking timeout

2020-12-17 23:08:55 - [MESSAGE][INFO] - Finding web element with id: 'Object Repository/Sayfalar/Giris_Sayfasi/Firma_Kodu' located by 'By.xpath: //*[@id = 'AccountName']' in '30' second(s)

2020-12-17 23:08:55 - [MESSAGE][INFO] - Smart Wait Function is triggered

2020-12-17 23:08:57 - [MESSAGE][INFO] - Found 1 web elements with id: 'Object Repository/Sayfalar/Giris_Sayfasi/Firma_Kodu' located by 'By.xpath: //*[@id = 'AccountName']' in '30' second(s)

2020-12-17 23:08:57 - [MESSAGE][PASSED] - Keys 'ELOGOGIB' sent to object: 'Object Repository/Sayfalar/Giris_Sayfasi/Firma_Kodu'

2020-12-17 23:08:57 - [TEST_STEP][PASSED] - sendKeys(findTestObject("Sayfalar/Giris_Sayfasi/Sifre"), Sifre): Keys '123456' sent to object: 'Object Repository/Sayfalar/Giris_Sayfasi/Sifre'

2020-12-17 23:08:57 - [MESSAGE][INFO] - Finding Test Object 'Object Repository/Sayfalar/Giris_Sayfasi/Sifre'

2020-12-17 23:08:57 - [MESSAGE][INFO] - Sending keys '123456' to object: 'Object Repository/Sayfalar/Giris_Sayfasi/Sifre'

2020-12-17 23:08:57 - [MESSAGE][INFO] - Finding web element from Test Object's properties

2020-12-17 23:08:57 - [MESSAGE][INFO] - Checking timeout

2020-12-17 23:08:57 - [MESSAGE][INFO] - Finding web element with id: 'Object Repository/Sayfalar/Giris_Sayfasi/Sifre' located by 'By.xpath: //*[@id = 'Password']' in '30' second(s)

2020-12-17 23:08:57 - [MESSAGE][INFO] - Smart Wait Function is triggered

2020-12-17 23:08:59 - [MESSAGE][INFO] - Found 2 web elements with id: 'Object Repository/Sayfalar/Giris_Sayfasi/Sifre' located by 'By.xpath: //*[@id = 'Password']' in '30' second(s)

2020-12-17 23:08:59 - [MESSAGE][PASSED] - Keys '123456' sent to object: 'Object Repository/Sayfalar/Giris_Sayfasi/Sifre'

2020-12-17 23:08:59 - [TEST_STEP][PASSED] - waitForElementClickable(findTestObject("Sayfalar/Giris_Sayfasi/Giris_Butonu"), Waits): Object 'Object Repository/Sayfalar/Giris_Sayfasi/Giris_Butonu' is clickable

2020-12-17 23:08:59 - [MESSAGE][INFO] - Finding Test Object 'Object Repository/Sayfalar/Giris_Sayfasi/Giris_Butonu'

2020-12-17 23:08:59 - [MESSAGE][INFO] - Checking object

2020-12-17 23:08:59 - [MESSAGE][INFO] - Checking timeout

2020-12-17 23:08:59 - [MESSAGE][INFO] - Finding web element from Test Object's properties

2020-12-17 23:08:59 - [MESSAGE][INFO] - Checking timeout

2020-12-17 23:08:59 - [MESSAGE][INFO] - Finding web element with id: 'Object Repository/Sayfalar/Giris_Sayfasi/Giris_Butonu' located by 'By.xpath: //*[@id = 'btnLogin']' in '10' second(s)

2020-12-17 23:08:59 - [MESSAGE][INFO] - Smart Wait Function is triggered

2020-12-17 23:09:01 - [MESSAGE][INFO] - Found 1 web elements with id: 'Object Repository/Sayfalar/Giris_Sayfasi/Giris_Butonu' located by 'By.xpath: //*[@id = 'btnLogin']' in '10' second(s)

2020-12-17 23:09:01 - [MESSAGE][PASSED] - Object 'Object Repository/Sayfalar/Giris_Sayfasi/Giris_Butonu' is clickable

2020-12-17 23:09:01 - [TEST_STEP][PASSED] - click(findTestObject("Sayfalar/Giris_Sayfasi/Giris_Butonu")): Object: 'Object Repository/Sayfalar/Giris_Sayfasi/Giris_Butonu' is clicked on

2020-12-17 23:09:01 - [MESSAGE][INFO] - Finding Test Object 'Object Repository/Sayfalar/Giris_Sayfasi/Giris_Butonu'

2020-12-17 23:09:01 - [MESSAGE][INFO] - Checking object

2020-12-17 23:09:01 - [MESSAGE][INFO] - Finding web element from Test Object's properties

2020-12-17 23:09:01 - [MESSAGE][INFO] - Checking timeout

2020-12-17 23:09:01 - [MESSAGE][INFO] - Finding web element with id: 'Object Repository/Sayfalar/Giris_Sayfasi/Giris_Butonu' located by 'By.xpath: //*[@id = 'btnLogin']' in '30' second(s)

2020-12-17 23:09:01 - [MESSAGE][INFO] - Smart Wait Function is triggered

2020-12-17 23:09:03 - [MESSAGE][INFO] - Found 1 web elements with id: 'Object Repository/Sayfalar/Giris_Sayfasi/Giris_Butonu' located by 'By.xpath: //*[@id = 'btnLogin']' in '30' second(s)

2020-12-17 23:09:03 - [MESSAGE][INFO] - Clicking on object: 'Object Repository/Sayfalar/Giris_Sayfasi/Giris_Butonu'

2020-12-17 23:09:05 - [MESSAGE][PASSED] - Object: 'Object Repository/Sayfalar/Giris_Sayfasi/Giris_Butonu' is clicked on

2020-12-17 23:09:05 - [TEST_STEP][PASSED] - if (verifyElementPresent(findTestObject("Sayfalar/Giris_Sayfasi/PopupOK"), 5, OPTIONAL)): Object: 'Object Repository/Sayfalar/Giris_Sayfasi/PopupOK' is clicked on

2020-12-17 23:09:05 - [MESSAGE][INFO] - Finding Test Object 'Object Repository/Sayfalar/Giris_Sayfasi/PopupOK'

2020-12-17 23:09:05 - [MESSAGE][INFO] - Checking object

2020-12-17 23:09:05 - [MESSAGE][INFO] - Finding web element from Test Object's properties

2020-12-17 23:09:05 - [MESSAGE][INFO] - Checking timeout

2020-12-17 23:09:05 - [MESSAGE][INFO] - Finding web element with id: 'Object Repository/Sayfalar/Giris_Sayfasi/PopupOK' located by 'By.cssSelector: .btn.btn-success' in '5' second(s)

2020-12-17 23:09:05 - [MESSAGE][INFO] - Smart Wait Function is triggered

2020-12-17 23:09:07 - [MESSAGE][INFO] - Found 1 web elements with id: 'Object Repository/Sayfalar/Giris_Sayfasi/PopupOK' located by 'By.cssSelector: .btn.btn-success' in '5' second(s)

2020-12-17 23:09:07 - [MESSAGE][PASSED] - Object 'Object Repository/Sayfalar/Giris_Sayfasi/PopupOK' is present

2020-12-17 23:09:07 - [TEST_STEP][PASSED] - click(findTestObject("Sayfalar/Giris_Sayfasi/PopupOK")): Object: 'Object Repository/Sayfalar/Giris_Sayfasi/PopupOK' is clicked on

2020-12-17 23:09:07 - [MESSAGE][INFO] - Finding Test Object 'Object Repository/Sayfalar/Giris_Sayfasi/PopupOK'

2020-12-17 23:09:07 - [MESSAGE][INFO] - Checking object

2020-12-17 23:09:07 - [MESSAGE][INFO] - Finding web element from Test Object's properties

2020-12-17 23:09:07 - [MESSAGE][INFO] - Checking timeout

2020-12-17 23:09:07 - [MESSAGE][INFO] - Finding web element with id: 'Object Repository/Sayfalar/Giris_Sayfasi/PopupOK' located by 'By.cssSelector: .btn.btn-success' in '30' second(s)

2020-12-17 23:09:07 - [MESSAGE][INFO] - Smart Wait Function is triggered

2020-12-17 23:09:09 - [MESSAGE][INFO] - Found 1 web elements with id: 'Object Repository/Sayfalar/Giris_Sayfasi/PopupOK' located by 'By.cssSelector: .btn.btn-success' in '30' second(s)

2020-12-17 23:09:09 - [MESSAGE][INFO] - Clicking on object: 'Object Repository/Sayfalar/Giris_Sayfasi/PopupOK'

2020-12-17 23:09:09 - [MESSAGE][PASSED] - Object: 'Object Repository/Sayfalar/Giris_Sayfasi/PopupOK' is clicked on

2020-12-17 23:09:09 - [TEST_STEP][PASSED] - verifyElementVisible(findTestObject("Object Repository/Kullanici_Islemleri/KullaniciIslemleri")): Object 'Object Repository/Kullanici_Islemleri/KullaniciIslemleri' is visible

2020-12-17 23:09:09 - [MESSAGE][INFO] - Finding Test Object 'Object Repository/Kullanici_Islemleri/KullaniciIslemleri'

2020-12-17 23:09:09 - [MESSAGE][INFO] - Checking object

2020-12-17 23:09:09 - [MESSAGE][INFO] - Finding web element from Test Object's properties

2020-12-17 23:09:09 - [MESSAGE][INFO] - Checking timeout

2020-12-17 23:09:09 - [MESSAGE][INFO] - Finding web element with id: 'Object Repository/Kullanici_Islemleri/KullaniciIslemleri' located by 'By.cssSelector: .dropdown>a>img' in '30' second(s)

2020-12-17 23:09:09 - [MESSAGE][INFO] - Smart Wait Function is triggered

2020-12-17 23:09:11 - [MESSAGE][INFO] - Found 1 web elements with id: 'Object Repository/Kullanici_Islemleri/KullaniciIslemleri' located by 'By.cssSelector: .dropdown>a>img' in '30' second(s)

2020-12-17 23:09:11 - [MESSAGE][PASSED] - Object 'Object Repository/Kullanici_Islemleri/KullaniciIslemleri' is visible

2020-12-17 23:09:11 - [MESSAGE][PASSED] - Call Test Case 'Test Cases/Sayfalar/Giris_Sayfasi/Login' successfully

2020-12-17 23:09:11 - [MESSAGE][PASSED] - Kullanıcı adı ELOGOGIB ve Şifre 123456 olarak giriş yapılır

2020-12-17 23:09:11 - [TEST_STEP][PASSED] - Ana menüden Ayarlar seçilir: Ana menüden Ayarlar seçilir

2020-12-17 23:09:11 - [MESSAGE][INFO] - Checking called Test Case

2020-12-17 23:09:11 - [MESSAGE][INFO] - Starting to call Test Case 'Test Cases/Menu/AnaMenuSecimi'

2020-12-17 23:09:11 - [TEST_CASE][PASSED] - Test Cases/Menu/AnaMenuSecimi: Test Cases/Menu/AnaMenuSecimi

2020-12-17 23:09:11 - [TEST_STEP][PASSED] - Method.TextDegerineEsitElementeTikla(findTestObject("Menu/Ana_Menu"), Ana_Menu): Method.TextDegerineEsitElementeTikla is PASSED

2020-12-17 23:09:11 - [MESSAGE][INFO] - Finding Test Object 'Object Repository/Menu/Ana_Menu'

2020-12-17 23:09:11 - [MESSAGE][INFO] - Checking timeout

2020-12-17 23:09:11 - [MESSAGE][INFO] - Finding web element with id: 'Object Repository/Menu/Ana_Menu' located by 'By.xpath: //*[@class = 'dropdown-toggle']' in '10' second(s)

2020-12-17 23:09:11 - [MESSAGE][INFO] - Smart Wait Function is triggered

2020-12-17 23:09:13 - [MESSAGE][INFO] - Found 14 web elements with id: 'Object Repository/Menu/Ana_Menu' located by 'By.xpath: //*[@class = 'dropdown-toggle']' in '10' second(s)

2020-12-17 23:09:13 - [MESSAGE][PASSED] - Method.TextDegerineEsitElementeTikla is PASSED

2020-12-17 23:09:13 - [MESSAGE][PASSED] - Call Test Case 'Test Cases/Menu/AnaMenuSecimi' successfully

2020-12-17 23:09:13 - [MESSAGE][PASSED] - Ana menüden Ayarlar seçilir

2020-12-17 23:09:13 - [TEST_STEP][PASSED] - Alt menü Araçlar başlığı altındaki Adres Defteri seçilir: Alt menü Araçlar başlığı altındaki Adres Defteri seçilir

2020-12-17 23:09:13 - [MESSAGE][INFO] - Checking called Test Case

2020-12-17 23:09:13 - [MESSAGE][INFO] - Starting to call Test Case 'Test Cases/Menu/BasligaGoreAltMenuSecimi'

2020-12-17 23:09:13 - [TEST_CASE][PASSED] - Test Cases/Menu/BasligaGoreAltMenuSecimi: Test Cases/Menu/BasligaGoreAltMenuSecimi

2020-12-17 23:09:14 - [TEST_STEP][PASSED] - Method.TextDegerineEsitElementinAltindakiTextDegerineEsitOlanaTikla(findTestObject("Menu/Menu_Basligi"), findTestObject("Menu/Basliga_Gore_Alt_Menu"), Baslik, Alt_Menu): Method.TextDegerineEsitElementinAltindakiTextDegerineEsitOlanaTikla is PASSED

2020-12-17 23:09:14 - [MESSAGE][INFO] - Finding Test Object 'Object Repository/Menu/Menu_Basligi'

2020-12-17 23:09:14 - [MESSAGE][INFO] - Finding Test Object 'Object Repository/Menu/Basliga_Gore_Alt_Menu'

2020-12-17 23:09:14 - [MESSAGE][INFO] - Checking timeout

2020-12-17 23:09:14 - [MESSAGE][INFO] - Finding web element with id: 'Object Repository/Menu/Menu_Basligi' located by 'By.xpath: //li[@class='dropdown dropdown-large open']//li[@class='dropdown-header']' in '10' second(s)

2020-12-17 23:09:14 - [MESSAGE][INFO] - Smart Wait Function is triggered

2020-12-17 23:09:16 - [MESSAGE][INFO] - Found 2 web elements with id: 'Object Repository/Menu/Menu_Basligi' located by 'By.xpath: //li[@class='dropdown dropdown-large open']//li[@class='dropdown-header']' in '10' second(s)

2020-12-17 23:09:16 - [MESSAGE][INFO] - Smart Wait Function is triggered

2020-12-17 23:09:20 - [MESSAGE][PASSED] - Method.TextDegerineEsitElementinAltindakiTextDegerineEsitOlanaTikla is PASSED

2020-12-17 23:09:20 - [MESSAGE][PASSED] - Call Test Case 'Test Cases/Menu/BasligaGoreAltMenuSecimi' successfully

2020-12-17 23:09:20 - [MESSAGE][PASSED] - Alt menü Araçlar başlığı altındaki Adres Defteri seçilir

2020-12-17 23:09:20 - [TEST_STEP][PASSED] - Butonlardan Ekle var mı: Butonlardan Ekle var mı

2020-12-17 23:09:20 - [MESSAGE][INFO] - Checking called Test Case

2020-12-17 23:09:20 - [MESSAGE][INFO] - Starting to call Test Case 'Test Cases/Butonlar/ButonVarMi'

2020-12-17 23:09:20 - [TEST_CASE][PASSED] - Test Cases/Butonlar/ButonVarMi: Test Cases/Butonlar/ButonVarMi

2020-12-17 23:09:20 - [TEST_STEP][PASSED] - Method.TextDegerineEsitElementVarMi(findTestObject("Butonlar/Butonlar"), Buton): Method.TextDegerineEsitElementVarMi is PASSED

2020-12-17 23:09:20 - [MESSAGE][INFO] - Finding Test Object 'Object Repository/Butonlar/Butonlar'

2020-12-17 23:09:20 - [MESSAGE][INFO] - Checking timeout

2020-12-17 23:09:20 - [MESSAGE][INFO] - Finding web element with id: 'Object Repository/Butonlar/Butonlar' located by 'By.cssSelector: .panel.panel-default.text-center.footerPanel .btn,.btn.btn-primary.btnControls' in '10' second(s)

2020-12-17 23:09:20 - [MESSAGE][INFO] - Smart Wait Function is triggered

2020-12-17 23:09:22 - [MESSAGE][INFO] - Found 3 web elements with id: 'Object Repository/Butonlar/Butonlar' located by 'By.cssSelector: .panel.panel-default.text-center.footerPanel .btn,.btn.btn-primary.btnControls' in '10' second(s)

2020-12-17 23:09:22 - [MESSAGE][PASSED] - Method.TextDegerineEsitElementVarMi is PASSED

2020-12-17 23:09:22 - [MESSAGE][PASSED] - Call Test Case 'Test Cases/Butonlar/ButonVarMi' successfully

2020-12-17 23:09:22 - [MESSAGE][PASSED] - Butonlardan Ekle var mı

2020-12-17 23:09:22 - [TEST_STEP][ERROR] - Kullanıcı işlemlerinden Çıkış seçilir: Kullanıcı işlemlerinden Çıkış seçilir FAILED.
Reason:
com.kms.katalon.core.exception.StepErrorException: Call Test Case 'Test Cases/Kullanici_Islemleri/KullaniciIslemlerindenSecimYapilir' failed because of error(s)
	at com.kms.katalon.core.keyword.builtin.CallTestCaseKeyword$_callTestCase_closure1.doCall(CallTestCaseKeyword.groovy:66)
	at com.kms.katalon.core.keyword.builtin.CallTestCaseKeyword$_callTestCase_closure1.call(CallTestCaseKeyword.groovy)
	at com.kms.katalon.core.keyword.internal.KeywordMain.runKeyword(KeywordMain.groovy:68)
	at com.kms.katalon.core.keyword.builtin.CallTestCaseKeyword.callTestCase(CallTestCaseKeyword.groovy:81)
	at com.kms.katalon.core.keyword.builtin.CallTestCaseKeyword.execute(CallTestCaseKeyword.groovy:44)
	at com.kms.katalon.core.keyword.internal.KeywordExecutor.executeKeywordForPlatform(KeywordExecutor.groovy:73)
	at com.kms.katalon.core.keyword.BuiltinKeywords.callTestCase(BuiltinKeywords.groovy:334)
	at kullaniciIslemleri.kullaniciIslemleri.kullaniciIslemi(kullaniciIslemleri.groovy:50)
	at ✽.Kullanıcı işlemlerinden Çıkış seçilir(C:/Users/yigit/Documents/GitHub/eesekim/Include/features/Ayarlar/Araclar/Adres Defteri/Buton Kontrolu.feature:8)
Caused by: org.codehaus.groovy.runtime.InvokerInvocationException: Assertion failed: 

assert a
       |
       false

	at Method.invokeMethod(Method.groovy)
	at com.kms.katalon.core.main.CustomKeywordDelegatingMetaClass.invokeStaticMethod(CustomKeywordDelegatingMetaClass.java:50)
	at KullaniciIslemlerindenSecimYapilir.run(KullaniciIslemlerindenSecimYapilir:23)
	at com.kms.katalon.core.main.ScriptEngine.run(ScriptEngine.java:194)
	at com.kms.katalon.core.main.ScriptEngine.runScriptAsRawText(ScriptEngine.java:119)
	at com.kms.katalon.core.main.TestCaseExecutor.runScript(TestCaseExecutor.java:339)
	at com.kms.katalon.core.main.TestCaseExecutor.doExecute(TestCaseExecutor.java:330)
	at com.kms.katalon.core.main.TestCaseExecutor.processExecutionPhase(TestCaseExecutor.java:309)
	at com.kms.katalon.core.main.TestCaseExecutor.accessMainPhase(TestCaseExecutor.java:301)
	at com.kms.katalon.core.main.TestCaseExecutor.execute(TestCaseExecutor.java:235)
	at com.kms.katalon.core.main.TestCaseMain.runTestCase(TestCaseMain.java:114)
	at com.kms.katalon.core.keyword.builtin.CallTestCaseKeyword$_callTestCase_closure1.doCall(CallTestCaseKeyword.groovy:59)
	at com.kms.katalon.core.keyword.builtin.CallTestCaseKeyword$_callTestCase_closure1.call(CallTestCaseKeyword.groovy)
	at com.kms.katalon.core.keyword.internal.KeywordMain.runKeyword(KeywordMain.groovy:68)
	at com.kms.katalon.core.keyword.builtin.CallTestCaseKeyword.callTestCase(CallTestCaseKeyword.groovy:81)
	at com.kms.katalon.core.keyword.builtin.CallTestCaseKeyword.execute(CallTestCaseKeyword.groovy:44)
	at com.kms.katalon.core.keyword.internal.KeywordExecutor.executeKeywordForPlatform(KeywordExecutor.groovy:73)
	at com.kms.katalon.core.keyword.BuiltinKeywords.callTestCase(BuiltinKeywords.groovy:334)
	at kullaniciIslemleri.kullaniciIslemleri.kullaniciIslemi(kullaniciIslemleri.groovy:50)
	at cucumber.runtime.Utils$1.call(Utils.java:26)
	at cucumber.runtime.Timeout.timeout(Timeout.java:16)
	at cucumber.runtime.Utils.invoke(Utils.java:20)
	at cucumber.runtime.java.JavaStepDefinition.execute(JavaStepDefinition.java:48)
	at cucumber.runtime.PickleStepDefinitionMatch.runStep(PickleStepDefinitionMatch.java:50)
	at cucumber.runner.TestStep.executeStep(TestStep.java:55)
	at cucumber.runner.TestStep.run(TestStep.java:42)
	at cucumber.runner.PickleStepTestStep.run(PickleStepTestStep.java:53)
	at cucumber.runner.TestCase.run(TestCase.java:47)
	at cucumber.runner.Runner.runPickle(Runner.java:44)
	at cucumber.runtime.Runtime.runFeature(Runtime.java:120)
	at cucumber.runtime.Runtime.run(Runtime.java:106)
	at cucumber.api.cli.Main.run(Main.java:35)
	at cucumber.api.cli.Main$run.call(Unknown Source)
	at com.kms.katalon.core.cucumber.keyword.CucumberBuiltinKeywords$_runFeatureFile_closure1.doCall(CucumberBuiltinKeywords.groovy:76)
	at com.kms.katalon.core.cucumber.keyword.CucumberBuiltinKeywords$_runFeatureFile_closure1.doCall(CucumberBuiltinKeywords.groovy)
	at com.kms.katalon.core.keyword.internal.KeywordMain.runKeyword(KeywordMain.groovy:68)
	at com.kms.katalon.core.keyword.internal.KeywordMain$runKeyword.call(Unknown Source)
	at com.kms.katalon.core.cucumber.keyword.CucumberBuiltinKeywords.runFeatureFile(CucumberBuiltinKeywords.groovy:46)
	at com.kms.katalon.core.cucumber.keyword.CucumberBuiltinKeywords$runFeatureFile$0.callStatic(Unknown Source)
	at com.kms.katalon.core.cucumber.keyword.CucumberBuiltinKeywords.runFeatureFile(CucumberBuiltinKeywords.groovy:169)
	at com.kms.katalon.core.cucumber.keyword.CucumberBuiltinKeywords$runFeatureFile.call(Unknown Source)
	at Buton Kontrolu.run(Buton Kontrolu:19)
	at com.kms.katalon.core.main.ScriptEngine.run(ScriptEngine.java:194)
	at com.kms.katalon.core.main.ScriptEngine.runScriptAsRawText(ScriptEngine.java:119)
	at com.kms.katalon.core.main.TestCaseExecutor.runScript(TestCaseExecutor.java:339)
	at com.kms.katalon.core.main.TestCaseExecutor.doExecute(TestCaseExecutor.java:330)
	at com.kms.katalon.core.main.TestCaseExecutor.processExecutionPhase(TestCaseExecutor.java:309)
	at com.kms.katalon.core.main.TestCaseExecutor.accessMainPhase(TestCaseExecutor.java:301)
	at com.kms.katalon.core.main.TestCaseExecutor.execute(TestCaseExecutor.java:235)
	at com.kms.katalon.core.main.TestSuiteExecutor.accessTestCaseMainPhase(TestSuiteExecutor.java:191)
	at com.kms.katalon.core.main.TestSuiteExecutor.accessTestSuiteMainPhase(TestSuiteExecutor.java:141)
	at com.kms.katalon.core.main.TestSuiteExecutor.execute(TestSuiteExecutor.java:90)
	at com.kms.katalon.core.main.TestCaseMain.startTestSuite(TestCaseMain.java:157)
	at com.kms.katalon.core.main.TestCaseMain$startTestSuite$0.call(Unknown Source)
	at TempTestSuite1608235691517.run(TempTestSuite1608235691517.groovy:39)
Caused by: Assertion failed: 

assert a
       |
       false

	at Method.TextDegerineEsitElementeTikla(Method.groovy:76)
	... 55 more


2020-12-17 23:09:22 - [MESSAGE][INFO] - Checking called Test Case

2020-12-17 23:09:22 - [MESSAGE][INFO] - Starting to call Test Case 'Test Cases/Kullanici_Islemleri/KullaniciIslemlerindenSecimYapilir'

2020-12-17 23:09:22 - [TEST_CASE][ERROR] - Test Cases/Kullanici_Islemleri/KullaniciIslemlerindenSecimYapilir: Test Cases/Kullanici_Islemleri/KullaniciIslemlerindenSecimYapilir FAILED.
Reason:
org.codehaus.groovy.runtime.InvokerInvocationException: Assertion failed: 

assert a
       |
       false

	at Method.invokeMethod(Method.groovy)
	at com.kms.katalon.core.main.CustomKeywordDelegatingMetaClass.invokeStaticMethod(CustomKeywordDelegatingMetaClass.java:50)
	at KullaniciIslemlerindenSecimYapilir.run(KullaniciIslemlerindenSecimYapilir:23)
	at com.kms.katalon.core.main.ScriptEngine.run(ScriptEngine.java:194)
	at com.kms.katalon.core.main.ScriptEngine.runScriptAsRawText(ScriptEngine.java:119)
	at com.kms.katalon.core.main.TestCaseExecutor.runScript(TestCaseExecutor.java:339)
	at com.kms.katalon.core.main.TestCaseExecutor.doExecute(TestCaseExecutor.java:330)
	at com.kms.katalon.core.main.TestCaseExecutor.processExecutionPhase(TestCaseExecutor.java:309)
	at com.kms.katalon.core.main.TestCaseExecutor.accessMainPhase(TestCaseExecutor.java:301)
	at com.kms.katalon.core.main.TestCaseExecutor.execute(TestCaseExecutor.java:235)
	at com.kms.katalon.core.main.TestCaseMain.runTestCase(TestCaseMain.java:114)
	at com.kms.katalon.core.keyword.builtin.CallTestCaseKeyword$_callTestCase_closure1.doCall(CallTestCaseKeyword.groovy:59)
	at com.kms.katalon.core.keyword.builtin.CallTestCaseKeyword$_callTestCase_closure1.call(CallTestCaseKeyword.groovy)
	at com.kms.katalon.core.keyword.internal.KeywordMain.runKeyword(KeywordMain.groovy:68)
	at com.kms.katalon.core.keyword.builtin.CallTestCaseKeyword.callTestCase(CallTestCaseKeyword.groovy:81)
	at com.kms.katalon.core.keyword.builtin.CallTestCaseKeyword.execute(CallTestCaseKeyword.groovy:44)
	at com.kms.katalon.core.keyword.internal.KeywordExecutor.executeKeywordForPlatform(KeywordExecutor.groovy:73)
	at com.kms.katalon.core.keyword.BuiltinKeywords.callTestCase(BuiltinKeywords.groovy:334)
	at kullaniciIslemleri.kullaniciIslemleri.kullaniciIslemi(kullaniciIslemleri.groovy:50)
	at cucumber.runtime.Utils$1.call(Utils.java:26)
	at cucumber.runtime.Timeout.timeout(Timeout.java:16)
	at cucumber.runtime.Utils.invoke(Utils.java:20)
	at cucumber.runtime.java.JavaStepDefinition.execute(JavaStepDefinition.java:48)
	at cucumber.runtime.PickleStepDefinitionMatch.runStep(PickleStepDefinitionMatch.java:50)
	at cucumber.runner.TestStep.executeStep(TestStep.java:55)
	at cucumber.runner.TestStep.run(TestStep.java:42)
	at cucumber.runner.PickleStepTestStep.run(PickleStepTestStep.java:53)
	at cucumber.runner.TestCase.run(TestCase.java:47)
	at cucumber.runner.Runner.runPickle(Runner.java:44)
	at cucumber.runtime.Runtime.runFeature(Runtime.java:120)
	at cucumber.runtime.Runtime.run(Runtime.java:106)
	at cucumber.api.cli.Main.run(Main.java:35)
	at cucumber.api.cli.Main$run.call(Unknown Source)
	at com.kms.katalon.core.cucumber.keyword.CucumberBuiltinKeywords$_runFeatureFile_closure1.doCall(CucumberBuiltinKeywords.groovy:76)
	at com.kms.katalon.core.cucumber.keyword.CucumberBuiltinKeywords$_runFeatureFile_closure1.doCall(CucumberBuiltinKeywords.groovy)
	at com.kms.katalon.core.keyword.internal.KeywordMain.runKeyword(KeywordMain.groovy:68)
	at com.kms.katalon.core.keyword.internal.KeywordMain$runKeyword.call(Unknown Source)
	at com.kms.katalon.core.cucumber.keyword.CucumberBuiltinKeywords.runFeatureFile(CucumberBuiltinKeywords.groovy:46)
	at com.kms.katalon.core.cucumber.keyword.CucumberBuiltinKeywords$runFeatureFile$0.callStatic(Unknown Source)
	at com.kms.katalon.core.cucumber.keyword.CucumberBuiltinKeywords.runFeatureFile(CucumberBuiltinKeywords.groovy:169)
	at com.kms.katalon.core.cucumber.keyword.CucumberBuiltinKeywords$runFeatureFile.call(Unknown Source)
	at Buton Kontrolu.run(Buton Kontrolu:19)
	at com.kms.katalon.core.main.ScriptEngine.run(ScriptEngine.java:194)
	at com.kms.katalon.core.main.ScriptEngine.runScriptAsRawText(ScriptEngine.java:119)
	at com.kms.katalon.core.main.TestCaseExecutor.runScript(TestCaseExecutor.java:339)
	at com.kms.katalon.core.main.TestCaseExecutor.doExecute(TestCaseExecutor.java:330)
	at com.kms.katalon.core.main.TestCaseExecutor.processExecutionPhase(TestCaseExecutor.java:309)
	at com.kms.katalon.core.main.TestCaseExecutor.accessMainPhase(TestCaseExecutor.java:301)
	at com.kms.katalon.core.main.TestCaseExecutor.execute(TestCaseExecutor.java:235)
	at com.kms.katalon.core.main.TestSuiteExecutor.accessTestCaseMainPhase(TestSuiteExecutor.java:191)
	at com.kms.katalon.core.main.TestSuiteExecutor.accessTestSuiteMainPhase(TestSuiteExecutor.java:141)
	at com.kms.katalon.core.main.TestSuiteExecutor.execute(TestSuiteExecutor.java:90)
	at com.kms.katalon.core.main.TestCaseMain.startTestSuite(TestCaseMain.java:157)
	at com.kms.katalon.core.main.TestCaseMain$startTestSuite$0.call(Unknown Source)
	at TempTestSuite1608235691517.run(TempTestSuite1608235691517.groovy:39)
Caused by: Assertion failed: 

assert a
       |
       false

	at Method.TextDegerineEsitElementeTikla(Method.groovy:76)
	... 55 more


2020-12-17 23:09:22 - [TEST_STEP][PASSED] - waitForElementClickable(findTestObject("Object Repository/Kullanici_Islemleri/KullaniciIslemleri"), 10): Object 'Object Repository/Kullanici_Islemleri/KullaniciIslemleri' is clickable

2020-12-17 23:09:22 - [MESSAGE][INFO] - Finding Test Object 'Object Repository/Kullanici_Islemleri/KullaniciIslemleri'

2020-12-17 23:09:22 - [MESSAGE][INFO] - Checking object

2020-12-17 23:09:22 - [MESSAGE][INFO] - Checking timeout

2020-12-17 23:09:22 - [MESSAGE][INFO] - Finding web element from Test Object's properties

2020-12-17 23:09:22 - [MESSAGE][INFO] - Checking timeout

2020-12-17 23:09:22 - [MESSAGE][INFO] - Finding web element with id: 'Object Repository/Kullanici_Islemleri/KullaniciIslemleri' located by 'By.cssSelector: .dropdown>a>img' in '10' second(s)

2020-12-17 23:09:22 - [MESSAGE][INFO] - Smart Wait Function is triggered

2020-12-17 23:09:24 - [MESSAGE][INFO] - Found 1 web elements with id: 'Object Repository/Kullanici_Islemleri/KullaniciIslemleri' located by 'By.cssSelector: .dropdown>a>img' in '10' second(s)

2020-12-17 23:09:24 - [MESSAGE][PASSED] - Object 'Object Repository/Kullanici_Islemleri/KullaniciIslemleri' is clickable

2020-12-17 23:09:24 - [TEST_STEP][PASSED] - click(findTestObject("Object Repository/Kullanici_Islemleri/KullaniciIslemleri")): Object: 'Object Repository/Kullanici_Islemleri/KullaniciIslemleri' is clicked on

2020-12-17 23:09:24 - [MESSAGE][INFO] - Finding Test Object 'Object Repository/Kullanici_Islemleri/KullaniciIslemleri'

2020-12-17 23:09:24 - [MESSAGE][INFO] - Checking object

2020-12-17 23:09:24 - [MESSAGE][INFO] - Finding web element from Test Object's properties

2020-12-17 23:09:24 - [MESSAGE][INFO] - Checking timeout

2020-12-17 23:09:24 - [MESSAGE][INFO] - Finding web element with id: 'Object Repository/Kullanici_Islemleri/KullaniciIslemleri' located by 'By.cssSelector: .dropdown>a>img' in '30' second(s)

2020-12-17 23:09:24 - [MESSAGE][INFO] - Smart Wait Function is triggered

2020-12-17 23:09:26 - [MESSAGE][INFO] - Found 1 web elements with id: 'Object Repository/Kullanici_Islemleri/KullaniciIslemleri' located by 'By.cssSelector: .dropdown>a>img' in '30' second(s)

2020-12-17 23:09:26 - [MESSAGE][INFO] - Clicking on object: 'Object Repository/Kullanici_Islemleri/KullaniciIslemleri'

2020-12-17 23:09:26 - [MESSAGE][PASSED] - Object: 'Object Repository/Kullanici_Islemleri/KullaniciIslemleri' is clicked on

2020-12-17 23:09:26 - [TEST_STEP][FAILED] - Method.TextDegerineEsitElementeTikla(findTestObject("Object Repository/Kullanici_Islemleri/Secenekler"), Islem): Assertion failed: 

assert a
       |
       false


2020-12-17 23:09:26 - [MESSAGE][INFO] - Finding Test Object 'Object Repository/Kullanici_Islemleri/Secenekler'

2020-12-17 23:09:26 - [MESSAGE][INFO] - Checking timeout

2020-12-17 23:09:26 - [MESSAGE][INFO] - Finding web element with id: 'Object Repository/Kullanici_Islemleri/Secenekler' located by 'By.cssSelector: .nav.navbar-nav.navbar-right li a' in '10' second(s)

2020-12-17 23:09:26 - [MESSAGE][INFO] - Smart Wait Function is triggered

2020-12-17 23:09:28 - [MESSAGE][INFO] - Found 25 web elements with id: 'Object Repository/Kullanici_Islemleri/Secenekler' located by 'By.cssSelector: .nav.navbar-nav.navbar-right li a' in '10' second(s)

2020-12-17 23:09:28 - [MESSAGE][FAILED] - Assertion failed: 

assert a
       |
       false


2020-12-17 23:09:28 - [MESSAGE][FAILED] - Unable to call Test Case 'Test Cases/Kullanici_Islemleri/KullaniciIslemlerindenSecimYapilir' (Root cause: com.kms.katalon.core.exception.StepErrorException: Call Test Case 'Test Cases/Kullanici_Islemleri/KullaniciIslemlerindenSecimYapilir' failed because of error(s)
	at com.kms.katalon.core.keyword.builtin.CallTestCaseKeyword$_callTestCase_closure1.doCall(CallTestCaseKeyword.groovy:66)
	at com.kms.katalon.core.keyword.builtin.CallTestCaseKeyword$_callTestCase_closure1.call(CallTestCaseKeyword.groovy)
	at com.kms.katalon.core.keyword.internal.KeywordMain.runKeyword(KeywordMain.groovy:68)
	at com.kms.katalon.core.keyword.builtin.CallTestCaseKeyword.callTestCase(CallTestCaseKeyword.groovy:81)
	at com.kms.katalon.core.keyword.builtin.CallTestCaseKeyword.execute(CallTestCaseKeyword.groovy:44)
	at com.kms.katalon.core.keyword.internal.KeywordExecutor.executeKeywordForPlatform(KeywordExecutor.groovy:73)
	at com.kms.katalon.core.keyword.BuiltinKeywords.callTestCase(BuiltinKeywords.groovy:334)
	at kullaniciIslemleri.kullaniciIslemleri.kullaniciIslemi(kullaniciIslemleri.groovy:50)
	at cucumber.runtime.Utils$1.call(Utils.java:26)
	at cucumber.runtime.Timeout.timeout(Timeout.java:16)
	at cucumber.runtime.Utils.invoke(Utils.java:20)
	at cucumber.runtime.java.JavaStepDefinition.execute(JavaStepDefinition.java:48)
	at cucumber.runtime.PickleStepDefinitionMatch.runStep(PickleStepDefinitionMatch.java:50)
	at cucumber.runner.TestStep.executeStep(TestStep.java:55)
	at cucumber.runner.TestStep.run(TestStep.java:42)
	at cucumber.runner.PickleStepTestStep.run(PickleStepTestStep.java:53)
	at cucumber.runner.TestCase.run(TestCase.java:47)
	at cucumber.runner.Runner.runPickle(Runner.java:44)
	at cucumber.runtime.Runtime.runFeature(Runtime.java:120)
	at cucumber.runtime.Runtime.run(Runtime.java:106)
	at cucumber.api.cli.Main.run(Main.java:35)
	at cucumber.api.cli.Main$run.call(Unknown Source)
	at com.kms.katalon.core.cucumber.keyword.CucumberBuiltinKeywords$_runFeatureFile_closure1.doCall(CucumberBuiltinKeywords.groovy:76)
	at com.kms.katalon.core.cucumber.keyword.CucumberBuiltinKeywords$_runFeatureFile_closure1.doCall(CucumberBuiltinKeywords.groovy)
	at com.kms.katalon.core.keyword.internal.KeywordMain.runKeyword(KeywordMain.groovy:68)
	at com.kms.katalon.core.keyword.internal.KeywordMain$runKeyword.call(Unknown Source)
	at com.kms.katalon.core.cucumber.keyword.CucumberBuiltinKeywords.runFeatureFile(CucumberBuiltinKeywords.groovy:46)
	at com.kms.katalon.core.cucumber.keyword.CucumberBuiltinKeywords$runFeatureFile$0.callStatic(Unknown Source)
	at com.kms.katalon.core.cucumber.keyword.CucumberBuiltinKeywords.runFeatureFile(CucumberBuiltinKeywords.groovy:169)
	at com.kms.katalon.core.cucumber.keyword.CucumberBuiltinKeywords$runFeatureFile.call(Unknown Source)
	at Buton Kontrolu.run(Buton Kontrolu:19)
	at com.kms.katalon.core.main.ScriptEngine.run(ScriptEngine.java:194)
	at com.kms.katalon.core.main.ScriptEngine.runScriptAsRawText(ScriptEngine.java:119)
	at com.kms.katalon.core.main.TestCaseExecutor.runScript(TestCaseExecutor.java:339)
	at com.kms.katalon.core.main.TestCaseExecutor.doExecute(TestCaseExecutor.java:330)
	at com.kms.katalon.core.main.TestCaseExecutor.processExecutionPhase(TestCaseExecutor.java:309)
	at com.kms.katalon.core.main.TestCaseExecutor.accessMainPhase(TestCaseExecutor.java:301)
	at com.kms.katalon.core.main.TestCaseExecutor.execute(TestCaseExecutor.java:235)
	at com.kms.katalon.core.main.TestSuiteExecutor.accessTestCaseMainPhase(TestSuiteExecutor.java:191)
	at com.kms.katalon.core.main.TestSuiteExecutor.accessTestSuiteMainPhase(TestSuiteExecutor.java:141)
	at com.kms.katalon.core.main.TestSuiteExecutor.execute(TestSuiteExecutor.java:90)
	at com.kms.katalon.core.main.TestCaseMain.startTestSuite(TestCaseMain.java:157)
	at com.kms.katalon.core.main.TestCaseMain$startTestSuite$0.call(Unknown Source)
	at TempTestSuite1608235691517.run(TempTestSuite1608235691517.groovy:39)
Caused by: org.codehaus.groovy.runtime.InvokerInvocationException: Assertion failed: 

assert a
       |
       false

	at Method.invokeMethod(Method.groovy)
	at com.kms.katalon.core.main.CustomKeywordDelegatingMetaClass.invokeStaticMethod(CustomKeywordDelegatingMetaClass.java:50)
	at KullaniciIslemlerindenSecimYapilir.run(KullaniciIslemlerindenSecimYapilir:23)
	at com.kms.katalon.core.main.ScriptEngine.run(ScriptEngine.java:194)
	at com.kms.katalon.core.main.ScriptEngine.runScriptAsRawText(ScriptEngine.java:119)
	at com.kms.katalon.core.main.TestCaseExecutor.runScript(TestCaseExecutor.java:339)
	at com.kms.katalon.core.main.TestCaseExecutor.doExecute(TestCaseExecutor.java:330)
	at com.kms.katalon.core.main.TestCaseExecutor.processExecutionPhase(TestCaseExecutor.java:309)
	at com.kms.katalon.core.main.TestCaseExecutor.accessMainPhase(TestCaseExecutor.java:301)
	at com.kms.katalon.core.main.TestCaseExecutor.execute(TestCaseExecutor.java:235)
	at com.kms.katalon.core.main.TestCaseMain.runTestCase(TestCaseMain.java:114)
	at com.kms.katalon.core.keyword.builtin.CallTestCaseKeyword$_callTestCase_closure1.doCall(CallTestCaseKeyword.groovy:59)
	... 43 more
Caused by: Assertion failed: 

assert a
       |
       false

	at Method.TextDegerineEsitElementeTikla(Method.groovy:76)
	... 55 more
)

2020-12-17 23:09:28 - [MESSAGE][ERROR] - Kullanıcı işlemlerinden Çıkış seçilir FAILED.
Reason:
com.kms.katalon.core.exception.StepErrorException: Call Test Case 'Test Cases/Kullanici_Islemleri/KullaniciIslemlerindenSecimYapilir' failed because of error(s)
	at com.kms.katalon.core.keyword.builtin.CallTestCaseKeyword$_callTestCase_closure1.doCall(CallTestCaseKeyword.groovy:66)
	at com.kms.katalon.core.keyword.builtin.CallTestCaseKeyword$_callTestCase_closure1.call(CallTestCaseKeyword.groovy)
	at com.kms.katalon.core.keyword.internal.KeywordMain.runKeyword(KeywordMain.groovy:68)
	at com.kms.katalon.core.keyword.builtin.CallTestCaseKeyword.callTestCase(CallTestCaseKeyword.groovy:81)
	at com.kms.katalon.core.keyword.builtin.CallTestCaseKeyword.execute(CallTestCaseKeyword.groovy:44)
	at com.kms.katalon.core.keyword.internal.KeywordExecutor.executeKeywordForPlatform(KeywordExecutor.groovy:73)
	at com.kms.katalon.core.keyword.BuiltinKeywords.callTestCase(BuiltinKeywords.groovy:334)
	at kullaniciIslemleri.kullaniciIslemleri.kullaniciIslemi(kullaniciIslemleri.groovy:50)
	at ✽.Kullanıcı işlemlerinden Çıkış seçilir(C:/Users/yigit/Documents/GitHub/eesekim/Include/features/Ayarlar/Araclar/Adres Defteri/Buton Kontrolu.feature:8)
Caused by: org.codehaus.groovy.runtime.InvokerInvocationException: Assertion failed: 

assert a
       |
       false

	at Method.invokeMethod(Method.groovy)
	at com.kms.katalon.core.main.CustomKeywordDelegatingMetaClass.invokeStaticMethod(CustomKeywordDelegatingMetaClass.java:50)
	at KullaniciIslemlerindenSecimYapilir.run(KullaniciIslemlerindenSecimYapilir:23)
	at com.kms.katalon.core.main.ScriptEngine.run(ScriptEngine.java:194)
	at com.kms.katalon.core.main.ScriptEngine.runScriptAsRawText(ScriptEngine.java:119)
	at com.kms.katalon.core.main.TestCaseExecutor.runScript(TestCaseExecutor.java:339)
	at com.kms.katalon.core.main.TestCaseExecutor.doExecute(TestCaseExecutor.java:330)
	at com.kms.katalon.core.main.TestCaseExecutor.processExecutionPhase(TestCaseExecutor.java:309)
	at com.kms.katalon.core.main.TestCaseExecutor.accessMainPhase(TestCaseExecutor.java:301)
	at com.kms.katalon.core.main.TestCaseExecutor.execute(TestCaseExecutor.java:235)
	at com.kms.katalon.core.main.TestCaseMain.runTestCase(TestCaseMain.java:114)
	at com.kms.katalon.core.keyword.builtin.CallTestCaseKeyword$_callTestCase_closure1.doCall(CallTestCaseKeyword.groovy:59)
	at com.kms.katalon.core.keyword.builtin.CallTestCaseKeyword$_callTestCase_closure1.call(CallTestCaseKeyword.groovy)
	at com.kms.katalon.core.keyword.internal.KeywordMain.runKeyword(KeywordMain.groovy:68)
	at com.kms.katalon.core.keyword.builtin.CallTestCaseKeyword.callTestCase(CallTestCaseKeyword.groovy:81)
	at com.kms.katalon.core.keyword.builtin.CallTestCaseKeyword.execute(CallTestCaseKeyword.groovy:44)
	at com.kms.katalon.core.keyword.internal.KeywordExecutor.executeKeywordForPlatform(KeywordExecutor.groovy:73)
	at com.kms.katalon.core.keyword.BuiltinKeywords.callTestCase(BuiltinKeywords.groovy:334)
	at kullaniciIslemleri.kullaniciIslemleri.kullaniciIslemi(kullaniciIslemleri.groovy:50)
	at cucumber.runtime.Utils$1.call(Utils.java:26)
	at cucumber.runtime.Timeout.timeout(Timeout.java:16)
	at cucumber.runtime.Utils.invoke(Utils.java:20)
	at cucumber.runtime.java.JavaStepDefinition.execute(JavaStepDefinition.java:48)
	at cucumber.runtime.PickleStepDefinitionMatch.runStep(PickleStepDefinitionMatch.java:50)
	at cucumber.runner.TestStep.executeStep(TestStep.java:55)
	at cucumber.runner.TestStep.run(TestStep.java:42)
	at cucumber.runner.PickleStepTestStep.run(PickleStepTestStep.java:53)
	at cucumber.runner.TestCase.run(TestCase.java:47)
	at cucumber.runner.Runner.runPickle(Runner.java:44)
	at cucumber.runtime.Runtime.runFeature(Runtime.java:120)
	at cucumber.runtime.Runtime.run(Runtime.java:106)
	at cucumber.api.cli.Main.run(Main.java:35)
	at cucumber.api.cli.Main$run.call(Unknown Source)
	at com.kms.katalon.core.cucumber.keyword.CucumberBuiltinKeywords$_runFeatureFile_closure1.doCall(CucumberBuiltinKeywords.groovy:76)
	at com.kms.katalon.core.cucumber.keyword.CucumberBuiltinKeywords$_runFeatureFile_closure1.doCall(CucumberBuiltinKeywords.groovy)
	at com.kms.katalon.core.keyword.internal.KeywordMain.runKeyword(KeywordMain.groovy:68)
	at com.kms.katalon.core.keyword.internal.KeywordMain$runKeyword.call(Unknown Source)
	at com.kms.katalon.core.cucumber.keyword.CucumberBuiltinKeywords.runFeatureFile(CucumberBuiltinKeywords.groovy:46)
	at com.kms.katalon.core.cucumber.keyword.CucumberBuiltinKeywords$runFeatureFile$0.callStatic(Unknown Source)
	at com.kms.katalon.core.cucumber.keyword.CucumberBuiltinKeywords.runFeatureFile(CucumberBuiltinKeywords.groovy:169)
	at com.kms.katalon.core.cucumber.keyword.CucumberBuiltinKeywords$runFeatureFile.call(Unknown Source)
	at Buton Kontrolu.run(Buton Kontrolu:19)
	at com.kms.katalon.core.main.ScriptEngine.run(ScriptEngine.java:194)
	at com.kms.katalon.core.main.ScriptEngine.runScriptAsRawText(ScriptEngine.java:119)
	at com.kms.katalon.core.main.TestCaseExecutor.runScript(TestCaseExecutor.java:339)
	at com.kms.katalon.core.main.TestCaseExecutor.doExecute(TestCaseExecutor.java:330)
	at com.kms.katalon.core.main.TestCaseExecutor.processExecutionPhase(TestCaseExecutor.java:309)
	at com.kms.katalon.core.main.TestCaseExecutor.accessMainPhase(TestCaseExecutor.java:301)
	at com.kms.katalon.core.main.TestCaseExecutor.execute(TestCaseExecutor.java:235)
	at com.kms.katalon.core.main.TestSuiteExecutor.accessTestCaseMainPhase(TestSuiteExecutor.java:191)
	at com.kms.katalon.core.main.TestSuiteExecutor.accessTestSuiteMainPhase(TestSuiteExecutor.java:141)
	at com.kms.katalon.core.main.TestSuiteExecutor.execute(TestSuiteExecutor.java:90)
	at com.kms.katalon.core.main.TestCaseMain.startTestSuite(TestCaseMain.java:157)
	at com.kms.katalon.core.main.TestCaseMain$startTestSuite$0.call(Unknown Source)
	at TempTestSuite1608235691517.run(TempTestSuite1608235691517.groovy:39)
Caused by: Assertion failed: 

assert a
       |
       false

	at Method.TextDegerineEsitElementeTikla(Method.groovy:76)
	... 55 more


2020-12-17 23:09:29 - [MESSAGE][FAILED] - Keyword runFeatureFile was failed (Root cause: java.lang.NullPointerException: No format for key faıled
	at cucumber.runtime.formatter.AnsiFormats.get(AnsiFormats.java:51)
	at cucumber.runtime.Stats.printScenarios(Stats.java:170)
	at cucumber.runtime.Stats.printNonZeroResultScenarios(Stats.java:161)
	at cucumber.runtime.Stats.printStats(Stats.java:107)
	at cucumber.runtime.DefaultSummaryPrinter.printStats(DefaultSummaryPrinter.java:34)
	at cucumber.runtime.DefaultSummaryPrinter.print(DefaultSummaryPrinter.java:27)
	at cucumber.runtime.DefaultSummaryPrinter.access$000(DefaultSummaryPrinter.java:14)
	at cucumber.runtime.DefaultSummaryPrinter$1.receive(DefaultSummaryPrinter.java:63)
	at cucumber.runtime.DefaultSummaryPrinter$1.receive(DefaultSummaryPrinter.java:60)
	at cucumber.runner.EventBus.send(EventBus.java:28)
	at cucumber.runtime.Runtime.run(Runtime.java:109)
	at cucumber.api.cli.Main.run(Main.java:35)
	at cucumber.api.cli.Main$run.call(Unknown Source)
	at com.kms.katalon.core.cucumber.keyword.CucumberBuiltinKeywords$_runFeatureFile_closure1.doCall(CucumberBuiltinKeywords.groovy:76)
	at com.kms.katalon.core.cucumber.keyword.CucumberBuiltinKeywords$_runFeatureFile_closure1.doCall(CucumberBuiltinKeywords.groovy)
	at com.kms.katalon.core.keyword.internal.KeywordMain.runKeyword(KeywordMain.groovy:68)
	at com.kms.katalon.core.keyword.internal.KeywordMain$runKeyword.call(Unknown Source)
	at com.kms.katalon.core.cucumber.keyword.CucumberBuiltinKeywords.runFeatureFile(CucumberBuiltinKeywords.groovy:46)
	at com.kms.katalon.core.cucumber.keyword.CucumberBuiltinKeywords$runFeatureFile$0.callStatic(Unknown Source)
	at com.kms.katalon.core.cucumber.keyword.CucumberBuiltinKeywords.runFeatureFile(CucumberBuiltinKeywords.groovy:169)
	at com.kms.katalon.core.cucumber.keyword.CucumberBuiltinKeywords$runFeatureFile.call(Unknown Source)
	at Buton Kontrolu.run(Buton Kontrolu:19)
	at com.kms.katalon.core.main.ScriptEngine.run(ScriptEngine.java:194)
	at com.kms.katalon.core.main.ScriptEngine.runScriptAsRawText(ScriptEngine.java:119)
	at com.kms.katalon.core.main.TestCaseExecutor.runScript(TestCaseExecutor.java:339)
	at com.kms.katalon.core.main.TestCaseExecutor.doExecute(TestCaseExecutor.java:330)
	at com.kms.katalon.core.main.TestCaseExecutor.processExecutionPhase(TestCaseExecutor.java:309)
	at com.kms.katalon.core.main.TestCaseExecutor.accessMainPhase(TestCaseExecutor.java:301)
	at com.kms.katalon.core.main.TestCaseExecutor.execute(TestCaseExecutor.java:235)
	at com.kms.katalon.core.main.TestSuiteExecutor.accessTestCaseMainPhase(TestSuiteExecutor.java:191)
	at com.kms.katalon.core.main.TestSuiteExecutor.accessTestSuiteMainPhase(TestSuiteExecutor.java:141)
	at com.kms.katalon.core.main.TestSuiteExecutor.execute(TestSuiteExecutor.java:90)
	at com.kms.katalon.core.main.TestCaseMain.startTestSuite(TestCaseMain.java:157)
	at com.kms.katalon.core.main.TestCaseMain$startTestSuite$0.call(Unknown Source)
	at TempTestSuite1608235691517.run(TempTestSuite1608235691517.groovy:39)
)

2020-12-17 23:09:29 - [TEST_STEP][PASSED] - Start listener action : sampleAfterTestSuite: Invoke 'com.kms.katalon.core.annotation.AfterTestCase' method: 'Listener.sampleAfterTestSuite(...)' completed.

2020-12-17 23:09:29 - [MESSAGE][INFO] - Starting invoke 'com.kms.katalon.core.annotation.AfterTestCase' method: 'Listener.sampleAfterTestSuite(...)'

2020-12-17 23:09:29 - [MESSAGE][INFO] - Invoke 'com.kms.katalon.core.annotation.AfterTestCase' method: 'Listener.sampleAfterTestSuite(...)' completed.]]></system-out>
         <system-err><![CDATA[2020-12-17 23:08:33 - [TEST_CASE][FAILED] - Test Cases/Case Repository/Ayarlar/Araclar/Adres Defteri/Buton Kontrolu: Test Cases/Case Repository/Ayarlar/Araclar/Adres Defteri/Buton Kontrolu FAILED.
Reason:
com.kms.katalon.core.exception.StepFailedException: Keyword runFeatureFile was failed (Root cause: java.lang.NullPointerException: No format for key faıled
	at cucumber.runtime.formatter.AnsiFormats.get(AnsiFormats.java:51)
	at cucumber.runtime.Stats.printScenarios(Stats.java:170)
	at cucumber.runtime.Stats.printNonZeroResultScenarios(Stats.java:161)
	at cucumber.runtime.Stats.printStats(Stats.java:107)
	at cucumber.runtime.DefaultSummaryPrinter.printStats(DefaultSummaryPrinter.java:34)
	at cucumber.runtime.DefaultSummaryPrinter.print(DefaultSummaryPrinter.java:27)
	at cucumber.runtime.DefaultSummaryPrinter.access$000(DefaultSummaryPrinter.java:14)
	at cucumber.runtime.DefaultSummaryPrinter$1.receive(DefaultSummaryPrinter.java:63)
	at cucumber.runtime.DefaultSummaryPrinter$1.receive(DefaultSummaryPrinter.java:60)
	at cucumber.runner.EventBus.send(EventBus.java:28)
	at cucumber.runtime.Runtime.run(Runtime.java:109)
	at cucumber.api.cli.Main.run(Main.java:35)
	at cucumber.api.cli.Main$run.call(Unknown Source)
	at com.kms.katalon.core.cucumber.keyword.CucumberBuiltinKeywords$_runFeatureFile_closure1.doCall(CucumberBuiltinKeywords.groovy:76)
	at com.kms.katalon.core.cucumber.keyword.CucumberBuiltinKeywords$_runFeatureFile_closure1.doCall(CucumberBuiltinKeywords.groovy)
	at com.kms.katalon.core.keyword.internal.KeywordMain.runKeyword(KeywordMain.groovy:68)
	at com.kms.katalon.core.keyword.internal.KeywordMain$runKeyword.call(Unknown Source)
	at com.kms.katalon.core.cucumber.keyword.CucumberBuiltinKeywords.runFeatureFile(CucumberBuiltinKeywords.groovy:46)
	at com.kms.katalon.core.cucumber.keyword.CucumberBuiltinKeywords$runFeatureFile$0.callStatic(Unknown Source)
	at com.kms.katalon.core.cucumber.keyword.CucumberBuiltinKeywords.runFeatureFile(CucumberBuiltinKeywords.groovy:169)
	at com.kms.katalon.core.cucumber.keyword.CucumberBuiltinKeywords$runFeatureFile.call(Unknown Source)
	at Buton Kontrolu.run(Buton Kontrolu:19)
	at com.kms.katalon.core.main.ScriptEngine.run(ScriptEngine.java:194)
	at com.kms.katalon.core.main.ScriptEngine.runScriptAsRawText(ScriptEngine.java:119)
	at com.kms.katalon.core.main.TestCaseExecutor.runScript(TestCaseExecutor.java:339)
	at com.kms.katalon.core.main.TestCaseExecutor.doExecute(TestCaseExecutor.java:330)
	at com.kms.katalon.core.main.TestCaseExecutor.processExecutionPhase(TestCaseExecutor.java:309)
	at com.kms.katalon.core.main.TestCaseExecutor.accessMainPhase(TestCaseExecutor.java:301)
	at com.kms.katalon.core.main.TestCaseExecutor.execute(TestCaseExecutor.java:235)
	at com.kms.katalon.core.main.TestSuiteExecutor.accessTestCaseMainPhase(TestSuiteExecutor.java:191)
	at com.kms.katalon.core.main.TestSuiteExecutor.accessTestSuiteMainPhase(TestSuiteExecutor.java:141)
	at com.kms.katalon.core.main.TestSuiteExecutor.execute(TestSuiteExecutor.java:90)
	at com.kms.katalon.core.main.TestCaseMain.startTestSuite(TestCaseMain.java:157)
	at com.kms.katalon.core.main.TestCaseMain$startTestSuite$0.call(Unknown Source)
	at TempTestSuite1608235691517.run(TempTestSuite1608235691517.groovy:39)
)
	at com.kms.katalon.core.keyword.internal.KeywordMain.stepFailed(KeywordMain.groovy:50)
	at com.kms.katalon.core.keyword.internal.KeywordMain.stepFailed(KeywordMain.groovy)
	at com.kms.katalon.core.keyword.internal.KeywordMain.runKeyword(KeywordMain.groovy:70)
	at com.kms.katalon.core.keyword.internal.KeywordMain$runKeyword.call(Unknown Source)
	at com.kms.katalon.core.cucumber.keyword.CucumberBuiltinKeywords.runFeatureFile(CucumberBuiltinKeywords.groovy:46)
	at com.kms.katalon.core.cucumber.keyword.CucumberBuiltinKeywords$runFeatureFile$0.callStatic(Unknown Source)
	at com.kms.katalon.core.cucumber.keyword.CucumberBuiltinKeywords.runFeatureFile(CucumberBuiltinKeywords.groovy:169)
	at com.kms.katalon.core.cucumber.keyword.CucumberBuiltinKeywords$runFeatureFile.call(Unknown Source)
	at Buton Kontrolu.run(Buton Kontrolu:19)
	at com.kms.katalon.core.main.ScriptEngine.run(ScriptEngine.java:194)
	at com.kms.katalon.core.main.ScriptEngine.runScriptAsRawText(ScriptEngine.java:119)
	at com.kms.katalon.core.main.TestCaseExecutor.runScript(TestCaseExecutor.java:339)
	at com.kms.katalon.core.main.TestCaseExecutor.doExecute(TestCaseExecutor.java:330)
	at com.kms.katalon.core.main.TestCaseExecutor.processExecutionPhase(TestCaseExecutor.java:309)
	at com.kms.katalon.core.main.TestCaseExecutor.accessMainPhase(TestCaseExecutor.java:301)
	at com.kms.katalon.core.main.TestCaseExecutor.execute(TestCaseExecutor.java:235)
	at com.kms.katalon.core.main.TestSuiteExecutor.accessTestCaseMainPhase(TestSuiteExecutor.java:191)
	at com.kms.katalon.core.main.TestSuiteExecutor.accessTestSuiteMainPhase(TestSuiteExecutor.java:141)
	at com.kms.katalon.core.main.TestSuiteExecutor.execute(TestSuiteExecutor.java:90)
	at com.kms.katalon.core.main.TestCaseMain.startTestSuite(TestCaseMain.java:157)
	at com.kms.katalon.core.main.TestCaseMain$startTestSuite$0.call(Unknown Source)
	at TempTestSuite1608235691517.run(TempTestSuite1608235691517.groovy:39)
Caused by: java.lang.NullPointerException: No format for key faıled
	at cucumber.runtime.formatter.AnsiFormats.get(AnsiFormats.java:51)
	at cucumber.runtime.Stats.printScenarios(Stats.java:170)
	at cucumber.runtime.Stats.printNonZeroResultScenarios(Stats.java:161)
	at cucumber.runtime.Stats.printStats(Stats.java:107)
	at cucumber.runtime.DefaultSummaryPrinter.printStats(DefaultSummaryPrinter.java:34)
	at cucumber.runtime.DefaultSummaryPrinter.print(DefaultSummaryPrinter.java:27)
	at cucumber.runtime.DefaultSummaryPrinter.access$000(DefaultSummaryPrinter.java:14)
	at cucumber.runtime.DefaultSummaryPrinter$1.receive(DefaultSummaryPrinter.java:63)
	at cucumber.runtime.DefaultSummaryPrinter$1.receive(DefaultSummaryPrinter.java:60)
	at cucumber.runner.EventBus.send(EventBus.java:28)
	at cucumber.runtime.Runtime.run(Runtime.java:109)
	at cucumber.api.cli.Main.run(Main.java:35)
	at cucumber.api.cli.Main$run.call(Unknown Source)
	at com.kms.katalon.core.cucumber.keyword.CucumberBuiltinKeywords$_runFeatureFile_closure1.doCall(CucumberBuiltinKeywords.groovy:76)
	at com.kms.katalon.core.cucumber.keyword.CucumberBuiltinKeywords$_runFeatureFile_closure1.doCall(CucumberBuiltinKeywords.groovy)
	at com.kms.katalon.core.keyword.internal.KeywordMain.runKeyword(KeywordMain.groovy:68)
	... 19 more]]></system-err>
      </testcase>
      <system-out><![CDATA[2020-12-17 23:08:33 - [TEST_SUITE][FAILED] - Buton Kontrolu: Test Cases/Case Repository/Ayarlar/Araclar/Adres Defteri/Buton Kontrolu FAILED.
Reason:
com.kms.katalon.core.exception.StepFailedException: Keyword runFeatureFile was failed (Root cause: java.lang.NullPointerException: No format for key faıled
	at cucumber.runtime.formatter.AnsiFormats.get(AnsiFormats.java:51)
	at cucumber.runtime.Stats.printScenarios(Stats.java:170)
	at cucumber.runtime.Stats.printNonZeroResultScenarios(Stats.java:161)
	at cucumber.runtime.Stats.printStats(Stats.java:107)
	at cucumber.runtime.DefaultSummaryPrinter.printStats(DefaultSummaryPrinter.java:34)
	at cucumber.runtime.DefaultSummaryPrinter.print(DefaultSummaryPrinter.java:27)
	at cucumber.runtime.DefaultSummaryPrinter.access$000(DefaultSummaryPrinter.java:14)
	at cucumber.runtime.DefaultSummaryPrinter$1.receive(DefaultSummaryPrinter.java:63)
	at cucumber.runtime.DefaultSummaryPrinter$1.receive(DefaultSummaryPrinter.java:60)
	at cucumber.runner.EventBus.send(EventBus.java:28)
	at cucumber.runtime.Runtime.run(Runtime.java:109)
	at cucumber.api.cli.Main.run(Main.java:35)
	at cucumber.api.cli.Main$run.call(Unknown Source)
	at com.kms.katalon.core.cucumber.keyword.CucumberBuiltinKeywords$_runFeatureFile_closure1.doCall(CucumberBuiltinKeywords.groovy:76)
	at com.kms.katalon.core.cucumber.keyword.CucumberBuiltinKeywords$_runFeatureFile_closure1.doCall(CucumberBuiltinKeywords.groovy)
	at com.kms.katalon.core.keyword.internal.KeywordMain.runKeyword(KeywordMain.groovy:68)
	at com.kms.katalon.core.keyword.internal.KeywordMain$runKeyword.call(Unknown Source)
	at com.kms.katalon.core.cucumber.keyword.CucumberBuiltinKeywords.runFeatureFile(CucumberBuiltinKeywords.groovy:46)
	at com.kms.katalon.core.cucumber.keyword.CucumberBuiltinKeywords$runFeatureFile$0.callStatic(Unknown Source)
	at com.kms.katalon.core.cucumber.keyword.CucumberBuiltinKeywords.runFeatureFile(CucumberBuiltinKeywords.groovy:169)
	at com.kms.katalon.core.cucumber.keyword.CucumberBuiltinKeywords$runFeatureFile.call(Unknown Source)
	at Buton Kontrolu.run(Buton Kontrolu:19)
	at com.kms.katalon.core.main.ScriptEngine.run(ScriptEngine.java:194)
	at com.kms.katalon.core.main.ScriptEngine.runScriptAsRawText(ScriptEngine.java:119)
	at com.kms.katalon.core.main.TestCaseExecutor.runScript(TestCaseExecutor.java:339)
	at com.kms.katalon.core.main.TestCaseExecutor.doExecute(TestCaseExecutor.java:330)
	at com.kms.katalon.core.main.TestCaseExecutor.processExecutionPhase(TestCaseExecutor.java:309)
	at com.kms.katalon.core.main.TestCaseExecutor.accessMainPhase(TestCaseExecutor.java:301)
	at com.kms.katalon.core.main.TestCaseExecutor.execute(TestCaseExecutor.java:235)
	at com.kms.katalon.core.main.TestSuiteExecutor.accessTestCaseMainPhase(TestSuiteExecutor.java:191)
	at com.kms.katalon.core.main.TestSuiteExecutor.accessTestSuiteMainPhase(TestSuiteExecutor.java:141)
	at com.kms.katalon.core.main.TestSuiteExecutor.execute(TestSuiteExecutor.java:90)
	at com.kms.katalon.core.main.TestCaseMain.startTestSuite(TestCaseMain.java:157)
	at com.kms.katalon.core.main.TestCaseMain$startTestSuite$0.call(Unknown Source)
	at TempTestSuite1608235691517.run(TempTestSuite1608235691517.groovy:39)
)
	at com.kms.katalon.core.keyword.internal.KeywordMain.stepFailed(KeywordMain.groovy:50)
	at com.kms.katalon.core.keyword.internal.KeywordMain.stepFailed(KeywordMain.groovy)
	at com.kms.katalon.core.keyword.internal.KeywordMain.runKeyword(KeywordMain.groovy:70)
	at com.kms.katalon.core.keyword.internal.KeywordMain$runKeyword.call(Unknown Source)
	at com.kms.katalon.core.cucumber.keyword.CucumberBuiltinKeywords.runFeatureFile(CucumberBuiltinKeywords.groovy:46)
	at com.kms.katalon.core.cucumber.keyword.CucumberBuiltinKeywords$runFeatureFile$0.callStatic(Unknown Source)
	at com.kms.katalon.core.cucumber.keyword.CucumberBuiltinKeywords.runFeatureFile(CucumberBuiltinKeywords.groovy:169)
	at com.kms.katalon.core.cucumber.keyword.CucumberBuiltinKeywords$runFeatureFile.call(Unknown Source)
	at Buton Kontrolu.run(Buton Kontrolu:19)
	at com.kms.katalon.core.main.ScriptEngine.run(ScriptEngine.java:194)
	at com.kms.katalon.core.main.ScriptEngine.runScriptAsRawText(ScriptEngine.java:119)
	at com.kms.katalon.core.main.TestCaseExecutor.runScript(TestCaseExecutor.java:339)
	at com.kms.katalon.core.main.TestCaseExecutor.doExecute(TestCaseExecutor.java:330)
	at com.kms.katalon.core.main.TestCaseExecutor.processExecutionPhase(TestCaseExecutor.java:309)
	at com.kms.katalon.core.main.TestCaseExecutor.accessMainPhase(TestCaseExecutor.java:301)
	at com.kms.katalon.core.main.TestCaseExecutor.execute(TestCaseExecutor.java:235)
	at com.kms.katalon.core.main.TestSuiteExecutor.accessTestCaseMainPhase(TestSuiteExecutor.java:191)
	at com.kms.katalon.core.main.TestSuiteExecutor.accessTestSuiteMainPhase(TestSuiteExecutor.java:141)
	at com.kms.katalon.core.main.TestSuiteExecutor.execute(TestSuiteExecutor.java:90)
	at com.kms.katalon.core.main.TestCaseMain.startTestSuite(TestCaseMain.java:157)
	at com.kms.katalon.core.main.TestCaseMain$startTestSuite$0.call(Unknown Source)
	at TempTestSuite1608235691517.run(TempTestSuite1608235691517.groovy:39)
Caused by: java.lang.NullPointerException: No format for key faıled
	at cucumber.runtime.formatter.AnsiFormats.get(AnsiFormats.java:51)
	at cucumber.runtime.Stats.printScenarios(Stats.java:170)
	at cucumber.runtime.Stats.printNonZeroResultScenarios(Stats.java:161)
	at cucumber.runtime.Stats.printStats(Stats.java:107)
	at cucumber.runtime.DefaultSummaryPrinter.printStats(DefaultSummaryPrinter.java:34)
	at cucumber.runtime.DefaultSummaryPrinter.print(DefaultSummaryPrinter.java:27)
	at cucumber.runtime.DefaultSummaryPrinter.access$000(DefaultSummaryPrinter.java:14)
	at cucumber.runtime.DefaultSummaryPrinter$1.receive(DefaultSummaryPrinter.java:63)
	at cucumber.runtime.DefaultSummaryPrinter$1.receive(DefaultSummaryPrinter.java:60)
	at cucumber.runner.EventBus.send(EventBus.java:28)
	at cucumber.runtime.Runtime.run(Runtime.java:109)
	at cucumber.api.cli.Main.run(Main.java:35)
	at cucumber.api.cli.Main$run.call(Unknown Source)
	at com.kms.katalon.core.cucumber.keyword.CucumberBuiltinKeywords$_runFeatureFile_closure1.doCall(CucumberBuiltinKeywords.groovy:76)
	at com.kms.katalon.core.cucumber.keyword.CucumberBuiltinKeywords$_runFeatureFile_closure1.doCall(CucumberBuiltinKeywords.groovy)
	at com.kms.katalon.core.keyword.internal.KeywordMain.runKeyword(KeywordMain.groovy:68)
	... 19 more]]></system-out>
      <system-err><![CDATA[2020-12-17 23:08:33 - [TEST_SUITE][FAILED] - Buton Kontrolu: Test Cases/Case Repository/Ayarlar/Araclar/Adres Defteri/Buton Kontrolu FAILED.
Reason:
com.kms.katalon.core.exception.StepFailedException: Keyword runFeatureFile was failed (Root cause: java.lang.NullPointerException: No format for key faıled
	at cucumber.runtime.formatter.AnsiFormats.get(AnsiFormats.java:51)
	at cucumber.runtime.Stats.printScenarios(Stats.java:170)
	at cucumber.runtime.Stats.printNonZeroResultScenarios(Stats.java:161)
	at cucumber.runtime.Stats.printStats(Stats.java:107)
	at cucumber.runtime.DefaultSummaryPrinter.printStats(DefaultSummaryPrinter.java:34)
	at cucumber.runtime.DefaultSummaryPrinter.print(DefaultSummaryPrinter.java:27)
	at cucumber.runtime.DefaultSummaryPrinter.access$000(DefaultSummaryPrinter.java:14)
	at cucumber.runtime.DefaultSummaryPrinter$1.receive(DefaultSummaryPrinter.java:63)
	at cucumber.runtime.DefaultSummaryPrinter$1.receive(DefaultSummaryPrinter.java:60)
	at cucumber.runner.EventBus.send(EventBus.java:28)
	at cucumber.runtime.Runtime.run(Runtime.java:109)
	at cucumber.api.cli.Main.run(Main.java:35)
	at cucumber.api.cli.Main$run.call(Unknown Source)
	at com.kms.katalon.core.cucumber.keyword.CucumberBuiltinKeywords$_runFeatureFile_closure1.doCall(CucumberBuiltinKeywords.groovy:76)
	at com.kms.katalon.core.cucumber.keyword.CucumberBuiltinKeywords$_runFeatureFile_closure1.doCall(CucumberBuiltinKeywords.groovy)
	at com.kms.katalon.core.keyword.internal.KeywordMain.runKeyword(KeywordMain.groovy:68)
	at com.kms.katalon.core.keyword.internal.KeywordMain$runKeyword.call(Unknown Source)
	at com.kms.katalon.core.cucumber.keyword.CucumberBuiltinKeywords.runFeatureFile(CucumberBuiltinKeywords.groovy:46)
	at com.kms.katalon.core.cucumber.keyword.CucumberBuiltinKeywords$runFeatureFile$0.callStatic(Unknown Source)
	at com.kms.katalon.core.cucumber.keyword.CucumberBuiltinKeywords.runFeatureFile(CucumberBuiltinKeywords.groovy:169)
	at com.kms.katalon.core.cucumber.keyword.CucumberBuiltinKeywords$runFeatureFile.call(Unknown Source)
	at Buton Kontrolu.run(Buton Kontrolu:19)
	at com.kms.katalon.core.main.ScriptEngine.run(ScriptEngine.java:194)
	at com.kms.katalon.core.main.ScriptEngine.runScriptAsRawText(ScriptEngine.java:119)
	at com.kms.katalon.core.main.TestCaseExecutor.runScript(TestCaseExecutor.java:339)
	at com.kms.katalon.core.main.TestCaseExecutor.doExecute(TestCaseExecutor.java:330)
	at com.kms.katalon.core.main.TestCaseExecutor.processExecutionPhase(TestCaseExecutor.java:309)
	at com.kms.katalon.core.main.TestCaseExecutor.accessMainPhase(TestCaseExecutor.java:301)
	at com.kms.katalon.core.main.TestCaseExecutor.execute(TestCaseExecutor.java:235)
	at com.kms.katalon.core.main.TestSuiteExecutor.accessTestCaseMainPhase(TestSuiteExecutor.java:191)
	at com.kms.katalon.core.main.TestSuiteExecutor.accessTestSuiteMainPhase(TestSuiteExecutor.java:141)
	at com.kms.katalon.core.main.TestSuiteExecutor.execute(TestSuiteExecutor.java:90)
	at com.kms.katalon.core.main.TestCaseMain.startTestSuite(TestCaseMain.java:157)
	at com.kms.katalon.core.main.TestCaseMain$startTestSuite$0.call(Unknown Source)
	at TempTestSuite1608235691517.run(TempTestSuite1608235691517.groovy:39)
)
	at com.kms.katalon.core.keyword.internal.KeywordMain.stepFailed(KeywordMain.groovy:50)
	at com.kms.katalon.core.keyword.internal.KeywordMain.stepFailed(KeywordMain.groovy)
	at com.kms.katalon.core.keyword.internal.KeywordMain.runKeyword(KeywordMain.groovy:70)
	at com.kms.katalon.core.keyword.internal.KeywordMain$runKeyword.call(Unknown Source)
	at com.kms.katalon.core.cucumber.keyword.CucumberBuiltinKeywords.runFeatureFile(CucumberBuiltinKeywords.groovy:46)
	at com.kms.katalon.core.cucumber.keyword.CucumberBuiltinKeywords$runFeatureFile$0.callStatic(Unknown Source)
	at com.kms.katalon.core.cucumber.keyword.CucumberBuiltinKeywords.runFeatureFile(CucumberBuiltinKeywords.groovy:169)
	at com.kms.katalon.core.cucumber.keyword.CucumberBuiltinKeywords$runFeatureFile.call(Unknown Source)
	at Buton Kontrolu.run(Buton Kontrolu:19)
	at com.kms.katalon.core.main.ScriptEngine.run(ScriptEngine.java:194)
	at com.kms.katalon.core.main.ScriptEngine.runScriptAsRawText(ScriptEngine.java:119)
	at com.kms.katalon.core.main.TestCaseExecutor.runScript(TestCaseExecutor.java:339)
	at com.kms.katalon.core.main.TestCaseExecutor.doExecute(TestCaseExecutor.java:330)
	at com.kms.katalon.core.main.TestCaseExecutor.processExecutionPhase(TestCaseExecutor.java:309)
	at com.kms.katalon.core.main.TestCaseExecutor.accessMainPhase(TestCaseExecutor.java:301)
	at com.kms.katalon.core.main.TestCaseExecutor.execute(TestCaseExecutor.java:235)
	at com.kms.katalon.core.main.TestSuiteExecutor.accessTestCaseMainPhase(TestSuiteExecutor.java:191)
	at com.kms.katalon.core.main.TestSuiteExecutor.accessTestSuiteMainPhase(TestSuiteExecutor.java:141)
	at com.kms.katalon.core.main.TestSuiteExecutor.execute(TestSuiteExecutor.java:90)
	at com.kms.katalon.core.main.TestCaseMain.startTestSuite(TestCaseMain.java:157)
	at com.kms.katalon.core.main.TestCaseMain$startTestSuite$0.call(Unknown Source)
	at TempTestSuite1608235691517.run(TempTestSuite1608235691517.groovy:39)
Caused by: java.lang.NullPointerException: No format for key faıled
	at cucumber.runtime.formatter.AnsiFormats.get(AnsiFormats.java:51)
	at cucumber.runtime.Stats.printScenarios(Stats.java:170)
	at cucumber.runtime.Stats.printNonZeroResultScenarios(Stats.java:161)
	at cucumber.runtime.Stats.printStats(Stats.java:107)
	at cucumber.runtime.DefaultSummaryPrinter.printStats(DefaultSummaryPrinter.java:34)
	at cucumber.runtime.DefaultSummaryPrinter.print(DefaultSummaryPrinter.java:27)
	at cucumber.runtime.DefaultSummaryPrinter.access$000(DefaultSummaryPrinter.java:14)
	at cucumber.runtime.DefaultSummaryPrinter$1.receive(DefaultSummaryPrinter.java:63)
	at cucumber.runtime.DefaultSummaryPrinter$1.receive(DefaultSummaryPrinter.java:60)
	at cucumber.runner.EventBus.send(EventBus.java:28)
	at cucumber.runtime.Runtime.run(Runtime.java:109)
	at cucumber.api.cli.Main.run(Main.java:35)
	at cucumber.api.cli.Main$run.call(Unknown Source)
	at com.kms.katalon.core.cucumber.keyword.CucumberBuiltinKeywords$_runFeatureFile_closure1.doCall(CucumberBuiltinKeywords.groovy:76)
	at com.kms.katalon.core.cucumber.keyword.CucumberBuiltinKeywords$_runFeatureFile_closure1.doCall(CucumberBuiltinKeywords.groovy)
	at com.kms.katalon.core.keyword.internal.KeywordMain.runKeyword(KeywordMain.groovy:68)
	... 19 more]]></system-err>
   </testsuite>
   <testsuite name="Filtre Kontrolu" tests="1" failures="1" errors="0" time="74.253" timestamp="2020-12-17 23:08:34" hostname="yigit - LAPTOP-7436ND4C" id="">
      <properties>
         <property name="deviceName" value=""/>
         <property name="devicePlatform" value=""/>
         <property name="logFolder" value="C:\\Users\\yigit\\Documents\\GitHub\\eesekim\\Reports\\20201217_230810\\_Suite Repository ( Deneysel )\\Ayarlar\\Araclar\\Adres Defteri\\Filtre Kontrolu\\20201217_230813"/>
         <property name="logFiles" value="C:\\Users\\yigit\\Documents\\GitHub\\eesekim\\Reports\\20201217_230810\\_Suite Repository ( Deneysel )\\Ayarlar\\Araclar\\Adres Defteri\\Filtre Kontrolu\\20201217_230813\\execution0.log"/>
         <property name="attachments" value=""/>
         <property name="hostName" value="yigit - LAPTOP-7436ND4C"/>
         <property name="os" value="Windows 10 64bit"/>
         <property name="katalonVersion" value="7.7.2.205"/>
         <property name="browser" value="Chrome 87.0.4280.88"/>
         <property name="hostAddress" value="10.10.10.154"/>
         <property name="sessionId" value="2c6d0c4c3146ae11b901f73905780e6c"/>
         <property name="seleniumVersion" value="3.141.59"/>
         <property name="proxyInformation" value="ProxyInformation { proxyOption=NO_PROXY, proxyServerType=HTTP, username=, password=********, proxyServerAddress=, proxyServerPort=0, executionList=&quot;&quot;, isApplyToDesiredCapabilities=true }"/>
         <property name="platform" value="Windows 10"/>
      </properties>
      <testcase name="Test Cases/Case Repository/Ayarlar/Araclar/Adres Defteri/Filtre Kontrolu" time="72.222" classname="Test Cases/Case Repository/Ayarlar/Araclar/Adres Defteri/Filtre Kontrolu" status="FAILED">
         <failure type="FAILED" message="Test Cases/Case Repository/Ayarlar/Araclar/Adres Defteri/Filtre Kontrolu FAILED.
Reason:
com.kms.katalon.core.exception.StepFailedException: Keyword runFeatureFile was failed (Root cause: java.lang.NullPointerException: No format for key faıled
	at cucumber.runtime.formatter.AnsiFormats.get(AnsiFormats.java:51)
	at cucumber.runtime.Stats.printScenarios(Stats.java:170)
	at cucumber.runtime.Stats.printNonZeroResultScenarios(Stats.java:161)
	at cucumber.runtime.Stats.printStats(Stats.java:107)
	at cucumber.runtime.DefaultSummaryPrinter.printStats(DefaultSummaryPrinter.java:34)
	at cucumber.runtime.DefaultSummaryPrinter.print(DefaultSummaryPrinter.java:27)
	at cucumber.runtime.DefaultSummaryPrinter.access$000(DefaultSummaryPrinter.java:14)
	at cucumber.runtime.DefaultSummaryPrinter$1.receive(DefaultSummaryPrinter.java:63)
	at cucumber.runtime.DefaultSummaryPrinter$1.receive(DefaultSummaryPrinter.java:60)
	at cucumber.runner.EventBus.send(EventBus.java:28)
	at cucumber.runtime.Runtime.run(Runtime.java:109)
	at cucumber.api.cli.Main.run(Main.java:35)
	at cucumber.api.cli.Main$run.call(Unknown Source)
	at com.kms.katalon.core.cucumber.keyword.CucumberBuiltinKeywords$_runFeatureFile_closure1.doCall(CucumberBuiltinKeywords.groovy:76)
	at com.kms.katalon.core.cucumber.keyword.CucumberBuiltinKeywords$_runFeatureFile_closure1.doCall(CucumberBuiltinKeywords.groovy)
	at com.kms.katalon.core.keyword.internal.KeywordMain.runKeyword(KeywordMain.groovy:68)
	at com.kms.katalon.core.keyword.internal.KeywordMain$runKeyword.call(Unknown Source)
	at com.kms.katalon.core.cucumber.keyword.CucumberBuiltinKeywords.runFeatureFile(CucumberBuiltinKeywords.groovy:46)
	at com.kms.katalon.core.cucumber.keyword.CucumberBuiltinKeywords$runFeatureFile$0.callStatic(Unknown Source)
	at com.kms.katalon.core.cucumber.keyword.CucumberBuiltinKeywords.runFeatureFile(CucumberBuiltinKeywords.groovy:169)
	at com.kms.katalon.core.cucumber.keyword.CucumberBuiltinKeywords$runFeatureFile.call(Unknown Source)
	at Filtre Kontrolu.run(Filtre Kontrolu:19)
	at com.kms.katalon.core.main.ScriptEngine.run(ScriptEngine.java:194)
	at com.kms.katalon.core.main.ScriptEngine.runScriptAsRawText(ScriptEngine.java:119)
	at com.kms.katalon.core.main.TestCaseExecutor.runScript(TestCaseExecutor.java:339)
	at com.kms.katalon.core.main.TestCaseExecutor.doExecute(TestCaseExecutor.java:330)
	at com.kms.katalon.core.main.TestCaseExecutor.processExecutionPhase(TestCaseExecutor.java:309)
	at com.kms.katalon.core.main.TestCaseExecutor.accessMainPhase(TestCaseExecutor.java:301)
	at com.kms.katalon.core.main.TestCaseExecutor.execute(TestCaseExecutor.java:235)
	at com.kms.katalon.core.main.TestSuiteExecutor.accessTestCaseMainPhase(TestSuiteExecutor.java:191)
	at com.kms.katalon.core.main.TestSuiteExecutor.accessTestSuiteMainPhase(TestSuiteExecutor.java:141)
	at com.kms.katalon.core.main.TestSuiteExecutor.execute(TestSuiteExecutor.java:90)
	at com.kms.katalon.core.main.TestCaseMain.startTestSuite(TestCaseMain.java:157)
	at com.kms.katalon.core.main.TestCaseMain$startTestSuite$0.call(Unknown Source)
	at TempTestSuite1608235693458.run(TempTestSuite1608235693458.groovy:39)
)
	at com.kms.katalon.core.keyword.internal.KeywordMain.stepFailed(KeywordMain.groovy:50)
	at com.kms.katalon.core.keyword.internal.KeywordMain.stepFailed(KeywordMain.groovy)
	at com.kms.katalon.core.keyword.internal.KeywordMain.runKeyword(KeywordMain.groovy:70)
	at com.kms.katalon.core.keyword.internal.KeywordMain$runKeyword.call(Unknown Source)
	at com.kms.katalon.core.cucumber.keyword.CucumberBuiltinKeywords.runFeatureFile(CucumberBuiltinKeywords.groovy:46)
	at com.kms.katalon.core.cucumber.keyword.CucumberBuiltinKeywords$runFeatureFile$0.callStatic(Unknown Source)
	at com.kms.katalon.core.cucumber.keyword.CucumberBuiltinKeywords.runFeatureFile(CucumberBuiltinKeywords.groovy:169)
	at com.kms.katalon.core.cucumber.keyword.CucumberBuiltinKeywords$runFeatureFile.call(Unknown Source)
	at Filtre Kontrolu.run(Filtre Kontrolu:19)
	at com.kms.katalon.core.main.ScriptEngine.run(ScriptEngine.java:194)
	at com.kms.katalon.core.main.ScriptEngine.runScriptAsRawText(ScriptEngine.java:119)
	at com.kms.katalon.core.main.TestCaseExecutor.runScript(TestCaseExecutor.java:339)
	at com.kms.katalon.core.main.TestCaseExecutor.doExecute(TestCaseExecutor.java:330)
	at com.kms.katalon.core.main.TestCaseExecutor.processExecutionPhase(TestCaseExecutor.java:309)
	at com.kms.katalon.core.main.TestCaseExecutor.accessMainPhase(TestCaseExecutor.java:301)
	at com.kms.katalon.core.main.TestCaseExecutor.execute(TestCaseExecutor.java:235)
	at com.kms.katalon.core.main.TestSuiteExecutor.accessTestCaseMainPhase(TestSuiteExecutor.java:191)
	at com.kms.katalon.core.main.TestSuiteExecutor.accessTestSuiteMainPhase(TestSuiteExecutor.java:141)
	at com.kms.katalon.core.main.TestSuiteExecutor.execute(TestSuiteExecutor.java:90)
	at com.kms.katalon.core.main.TestCaseMain.startTestSuite(TestCaseMain.java:157)
	at com.kms.katalon.core.main.TestCaseMain$startTestSuite$0.call(Unknown Source)
	at TempTestSuite1608235693458.run(TempTestSuite1608235693458.groovy:39)
Caused by: java.lang.NullPointerException: No format for key faıled
	at cucumber.runtime.formatter.AnsiFormats.get(AnsiFormats.java:51)
	at cucumber.runtime.Stats.printScenarios(Stats.java:170)
	at cucumber.runtime.Stats.printNonZeroResultScenarios(Stats.java:161)
	at cucumber.runtime.Stats.printStats(Stats.java:107)
	at cucumber.runtime.DefaultSummaryPrinter.printStats(DefaultSummaryPrinter.java:34)
	at cucumber.runtime.DefaultSummaryPrinter.print(DefaultSummaryPrinter.java:27)
	at cucumber.runtime.DefaultSummaryPrinter.access$000(DefaultSummaryPrinter.java:14)
	at cucumber.runtime.DefaultSummaryPrinter$1.receive(DefaultSummaryPrinter.java:63)
	at cucumber.runtime.DefaultSummaryPrinter$1.receive(DefaultSummaryPrinter.java:60)
	at cucumber.runner.EventBus.send(EventBus.java:28)
	at cucumber.runtime.Runtime.run(Runtime.java:109)
	at cucumber.api.cli.Main.run(Main.java:35)
	at cucumber.api.cli.Main$run.call(Unknown Source)
	at com.kms.katalon.core.cucumber.keyword.CucumberBuiltinKeywords$_runFeatureFile_closure1.doCall(CucumberBuiltinKeywords.groovy:76)
	at com.kms.katalon.core.cucumber.keyword.CucumberBuiltinKeywords$_runFeatureFile_closure1.doCall(CucumberBuiltinKeywords.groovy)
	at com.kms.katalon.core.keyword.internal.KeywordMain.runKeyword(KeywordMain.groovy:68)
	... 19 more
"/>
         <system-out><![CDATA[2020-12-17 23:08:35 - [TEST_CASE][FAILED] - Test Cases/Case Repository/Ayarlar/Araclar/Adres Defteri/Filtre Kontrolu: Test Cases/Case Repository/Ayarlar/Araclar/Adres Defteri/Filtre Kontrolu FAILED.
Reason:
com.kms.katalon.core.exception.StepFailedException: Keyword runFeatureFile was failed (Root cause: java.lang.NullPointerException: No format for key faıled
	at cucumber.runtime.formatter.AnsiFormats.get(AnsiFormats.java:51)
	at cucumber.runtime.Stats.printScenarios(Stats.java:170)
	at cucumber.runtime.Stats.printNonZeroResultScenarios(Stats.java:161)
	at cucumber.runtime.Stats.printStats(Stats.java:107)
	at cucumber.runtime.DefaultSummaryPrinter.printStats(DefaultSummaryPrinter.java:34)
	at cucumber.runtime.DefaultSummaryPrinter.print(DefaultSummaryPrinter.java:27)
	at cucumber.runtime.DefaultSummaryPrinter.access$000(DefaultSummaryPrinter.java:14)
	at cucumber.runtime.DefaultSummaryPrinter$1.receive(DefaultSummaryPrinter.java:63)
	at cucumber.runtime.DefaultSummaryPrinter$1.receive(DefaultSummaryPrinter.java:60)
	at cucumber.runner.EventBus.send(EventBus.java:28)
	at cucumber.runtime.Runtime.run(Runtime.java:109)
	at cucumber.api.cli.Main.run(Main.java:35)
	at cucumber.api.cli.Main$run.call(Unknown Source)
	at com.kms.katalon.core.cucumber.keyword.CucumberBuiltinKeywords$_runFeatureFile_closure1.doCall(CucumberBuiltinKeywords.groovy:76)
	at com.kms.katalon.core.cucumber.keyword.CucumberBuiltinKeywords$_runFeatureFile_closure1.doCall(CucumberBuiltinKeywords.groovy)
	at com.kms.katalon.core.keyword.internal.KeywordMain.runKeyword(KeywordMain.groovy:68)
	at com.kms.katalon.core.keyword.internal.KeywordMain$runKeyword.call(Unknown Source)
	at com.kms.katalon.core.cucumber.keyword.CucumberBuiltinKeywords.runFeatureFile(CucumberBuiltinKeywords.groovy:46)
	at com.kms.katalon.core.cucumber.keyword.CucumberBuiltinKeywords$runFeatureFile$0.callStatic(Unknown Source)
	at com.kms.katalon.core.cucumber.keyword.CucumberBuiltinKeywords.runFeatureFile(CucumberBuiltinKeywords.groovy:169)
	at com.kms.katalon.core.cucumber.keyword.CucumberBuiltinKeywords$runFeatureFile.call(Unknown Source)
	at Filtre Kontrolu.run(Filtre Kontrolu:19)
	at com.kms.katalon.core.main.ScriptEngine.run(ScriptEngine.java:194)
	at com.kms.katalon.core.main.ScriptEngine.runScriptAsRawText(ScriptEngine.java:119)
	at com.kms.katalon.core.main.TestCaseExecutor.runScript(TestCaseExecutor.java:339)
	at com.kms.katalon.core.main.TestCaseExecutor.doExecute(TestCaseExecutor.java:330)
	at com.kms.katalon.core.main.TestCaseExecutor.processExecutionPhase(TestCaseExecutor.java:309)
	at com.kms.katalon.core.main.TestCaseExecutor.accessMainPhase(TestCaseExecutor.java:301)
	at com.kms.katalon.core.main.TestCaseExecutor.execute(TestCaseExecutor.java:235)
	at com.kms.katalon.core.main.TestSuiteExecutor.accessTestCaseMainPhase(TestSuiteExecutor.java:191)
	at com.kms.katalon.core.main.TestSuiteExecutor.accessTestSuiteMainPhase(TestSuiteExecutor.java:141)
	at com.kms.katalon.core.main.TestSuiteExecutor.execute(TestSuiteExecutor.java:90)
	at com.kms.katalon.core.main.TestCaseMain.startTestSuite(TestCaseMain.java:157)
	at com.kms.katalon.core.main.TestCaseMain$startTestSuite$0.call(Unknown Source)
	at TempTestSuite1608235693458.run(TempTestSuite1608235693458.groovy:39)
)
	at com.kms.katalon.core.keyword.internal.KeywordMain.stepFailed(KeywordMain.groovy:50)
	at com.kms.katalon.core.keyword.internal.KeywordMain.stepFailed(KeywordMain.groovy)
	at com.kms.katalon.core.keyword.internal.KeywordMain.runKeyword(KeywordMain.groovy:70)
	at com.kms.katalon.core.keyword.internal.KeywordMain$runKeyword.call(Unknown Source)
	at com.kms.katalon.core.cucumber.keyword.CucumberBuiltinKeywords.runFeatureFile(CucumberBuiltinKeywords.groovy:46)
	at com.kms.katalon.core.cucumber.keyword.CucumberBuiltinKeywords$runFeatureFile$0.callStatic(Unknown Source)
	at com.kms.katalon.core.cucumber.keyword.CucumberBuiltinKeywords.runFeatureFile(CucumberBuiltinKeywords.groovy:169)
	at com.kms.katalon.core.cucumber.keyword.CucumberBuiltinKeywords$runFeatureFile.call(Unknown Source)
	at Filtre Kontrolu.run(Filtre Kontrolu:19)
	at com.kms.katalon.core.main.ScriptEngine.run(ScriptEngine.java:194)
	at com.kms.katalon.core.main.ScriptEngine.runScriptAsRawText(ScriptEngine.java:119)
	at com.kms.katalon.core.main.TestCaseExecutor.runScript(TestCaseExecutor.java:339)
	at com.kms.katalon.core.main.TestCaseExecutor.doExecute(TestCaseExecutor.java:330)
	at com.kms.katalon.core.main.TestCaseExecutor.processExecutionPhase(TestCaseExecutor.java:309)
	at com.kms.katalon.core.main.TestCaseExecutor.accessMainPhase(TestCaseExecutor.java:301)
	at com.kms.katalon.core.main.TestCaseExecutor.execute(TestCaseExecutor.java:235)
	at com.kms.katalon.core.main.TestSuiteExecutor.accessTestCaseMainPhase(TestSuiteExecutor.java:191)
	at com.kms.katalon.core.main.TestSuiteExecutor.accessTestSuiteMainPhase(TestSuiteExecutor.java:141)
	at com.kms.katalon.core.main.TestSuiteExecutor.execute(TestSuiteExecutor.java:90)
	at com.kms.katalon.core.main.TestCaseMain.startTestSuite(TestCaseMain.java:157)
	at com.kms.katalon.core.main.TestCaseMain$startTestSuite$0.call(Unknown Source)
	at TempTestSuite1608235693458.run(TempTestSuite1608235693458.groovy:39)
Caused by: java.lang.NullPointerException: No format for key faıled
	at cucumber.runtime.formatter.AnsiFormats.get(AnsiFormats.java:51)
	at cucumber.runtime.Stats.printScenarios(Stats.java:170)
	at cucumber.runtime.Stats.printNonZeroResultScenarios(Stats.java:161)
	at cucumber.runtime.Stats.printStats(Stats.java:107)
	at cucumber.runtime.DefaultSummaryPrinter.printStats(DefaultSummaryPrinter.java:34)
	at cucumber.runtime.DefaultSummaryPrinter.print(DefaultSummaryPrinter.java:27)
	at cucumber.runtime.DefaultSummaryPrinter.access$000(DefaultSummaryPrinter.java:14)
	at cucumber.runtime.DefaultSummaryPrinter$1.receive(DefaultSummaryPrinter.java:63)
	at cucumber.runtime.DefaultSummaryPrinter$1.receive(DefaultSummaryPrinter.java:60)
	at cucumber.runner.EventBus.send(EventBus.java:28)
	at cucumber.runtime.Runtime.run(Runtime.java:109)
	at cucumber.api.cli.Main.run(Main.java:35)
	at cucumber.api.cli.Main$run.call(Unknown Source)
	at com.kms.katalon.core.cucumber.keyword.CucumberBuiltinKeywords$_runFeatureFile_closure1.doCall(CucumberBuiltinKeywords.groovy:76)
	at com.kms.katalon.core.cucumber.keyword.CucumberBuiltinKeywords$_runFeatureFile_closure1.doCall(CucumberBuiltinKeywords.groovy)
	at com.kms.katalon.core.keyword.internal.KeywordMain.runKeyword(KeywordMain.groovy:68)
	... 19 more


2020-12-17 23:08:35 - [TEST_STEP][PASSED] - Start listener action : sampleBeforeTestSuite: Invoke 'com.kms.katalon.core.annotation.BeforeTestCase' method: 'Listener.sampleBeforeTestSuite(...)' completed.

2020-12-17 23:08:35 - [MESSAGE][INFO] - Starting invoke 'com.kms.katalon.core.annotation.BeforeTestCase' method: 'Listener.sampleBeforeTestSuite(...)'

2020-12-17 23:08:35 - [TEST_STEP][PASSED] - Method.dosyalariSil("C:\otomasyondownfiles"): Method.dosyalariSil is PASSED

2020-12-17 23:08:35 - [MESSAGE][PASSED] - Method.dosyalariSil is PASSED

2020-12-17 23:08:35 - [TEST_STEP][PASSED] - openBrowser(baseUrl): Browser is opened with url: 'https://efatura-stage.elogo.com.tr/'

2020-12-17 23:08:38 - [MESSAGE][INFO] - Opening browser

2020-12-17 23:08:38 - [MESSAGE][INFO] - Starting 'Chrome' driver

2020-12-17 23:08:38 - [MESSAGE][INFO] - User set preference: ['prefs', '{download.default_directory=C:\otomasyondownfiles}']

2020-12-17 23:08:38 - [MESSAGE][INFO] - Action delay is set to 0 milliseconds

2020-12-17 23:08:44 - [MESSAGE][INFO] - Navigating browser to: 'https://efatura-stage.elogo.com.tr/'

2020-12-17 23:08:49 - [MESSAGE][PASSED] - Browser is opened with url: 'https://efatura-stage.elogo.com.tr/'

2020-12-17 23:08:49 - [TEST_STEP][PASSED] - maximizeWindow(): Invoke 'com.kms.katalon.core.annotation.BeforeTestCase' method: 'Listener.sampleBeforeTestSuite(...)' completed.

2020-12-17 23:08:49 - [MESSAGE][INFO] - Maximizing current window

2020-12-17 23:08:51 - [MESSAGE][PASSED] - Current window maximized

2020-12-17 23:08:51 - [MESSAGE][INFO] - Invoke 'com.kms.katalon.core.annotation.BeforeTestCase' method: 'Listener.sampleBeforeTestSuite(...)' completed.

2020-12-17 23:08:51 - [TEST_STEP][FAILED] - runFeatureFile("Include/features/Ayarlar/Araclar/Adres Defteri/Filtre Kontrolu.feature"): Keyword runFeatureFile was failed (Root cause: java.lang.NullPointerException: No format for key faıled
	at cucumber.runtime.formatter.AnsiFormats.get(AnsiFormats.java:51)
	at cucumber.runtime.Stats.printScenarios(Stats.java:170)
	at cucumber.runtime.Stats.printNonZeroResultScenarios(Stats.java:161)
	at cucumber.runtime.Stats.printStats(Stats.java:107)
	at cucumber.runtime.DefaultSummaryPrinter.printStats(DefaultSummaryPrinter.java:34)
	at cucumber.runtime.DefaultSummaryPrinter.print(DefaultSummaryPrinter.java:27)
	at cucumber.runtime.DefaultSummaryPrinter.access$000(DefaultSummaryPrinter.java:14)
	at cucumber.runtime.DefaultSummaryPrinter$1.receive(DefaultSummaryPrinter.java:63)
	at cucumber.runtime.DefaultSummaryPrinter$1.receive(DefaultSummaryPrinter.java:60)
	at cucumber.runner.EventBus.send(EventBus.java:28)
	at cucumber.runtime.Runtime.run(Runtime.java:109)
	at cucumber.api.cli.Main.run(Main.java:35)
	at cucumber.api.cli.Main$run.call(Unknown Source)
	at com.kms.katalon.core.cucumber.keyword.CucumberBuiltinKeywords$_runFeatureFile_closure1.doCall(CucumberBuiltinKeywords.groovy:76)
	at com.kms.katalon.core.cucumber.keyword.CucumberBuiltinKeywords$_runFeatureFile_closure1.doCall(CucumberBuiltinKeywords.groovy)
	at com.kms.katalon.core.keyword.internal.KeywordMain.runKeyword(KeywordMain.groovy:68)
	at com.kms.katalon.core.keyword.internal.KeywordMain$runKeyword.call(Unknown Source)
	at com.kms.katalon.core.cucumber.keyword.CucumberBuiltinKeywords.runFeatureFile(CucumberBuiltinKeywords.groovy:46)
	at com.kms.katalon.core.cucumber.keyword.CucumberBuiltinKeywords$runFeatureFile$0.callStatic(Unknown Source)
	at com.kms.katalon.core.cucumber.keyword.CucumberBuiltinKeywords.runFeatureFile(CucumberBuiltinKeywords.groovy:169)
	at com.kms.katalon.core.cucumber.keyword.CucumberBuiltinKeywords$runFeatureFile.call(Unknown Source)
	at Filtre Kontrolu.run(Filtre Kontrolu:19)
	at com.kms.katalon.core.main.ScriptEngine.run(ScriptEngine.java:194)
	at com.kms.katalon.core.main.ScriptEngine.runScriptAsRawText(ScriptEngine.java:119)
	at com.kms.katalon.core.main.TestCaseExecutor.runScript(TestCaseExecutor.java:339)
	at com.kms.katalon.core.main.TestCaseExecutor.doExecute(TestCaseExecutor.java:330)
	at com.kms.katalon.core.main.TestCaseExecutor.processExecutionPhase(TestCaseExecutor.java:309)
	at com.kms.katalon.core.main.TestCaseExecutor.accessMainPhase(TestCaseExecutor.java:301)
	at com.kms.katalon.core.main.TestCaseExecutor.execute(TestCaseExecutor.java:235)
	at com.kms.katalon.core.main.TestSuiteExecutor.accessTestCaseMainPhase(TestSuiteExecutor.java:191)
	at com.kms.katalon.core.main.TestSuiteExecutor.accessTestSuiteMainPhase(TestSuiteExecutor.java:141)
	at com.kms.katalon.core.main.TestSuiteExecutor.execute(TestSuiteExecutor.java:90)
	at com.kms.katalon.core.main.TestCaseMain.startTestSuite(TestCaseMain.java:157)
	at com.kms.katalon.core.main.TestCaseMain$startTestSuite$0.call(Unknown Source)
	at TempTestSuite1608235693458.run(TempTestSuite1608235693458.groovy:39)
)

2020-12-17 23:08:51 - [MESSAGE][INFO] - Starting run keyword runFeatureFile: 'Include/features/Ayarlar/Araclar/Adres Defteri/Filtre Kontrolu.feature' and extract report to folder: 'C:\Users\yigit\Documents\GitHub\eesekim\Reports\20201217_230810\_Suite Repository ( Deneysel )\Ayarlar\Araclar\Adres Defteri\Filtre Kontrolu\20201217_230813/cucumber_report/1608235731758'...

2020-12-17 23:08:53 - [TEST_CASE][ERROR] - Start Test Case : SCENARIO Adres Defteri Filtre Kontrolu: SCENARIO Adres Defteri Filtre Kontrolu FAILED.
Reason:
com.kms.katalon.core.exception.StepErrorException: Call Test Case 'Test Cases/Kullanici_Islemleri/KullaniciIslemlerindenSecimYapilir' failed because of error(s)
	at com.kms.katalon.core.keyword.builtin.CallTestCaseKeyword$_callTestCase_closure1.doCall(CallTestCaseKeyword.groovy:66)
	at com.kms.katalon.core.keyword.builtin.CallTestCaseKeyword$_callTestCase_closure1.call(CallTestCaseKeyword.groovy)
	at com.kms.katalon.core.keyword.internal.KeywordMain.runKeyword(KeywordMain.groovy:68)
	at com.kms.katalon.core.keyword.builtin.CallTestCaseKeyword.callTestCase(CallTestCaseKeyword.groovy:81)
	at com.kms.katalon.core.keyword.builtin.CallTestCaseKeyword.execute(CallTestCaseKeyword.groovy:44)
	at com.kms.katalon.core.keyword.internal.KeywordExecutor.executeKeywordForPlatform(KeywordExecutor.groovy:73)
	at com.kms.katalon.core.keyword.BuiltinKeywords.callTestCase(BuiltinKeywords.groovy:334)
	at kullaniciIslemleri.kullaniciIslemleri.kullaniciIslemi(kullaniciIslemleri.groovy:50)
	at ✽.Kullanıcı işlemlerinden Çıkış seçilir(C:/Users/yigit/Documents/GitHub/eesekim/Include/features/Ayarlar/Araclar/Adres Defteri/Filtre Kontrolu.feature:14)
Caused by: org.codehaus.groovy.runtime.InvokerInvocationException: Assertion failed: 

assert a
       |
       false

	at Method.invokeMethod(Method.groovy)
	at com.kms.katalon.core.main.CustomKeywordDelegatingMetaClass.invokeStaticMethod(CustomKeywordDelegatingMetaClass.java:50)
	at KullaniciIslemlerindenSecimYapilir.run(KullaniciIslemlerindenSecimYapilir:23)
	at com.kms.katalon.core.main.ScriptEngine.run(ScriptEngine.java:194)
	at com.kms.katalon.core.main.ScriptEngine.runScriptAsRawText(ScriptEngine.java:119)
	at com.kms.katalon.core.main.TestCaseExecutor.runScript(TestCaseExecutor.java:339)
	at com.kms.katalon.core.main.TestCaseExecutor.doExecute(TestCaseExecutor.java:330)
	at com.kms.katalon.core.main.TestCaseExecutor.processExecutionPhase(TestCaseExecutor.java:309)
	at com.kms.katalon.core.main.TestCaseExecutor.accessMainPhase(TestCaseExecutor.java:301)
	at com.kms.katalon.core.main.TestCaseExecutor.execute(TestCaseExecutor.java:235)
	at com.kms.katalon.core.main.TestCaseMain.runTestCase(TestCaseMain.java:114)
	at com.kms.katalon.core.keyword.builtin.CallTestCaseKeyword$_callTestCase_closure1.doCall(CallTestCaseKeyword.groovy:59)
	at com.kms.katalon.core.keyword.builtin.CallTestCaseKeyword$_callTestCase_closure1.call(CallTestCaseKeyword.groovy)
	at com.kms.katalon.core.keyword.internal.KeywordMain.runKeyword(KeywordMain.groovy:68)
	at com.kms.katalon.core.keyword.builtin.CallTestCaseKeyword.callTestCase(CallTestCaseKeyword.groovy:81)
	at com.kms.katalon.core.keyword.builtin.CallTestCaseKeyword.execute(CallTestCaseKeyword.groovy:44)
	at com.kms.katalon.core.keyword.internal.KeywordExecutor.executeKeywordForPlatform(KeywordExecutor.groovy:73)
	at com.kms.katalon.core.keyword.BuiltinKeywords.callTestCase(BuiltinKeywords.groovy:334)
	at kullaniciIslemleri.kullaniciIslemleri.kullaniciIslemi(kullaniciIslemleri.groovy:50)
	at cucumber.runtime.Utils$1.call(Utils.java:26)
	at cucumber.runtime.Timeout.timeout(Timeout.java:16)
	at cucumber.runtime.Utils.invoke(Utils.java:20)
	at cucumber.runtime.java.JavaStepDefinition.execute(JavaStepDefinition.java:48)
	at cucumber.runtime.PickleStepDefinitionMatch.runStep(PickleStepDefinitionMatch.java:50)
	at cucumber.runner.TestStep.executeStep(TestStep.java:55)
	at cucumber.runner.TestStep.run(TestStep.java:42)
	at cucumber.runner.PickleStepTestStep.run(PickleStepTestStep.java:53)
	at cucumber.runner.TestCase.run(TestCase.java:47)
	at cucumber.runner.Runner.runPickle(Runner.java:44)
	at cucumber.runtime.Runtime.runFeature(Runtime.java:120)
	at cucumber.runtime.Runtime.run(Runtime.java:106)
	at cucumber.api.cli.Main.run(Main.java:35)
	at cucumber.api.cli.Main$run.call(Unknown Source)
	at com.kms.katalon.core.cucumber.keyword.CucumberBuiltinKeywords$_runFeatureFile_closure1.doCall(CucumberBuiltinKeywords.groovy:76)
	at com.kms.katalon.core.cucumber.keyword.CucumberBuiltinKeywords$_runFeatureFile_closure1.doCall(CucumberBuiltinKeywords.groovy)
	at com.kms.katalon.core.keyword.internal.KeywordMain.runKeyword(KeywordMain.groovy:68)
	at com.kms.katalon.core.keyword.internal.KeywordMain$runKeyword.call(Unknown Source)
	at com.kms.katalon.core.cucumber.keyword.CucumberBuiltinKeywords.runFeatureFile(CucumberBuiltinKeywords.groovy:46)
	at com.kms.katalon.core.cucumber.keyword.CucumberBuiltinKeywords$runFeatureFile$0.callStatic(Unknown Source)
	at com.kms.katalon.core.cucumber.keyword.CucumberBuiltinKeywords.runFeatureFile(CucumberBuiltinKeywords.groovy:169)
	at com.kms.katalon.core.cucumber.keyword.CucumberBuiltinKeywords$runFeatureFile.call(Unknown Source)
	at Filtre Kontrolu.run(Filtre Kontrolu:19)
	at com.kms.katalon.core.main.ScriptEngine.run(ScriptEngine.java:194)
	at com.kms.katalon.core.main.ScriptEngine.runScriptAsRawText(ScriptEngine.java:119)
	at com.kms.katalon.core.main.TestCaseExecutor.runScript(TestCaseExecutor.java:339)
	at com.kms.katalon.core.main.TestCaseExecutor.doExecute(TestCaseExecutor.java:330)
	at com.kms.katalon.core.main.TestCaseExecutor.processExecutionPhase(TestCaseExecutor.java:309)
	at com.kms.katalon.core.main.TestCaseExecutor.accessMainPhase(TestCaseExecutor.java:301)
	at com.kms.katalon.core.main.TestCaseExecutor.execute(TestCaseExecutor.java:235)
	at com.kms.katalon.core.main.TestSuiteExecutor.accessTestCaseMainPhase(TestSuiteExecutor.java:191)
	at com.kms.katalon.core.main.TestSuiteExecutor.accessTestSuiteMainPhase(TestSuiteExecutor.java:141)
	at com.kms.katalon.core.main.TestSuiteExecutor.execute(TestSuiteExecutor.java:90)
	at com.kms.katalon.core.main.TestCaseMain.startTestSuite(TestCaseMain.java:157)
	at com.kms.katalon.core.main.TestCaseMain$startTestSuite$0.call(Unknown Source)
	at TempTestSuite1608235693458.run(TempTestSuite1608235693458.groovy:39)
Caused by: Assertion failed: 

assert a
       |
       false

	at Method.TextDegerineEsitElementeTikla(Method.groovy:76)
	... 55 more


2020-12-17 23:08:53 - [TEST_STEP][PASSED] - Kullanıcı adı ELOGOGIB ve Şifre 123456 olarak giriş yapılır: Kullanıcı adı ELOGOGIB ve Şifre 123456 olarak giriş yapılır

2020-12-17 23:08:53 - [MESSAGE][INFO] - Checking called Test Case

2020-12-17 23:08:53 - [MESSAGE][INFO] - Starting to call Test Case 'Test Cases/Sayfalar/Giris_Sayfasi/Login'

2020-12-17 23:08:53 - [TEST_CASE][PASSED] - Test Cases/Sayfalar/Giris_Sayfasi/Login: Test Cases/Sayfalar/Giris_Sayfasi/Login

2020-12-17 23:08:53 - [TEST_STEP][PASSED] - Sayfa_Basligi = getWindowTitle(): Current window's title is: 'LOGO e-Fatura'

2020-12-17 23:08:53 - [MESSAGE][INFO] - Getting current window's title

2020-12-17 23:08:53 - [MESSAGE][PASSED] - Current window's title is: 'LOGO e-Fatura'

2020-12-17 23:08:53 - [TEST_STEP][PASSED] - verifyMatch(Sayfa_Basligi, "LOGO e-Fatura", false): Actual text 'LOGO e-Fatura' and expected text 'LOGO e-Fatura' are matched 

2020-12-17 23:08:53 - [MESSAGE][INFO] - Matching actual text 'LOGO e-Fatura' with expected text 'LOGO e-Fatura'

2020-12-17 23:08:53 - [MESSAGE][PASSED] - Actual text 'LOGO e-Fatura' and expected text 'LOGO e-Fatura' are matched 

2020-12-17 23:08:53 - [TEST_STEP][PASSED] - if (waitForElementPresent(findTestObject("Object Repository/Sayfalar/Giris_Sayfasi/PopupCarpiGiris"), 5, OPTIONAL)): Object 'Object Repository/Sayfalar/Giris_Sayfasi/PopupCarpiGiris' is not present after 5 second(s)

2020-12-17 23:08:53 - [MESSAGE][INFO] - Finding Test Object 'Object Repository/Sayfalar/Giris_Sayfasi/PopupCarpiGiris'

2020-12-17 23:08:53 - [MESSAGE][INFO] - Checking object

2020-12-17 23:08:53 - [MESSAGE][INFO] - Finding web element from Test Object's properties

2020-12-17 23:08:53 - [MESSAGE][INFO] - Checking timeout

2020-12-17 23:08:53 - [MESSAGE][INFO] - Finding web element with id: 'Object Repository/Sayfalar/Giris_Sayfasi/PopupCarpiGiris' located by 'By.cssSelector: .bootbox-close-button.close' in '5' second(s)

2020-12-17 23:08:53 - [MESSAGE][INFO] - Smart Wait Function is triggered

2020-12-17 23:08:55 - [MESSAGE][INFO] - Smart Wait Function is triggered

2020-12-17 23:08:57 - [MESSAGE][INFO] - Smart Wait Function is triggered

2020-12-17 23:08:59 - [MESSAGE][INFO] - Smart Wait Function is triggered

2020-12-17 23:09:01 - [MESSAGE][INFO] - Unable to find the element located by 'By.cssSelector: .bootbox-close-button.close'. Please recheck the objects properties to make sure the desired element is located. 

2020-12-17 23:09:01 - [MESSAGE][WARNING] - [SELF-HEALING] Failed to find element with id 'Object Repository/Sayfalar/Giris_Sayfasi/PopupCarpiGiris'. Try using Self-healing.

2020-12-17 23:09:01 - [MESSAGE][WARNING] - [SELF-HEALING] Cannot find elements when the XPath is null.

2020-12-17 23:09:01 - [MESSAGE][WARNING] - [SELF-HEALING] Cannot find elements when the selector is null

2020-12-17 23:09:01 - [MESSAGE][WARNING] - Object 'Object Repository/Sayfalar/Giris_Sayfasi/PopupCarpiGiris' is not present after 5 second(s)

2020-12-17 23:09:01 - [TEST_STEP][PASSED] - sendKeys(findTestObject("Sayfalar/Giris_Sayfasi/Firma_Kodu"), KullaniciAdi): Keys 'ELOGOGIB' sent to object: 'Object Repository/Sayfalar/Giris_Sayfasi/Firma_Kodu'

2020-12-17 23:09:01 - [MESSAGE][INFO] - Finding Test Object 'Object Repository/Sayfalar/Giris_Sayfasi/Firma_Kodu'

2020-12-17 23:09:01 - [MESSAGE][INFO] - Sending keys 'ELOGOGIB' to object: 'Object Repository/Sayfalar/Giris_Sayfasi/Firma_Kodu'

2020-12-17 23:09:01 - [MESSAGE][INFO] - Finding web element from Test Object's properties

2020-12-17 23:09:01 - [MESSAGE][INFO] - Checking timeout

2020-12-17 23:09:01 - [MESSAGE][INFO] - Finding web element with id: 'Object Repository/Sayfalar/Giris_Sayfasi/Firma_Kodu' located by 'By.xpath: //*[@id = 'AccountName']' in '30' second(s)

2020-12-17 23:09:01 - [MESSAGE][INFO] - Smart Wait Function is triggered

2020-12-17 23:09:03 - [MESSAGE][INFO] - Found 1 web elements with id: 'Object Repository/Sayfalar/Giris_Sayfasi/Firma_Kodu' located by 'By.xpath: //*[@id = 'AccountName']' in '30' second(s)

2020-12-17 23:09:03 - [MESSAGE][PASSED] - Keys 'ELOGOGIB' sent to object: 'Object Repository/Sayfalar/Giris_Sayfasi/Firma_Kodu'

2020-12-17 23:09:03 - [TEST_STEP][PASSED] - sendKeys(findTestObject("Sayfalar/Giris_Sayfasi/Sifre"), Sifre): Keys '123456' sent to object: 'Object Repository/Sayfalar/Giris_Sayfasi/Sifre'

2020-12-17 23:09:03 - [MESSAGE][INFO] - Finding Test Object 'Object Repository/Sayfalar/Giris_Sayfasi/Sifre'

2020-12-17 23:09:03 - [MESSAGE][INFO] - Sending keys '123456' to object: 'Object Repository/Sayfalar/Giris_Sayfasi/Sifre'

2020-12-17 23:09:03 - [MESSAGE][INFO] - Finding web element from Test Object's properties

2020-12-17 23:09:03 - [MESSAGE][INFO] - Checking timeout

2020-12-17 23:09:03 - [MESSAGE][INFO] - Finding web element with id: 'Object Repository/Sayfalar/Giris_Sayfasi/Sifre' located by 'By.xpath: //*[@id = 'Password']' in '30' second(s)

2020-12-17 23:09:03 - [MESSAGE][INFO] - Smart Wait Function is triggered

2020-12-17 23:09:05 - [MESSAGE][INFO] - Found 2 web elements with id: 'Object Repository/Sayfalar/Giris_Sayfasi/Sifre' located by 'By.xpath: //*[@id = 'Password']' in '30' second(s)

2020-12-17 23:09:05 - [MESSAGE][PASSED] - Keys '123456' sent to object: 'Object Repository/Sayfalar/Giris_Sayfasi/Sifre'

2020-12-17 23:09:05 - [TEST_STEP][PASSED] - waitForElementClickable(findTestObject("Sayfalar/Giris_Sayfasi/Giris_Butonu"), Waits): Object 'Object Repository/Sayfalar/Giris_Sayfasi/Giris_Butonu' is clickable

2020-12-17 23:09:05 - [MESSAGE][INFO] - Finding Test Object 'Object Repository/Sayfalar/Giris_Sayfasi/Giris_Butonu'

2020-12-17 23:09:05 - [MESSAGE][INFO] - Checking object

2020-12-17 23:09:05 - [MESSAGE][INFO] - Checking timeout

2020-12-17 23:09:05 - [MESSAGE][INFO] - Finding web element from Test Object's properties

2020-12-17 23:09:05 - [MESSAGE][INFO] - Checking timeout

2020-12-17 23:09:05 - [MESSAGE][INFO] - Finding web element with id: 'Object Repository/Sayfalar/Giris_Sayfasi/Giris_Butonu' located by 'By.xpath: //*[@id = 'btnLogin']' in '10' second(s)

2020-12-17 23:09:05 - [MESSAGE][INFO] - Smart Wait Function is triggered

2020-12-17 23:09:07 - [MESSAGE][INFO] - Found 1 web elements with id: 'Object Repository/Sayfalar/Giris_Sayfasi/Giris_Butonu' located by 'By.xpath: //*[@id = 'btnLogin']' in '10' second(s)

2020-12-17 23:09:07 - [MESSAGE][PASSED] - Object 'Object Repository/Sayfalar/Giris_Sayfasi/Giris_Butonu' is clickable

2020-12-17 23:09:07 - [TEST_STEP][PASSED] - click(findTestObject("Sayfalar/Giris_Sayfasi/Giris_Butonu")): Object: 'Object Repository/Sayfalar/Giris_Sayfasi/Giris_Butonu' is clicked on

2020-12-17 23:09:07 - [MESSAGE][INFO] - Finding Test Object 'Object Repository/Sayfalar/Giris_Sayfasi/Giris_Butonu'

2020-12-17 23:09:07 - [MESSAGE][INFO] - Checking object

2020-12-17 23:09:07 - [MESSAGE][INFO] - Finding web element from Test Object's properties

2020-12-17 23:09:07 - [MESSAGE][INFO] - Checking timeout

2020-12-17 23:09:07 - [MESSAGE][INFO] - Finding web element with id: 'Object Repository/Sayfalar/Giris_Sayfasi/Giris_Butonu' located by 'By.xpath: //*[@id = 'btnLogin']' in '30' second(s)

2020-12-17 23:09:07 - [MESSAGE][INFO] - Smart Wait Function is triggered

2020-12-17 23:09:09 - [MESSAGE][INFO] - Found 1 web elements with id: 'Object Repository/Sayfalar/Giris_Sayfasi/Giris_Butonu' located by 'By.xpath: //*[@id = 'btnLogin']' in '30' second(s)

2020-12-17 23:09:09 - [MESSAGE][INFO] - Clicking on object: 'Object Repository/Sayfalar/Giris_Sayfasi/Giris_Butonu'

2020-12-17 23:09:11 - [MESSAGE][PASSED] - Object: 'Object Repository/Sayfalar/Giris_Sayfasi/Giris_Butonu' is clicked on

2020-12-17 23:09:11 - [TEST_STEP][PASSED] - if (verifyElementPresent(findTestObject("Sayfalar/Giris_Sayfasi/PopupOK"), 5, OPTIONAL)): Object: 'Object Repository/Sayfalar/Giris_Sayfasi/PopupOK' is clicked on

2020-12-17 23:09:11 - [MESSAGE][INFO] - Finding Test Object 'Object Repository/Sayfalar/Giris_Sayfasi/PopupOK'

2020-12-17 23:09:11 - [MESSAGE][INFO] - Checking object

2020-12-17 23:09:11 - [MESSAGE][INFO] - Finding web element from Test Object's properties

2020-12-17 23:09:11 - [MESSAGE][INFO] - Checking timeout

2020-12-17 23:09:11 - [MESSAGE][INFO] - Finding web element with id: 'Object Repository/Sayfalar/Giris_Sayfasi/PopupOK' located by 'By.cssSelector: .btn.btn-success' in '5' second(s)

2020-12-17 23:09:11 - [MESSAGE][INFO] - Smart Wait Function is triggered

2020-12-17 23:09:13 - [MESSAGE][INFO] - Found 1 web elements with id: 'Object Repository/Sayfalar/Giris_Sayfasi/PopupOK' located by 'By.cssSelector: .btn.btn-success' in '5' second(s)

2020-12-17 23:09:13 - [MESSAGE][PASSED] - Object 'Object Repository/Sayfalar/Giris_Sayfasi/PopupOK' is present

2020-12-17 23:09:13 - [TEST_STEP][PASSED] - click(findTestObject("Sayfalar/Giris_Sayfasi/PopupOK")): Object: 'Object Repository/Sayfalar/Giris_Sayfasi/PopupOK' is clicked on

2020-12-17 23:09:13 - [MESSAGE][INFO] - Finding Test Object 'Object Repository/Sayfalar/Giris_Sayfasi/PopupOK'

2020-12-17 23:09:13 - [MESSAGE][INFO] - Checking object

2020-12-17 23:09:13 - [MESSAGE][INFO] - Finding web element from Test Object's properties

2020-12-17 23:09:13 - [MESSAGE][INFO] - Checking timeout

2020-12-17 23:09:13 - [MESSAGE][INFO] - Finding web element with id: 'Object Repository/Sayfalar/Giris_Sayfasi/PopupOK' located by 'By.cssSelector: .btn.btn-success' in '30' second(s)

2020-12-17 23:09:13 - [MESSAGE][INFO] - Smart Wait Function is triggered

2020-12-17 23:09:15 - [MESSAGE][INFO] - Found 1 web elements with id: 'Object Repository/Sayfalar/Giris_Sayfasi/PopupOK' located by 'By.cssSelector: .btn.btn-success' in '30' second(s)

2020-12-17 23:09:15 - [MESSAGE][INFO] - Clicking on object: 'Object Repository/Sayfalar/Giris_Sayfasi/PopupOK'

2020-12-17 23:09:15 - [MESSAGE][PASSED] - Object: 'Object Repository/Sayfalar/Giris_Sayfasi/PopupOK' is clicked on

2020-12-17 23:09:15 - [TEST_STEP][PASSED] - verifyElementVisible(findTestObject("Object Repository/Kullanici_Islemleri/KullaniciIslemleri")): Object 'Object Repository/Kullanici_Islemleri/KullaniciIslemleri' is visible

2020-12-17 23:09:15 - [MESSAGE][INFO] - Finding Test Object 'Object Repository/Kullanici_Islemleri/KullaniciIslemleri'

2020-12-17 23:09:15 - [MESSAGE][INFO] - Checking object

2020-12-17 23:09:15 - [MESSAGE][INFO] - Finding web element from Test Object's properties

2020-12-17 23:09:15 - [MESSAGE][INFO] - Checking timeout

2020-12-17 23:09:15 - [MESSAGE][INFO] - Finding web element with id: 'Object Repository/Kullanici_Islemleri/KullaniciIslemleri' located by 'By.cssSelector: .dropdown>a>img' in '30' second(s)

2020-12-17 23:09:15 - [MESSAGE][INFO] - Smart Wait Function is triggered

2020-12-17 23:09:18 - [MESSAGE][INFO] - Found 1 web elements with id: 'Object Repository/Kullanici_Islemleri/KullaniciIslemleri' located by 'By.cssSelector: .dropdown>a>img' in '30' second(s)

2020-12-17 23:09:18 - [MESSAGE][PASSED] - Object 'Object Repository/Kullanici_Islemleri/KullaniciIslemleri' is visible

2020-12-17 23:09:18 - [MESSAGE][PASSED] - Call Test Case 'Test Cases/Sayfalar/Giris_Sayfasi/Login' successfully

2020-12-17 23:09:18 - [MESSAGE][PASSED] - Kullanıcı adı ELOGOGIB ve Şifre 123456 olarak giriş yapılır

2020-12-17 23:09:18 - [TEST_STEP][PASSED] - Ana menüden Ayarlar seçilir: Ana menüden Ayarlar seçilir

2020-12-17 23:09:18 - [MESSAGE][INFO] - Checking called Test Case

2020-12-17 23:09:18 - [MESSAGE][INFO] - Starting to call Test Case 'Test Cases/Menu/AnaMenuSecimi'

2020-12-17 23:09:18 - [TEST_CASE][PASSED] - Test Cases/Menu/AnaMenuSecimi: Test Cases/Menu/AnaMenuSecimi

2020-12-17 23:09:19 - [TEST_STEP][PASSED] - Method.TextDegerineEsitElementeTikla(findTestObject("Menu/Ana_Menu"), Ana_Menu): Method.TextDegerineEsitElementeTikla is PASSED

2020-12-17 23:09:19 - [MESSAGE][INFO] - Finding Test Object 'Object Repository/Menu/Ana_Menu'

2020-12-17 23:09:19 - [MESSAGE][INFO] - Checking timeout

2020-12-17 23:09:19 - [MESSAGE][INFO] - Finding web element with id: 'Object Repository/Menu/Ana_Menu' located by 'By.xpath: //*[@class = 'dropdown-toggle']' in '10' second(s)

2020-12-17 23:09:19 - [MESSAGE][INFO] - Smart Wait Function is triggered

2020-12-17 23:09:21 - [MESSAGE][INFO] - Found 14 web elements with id: 'Object Repository/Menu/Ana_Menu' located by 'By.xpath: //*[@class = 'dropdown-toggle']' in '10' second(s)

2020-12-17 23:09:21 - [MESSAGE][PASSED] - Method.TextDegerineEsitElementeTikla is PASSED

2020-12-17 23:09:21 - [MESSAGE][PASSED] - Call Test Case 'Test Cases/Menu/AnaMenuSecimi' successfully

2020-12-17 23:09:21 - [MESSAGE][PASSED] - Ana menüden Ayarlar seçilir

2020-12-17 23:09:21 - [TEST_STEP][PASSED] - Alt menü Araçlar başlığı altındaki Adres Defteri seçilir: Alt menü Araçlar başlığı altındaki Adres Defteri seçilir

2020-12-17 23:09:21 - [MESSAGE][INFO] - Checking called Test Case

2020-12-17 23:09:21 - [MESSAGE][INFO] - Starting to call Test Case 'Test Cases/Menu/BasligaGoreAltMenuSecimi'

2020-12-17 23:09:21 - [TEST_CASE][PASSED] - Test Cases/Menu/BasligaGoreAltMenuSecimi: Test Cases/Menu/BasligaGoreAltMenuSecimi

2020-12-17 23:09:22 - [TEST_STEP][PASSED] - Method.TextDegerineEsitElementinAltindakiTextDegerineEsitOlanaTikla(findTestObject("Menu/Menu_Basligi"), findTestObject("Menu/Basliga_Gore_Alt_Menu"), Baslik, Alt_Menu): Method.TextDegerineEsitElementinAltindakiTextDegerineEsitOlanaTikla is PASSED

2020-12-17 23:09:22 - [MESSAGE][INFO] - Finding Test Object 'Object Repository/Menu/Menu_Basligi'

2020-12-17 23:09:22 - [MESSAGE][INFO] - Finding Test Object 'Object Repository/Menu/Basliga_Gore_Alt_Menu'

2020-12-17 23:09:22 - [MESSAGE][INFO] - Checking timeout

2020-12-17 23:09:22 - [MESSAGE][INFO] - Finding web element with id: 'Object Repository/Menu/Menu_Basligi' located by 'By.xpath: //li[@class='dropdown dropdown-large open']//li[@class='dropdown-header']' in '10' second(s)

2020-12-17 23:09:22 - [MESSAGE][INFO] - Smart Wait Function is triggered

2020-12-17 23:09:24 - [MESSAGE][INFO] - Found 2 web elements with id: 'Object Repository/Menu/Menu_Basligi' located by 'By.xpath: //li[@class='dropdown dropdown-large open']//li[@class='dropdown-header']' in '10' second(s)

2020-12-17 23:09:24 - [MESSAGE][INFO] - Smart Wait Function is triggered

2020-12-17 23:09:28 - [MESSAGE][PASSED] - Method.TextDegerineEsitElementinAltindakiTextDegerineEsitOlanaTikla is PASSED

2020-12-17 23:09:28 - [MESSAGE][PASSED] - Call Test Case 'Test Cases/Menu/BasligaGoreAltMenuSecimi' successfully

2020-12-17 23:09:28 - [MESSAGE][PASSED] - Alt menü Araçlar başlığı altındaki Adres Defteri seçilir

2020-12-17 23:09:28 - [TEST_STEP][PASSED] - Filtre alanlarında Kısaltma var mı: Filtre alanlarında Kısaltma var mı

2020-12-17 23:09:28 - [MESSAGE][INFO] - Checking called Test Case

2020-12-17 23:09:28 - [MESSAGE][INFO] - Starting to call Test Case 'Test Cases/Filtreler/FiltreVarMi'

2020-12-17 23:09:28 - [TEST_CASE][PASSED] - Test Cases/Filtreler/FiltreVarMi: Test Cases/Filtreler/FiltreVarMi

2020-12-17 23:09:28 - [TEST_STEP][PASSED] - Method.TextDegerineEsitElementVarMi(findTestObject("Filtreler/Basliklar"), Filtre_alan): Method.TextDegerineEsitElementVarMi is PASSED

2020-12-17 23:09:28 - [MESSAGE][INFO] - Finding Test Object 'Object Repository/Filtreler/Basliklar'

2020-12-17 23:09:28 - [MESSAGE][INFO] - Checking timeout

2020-12-17 23:09:28 - [MESSAGE][INFO] - Finding web element with id: 'Object Repository/Filtreler/Basliklar' located by 'By.cssSelector: .control-label.col-sm-4.paddingMarginRLC' in '10' second(s)

2020-12-17 23:09:28 - [MESSAGE][INFO] - Smart Wait Function is triggered

2020-12-17 23:09:30 - [MESSAGE][INFO] - Found 6 web elements with id: 'Object Repository/Filtreler/Basliklar' located by 'By.cssSelector: .control-label.col-sm-4.paddingMarginRLC' in '10' second(s)

2020-12-17 23:09:30 - [MESSAGE][PASSED] - Method.TextDegerineEsitElementVarMi is PASSED

2020-12-17 23:09:30 - [MESSAGE][PASSED] - Call Test Case 'Test Cases/Filtreler/FiltreVarMi' successfully

2020-12-17 23:09:30 - [MESSAGE][PASSED] - Filtre alanlarında Kısaltma var mı

2020-12-17 23:09:30 - [TEST_STEP][PASSED] - Filtre alanlarında Adı var mı: Filtre alanlarında Adı var mı

2020-12-17 23:09:30 - [MESSAGE][INFO] - Checking called Test Case

2020-12-17 23:09:30 - [MESSAGE][INFO] - Starting to call Test Case 'Test Cases/Filtreler/FiltreVarMi'

2020-12-17 23:09:30 - [TEST_CASE][PASSED] - Test Cases/Filtreler/FiltreVarMi: Test Cases/Filtreler/FiltreVarMi

2020-12-17 23:09:30 - [TEST_STEP][PASSED] - Method.TextDegerineEsitElementVarMi(findTestObject("Filtreler/Basliklar"), Filtre_alan): Method.TextDegerineEsitElementVarMi is PASSED

2020-12-17 23:09:30 - [MESSAGE][INFO] - Finding Test Object 'Object Repository/Filtreler/Basliklar'

2020-12-17 23:09:30 - [MESSAGE][INFO] - Checking timeout

2020-12-17 23:09:30 - [MESSAGE][INFO] - Finding web element with id: 'Object Repository/Filtreler/Basliklar' located by 'By.cssSelector: .control-label.col-sm-4.paddingMarginRLC' in '10' second(s)

2020-12-17 23:09:30 - [MESSAGE][INFO] - Smart Wait Function is triggered

2020-12-17 23:09:32 - [MESSAGE][INFO] - Found 6 web elements with id: 'Object Repository/Filtreler/Basliklar' located by 'By.cssSelector: .control-label.col-sm-4.paddingMarginRLC' in '10' second(s)

2020-12-17 23:09:32 - [MESSAGE][PASSED] - Method.TextDegerineEsitElementVarMi is PASSED

2020-12-17 23:09:32 - [MESSAGE][PASSED] - Call Test Case 'Test Cases/Filtreler/FiltreVarMi' successfully

2020-12-17 23:09:32 - [MESSAGE][PASSED] - Filtre alanlarında Adı var mı

2020-12-17 23:09:32 - [TEST_STEP][PASSED] - Filtre alanlarında Unvan var mı: Filtre alanlarında Unvan var mı

2020-12-17 23:09:32 - [MESSAGE][INFO] - Checking called Test Case

2020-12-17 23:09:32 - [MESSAGE][INFO] - Starting to call Test Case 'Test Cases/Filtreler/FiltreVarMi'

2020-12-17 23:09:32 - [TEST_CASE][PASSED] - Test Cases/Filtreler/FiltreVarMi: Test Cases/Filtreler/FiltreVarMi

2020-12-17 23:09:32 - [TEST_STEP][PASSED] - Method.TextDegerineEsitElementVarMi(findTestObject("Filtreler/Basliklar"), Filtre_alan): Method.TextDegerineEsitElementVarMi is PASSED

2020-12-17 23:09:32 - [MESSAGE][INFO] - Finding Test Object 'Object Repository/Filtreler/Basliklar'

2020-12-17 23:09:32 - [MESSAGE][INFO] - Checking timeout

2020-12-17 23:09:32 - [MESSAGE][INFO] - Finding web element with id: 'Object Repository/Filtreler/Basliklar' located by 'By.cssSelector: .control-label.col-sm-4.paddingMarginRLC' in '10' second(s)

2020-12-17 23:09:32 - [MESSAGE][INFO] - Smart Wait Function is triggered

2020-12-17 23:09:34 - [MESSAGE][INFO] - Found 6 web elements with id: 'Object Repository/Filtreler/Basliklar' located by 'By.cssSelector: .control-label.col-sm-4.paddingMarginRLC' in '10' second(s)

2020-12-17 23:09:34 - [MESSAGE][PASSED] - Method.TextDegerineEsitElementVarMi is PASSED

2020-12-17 23:09:34 - [MESSAGE][PASSED] - Call Test Case 'Test Cases/Filtreler/FiltreVarMi' successfully

2020-12-17 23:09:34 - [MESSAGE][PASSED] - Filtre alanlarında Unvan var mı

2020-12-17 23:09:34 - [TEST_STEP][PASSED] - Filtre alanlarında Soyadı var mı: Filtre alanlarında Soyadı var mı

2020-12-17 23:09:34 - [MESSAGE][INFO] - Checking called Test Case

2020-12-17 23:09:34 - [MESSAGE][INFO] - Starting to call Test Case 'Test Cases/Filtreler/FiltreVarMi'

2020-12-17 23:09:34 - [TEST_CASE][PASSED] - Test Cases/Filtreler/FiltreVarMi: Test Cases/Filtreler/FiltreVarMi

2020-12-17 23:09:34 - [TEST_STEP][PASSED] - Method.TextDegerineEsitElementVarMi(findTestObject("Filtreler/Basliklar"), Filtre_alan): Method.TextDegerineEsitElementVarMi is PASSED

2020-12-17 23:09:34 - [MESSAGE][INFO] - Finding Test Object 'Object Repository/Filtreler/Basliklar'

2020-12-17 23:09:34 - [MESSAGE][INFO] - Checking timeout

2020-12-17 23:09:34 - [MESSAGE][INFO] - Finding web element with id: 'Object Repository/Filtreler/Basliklar' located by 'By.cssSelector: .control-label.col-sm-4.paddingMarginRLC' in '10' second(s)

2020-12-17 23:09:34 - [MESSAGE][INFO] - Smart Wait Function is triggered

2020-12-17 23:09:36 - [MESSAGE][INFO] - Found 6 web elements with id: 'Object Repository/Filtreler/Basliklar' located by 'By.cssSelector: .control-label.col-sm-4.paddingMarginRLC' in '10' second(s)

2020-12-17 23:09:36 - [MESSAGE][PASSED] - Method.TextDegerineEsitElementVarMi is PASSED

2020-12-17 23:09:36 - [MESSAGE][PASSED] - Call Test Case 'Test Cases/Filtreler/FiltreVarMi' successfully

2020-12-17 23:09:36 - [MESSAGE][PASSED] - Filtre alanlarında Soyadı var mı

2020-12-17 23:09:36 - [TEST_STEP][PASSED] - Filtre alanlarında VKN/TCKN No var mı: Filtre alanlarında VKN/TCKN No var mı

2020-12-17 23:09:36 - [MESSAGE][INFO] - Checking called Test Case

2020-12-17 23:09:36 - [MESSAGE][INFO] - Starting to call Test Case 'Test Cases/Filtreler/FiltreVarMi'

2020-12-17 23:09:36 - [TEST_CASE][PASSED] - Test Cases/Filtreler/FiltreVarMi: Test Cases/Filtreler/FiltreVarMi

2020-12-17 23:09:36 - [TEST_STEP][PASSED] - Method.TextDegerineEsitElementVarMi(findTestObject("Filtreler/Basliklar"), Filtre_alan): Method.TextDegerineEsitElementVarMi is PASSED

2020-12-17 23:09:36 - [MESSAGE][INFO] - Finding Test Object 'Object Repository/Filtreler/Basliklar'

2020-12-17 23:09:36 - [MESSAGE][INFO] - Checking timeout

2020-12-17 23:09:36 - [MESSAGE][INFO] - Finding web element with id: 'Object Repository/Filtreler/Basliklar' located by 'By.cssSelector: .control-label.col-sm-4.paddingMarginRLC' in '10' second(s)

2020-12-17 23:09:36 - [MESSAGE][INFO] - Smart Wait Function is triggered

2020-12-17 23:09:38 - [MESSAGE][INFO] - Found 6 web elements with id: 'Object Repository/Filtreler/Basliklar' located by 'By.cssSelector: .control-label.col-sm-4.paddingMarginRLC' in '10' second(s)

2020-12-17 23:09:38 - [MESSAGE][PASSED] - Method.TextDegerineEsitElementVarMi is PASSED

2020-12-17 23:09:38 - [MESSAGE][PASSED] - Call Test Case 'Test Cases/Filtreler/FiltreVarMi' successfully

2020-12-17 23:09:38 - [MESSAGE][PASSED] - Filtre alanlarında VKN/TCKN No var mı

2020-12-17 23:09:38 - [TEST_STEP][PASSED] - Filtre butonlarında Listele var mı: Filtre butonlarında Listele var mı

2020-12-17 23:09:38 - [MESSAGE][INFO] - Checking called Test Case

2020-12-17 23:09:38 - [MESSAGE][INFO] - Starting to call Test Case 'Test Cases/Filtreler/ButonVarMi'

2020-12-17 23:09:38 - [TEST_CASE][PASSED] - Test Cases/Filtreler/ButonVarMi: Test Cases/Filtreler/ButonVarMi

2020-12-17 23:09:38 - [TEST_STEP][PASSED] - Method.TextDegerineEsitElementVarMi(findTestObject("Filtreler/Butonlar"), Filtre_Buton): Method.TextDegerineEsitElementVarMi is PASSED

2020-12-17 23:09:38 - [MESSAGE][INFO] - Finding Test Object 'Object Repository/Filtreler/Butonlar'

2020-12-17 23:09:38 - [MESSAGE][INFO] - Checking timeout

2020-12-17 23:09:38 - [MESSAGE][INFO] - Finding web element with id: 'Object Repository/Filtreler/Butonlar' located by 'By.cssSelector: .dxb>span' in '10' second(s)

2020-12-17 23:09:38 - [MESSAGE][INFO] - Smart Wait Function is triggered

2020-12-17 23:09:40 - [MESSAGE][INFO] - Found 2 web elements with id: 'Object Repository/Filtreler/Butonlar' located by 'By.cssSelector: .dxb>span' in '10' second(s)

2020-12-17 23:09:40 - [MESSAGE][PASSED] - Method.TextDegerineEsitElementVarMi is PASSED

2020-12-17 23:09:40 - [MESSAGE][PASSED] - Call Test Case 'Test Cases/Filtreler/ButonVarMi' successfully

2020-12-17 23:09:40 - [MESSAGE][PASSED] - Filtre butonlarında Listele var mı

2020-12-17 23:09:40 - [TEST_STEP][PASSED] - Filtre butonlarında Temizle var mı: Filtre butonlarında Temizle var mı

2020-12-17 23:09:40 - [MESSAGE][INFO] - Checking called Test Case

2020-12-17 23:09:40 - [MESSAGE][INFO] - Starting to call Test Case 'Test Cases/Filtreler/ButonVarMi'

2020-12-17 23:09:40 - [TEST_CASE][PASSED] - Test Cases/Filtreler/ButonVarMi: Test Cases/Filtreler/ButonVarMi

2020-12-17 23:09:40 - [TEST_STEP][PASSED] - Method.TextDegerineEsitElementVarMi(findTestObject("Filtreler/Butonlar"), Filtre_Buton): Method.TextDegerineEsitElementVarMi is PASSED

2020-12-17 23:09:40 - [MESSAGE][INFO] - Finding Test Object 'Object Repository/Filtreler/Butonlar'

2020-12-17 23:09:40 - [MESSAGE][INFO] - Checking timeout

2020-12-17 23:09:40 - [MESSAGE][INFO] - Finding web element with id: 'Object Repository/Filtreler/Butonlar' located by 'By.cssSelector: .dxb>span' in '10' second(s)

2020-12-17 23:09:40 - [MESSAGE][INFO] - Smart Wait Function is triggered

2020-12-17 23:09:42 - [MESSAGE][INFO] - Found 2 web elements with id: 'Object Repository/Filtreler/Butonlar' located by 'By.cssSelector: .dxb>span' in '10' second(s)

2020-12-17 23:09:42 - [MESSAGE][PASSED] - Method.TextDegerineEsitElementVarMi is PASSED

2020-12-17 23:09:42 - [MESSAGE][PASSED] - Call Test Case 'Test Cases/Filtreler/ButonVarMi' successfully

2020-12-17 23:09:42 - [MESSAGE][PASSED] - Filtre butonlarında Temizle var mı

2020-12-17 23:09:42 - [TEST_STEP][ERROR] - Kullanıcı işlemlerinden Çıkış seçilir: Kullanıcı işlemlerinden Çıkış seçilir FAILED.
Reason:
com.kms.katalon.core.exception.StepErrorException: Call Test Case 'Test Cases/Kullanici_Islemleri/KullaniciIslemlerindenSecimYapilir' failed because of error(s)
	at com.kms.katalon.core.keyword.builtin.CallTestCaseKeyword$_callTestCase_closure1.doCall(CallTestCaseKeyword.groovy:66)
	at com.kms.katalon.core.keyword.builtin.CallTestCaseKeyword$_callTestCase_closure1.call(CallTestCaseKeyword.groovy)
	at com.kms.katalon.core.keyword.internal.KeywordMain.runKeyword(KeywordMain.groovy:68)
	at com.kms.katalon.core.keyword.builtin.CallTestCaseKeyword.callTestCase(CallTestCaseKeyword.groovy:81)
	at com.kms.katalon.core.keyword.builtin.CallTestCaseKeyword.execute(CallTestCaseKeyword.groovy:44)
	at com.kms.katalon.core.keyword.internal.KeywordExecutor.executeKeywordForPlatform(KeywordExecutor.groovy:73)
	at com.kms.katalon.core.keyword.BuiltinKeywords.callTestCase(BuiltinKeywords.groovy:334)
	at kullaniciIslemleri.kullaniciIslemleri.kullaniciIslemi(kullaniciIslemleri.groovy:50)
	at ✽.Kullanıcı işlemlerinden Çıkış seçilir(C:/Users/yigit/Documents/GitHub/eesekim/Include/features/Ayarlar/Araclar/Adres Defteri/Filtre Kontrolu.feature:14)
Caused by: org.codehaus.groovy.runtime.InvokerInvocationException: Assertion failed: 

assert a
       |
       false

	at Method.invokeMethod(Method.groovy)
	at com.kms.katalon.core.main.CustomKeywordDelegatingMetaClass.invokeStaticMethod(CustomKeywordDelegatingMetaClass.java:50)
	at KullaniciIslemlerindenSecimYapilir.run(KullaniciIslemlerindenSecimYapilir:23)
	at com.kms.katalon.core.main.ScriptEngine.run(ScriptEngine.java:194)
	at com.kms.katalon.core.main.ScriptEngine.runScriptAsRawText(ScriptEngine.java:119)
	at com.kms.katalon.core.main.TestCaseExecutor.runScript(TestCaseExecutor.java:339)
	at com.kms.katalon.core.main.TestCaseExecutor.doExecute(TestCaseExecutor.java:330)
	at com.kms.katalon.core.main.TestCaseExecutor.processExecutionPhase(TestCaseExecutor.java:309)
	at com.kms.katalon.core.main.TestCaseExecutor.accessMainPhase(TestCaseExecutor.java:301)
	at com.kms.katalon.core.main.TestCaseExecutor.execute(TestCaseExecutor.java:235)
	at com.kms.katalon.core.main.TestCaseMain.runTestCase(TestCaseMain.java:114)
	at com.kms.katalon.core.keyword.builtin.CallTestCaseKeyword$_callTestCase_closure1.doCall(CallTestCaseKeyword.groovy:59)
	at com.kms.katalon.core.keyword.builtin.CallTestCaseKeyword$_callTestCase_closure1.call(CallTestCaseKeyword.groovy)
	at com.kms.katalon.core.keyword.internal.KeywordMain.runKeyword(KeywordMain.groovy:68)
	at com.kms.katalon.core.keyword.builtin.CallTestCaseKeyword.callTestCase(CallTestCaseKeyword.groovy:81)
	at com.kms.katalon.core.keyword.builtin.CallTestCaseKeyword.execute(CallTestCaseKeyword.groovy:44)
	at com.kms.katalon.core.keyword.internal.KeywordExecutor.executeKeywordForPlatform(KeywordExecutor.groovy:73)
	at com.kms.katalon.core.keyword.BuiltinKeywords.callTestCase(BuiltinKeywords.groovy:334)
	at kullaniciIslemleri.kullaniciIslemleri.kullaniciIslemi(kullaniciIslemleri.groovy:50)
	at cucumber.runtime.Utils$1.call(Utils.java:26)
	at cucumber.runtime.Timeout.timeout(Timeout.java:16)
	at cucumber.runtime.Utils.invoke(Utils.java:20)
	at cucumber.runtime.java.JavaStepDefinition.execute(JavaStepDefinition.java:48)
	at cucumber.runtime.PickleStepDefinitionMatch.runStep(PickleStepDefinitionMatch.java:50)
	at cucumber.runner.TestStep.executeStep(TestStep.java:55)
	at cucumber.runner.TestStep.run(TestStep.java:42)
	at cucumber.runner.PickleStepTestStep.run(PickleStepTestStep.java:53)
	at cucumber.runner.TestCase.run(TestCase.java:47)
	at cucumber.runner.Runner.runPickle(Runner.java:44)
	at cucumber.runtime.Runtime.runFeature(Runtime.java:120)
	at cucumber.runtime.Runtime.run(Runtime.java:106)
	at cucumber.api.cli.Main.run(Main.java:35)
	at cucumber.api.cli.Main$run.call(Unknown Source)
	at com.kms.katalon.core.cucumber.keyword.CucumberBuiltinKeywords$_runFeatureFile_closure1.doCall(CucumberBuiltinKeywords.groovy:76)
	at com.kms.katalon.core.cucumber.keyword.CucumberBuiltinKeywords$_runFeatureFile_closure1.doCall(CucumberBuiltinKeywords.groovy)
	at com.kms.katalon.core.keyword.internal.KeywordMain.runKeyword(KeywordMain.groovy:68)
	at com.kms.katalon.core.keyword.internal.KeywordMain$runKeyword.call(Unknown Source)
	at com.kms.katalon.core.cucumber.keyword.CucumberBuiltinKeywords.runFeatureFile(CucumberBuiltinKeywords.groovy:46)
	at com.kms.katalon.core.cucumber.keyword.CucumberBuiltinKeywords$runFeatureFile$0.callStatic(Unknown Source)
	at com.kms.katalon.core.cucumber.keyword.CucumberBuiltinKeywords.runFeatureFile(CucumberBuiltinKeywords.groovy:169)
	at com.kms.katalon.core.cucumber.keyword.CucumberBuiltinKeywords$runFeatureFile.call(Unknown Source)
	at Filtre Kontrolu.run(Filtre Kontrolu:19)
	at com.kms.katalon.core.main.ScriptEngine.run(ScriptEngine.java:194)
	at com.kms.katalon.core.main.ScriptEngine.runScriptAsRawText(ScriptEngine.java:119)
	at com.kms.katalon.core.main.TestCaseExecutor.runScript(TestCaseExecutor.java:339)
	at com.kms.katalon.core.main.TestCaseExecutor.doExecute(TestCaseExecutor.java:330)
	at com.kms.katalon.core.main.TestCaseExecutor.processExecutionPhase(TestCaseExecutor.java:309)
	at com.kms.katalon.core.main.TestCaseExecutor.accessMainPhase(TestCaseExecutor.java:301)
	at com.kms.katalon.core.main.TestCaseExecutor.execute(TestCaseExecutor.java:235)
	at com.kms.katalon.core.main.TestSuiteExecutor.accessTestCaseMainPhase(TestSuiteExecutor.java:191)
	at com.kms.katalon.core.main.TestSuiteExecutor.accessTestSuiteMainPhase(TestSuiteExecutor.java:141)
	at com.kms.katalon.core.main.TestSuiteExecutor.execute(TestSuiteExecutor.java:90)
	at com.kms.katalon.core.main.TestCaseMain.startTestSuite(TestCaseMain.java:157)
	at com.kms.katalon.core.main.TestCaseMain$startTestSuite$0.call(Unknown Source)
	at TempTestSuite1608235693458.run(TempTestSuite1608235693458.groovy:39)
Caused by: Assertion failed: 

assert a
       |
       false

	at Method.TextDegerineEsitElementeTikla(Method.groovy:76)
	... 55 more


2020-12-17 23:09:42 - [MESSAGE][INFO] - Checking called Test Case

2020-12-17 23:09:42 - [MESSAGE][INFO] - Starting to call Test Case 'Test Cases/Kullanici_Islemleri/KullaniciIslemlerindenSecimYapilir'

2020-12-17 23:09:42 - [TEST_CASE][ERROR] - Test Cases/Kullanici_Islemleri/KullaniciIslemlerindenSecimYapilir: Test Cases/Kullanici_Islemleri/KullaniciIslemlerindenSecimYapilir FAILED.
Reason:
org.codehaus.groovy.runtime.InvokerInvocationException: Assertion failed: 

assert a
       |
       false

	at Method.invokeMethod(Method.groovy)
	at com.kms.katalon.core.main.CustomKeywordDelegatingMetaClass.invokeStaticMethod(CustomKeywordDelegatingMetaClass.java:50)
	at KullaniciIslemlerindenSecimYapilir.run(KullaniciIslemlerindenSecimYapilir:23)
	at com.kms.katalon.core.main.ScriptEngine.run(ScriptEngine.java:194)
	at com.kms.katalon.core.main.ScriptEngine.runScriptAsRawText(ScriptEngine.java:119)
	at com.kms.katalon.core.main.TestCaseExecutor.runScript(TestCaseExecutor.java:339)
	at com.kms.katalon.core.main.TestCaseExecutor.doExecute(TestCaseExecutor.java:330)
	at com.kms.katalon.core.main.TestCaseExecutor.processExecutionPhase(TestCaseExecutor.java:309)
	at com.kms.katalon.core.main.TestCaseExecutor.accessMainPhase(TestCaseExecutor.java:301)
	at com.kms.katalon.core.main.TestCaseExecutor.execute(TestCaseExecutor.java:235)
	at com.kms.katalon.core.main.TestCaseMain.runTestCase(TestCaseMain.java:114)
	at com.kms.katalon.core.keyword.builtin.CallTestCaseKeyword$_callTestCase_closure1.doCall(CallTestCaseKeyword.groovy:59)
	at com.kms.katalon.core.keyword.builtin.CallTestCaseKeyword$_callTestCase_closure1.call(CallTestCaseKeyword.groovy)
	at com.kms.katalon.core.keyword.internal.KeywordMain.runKeyword(KeywordMain.groovy:68)
	at com.kms.katalon.core.keyword.builtin.CallTestCaseKeyword.callTestCase(CallTestCaseKeyword.groovy:81)
	at com.kms.katalon.core.keyword.builtin.CallTestCaseKeyword.execute(CallTestCaseKeyword.groovy:44)
	at com.kms.katalon.core.keyword.internal.KeywordExecutor.executeKeywordForPlatform(KeywordExecutor.groovy:73)
	at com.kms.katalon.core.keyword.BuiltinKeywords.callTestCase(BuiltinKeywords.groovy:334)
	at kullaniciIslemleri.kullaniciIslemleri.kullaniciIslemi(kullaniciIslemleri.groovy:50)
	at cucumber.runtime.Utils$1.call(Utils.java:26)
	at cucumber.runtime.Timeout.timeout(Timeout.java:16)
	at cucumber.runtime.Utils.invoke(Utils.java:20)
	at cucumber.runtime.java.JavaStepDefinition.execute(JavaStepDefinition.java:48)
	at cucumber.runtime.PickleStepDefinitionMatch.runStep(PickleStepDefinitionMatch.java:50)
	at cucumber.runner.TestStep.executeStep(TestStep.java:55)
	at cucumber.runner.TestStep.run(TestStep.java:42)
	at cucumber.runner.PickleStepTestStep.run(PickleStepTestStep.java:53)
	at cucumber.runner.TestCase.run(TestCase.java:47)
	at cucumber.runner.Runner.runPickle(Runner.java:44)
	at cucumber.runtime.Runtime.runFeature(Runtime.java:120)
	at cucumber.runtime.Runtime.run(Runtime.java:106)
	at cucumber.api.cli.Main.run(Main.java:35)
	at cucumber.api.cli.Main$run.call(Unknown Source)
	at com.kms.katalon.core.cucumber.keyword.CucumberBuiltinKeywords$_runFeatureFile_closure1.doCall(CucumberBuiltinKeywords.groovy:76)
	at com.kms.katalon.core.cucumber.keyword.CucumberBuiltinKeywords$_runFeatureFile_closure1.doCall(CucumberBuiltinKeywords.groovy)
	at com.kms.katalon.core.keyword.internal.KeywordMain.runKeyword(KeywordMain.groovy:68)
	at com.kms.katalon.core.keyword.internal.KeywordMain$runKeyword.call(Unknown Source)
	at com.kms.katalon.core.cucumber.keyword.CucumberBuiltinKeywords.runFeatureFile(CucumberBuiltinKeywords.groovy:46)
	at com.kms.katalon.core.cucumber.keyword.CucumberBuiltinKeywords$runFeatureFile$0.callStatic(Unknown Source)
	at com.kms.katalon.core.cucumber.keyword.CucumberBuiltinKeywords.runFeatureFile(CucumberBuiltinKeywords.groovy:169)
	at com.kms.katalon.core.cucumber.keyword.CucumberBuiltinKeywords$runFeatureFile.call(Unknown Source)
	at Filtre Kontrolu.run(Filtre Kontrolu:19)
	at com.kms.katalon.core.main.ScriptEngine.run(ScriptEngine.java:194)
	at com.kms.katalon.core.main.ScriptEngine.runScriptAsRawText(ScriptEngine.java:119)
	at com.kms.katalon.core.main.TestCaseExecutor.runScript(TestCaseExecutor.java:339)
	at com.kms.katalon.core.main.TestCaseExecutor.doExecute(TestCaseExecutor.java:330)
	at com.kms.katalon.core.main.TestCaseExecutor.processExecutionPhase(TestCaseExecutor.java:309)
	at com.kms.katalon.core.main.TestCaseExecutor.accessMainPhase(TestCaseExecutor.java:301)
	at com.kms.katalon.core.main.TestCaseExecutor.execute(TestCaseExecutor.java:235)
	at com.kms.katalon.core.main.TestSuiteExecutor.accessTestCaseMainPhase(TestSuiteExecutor.java:191)
	at com.kms.katalon.core.main.TestSuiteExecutor.accessTestSuiteMainPhase(TestSuiteExecutor.java:141)
	at com.kms.katalon.core.main.TestSuiteExecutor.execute(TestSuiteExecutor.java:90)
	at com.kms.katalon.core.main.TestCaseMain.startTestSuite(TestCaseMain.java:157)
	at com.kms.katalon.core.main.TestCaseMain$startTestSuite$0.call(Unknown Source)
	at TempTestSuite1608235693458.run(TempTestSuite1608235693458.groovy:39)
Caused by: Assertion failed: 

assert a
       |
       false

	at Method.TextDegerineEsitElementeTikla(Method.groovy:76)
	... 55 more


2020-12-17 23:09:42 - [TEST_STEP][PASSED] - waitForElementClickable(findTestObject("Object Repository/Kullanici_Islemleri/KullaniciIslemleri"), 10): Object 'Object Repository/Kullanici_Islemleri/KullaniciIslemleri' is clickable

2020-12-17 23:09:42 - [MESSAGE][INFO] - Finding Test Object 'Object Repository/Kullanici_Islemleri/KullaniciIslemleri'

2020-12-17 23:09:42 - [MESSAGE][INFO] - Checking object

2020-12-17 23:09:42 - [MESSAGE][INFO] - Checking timeout

2020-12-17 23:09:42 - [MESSAGE][INFO] - Finding web element from Test Object's properties

2020-12-17 23:09:42 - [MESSAGE][INFO] - Checking timeout

2020-12-17 23:09:42 - [MESSAGE][INFO] - Finding web element with id: 'Object Repository/Kullanici_Islemleri/KullaniciIslemleri' located by 'By.cssSelector: .dropdown>a>img' in '10' second(s)

2020-12-17 23:09:42 - [MESSAGE][INFO] - Smart Wait Function is triggered

2020-12-17 23:09:44 - [MESSAGE][INFO] - Found 1 web elements with id: 'Object Repository/Kullanici_Islemleri/KullaniciIslemleri' located by 'By.cssSelector: .dropdown>a>img' in '10' second(s)

2020-12-17 23:09:44 - [MESSAGE][PASSED] - Object 'Object Repository/Kullanici_Islemleri/KullaniciIslemleri' is clickable

2020-12-17 23:09:44 - [TEST_STEP][PASSED] - click(findTestObject("Object Repository/Kullanici_Islemleri/KullaniciIslemleri")): Object: 'Object Repository/Kullanici_Islemleri/KullaniciIslemleri' is clicked on

2020-12-17 23:09:44 - [MESSAGE][INFO] - Finding Test Object 'Object Repository/Kullanici_Islemleri/KullaniciIslemleri'

2020-12-17 23:09:44 - [MESSAGE][INFO] - Checking object

2020-12-17 23:09:44 - [MESSAGE][INFO] - Finding web element from Test Object's properties

2020-12-17 23:09:44 - [MESSAGE][INFO] - Checking timeout

2020-12-17 23:09:44 - [MESSAGE][INFO] - Finding web element with id: 'Object Repository/Kullanici_Islemleri/KullaniciIslemleri' located by 'By.cssSelector: .dropdown>a>img' in '30' second(s)

2020-12-17 23:09:44 - [MESSAGE][INFO] - Smart Wait Function is triggered

2020-12-17 23:09:46 - [MESSAGE][INFO] - Found 1 web elements with id: 'Object Repository/Kullanici_Islemleri/KullaniciIslemleri' located by 'By.cssSelector: .dropdown>a>img' in '30' second(s)

2020-12-17 23:09:46 - [MESSAGE][INFO] - Clicking on object: 'Object Repository/Kullanici_Islemleri/KullaniciIslemleri'

2020-12-17 23:09:46 - [MESSAGE][PASSED] - Object: 'Object Repository/Kullanici_Islemleri/KullaniciIslemleri' is clicked on

2020-12-17 23:09:46 - [TEST_STEP][FAILED] - Method.TextDegerineEsitElementeTikla(findTestObject("Object Repository/Kullanici_Islemleri/Secenekler"), Islem): Assertion failed: 

assert a
       |
       false


2020-12-17 23:09:46 - [MESSAGE][INFO] - Finding Test Object 'Object Repository/Kullanici_Islemleri/Secenekler'

2020-12-17 23:09:46 - [MESSAGE][INFO] - Checking timeout

2020-12-17 23:09:46 - [MESSAGE][INFO] - Finding web element with id: 'Object Repository/Kullanici_Islemleri/Secenekler' located by 'By.cssSelector: .nav.navbar-nav.navbar-right li a' in '10' second(s)

2020-12-17 23:09:46 - [MESSAGE][INFO] - Smart Wait Function is triggered

2020-12-17 23:09:46 - [MESSAGE][INFO] - Found 25 web elements with id: 'Object Repository/Kullanici_Islemleri/Secenekler' located by 'By.cssSelector: .nav.navbar-nav.navbar-right li a' in '10' second(s)

2020-12-17 23:09:47 - [MESSAGE][FAILED] - Assertion failed: 

assert a
       |
       false


2020-12-17 23:09:47 - [MESSAGE][FAILED] - Unable to call Test Case 'Test Cases/Kullanici_Islemleri/KullaniciIslemlerindenSecimYapilir' (Root cause: com.kms.katalon.core.exception.StepErrorException: Call Test Case 'Test Cases/Kullanici_Islemleri/KullaniciIslemlerindenSecimYapilir' failed because of error(s)
	at com.kms.katalon.core.keyword.builtin.CallTestCaseKeyword$_callTestCase_closure1.doCall(CallTestCaseKeyword.groovy:66)
	at com.kms.katalon.core.keyword.builtin.CallTestCaseKeyword$_callTestCase_closure1.call(CallTestCaseKeyword.groovy)
	at com.kms.katalon.core.keyword.internal.KeywordMain.runKeyword(KeywordMain.groovy:68)
	at com.kms.katalon.core.keyword.builtin.CallTestCaseKeyword.callTestCase(CallTestCaseKeyword.groovy:81)
	at com.kms.katalon.core.keyword.builtin.CallTestCaseKeyword.execute(CallTestCaseKeyword.groovy:44)
	at com.kms.katalon.core.keyword.internal.KeywordExecutor.executeKeywordForPlatform(KeywordExecutor.groovy:73)
	at com.kms.katalon.core.keyword.BuiltinKeywords.callTestCase(BuiltinKeywords.groovy:334)
	at kullaniciIslemleri.kullaniciIslemleri.kullaniciIslemi(kullaniciIslemleri.groovy:50)
	at cucumber.runtime.Utils$1.call(Utils.java:26)
	at cucumber.runtime.Timeout.timeout(Timeout.java:16)
	at cucumber.runtime.Utils.invoke(Utils.java:20)
	at cucumber.runtime.java.JavaStepDefinition.execute(JavaStepDefinition.java:48)
	at cucumber.runtime.PickleStepDefinitionMatch.runStep(PickleStepDefinitionMatch.java:50)
	at cucumber.runner.TestStep.executeStep(TestStep.java:55)
	at cucumber.runner.TestStep.run(TestStep.java:42)
	at cucumber.runner.PickleStepTestStep.run(PickleStepTestStep.java:53)
	at cucumber.runner.TestCase.run(TestCase.java:47)
	at cucumber.runner.Runner.runPickle(Runner.java:44)
	at cucumber.runtime.Runtime.runFeature(Runtime.java:120)
	at cucumber.runtime.Runtime.run(Runtime.java:106)
	at cucumber.api.cli.Main.run(Main.java:35)
	at cucumber.api.cli.Main$run.call(Unknown Source)
	at com.kms.katalon.core.cucumber.keyword.CucumberBuiltinKeywords$_runFeatureFile_closure1.doCall(CucumberBuiltinKeywords.groovy:76)
	at com.kms.katalon.core.cucumber.keyword.CucumberBuiltinKeywords$_runFeatureFile_closure1.doCall(CucumberBuiltinKeywords.groovy)
	at com.kms.katalon.core.keyword.internal.KeywordMain.runKeyword(KeywordMain.groovy:68)
	at com.kms.katalon.core.keyword.internal.KeywordMain$runKeyword.call(Unknown Source)
	at com.kms.katalon.core.cucumber.keyword.CucumberBuiltinKeywords.runFeatureFile(CucumberBuiltinKeywords.groovy:46)
	at com.kms.katalon.core.cucumber.keyword.CucumberBuiltinKeywords$runFeatureFile$0.callStatic(Unknown Source)
	at com.kms.katalon.core.cucumber.keyword.CucumberBuiltinKeywords.runFeatureFile(CucumberBuiltinKeywords.groovy:169)
	at com.kms.katalon.core.cucumber.keyword.CucumberBuiltinKeywords$runFeatureFile.call(Unknown Source)
	at Filtre Kontrolu.run(Filtre Kontrolu:19)
	at com.kms.katalon.core.main.ScriptEngine.run(ScriptEngine.java:194)
	at com.kms.katalon.core.main.ScriptEngine.runScriptAsRawText(ScriptEngine.java:119)
	at com.kms.katalon.core.main.TestCaseExecutor.runScript(TestCaseExecutor.java:339)
	at com.kms.katalon.core.main.TestCaseExecutor.doExecute(TestCaseExecutor.java:330)
	at com.kms.katalon.core.main.TestCaseExecutor.processExecutionPhase(TestCaseExecutor.java:309)
	at com.kms.katalon.core.main.TestCaseExecutor.accessMainPhase(TestCaseExecutor.java:301)
	at com.kms.katalon.core.main.TestCaseExecutor.execute(TestCaseExecutor.java:235)
	at com.kms.katalon.core.main.TestSuiteExecutor.accessTestCaseMainPhase(TestSuiteExecutor.java:191)
	at com.kms.katalon.core.main.TestSuiteExecutor.accessTestSuiteMainPhase(TestSuiteExecutor.java:141)
	at com.kms.katalon.core.main.TestSuiteExecutor.execute(TestSuiteExecutor.java:90)
	at com.kms.katalon.core.main.TestCaseMain.startTestSuite(TestCaseMain.java:157)
	at com.kms.katalon.core.main.TestCaseMain$startTestSuite$0.call(Unknown Source)
	at TempTestSuite1608235693458.run(TempTestSuite1608235693458.groovy:39)
Caused by: org.codehaus.groovy.runtime.InvokerInvocationException: Assertion failed: 

assert a
       |
       false

	at Method.invokeMethod(Method.groovy)
	at com.kms.katalon.core.main.CustomKeywordDelegatingMetaClass.invokeStaticMethod(CustomKeywordDelegatingMetaClass.java:50)
	at KullaniciIslemlerindenSecimYapilir.run(KullaniciIslemlerindenSecimYapilir:23)
	at com.kms.katalon.core.main.ScriptEngine.run(ScriptEngine.java:194)
	at com.kms.katalon.core.main.ScriptEngine.runScriptAsRawText(ScriptEngine.java:119)
	at com.kms.katalon.core.main.TestCaseExecutor.runScript(TestCaseExecutor.java:339)
	at com.kms.katalon.core.main.TestCaseExecutor.doExecute(TestCaseExecutor.java:330)
	at com.kms.katalon.core.main.TestCaseExecutor.processExecutionPhase(TestCaseExecutor.java:309)
	at com.kms.katalon.core.main.TestCaseExecutor.accessMainPhase(TestCaseExecutor.java:301)
	at com.kms.katalon.core.main.TestCaseExecutor.execute(TestCaseExecutor.java:235)
	at com.kms.katalon.core.main.TestCaseMain.runTestCase(TestCaseMain.java:114)
	at com.kms.katalon.core.keyword.builtin.CallTestCaseKeyword$_callTestCase_closure1.doCall(CallTestCaseKeyword.groovy:59)
	... 43 more
Caused by: Assertion failed: 

assert a
       |
       false

	at Method.TextDegerineEsitElementeTikla(Method.groovy:76)
	... 55 more
)

2020-12-17 23:09:47 - [MESSAGE][ERROR] - Kullanıcı işlemlerinden Çıkış seçilir FAILED.
Reason:
com.kms.katalon.core.exception.StepErrorException: Call Test Case 'Test Cases/Kullanici_Islemleri/KullaniciIslemlerindenSecimYapilir' failed because of error(s)
	at com.kms.katalon.core.keyword.builtin.CallTestCaseKeyword$_callTestCase_closure1.doCall(CallTestCaseKeyword.groovy:66)
	at com.kms.katalon.core.keyword.builtin.CallTestCaseKeyword$_callTestCase_closure1.call(CallTestCaseKeyword.groovy)
	at com.kms.katalon.core.keyword.internal.KeywordMain.runKeyword(KeywordMain.groovy:68)
	at com.kms.katalon.core.keyword.builtin.CallTestCaseKeyword.callTestCase(CallTestCaseKeyword.groovy:81)
	at com.kms.katalon.core.keyword.builtin.CallTestCaseKeyword.execute(CallTestCaseKeyword.groovy:44)
	at com.kms.katalon.core.keyword.internal.KeywordExecutor.executeKeywordForPlatform(KeywordExecutor.groovy:73)
	at com.kms.katalon.core.keyword.BuiltinKeywords.callTestCase(BuiltinKeywords.groovy:334)
	at kullaniciIslemleri.kullaniciIslemleri.kullaniciIslemi(kullaniciIslemleri.groovy:50)
	at ✽.Kullanıcı işlemlerinden Çıkış seçilir(C:/Users/yigit/Documents/GitHub/eesekim/Include/features/Ayarlar/Araclar/Adres Defteri/Filtre Kontrolu.feature:14)
Caused by: org.codehaus.groovy.runtime.InvokerInvocationException: Assertion failed: 

assert a
       |
       false

	at Method.invokeMethod(Method.groovy)
	at com.kms.katalon.core.main.CustomKeywordDelegatingMetaClass.invokeStaticMethod(CustomKeywordDelegatingMetaClass.java:50)
	at KullaniciIslemlerindenSecimYapilir.run(KullaniciIslemlerindenSecimYapilir:23)
	at com.kms.katalon.core.main.ScriptEngine.run(ScriptEngine.java:194)
	at com.kms.katalon.core.main.ScriptEngine.runScriptAsRawText(ScriptEngine.java:119)
	at com.kms.katalon.core.main.TestCaseExecutor.runScript(TestCaseExecutor.java:339)
	at com.kms.katalon.core.main.TestCaseExecutor.doExecute(TestCaseExecutor.java:330)
	at com.kms.katalon.core.main.TestCaseExecutor.processExecutionPhase(TestCaseExecutor.java:309)
	at com.kms.katalon.core.main.TestCaseExecutor.accessMainPhase(TestCaseExecutor.java:301)
	at com.kms.katalon.core.main.TestCaseExecutor.execute(TestCaseExecutor.java:235)
	at com.kms.katalon.core.main.TestCaseMain.runTestCase(TestCaseMain.java:114)
	at com.kms.katalon.core.keyword.builtin.CallTestCaseKeyword$_callTestCase_closure1.doCall(CallTestCaseKeyword.groovy:59)
	at com.kms.katalon.core.keyword.builtin.CallTestCaseKeyword$_callTestCase_closure1.call(CallTestCaseKeyword.groovy)
	at com.kms.katalon.core.keyword.internal.KeywordMain.runKeyword(KeywordMain.groovy:68)
	at com.kms.katalon.core.keyword.builtin.CallTestCaseKeyword.callTestCase(CallTestCaseKeyword.groovy:81)
	at com.kms.katalon.core.keyword.builtin.CallTestCaseKeyword.execute(CallTestCaseKeyword.groovy:44)
	at com.kms.katalon.core.keyword.internal.KeywordExecutor.executeKeywordForPlatform(KeywordExecutor.groovy:73)
	at com.kms.katalon.core.keyword.BuiltinKeywords.callTestCase(BuiltinKeywords.groovy:334)
	at kullaniciIslemleri.kullaniciIslemleri.kullaniciIslemi(kullaniciIslemleri.groovy:50)
	at cucumber.runtime.Utils$1.call(Utils.java:26)
	at cucumber.runtime.Timeout.timeout(Timeout.java:16)
	at cucumber.runtime.Utils.invoke(Utils.java:20)
	at cucumber.runtime.java.JavaStepDefinition.execute(JavaStepDefinition.java:48)
	at cucumber.runtime.PickleStepDefinitionMatch.runStep(PickleStepDefinitionMatch.java:50)
	at cucumber.runner.TestStep.executeStep(TestStep.java:55)
	at cucumber.runner.TestStep.run(TestStep.java:42)
	at cucumber.runner.PickleStepTestStep.run(PickleStepTestStep.java:53)
	at cucumber.runner.TestCase.run(TestCase.java:47)
	at cucumber.runner.Runner.runPickle(Runner.java:44)
	at cucumber.runtime.Runtime.runFeature(Runtime.java:120)
	at cucumber.runtime.Runtime.run(Runtime.java:106)
	at cucumber.api.cli.Main.run(Main.java:35)
	at cucumber.api.cli.Main$run.call(Unknown Source)
	at com.kms.katalon.core.cucumber.keyword.CucumberBuiltinKeywords$_runFeatureFile_closure1.doCall(CucumberBuiltinKeywords.groovy:76)
	at com.kms.katalon.core.cucumber.keyword.CucumberBuiltinKeywords$_runFeatureFile_closure1.doCall(CucumberBuiltinKeywords.groovy)
	at com.kms.katalon.core.keyword.internal.KeywordMain.runKeyword(KeywordMain.groovy:68)
	at com.kms.katalon.core.keyword.internal.KeywordMain$runKeyword.call(Unknown Source)
	at com.kms.katalon.core.cucumber.keyword.CucumberBuiltinKeywords.runFeatureFile(CucumberBuiltinKeywords.groovy:46)
	at com.kms.katalon.core.cucumber.keyword.CucumberBuiltinKeywords$runFeatureFile$0.callStatic(Unknown Source)
	at com.kms.katalon.core.cucumber.keyword.CucumberBuiltinKeywords.runFeatureFile(CucumberBuiltinKeywords.groovy:169)
	at com.kms.katalon.core.cucumber.keyword.CucumberBuiltinKeywords$runFeatureFile.call(Unknown Source)
	at Filtre Kontrolu.run(Filtre Kontrolu:19)
	at com.kms.katalon.core.main.ScriptEngine.run(ScriptEngine.java:194)
	at com.kms.katalon.core.main.ScriptEngine.runScriptAsRawText(ScriptEngine.java:119)
	at com.kms.katalon.core.main.TestCaseExecutor.runScript(TestCaseExecutor.java:339)
	at com.kms.katalon.core.main.TestCaseExecutor.doExecute(TestCaseExecutor.java:330)
	at com.kms.katalon.core.main.TestCaseExecutor.processExecutionPhase(TestCaseExecutor.java:309)
	at com.kms.katalon.core.main.TestCaseExecutor.accessMainPhase(TestCaseExecutor.java:301)
	at com.kms.katalon.core.main.TestCaseExecutor.execute(TestCaseExecutor.java:235)
	at com.kms.katalon.core.main.TestSuiteExecutor.accessTestCaseMainPhase(TestSuiteExecutor.java:191)
	at com.kms.katalon.core.main.TestSuiteExecutor.accessTestSuiteMainPhase(TestSuiteExecutor.java:141)
	at com.kms.katalon.core.main.TestSuiteExecutor.execute(TestSuiteExecutor.java:90)
	at com.kms.katalon.core.main.TestCaseMain.startTestSuite(TestCaseMain.java:157)
	at com.kms.katalon.core.main.TestCaseMain$startTestSuite$0.call(Unknown Source)
	at TempTestSuite1608235693458.run(TempTestSuite1608235693458.groovy:39)
Caused by: Assertion failed: 

assert a
       |
       false

	at Method.TextDegerineEsitElementeTikla(Method.groovy:76)
	... 55 more


2020-12-17 23:09:47 - [MESSAGE][FAILED] - Keyword runFeatureFile was failed (Root cause: java.lang.NullPointerException: No format for key faıled
	at cucumber.runtime.formatter.AnsiFormats.get(AnsiFormats.java:51)
	at cucumber.runtime.Stats.printScenarios(Stats.java:170)
	at cucumber.runtime.Stats.printNonZeroResultScenarios(Stats.java:161)
	at cucumber.runtime.Stats.printStats(Stats.java:107)
	at cucumber.runtime.DefaultSummaryPrinter.printStats(DefaultSummaryPrinter.java:34)
	at cucumber.runtime.DefaultSummaryPrinter.print(DefaultSummaryPrinter.java:27)
	at cucumber.runtime.DefaultSummaryPrinter.access$000(DefaultSummaryPrinter.java:14)
	at cucumber.runtime.DefaultSummaryPrinter$1.receive(DefaultSummaryPrinter.java:63)
	at cucumber.runtime.DefaultSummaryPrinter$1.receive(DefaultSummaryPrinter.java:60)
	at cucumber.runner.EventBus.send(EventBus.java:28)
	at cucumber.runtime.Runtime.run(Runtime.java:109)
	at cucumber.api.cli.Main.run(Main.java:35)
	at cucumber.api.cli.Main$run.call(Unknown Source)
	at com.kms.katalon.core.cucumber.keyword.CucumberBuiltinKeywords$_runFeatureFile_closure1.doCall(CucumberBuiltinKeywords.groovy:76)
	at com.kms.katalon.core.cucumber.keyword.CucumberBuiltinKeywords$_runFeatureFile_closure1.doCall(CucumberBuiltinKeywords.groovy)
	at com.kms.katalon.core.keyword.internal.KeywordMain.runKeyword(KeywordMain.groovy:68)
	at com.kms.katalon.core.keyword.internal.KeywordMain$runKeyword.call(Unknown Source)
	at com.kms.katalon.core.cucumber.keyword.CucumberBuiltinKeywords.runFeatureFile(CucumberBuiltinKeywords.groovy:46)
	at com.kms.katalon.core.cucumber.keyword.CucumberBuiltinKeywords$runFeatureFile$0.callStatic(Unknown Source)
	at com.kms.katalon.core.cucumber.keyword.CucumberBuiltinKeywords.runFeatureFile(CucumberBuiltinKeywords.groovy:169)
	at com.kms.katalon.core.cucumber.keyword.CucumberBuiltinKeywords$runFeatureFile.call(Unknown Source)
	at Filtre Kontrolu.run(Filtre Kontrolu:19)
	at com.kms.katalon.core.main.ScriptEngine.run(ScriptEngine.java:194)
	at com.kms.katalon.core.main.ScriptEngine.runScriptAsRawText(ScriptEngine.java:119)
	at com.kms.katalon.core.main.TestCaseExecutor.runScript(TestCaseExecutor.java:339)
	at com.kms.katalon.core.main.TestCaseExecutor.doExecute(TestCaseExecutor.java:330)
	at com.kms.katalon.core.main.TestCaseExecutor.processExecutionPhase(TestCaseExecutor.java:309)
	at com.kms.katalon.core.main.TestCaseExecutor.accessMainPhase(TestCaseExecutor.java:301)
	at com.kms.katalon.core.main.TestCaseExecutor.execute(TestCaseExecutor.java:235)
	at com.kms.katalon.core.main.TestSuiteExecutor.accessTestCaseMainPhase(TestSuiteExecutor.java:191)
	at com.kms.katalon.core.main.TestSuiteExecutor.accessTestSuiteMainPhase(TestSuiteExecutor.java:141)
	at com.kms.katalon.core.main.TestSuiteExecutor.execute(TestSuiteExecutor.java:90)
	at com.kms.katalon.core.main.TestCaseMain.startTestSuite(TestCaseMain.java:157)
	at com.kms.katalon.core.main.TestCaseMain$startTestSuite$0.call(Unknown Source)
	at TempTestSuite1608235693458.run(TempTestSuite1608235693458.groovy:39)
)

2020-12-17 23:09:47 - [TEST_STEP][PASSED] - Start listener action : sampleAfterTestSuite: Invoke 'com.kms.katalon.core.annotation.AfterTestCase' method: 'Listener.sampleAfterTestSuite(...)' completed.

2020-12-17 23:09:47 - [MESSAGE][INFO] - Starting invoke 'com.kms.katalon.core.annotation.AfterTestCase' method: 'Listener.sampleAfterTestSuite(...)'

2020-12-17 23:09:47 - [MESSAGE][INFO] - Invoke 'com.kms.katalon.core.annotation.AfterTestCase' method: 'Listener.sampleAfterTestSuite(...)' completed.]]></system-out>
         <system-err><![CDATA[2020-12-17 23:08:35 - [TEST_CASE][FAILED] - Test Cases/Case Repository/Ayarlar/Araclar/Adres Defteri/Filtre Kontrolu: Test Cases/Case Repository/Ayarlar/Araclar/Adres Defteri/Filtre Kontrolu FAILED.
Reason:
com.kms.katalon.core.exception.StepFailedException: Keyword runFeatureFile was failed (Root cause: java.lang.NullPointerException: No format for key faıled
	at cucumber.runtime.formatter.AnsiFormats.get(AnsiFormats.java:51)
	at cucumber.runtime.Stats.printScenarios(Stats.java:170)
	at cucumber.runtime.Stats.printNonZeroResultScenarios(Stats.java:161)
	at cucumber.runtime.Stats.printStats(Stats.java:107)
	at cucumber.runtime.DefaultSummaryPrinter.printStats(DefaultSummaryPrinter.java:34)
	at cucumber.runtime.DefaultSummaryPrinter.print(DefaultSummaryPrinter.java:27)
	at cucumber.runtime.DefaultSummaryPrinter.access$000(DefaultSummaryPrinter.java:14)
	at cucumber.runtime.DefaultSummaryPrinter$1.receive(DefaultSummaryPrinter.java:63)
	at cucumber.runtime.DefaultSummaryPrinter$1.receive(DefaultSummaryPrinter.java:60)
	at cucumber.runner.EventBus.send(EventBus.java:28)
	at cucumber.runtime.Runtime.run(Runtime.java:109)
	at cucumber.api.cli.Main.run(Main.java:35)
	at cucumber.api.cli.Main$run.call(Unknown Source)
	at com.kms.katalon.core.cucumber.keyword.CucumberBuiltinKeywords$_runFeatureFile_closure1.doCall(CucumberBuiltinKeywords.groovy:76)
	at com.kms.katalon.core.cucumber.keyword.CucumberBuiltinKeywords$_runFeatureFile_closure1.doCall(CucumberBuiltinKeywords.groovy)
	at com.kms.katalon.core.keyword.internal.KeywordMain.runKeyword(KeywordMain.groovy:68)
	at com.kms.katalon.core.keyword.internal.KeywordMain$runKeyword.call(Unknown Source)
	at com.kms.katalon.core.cucumber.keyword.CucumberBuiltinKeywords.runFeatureFile(CucumberBuiltinKeywords.groovy:46)
	at com.kms.katalon.core.cucumber.keyword.CucumberBuiltinKeywords$runFeatureFile$0.callStatic(Unknown Source)
	at com.kms.katalon.core.cucumber.keyword.CucumberBuiltinKeywords.runFeatureFile(CucumberBuiltinKeywords.groovy:169)
	at com.kms.katalon.core.cucumber.keyword.CucumberBuiltinKeywords$runFeatureFile.call(Unknown Source)
	at Filtre Kontrolu.run(Filtre Kontrolu:19)
	at com.kms.katalon.core.main.ScriptEngine.run(ScriptEngine.java:194)
	at com.kms.katalon.core.main.ScriptEngine.runScriptAsRawText(ScriptEngine.java:119)
	at com.kms.katalon.core.main.TestCaseExecutor.runScript(TestCaseExecutor.java:339)
	at com.kms.katalon.core.main.TestCaseExecutor.doExecute(TestCaseExecutor.java:330)
	at com.kms.katalon.core.main.TestCaseExecutor.processExecutionPhase(TestCaseExecutor.java:309)
	at com.kms.katalon.core.main.TestCaseExecutor.accessMainPhase(TestCaseExecutor.java:301)
	at com.kms.katalon.core.main.TestCaseExecutor.execute(TestCaseExecutor.java:235)
	at com.kms.katalon.core.main.TestSuiteExecutor.accessTestCaseMainPhase(TestSuiteExecutor.java:191)
	at com.kms.katalon.core.main.TestSuiteExecutor.accessTestSuiteMainPhase(TestSuiteExecutor.java:141)
	at com.kms.katalon.core.main.TestSuiteExecutor.execute(TestSuiteExecutor.java:90)
	at com.kms.katalon.core.main.TestCaseMain.startTestSuite(TestCaseMain.java:157)
	at com.kms.katalon.core.main.TestCaseMain$startTestSuite$0.call(Unknown Source)
	at TempTestSuite1608235693458.run(TempTestSuite1608235693458.groovy:39)
)
	at com.kms.katalon.core.keyword.internal.KeywordMain.stepFailed(KeywordMain.groovy:50)
	at com.kms.katalon.core.keyword.internal.KeywordMain.stepFailed(KeywordMain.groovy)
	at com.kms.katalon.core.keyword.internal.KeywordMain.runKeyword(KeywordMain.groovy:70)
	at com.kms.katalon.core.keyword.internal.KeywordMain$runKeyword.call(Unknown Source)
	at com.kms.katalon.core.cucumber.keyword.CucumberBuiltinKeywords.runFeatureFile(CucumberBuiltinKeywords.groovy:46)
	at com.kms.katalon.core.cucumber.keyword.CucumberBuiltinKeywords$runFeatureFile$0.callStatic(Unknown Source)
	at com.kms.katalon.core.cucumber.keyword.CucumberBuiltinKeywords.runFeatureFile(CucumberBuiltinKeywords.groovy:169)
	at com.kms.katalon.core.cucumber.keyword.CucumberBuiltinKeywords$runFeatureFile.call(Unknown Source)
	at Filtre Kontrolu.run(Filtre Kontrolu:19)
	at com.kms.katalon.core.main.ScriptEngine.run(ScriptEngine.java:194)
	at com.kms.katalon.core.main.ScriptEngine.runScriptAsRawText(ScriptEngine.java:119)
	at com.kms.katalon.core.main.TestCaseExecutor.runScript(TestCaseExecutor.java:339)
	at com.kms.katalon.core.main.TestCaseExecutor.doExecute(TestCaseExecutor.java:330)
	at com.kms.katalon.core.main.TestCaseExecutor.processExecutionPhase(TestCaseExecutor.java:309)
	at com.kms.katalon.core.main.TestCaseExecutor.accessMainPhase(TestCaseExecutor.java:301)
	at com.kms.katalon.core.main.TestCaseExecutor.execute(TestCaseExecutor.java:235)
	at com.kms.katalon.core.main.TestSuiteExecutor.accessTestCaseMainPhase(TestSuiteExecutor.java:191)
	at com.kms.katalon.core.main.TestSuiteExecutor.accessTestSuiteMainPhase(TestSuiteExecutor.java:141)
	at com.kms.katalon.core.main.TestSuiteExecutor.execute(TestSuiteExecutor.java:90)
	at com.kms.katalon.core.main.TestCaseMain.startTestSuite(TestCaseMain.java:157)
	at com.kms.katalon.core.main.TestCaseMain$startTestSuite$0.call(Unknown Source)
	at TempTestSuite1608235693458.run(TempTestSuite1608235693458.groovy:39)
Caused by: java.lang.NullPointerException: No format for key faıled
	at cucumber.runtime.formatter.AnsiFormats.get(AnsiFormats.java:51)
	at cucumber.runtime.Stats.printScenarios(Stats.java:170)
	at cucumber.runtime.Stats.printNonZeroResultScenarios(Stats.java:161)
	at cucumber.runtime.Stats.printStats(Stats.java:107)
	at cucumber.runtime.DefaultSummaryPrinter.printStats(DefaultSummaryPrinter.java:34)
	at cucumber.runtime.DefaultSummaryPrinter.print(DefaultSummaryPrinter.java:27)
	at cucumber.runtime.DefaultSummaryPrinter.access$000(DefaultSummaryPrinter.java:14)
	at cucumber.runtime.DefaultSummaryPrinter$1.receive(DefaultSummaryPrinter.java:63)
	at cucumber.runtime.DefaultSummaryPrinter$1.receive(DefaultSummaryPrinter.java:60)
	at cucumber.runner.EventBus.send(EventBus.java:28)
	at cucumber.runtime.Runtime.run(Runtime.java:109)
	at cucumber.api.cli.Main.run(Main.java:35)
	at cucumber.api.cli.Main$run.call(Unknown Source)
	at com.kms.katalon.core.cucumber.keyword.CucumberBuiltinKeywords$_runFeatureFile_closure1.doCall(CucumberBuiltinKeywords.groovy:76)
	at com.kms.katalon.core.cucumber.keyword.CucumberBuiltinKeywords$_runFeatureFile_closure1.doCall(CucumberBuiltinKeywords.groovy)
	at com.kms.katalon.core.keyword.internal.KeywordMain.runKeyword(KeywordMain.groovy:68)
	... 19 more]]></system-err>
      </testcase>
      <system-out><![CDATA[2020-12-17 23:08:34 - [TEST_SUITE][FAILED] - Filtre Kontrolu: Test Cases/Case Repository/Ayarlar/Araclar/Adres Defteri/Filtre Kontrolu FAILED.
Reason:
com.kms.katalon.core.exception.StepFailedException: Keyword runFeatureFile was failed (Root cause: java.lang.NullPointerException: No format for key faıled
	at cucumber.runtime.formatter.AnsiFormats.get(AnsiFormats.java:51)
	at cucumber.runtime.Stats.printScenarios(Stats.java:170)
	at cucumber.runtime.Stats.printNonZeroResultScenarios(Stats.java:161)
	at cucumber.runtime.Stats.printStats(Stats.java:107)
	at cucumber.runtime.DefaultSummaryPrinter.printStats(DefaultSummaryPrinter.java:34)
	at cucumber.runtime.DefaultSummaryPrinter.print(DefaultSummaryPrinter.java:27)
	at cucumber.runtime.DefaultSummaryPrinter.access$000(DefaultSummaryPrinter.java:14)
	at cucumber.runtime.DefaultSummaryPrinter$1.receive(DefaultSummaryPrinter.java:63)
	at cucumber.runtime.DefaultSummaryPrinter$1.receive(DefaultSummaryPrinter.java:60)
	at cucumber.runner.EventBus.send(EventBus.java:28)
	at cucumber.runtime.Runtime.run(Runtime.java:109)
	at cucumber.api.cli.Main.run(Main.java:35)
	at cucumber.api.cli.Main$run.call(Unknown Source)
	at com.kms.katalon.core.cucumber.keyword.CucumberBuiltinKeywords$_runFeatureFile_closure1.doCall(CucumberBuiltinKeywords.groovy:76)
	at com.kms.katalon.core.cucumber.keyword.CucumberBuiltinKeywords$_runFeatureFile_closure1.doCall(CucumberBuiltinKeywords.groovy)
	at com.kms.katalon.core.keyword.internal.KeywordMain.runKeyword(KeywordMain.groovy:68)
	at com.kms.katalon.core.keyword.internal.KeywordMain$runKeyword.call(Unknown Source)
	at com.kms.katalon.core.cucumber.keyword.CucumberBuiltinKeywords.runFeatureFile(CucumberBuiltinKeywords.groovy:46)
	at com.kms.katalon.core.cucumber.keyword.CucumberBuiltinKeywords$runFeatureFile$0.callStatic(Unknown Source)
	at com.kms.katalon.core.cucumber.keyword.CucumberBuiltinKeywords.runFeatureFile(CucumberBuiltinKeywords.groovy:169)
	at com.kms.katalon.core.cucumber.keyword.CucumberBuiltinKeywords$runFeatureFile.call(Unknown Source)
	at Filtre Kontrolu.run(Filtre Kontrolu:19)
	at com.kms.katalon.core.main.ScriptEngine.run(ScriptEngine.java:194)
	at com.kms.katalon.core.main.ScriptEngine.runScriptAsRawText(ScriptEngine.java:119)
	at com.kms.katalon.core.main.TestCaseExecutor.runScript(TestCaseExecutor.java:339)
	at com.kms.katalon.core.main.TestCaseExecutor.doExecute(TestCaseExecutor.java:330)
	at com.kms.katalon.core.main.TestCaseExecutor.processExecutionPhase(TestCaseExecutor.java:309)
	at com.kms.katalon.core.main.TestCaseExecutor.accessMainPhase(TestCaseExecutor.java:301)
	at com.kms.katalon.core.main.TestCaseExecutor.execute(TestCaseExecutor.java:235)
	at com.kms.katalon.core.main.TestSuiteExecutor.accessTestCaseMainPhase(TestSuiteExecutor.java:191)
	at com.kms.katalon.core.main.TestSuiteExecutor.accessTestSuiteMainPhase(TestSuiteExecutor.java:141)
	at com.kms.katalon.core.main.TestSuiteExecutor.execute(TestSuiteExecutor.java:90)
	at com.kms.katalon.core.main.TestCaseMain.startTestSuite(TestCaseMain.java:157)
	at com.kms.katalon.core.main.TestCaseMain$startTestSuite$0.call(Unknown Source)
	at TempTestSuite1608235693458.run(TempTestSuite1608235693458.groovy:39)
)
	at com.kms.katalon.core.keyword.internal.KeywordMain.stepFailed(KeywordMain.groovy:50)
	at com.kms.katalon.core.keyword.internal.KeywordMain.stepFailed(KeywordMain.groovy)
	at com.kms.katalon.core.keyword.internal.KeywordMain.runKeyword(KeywordMain.groovy:70)
	at com.kms.katalon.core.keyword.internal.KeywordMain$runKeyword.call(Unknown Source)
	at com.kms.katalon.core.cucumber.keyword.CucumberBuiltinKeywords.runFeatureFile(CucumberBuiltinKeywords.groovy:46)
	at com.kms.katalon.core.cucumber.keyword.CucumberBuiltinKeywords$runFeatureFile$0.callStatic(Unknown Source)
	at com.kms.katalon.core.cucumber.keyword.CucumberBuiltinKeywords.runFeatureFile(CucumberBuiltinKeywords.groovy:169)
	at com.kms.katalon.core.cucumber.keyword.CucumberBuiltinKeywords$runFeatureFile.call(Unknown Source)
	at Filtre Kontrolu.run(Filtre Kontrolu:19)
	at com.kms.katalon.core.main.ScriptEngine.run(ScriptEngine.java:194)
	at com.kms.katalon.core.main.ScriptEngine.runScriptAsRawText(ScriptEngine.java:119)
	at com.kms.katalon.core.main.TestCaseExecutor.runScript(TestCaseExecutor.java:339)
	at com.kms.katalon.core.main.TestCaseExecutor.doExecute(TestCaseExecutor.java:330)
	at com.kms.katalon.core.main.TestCaseExecutor.processExecutionPhase(TestCaseExecutor.java:309)
	at com.kms.katalon.core.main.TestCaseExecutor.accessMainPhase(TestCaseExecutor.java:301)
	at com.kms.katalon.core.main.TestCaseExecutor.execute(TestCaseExecutor.java:235)
	at com.kms.katalon.core.main.TestSuiteExecutor.accessTestCaseMainPhase(TestSuiteExecutor.java:191)
	at com.kms.katalon.core.main.TestSuiteExecutor.accessTestSuiteMainPhase(TestSuiteExecutor.java:141)
	at com.kms.katalon.core.main.TestSuiteExecutor.execute(TestSuiteExecutor.java:90)
	at com.kms.katalon.core.main.TestCaseMain.startTestSuite(TestCaseMain.java:157)
	at com.kms.katalon.core.main.TestCaseMain$startTestSuite$0.call(Unknown Source)
	at TempTestSuite1608235693458.run(TempTestSuite1608235693458.groovy:39)
Caused by: java.lang.NullPointerException: No format for key faıled
	at cucumber.runtime.formatter.AnsiFormats.get(AnsiFormats.java:51)
	at cucumber.runtime.Stats.printScenarios(Stats.java:170)
	at cucumber.runtime.Stats.printNonZeroResultScenarios(Stats.java:161)
	at cucumber.runtime.Stats.printStats(Stats.java:107)
	at cucumber.runtime.DefaultSummaryPrinter.printStats(DefaultSummaryPrinter.java:34)
	at cucumber.runtime.DefaultSummaryPrinter.print(DefaultSummaryPrinter.java:27)
	at cucumber.runtime.DefaultSummaryPrinter.access$000(DefaultSummaryPrinter.java:14)
	at cucumber.runtime.DefaultSummaryPrinter$1.receive(DefaultSummaryPrinter.java:63)
	at cucumber.runtime.DefaultSummaryPrinter$1.receive(DefaultSummaryPrinter.java:60)
	at cucumber.runner.EventBus.send(EventBus.java:28)
	at cucumber.runtime.Runtime.run(Runtime.java:109)
	at cucumber.api.cli.Main.run(Main.java:35)
	at cucumber.api.cli.Main$run.call(Unknown Source)
	at com.kms.katalon.core.cucumber.keyword.CucumberBuiltinKeywords$_runFeatureFile_closure1.doCall(CucumberBuiltinKeywords.groovy:76)
	at com.kms.katalon.core.cucumber.keyword.CucumberBuiltinKeywords$_runFeatureFile_closure1.doCall(CucumberBuiltinKeywords.groovy)
	at com.kms.katalon.core.keyword.internal.KeywordMain.runKeyword(KeywordMain.groovy:68)
	... 19 more]]></system-out>
      <system-err><![CDATA[2020-12-17 23:08:34 - [TEST_SUITE][FAILED] - Filtre Kontrolu: Test Cases/Case Repository/Ayarlar/Araclar/Adres Defteri/Filtre Kontrolu FAILED.
Reason:
com.kms.katalon.core.exception.StepFailedException: Keyword runFeatureFile was failed (Root cause: java.lang.NullPointerException: No format for key faıled
	at cucumber.runtime.formatter.AnsiFormats.get(AnsiFormats.java:51)
	at cucumber.runtime.Stats.printScenarios(Stats.java:170)
	at cucumber.runtime.Stats.printNonZeroResultScenarios(Stats.java:161)
	at cucumber.runtime.Stats.printStats(Stats.java:107)
	at cucumber.runtime.DefaultSummaryPrinter.printStats(DefaultSummaryPrinter.java:34)
	at cucumber.runtime.DefaultSummaryPrinter.print(DefaultSummaryPrinter.java:27)
	at cucumber.runtime.DefaultSummaryPrinter.access$000(DefaultSummaryPrinter.java:14)
	at cucumber.runtime.DefaultSummaryPrinter$1.receive(DefaultSummaryPrinter.java:63)
	at cucumber.runtime.DefaultSummaryPrinter$1.receive(DefaultSummaryPrinter.java:60)
	at cucumber.runner.EventBus.send(EventBus.java:28)
	at cucumber.runtime.Runtime.run(Runtime.java:109)
	at cucumber.api.cli.Main.run(Main.java:35)
	at cucumber.api.cli.Main$run.call(Unknown Source)
	at com.kms.katalon.core.cucumber.keyword.CucumberBuiltinKeywords$_runFeatureFile_closure1.doCall(CucumberBuiltinKeywords.groovy:76)
	at com.kms.katalon.core.cucumber.keyword.CucumberBuiltinKeywords$_runFeatureFile_closure1.doCall(CucumberBuiltinKeywords.groovy)
	at com.kms.katalon.core.keyword.internal.KeywordMain.runKeyword(KeywordMain.groovy:68)
	at com.kms.katalon.core.keyword.internal.KeywordMain$runKeyword.call(Unknown Source)
	at com.kms.katalon.core.cucumber.keyword.CucumberBuiltinKeywords.runFeatureFile(CucumberBuiltinKeywords.groovy:46)
	at com.kms.katalon.core.cucumber.keyword.CucumberBuiltinKeywords$runFeatureFile$0.callStatic(Unknown Source)
	at com.kms.katalon.core.cucumber.keyword.CucumberBuiltinKeywords.runFeatureFile(CucumberBuiltinKeywords.groovy:169)
	at com.kms.katalon.core.cucumber.keyword.CucumberBuiltinKeywords$runFeatureFile.call(Unknown Source)
	at Filtre Kontrolu.run(Filtre Kontrolu:19)
	at com.kms.katalon.core.main.ScriptEngine.run(ScriptEngine.java:194)
	at com.kms.katalon.core.main.ScriptEngine.runScriptAsRawText(ScriptEngine.java:119)
	at com.kms.katalon.core.main.TestCaseExecutor.runScript(TestCaseExecutor.java:339)
	at com.kms.katalon.core.main.TestCaseExecutor.doExecute(TestCaseExecutor.java:330)
	at com.kms.katalon.core.main.TestCaseExecutor.processExecutionPhase(TestCaseExecutor.java:309)
	at com.kms.katalon.core.main.TestCaseExecutor.accessMainPhase(TestCaseExecutor.java:301)
	at com.kms.katalon.core.main.TestCaseExecutor.execute(TestCaseExecutor.java:235)
	at com.kms.katalon.core.main.TestSuiteExecutor.accessTestCaseMainPhase(TestSuiteExecutor.java:191)
	at com.kms.katalon.core.main.TestSuiteExecutor.accessTestSuiteMainPhase(TestSuiteExecutor.java:141)
	at com.kms.katalon.core.main.TestSuiteExecutor.execute(TestSuiteExecutor.java:90)
	at com.kms.katalon.core.main.TestCaseMain.startTestSuite(TestCaseMain.java:157)
	at com.kms.katalon.core.main.TestCaseMain$startTestSuite$0.call(Unknown Source)
	at TempTestSuite1608235693458.run(TempTestSuite1608235693458.groovy:39)
)
	at com.kms.katalon.core.keyword.internal.KeywordMain.stepFailed(KeywordMain.groovy:50)
	at com.kms.katalon.core.keyword.internal.KeywordMain.stepFailed(KeywordMain.groovy)
	at com.kms.katalon.core.keyword.internal.KeywordMain.runKeyword(KeywordMain.groovy:70)
	at com.kms.katalon.core.keyword.internal.KeywordMain$runKeyword.call(Unknown Source)
	at com.kms.katalon.core.cucumber.keyword.CucumberBuiltinKeywords.runFeatureFile(CucumberBuiltinKeywords.groovy:46)
	at com.kms.katalon.core.cucumber.keyword.CucumberBuiltinKeywords$runFeatureFile$0.callStatic(Unknown Source)
	at com.kms.katalon.core.cucumber.keyword.CucumberBuiltinKeywords.runFeatureFile(CucumberBuiltinKeywords.groovy:169)
	at com.kms.katalon.core.cucumber.keyword.CucumberBuiltinKeywords$runFeatureFile.call(Unknown Source)
	at Filtre Kontrolu.run(Filtre Kontrolu:19)
	at com.kms.katalon.core.main.ScriptEngine.run(ScriptEngine.java:194)
	at com.kms.katalon.core.main.ScriptEngine.runScriptAsRawText(ScriptEngine.java:119)
	at com.kms.katalon.core.main.TestCaseExecutor.runScript(TestCaseExecutor.java:339)
	at com.kms.katalon.core.main.TestCaseExecutor.doExecute(TestCaseExecutor.java:330)
	at com.kms.katalon.core.main.TestCaseExecutor.processExecutionPhase(TestCaseExecutor.java:309)
	at com.kms.katalon.core.main.TestCaseExecutor.accessMainPhase(TestCaseExecutor.java:301)
	at com.kms.katalon.core.main.TestCaseExecutor.execute(TestCaseExecutor.java:235)
	at com.kms.katalon.core.main.TestSuiteExecutor.accessTestCaseMainPhase(TestSuiteExecutor.java:191)
	at com.kms.katalon.core.main.TestSuiteExecutor.accessTestSuiteMainPhase(TestSuiteExecutor.java:141)
	at com.kms.katalon.core.main.TestSuiteExecutor.execute(TestSuiteExecutor.java:90)
	at com.kms.katalon.core.main.TestCaseMain.startTestSuite(TestCaseMain.java:157)
	at com.kms.katalon.core.main.TestCaseMain$startTestSuite$0.call(Unknown Source)
	at TempTestSuite1608235693458.run(TempTestSuite1608235693458.groovy:39)
Caused by: java.lang.NullPointerException: No format for key faıled
	at cucumber.runtime.formatter.AnsiFormats.get(AnsiFormats.java:51)
	at cucumber.runtime.Stats.printScenarios(Stats.java:170)
	at cucumber.runtime.Stats.printNonZeroResultScenarios(Stats.java:161)
	at cucumber.runtime.Stats.printStats(Stats.java:107)
	at cucumber.runtime.DefaultSummaryPrinter.printStats(DefaultSummaryPrinter.java:34)
	at cucumber.runtime.DefaultSummaryPrinter.print(DefaultSummaryPrinter.java:27)
	at cucumber.runtime.DefaultSummaryPrinter.access$000(DefaultSummaryPrinter.java:14)
	at cucumber.runtime.DefaultSummaryPrinter$1.receive(DefaultSummaryPrinter.java:63)
	at cucumber.runtime.DefaultSummaryPrinter$1.receive(DefaultSummaryPrinter.java:60)
	at cucumber.runner.EventBus.send(EventBus.java:28)
	at cucumber.runtime.Runtime.run(Runtime.java:109)
	at cucumber.api.cli.Main.run(Main.java:35)
	at cucumber.api.cli.Main$run.call(Unknown Source)
	at com.kms.katalon.core.cucumber.keyword.CucumberBuiltinKeywords$_runFeatureFile_closure1.doCall(CucumberBuiltinKeywords.groovy:76)
	at com.kms.katalon.core.cucumber.keyword.CucumberBuiltinKeywords$_runFeatureFile_closure1.doCall(CucumberBuiltinKeywords.groovy)
	at com.kms.katalon.core.keyword.internal.KeywordMain.runKeyword(KeywordMain.groovy:68)
	... 19 more]]></system-err>
   </testsuite>
   <testsuite name="e-Arsiv Faturalari Icin On Deger XSLT" tests="1" failures="1" errors="0" time="51.186" timestamp="2020-12-17 23:08:34" hostname="yigit - LAPTOP-7436ND4C" id="">
      <properties>
         <property name="deviceName" value=""/>
         <property name="devicePlatform" value=""/>
         <property name="logFolder" value="C:\\Users\\yigit\\Documents\\GitHub\\eesekim\\Reports\\20201217_230810\\_Suite Repository ( Deneysel )\\Ayarlar\\Araclar\\e-Arsiv Ayarlari\\e-Arsiv Faturalari Icin On Deger XSLT\\20201217_230815"/>
         <property name="logFiles" value="C:\\Users\\yigit\\Documents\\GitHub\\eesekim\\Reports\\20201217_230810\\_Suite Repository ( Deneysel )\\Ayarlar\\Araclar\\e-Arsiv Ayarlari\\e-Arsiv Faturalari Icin On Deger XSLT\\20201217_230815\\execution0.log"/>
         <property name="attachments" value=""/>
         <property name="hostName" value="yigit - LAPTOP-7436ND4C"/>
         <property name="os" value="Windows 10 64bit"/>
         <property name="katalonVersion" value="7.7.2.205"/>
         <property name="browser" value="Chrome 87.0.4280.88"/>
         <property name="hostAddress" value="10.10.10.154"/>
         <property name="sessionId" value="e801661d900e0c6e5f9cafd84afb8ccf"/>
         <property name="seleniumVersion" value="3.141.59"/>
         <property name="proxyInformation" value="ProxyInformation { proxyOption=NO_PROXY, proxyServerType=HTTP, username=, password=********, proxyServerAddress=, proxyServerPort=0, executionList=&quot;&quot;, isApplyToDesiredCapabilities=true }"/>
         <property name="platform" value="Windows 10"/>
      </properties>
      <testcase name="Test Cases/Case Repository/Ayarlar/Araclar/e-Arsiv Ayarlari/e-Arsiv Faturalari Icin On Deger XSLT" time="48.935" classname="Test Cases/Case Repository/Ayarlar/Araclar/e-Arsiv Ayarlari/e-Arsiv Faturalari Icin On Deger XSLT" status="FAILED">
         <failure type="FAILED" message="Test Cases/Case Repository/Ayarlar/Araclar/e-Arsiv Ayarlari/e-Arsiv Faturalari Icin On Deger XSLT FAILED.
Reason:
com.kms.katalon.core.exception.StepFailedException: Keyword runFeatureFile was failed (Root cause: java.lang.NullPointerException: No format for key faıled
	at cucumber.runtime.formatter.AnsiFormats.get(AnsiFormats.java:51)
	at cucumber.runtime.Stats.printScenarios(Stats.java:170)
	at cucumber.runtime.Stats.printNonZeroResultScenarios(Stats.java:161)
	at cucumber.runtime.Stats.printStats(Stats.java:107)
	at cucumber.runtime.DefaultSummaryPrinter.printStats(DefaultSummaryPrinter.java:34)
	at cucumber.runtime.DefaultSummaryPrinter.print(DefaultSummaryPrinter.java:27)
	at cucumber.runtime.DefaultSummaryPrinter.access$000(DefaultSummaryPrinter.java:14)
	at cucumber.runtime.DefaultSummaryPrinter$1.receive(DefaultSummaryPrinter.java:63)
	at cucumber.runtime.DefaultSummaryPrinter$1.receive(DefaultSummaryPrinter.java:60)
	at cucumber.runner.EventBus.send(EventBus.java:28)
	at cucumber.runtime.Runtime.run(Runtime.java:109)
	at cucumber.api.cli.Main.run(Main.java:35)
	at cucumber.api.cli.Main$run.call(Unknown Source)
	at com.kms.katalon.core.cucumber.keyword.CucumberBuiltinKeywords$_runFeatureFile_closure1.doCall(CucumberBuiltinKeywords.groovy:76)
	at com.kms.katalon.core.cucumber.keyword.CucumberBuiltinKeywords$_runFeatureFile_closure1.doCall(CucumberBuiltinKeywords.groovy)
	at com.kms.katalon.core.keyword.internal.KeywordMain.runKeyword(KeywordMain.groovy:68)
	at com.kms.katalon.core.keyword.internal.KeywordMain$runKeyword.call(Unknown Source)
	at com.kms.katalon.core.cucumber.keyword.CucumberBuiltinKeywords.runFeatureFile(CucumberBuiltinKeywords.groovy:46)
	at com.kms.katalon.core.cucumber.keyword.CucumberBuiltinKeywords$runFeatureFile$0.callStatic(Unknown Source)
	at com.kms.katalon.core.cucumber.keyword.CucumberBuiltinKeywords.runFeatureFile(CucumberBuiltinKeywords.groovy:169)
	at com.kms.katalon.core.cucumber.keyword.CucumberBuiltinKeywords$runFeatureFile.call(Unknown Source)
	at e-Arsiv Faturalari Icin On Deger XSLT.run(e-Arsiv Faturalari Icin On Deger XSLT:19)
	at com.kms.katalon.core.main.ScriptEngine.run(ScriptEngine.java:194)
	at com.kms.katalon.core.main.ScriptEngine.runScriptAsRawText(ScriptEngine.java:119)
	at com.kms.katalon.core.main.TestCaseExecutor.runScript(TestCaseExecutor.java:339)
	at com.kms.katalon.core.main.TestCaseExecutor.doExecute(TestCaseExecutor.java:330)
	at com.kms.katalon.core.main.TestCaseExecutor.processExecutionPhase(TestCaseExecutor.java:309)
	at com.kms.katalon.core.main.TestCaseExecutor.accessMainPhase(TestCaseExecutor.java:301)
	at com.kms.katalon.core.main.TestCaseExecutor.execute(TestCaseExecutor.java:235)
	at com.kms.katalon.core.main.TestSuiteExecutor.accessTestCaseMainPhase(TestSuiteExecutor.java:191)
	at com.kms.katalon.core.main.TestSuiteExecutor.accessTestSuiteMainPhase(TestSuiteExecutor.java:141)
	at com.kms.katalon.core.main.TestSuiteExecutor.execute(TestSuiteExecutor.java:90)
	at com.kms.katalon.core.main.TestCaseMain.startTestSuite(TestCaseMain.java:157)
	at com.kms.katalon.core.main.TestCaseMain$startTestSuite$0.call(Unknown Source)
	at TempTestSuite1608235695467.run(TempTestSuite1608235695467.groovy:39)
)
	at com.kms.katalon.core.keyword.internal.KeywordMain.stepFailed(KeywordMain.groovy:50)
	at com.kms.katalon.core.keyword.internal.KeywordMain.stepFailed(KeywordMain.groovy)
	at com.kms.katalon.core.keyword.internal.KeywordMain.runKeyword(KeywordMain.groovy:70)
	at com.kms.katalon.core.keyword.internal.KeywordMain$runKeyword.call(Unknown Source)
	at com.kms.katalon.core.cucumber.keyword.CucumberBuiltinKeywords.runFeatureFile(CucumberBuiltinKeywords.groovy:46)
	at com.kms.katalon.core.cucumber.keyword.CucumberBuiltinKeywords$runFeatureFile$0.callStatic(Unknown Source)
	at com.kms.katalon.core.cucumber.keyword.CucumberBuiltinKeywords.runFeatureFile(CucumberBuiltinKeywords.groovy:169)
	at com.kms.katalon.core.cucumber.keyword.CucumberBuiltinKeywords$runFeatureFile.call(Unknown Source)
	at e-Arsiv Faturalari Icin On Deger XSLT.run(e-Arsiv Faturalari Icin On Deger XSLT:19)
	at com.kms.katalon.core.main.ScriptEngine.run(ScriptEngine.java:194)
	at com.kms.katalon.core.main.ScriptEngine.runScriptAsRawText(ScriptEngine.java:119)
	at com.kms.katalon.core.main.TestCaseExecutor.runScript(TestCaseExecutor.java:339)
	at com.kms.katalon.core.main.TestCaseExecutor.doExecute(TestCaseExecutor.java:330)
	at com.kms.katalon.core.main.TestCaseExecutor.processExecutionPhase(TestCaseExecutor.java:309)
	at com.kms.katalon.core.main.TestCaseExecutor.accessMainPhase(TestCaseExecutor.java:301)
	at com.kms.katalon.core.main.TestCaseExecutor.execute(TestCaseExecutor.java:235)
	at com.kms.katalon.core.main.TestSuiteExecutor.accessTestCaseMainPhase(TestSuiteExecutor.java:191)
	at com.kms.katalon.core.main.TestSuiteExecutor.accessTestSuiteMainPhase(TestSuiteExecutor.java:141)
	at com.kms.katalon.core.main.TestSuiteExecutor.execute(TestSuiteExecutor.java:90)
	at com.kms.katalon.core.main.TestCaseMain.startTestSuite(TestCaseMain.java:157)
	at com.kms.katalon.core.main.TestCaseMain$startTestSuite$0.call(Unknown Source)
	at TempTestSuite1608235695467.run(TempTestSuite1608235695467.groovy:39)
Caused by: java.lang.NullPointerException: No format for key faıled
	at cucumber.runtime.formatter.AnsiFormats.get(AnsiFormats.java:51)
	at cucumber.runtime.Stats.printScenarios(Stats.java:170)
	at cucumber.runtime.Stats.printNonZeroResultScenarios(Stats.java:161)
	at cucumber.runtime.Stats.printStats(Stats.java:107)
	at cucumber.runtime.DefaultSummaryPrinter.printStats(DefaultSummaryPrinter.java:34)
	at cucumber.runtime.DefaultSummaryPrinter.print(DefaultSummaryPrinter.java:27)
	at cucumber.runtime.DefaultSummaryPrinter.access$000(DefaultSummaryPrinter.java:14)
	at cucumber.runtime.DefaultSummaryPrinter$1.receive(DefaultSummaryPrinter.java:63)
	at cucumber.runtime.DefaultSummaryPrinter$1.receive(DefaultSummaryPrinter.java:60)
	at cucumber.runner.EventBus.send(EventBus.java:28)
	at cucumber.runtime.Runtime.run(Runtime.java:109)
	at cucumber.api.cli.Main.run(Main.java:35)
	at cucumber.api.cli.Main$run.call(Unknown Source)
	at com.kms.katalon.core.cucumber.keyword.CucumberBuiltinKeywords$_runFeatureFile_closure1.doCall(CucumberBuiltinKeywords.groovy:76)
	at com.kms.katalon.core.cucumber.keyword.CucumberBuiltinKeywords$_runFeatureFile_closure1.doCall(CucumberBuiltinKeywords.groovy)
	at com.kms.katalon.core.keyword.internal.KeywordMain.runKeyword(KeywordMain.groovy:68)
	... 19 more
"/>
         <system-out><![CDATA[2020-12-17 23:08:36 - [TEST_CASE][FAILED] - Test Cases/Case Repository/Ayarlar/Araclar/e-Arsiv Ayarlari/e-Arsiv Faturalari Icin On Deger XSLT: Test Cases/Case Repository/Ayarlar/Araclar/e-Arsiv Ayarlari/e-Arsiv Faturalari Icin On Deger XSLT FAILED.
Reason:
com.kms.katalon.core.exception.StepFailedException: Keyword runFeatureFile was failed (Root cause: java.lang.NullPointerException: No format for key faıled
	at cucumber.runtime.formatter.AnsiFormats.get(AnsiFormats.java:51)
	at cucumber.runtime.Stats.printScenarios(Stats.java:170)
	at cucumber.runtime.Stats.printNonZeroResultScenarios(Stats.java:161)
	at cucumber.runtime.Stats.printStats(Stats.java:107)
	at cucumber.runtime.DefaultSummaryPrinter.printStats(DefaultSummaryPrinter.java:34)
	at cucumber.runtime.DefaultSummaryPrinter.print(DefaultSummaryPrinter.java:27)
	at cucumber.runtime.DefaultSummaryPrinter.access$000(DefaultSummaryPrinter.java:14)
	at cucumber.runtime.DefaultSummaryPrinter$1.receive(DefaultSummaryPrinter.java:63)
	at cucumber.runtime.DefaultSummaryPrinter$1.receive(DefaultSummaryPrinter.java:60)
	at cucumber.runner.EventBus.send(EventBus.java:28)
	at cucumber.runtime.Runtime.run(Runtime.java:109)
	at cucumber.api.cli.Main.run(Main.java:35)
	at cucumber.api.cli.Main$run.call(Unknown Source)
	at com.kms.katalon.core.cucumber.keyword.CucumberBuiltinKeywords$_runFeatureFile_closure1.doCall(CucumberBuiltinKeywords.groovy:76)
	at com.kms.katalon.core.cucumber.keyword.CucumberBuiltinKeywords$_runFeatureFile_closure1.doCall(CucumberBuiltinKeywords.groovy)
	at com.kms.katalon.core.keyword.internal.KeywordMain.runKeyword(KeywordMain.groovy:68)
	at com.kms.katalon.core.keyword.internal.KeywordMain$runKeyword.call(Unknown Source)
	at com.kms.katalon.core.cucumber.keyword.CucumberBuiltinKeywords.runFeatureFile(CucumberBuiltinKeywords.groovy:46)
	at com.kms.katalon.core.cucumber.keyword.CucumberBuiltinKeywords$runFeatureFile$0.callStatic(Unknown Source)
	at com.kms.katalon.core.cucumber.keyword.CucumberBuiltinKeywords.runFeatureFile(CucumberBuiltinKeywords.groovy:169)
	at com.kms.katalon.core.cucumber.keyword.CucumberBuiltinKeywords$runFeatureFile.call(Unknown Source)
	at e-Arsiv Faturalari Icin On Deger XSLT.run(e-Arsiv Faturalari Icin On Deger XSLT:19)
	at com.kms.katalon.core.main.ScriptEngine.run(ScriptEngine.java:194)
	at com.kms.katalon.core.main.ScriptEngine.runScriptAsRawText(ScriptEngine.java:119)
	at com.kms.katalon.core.main.TestCaseExecutor.runScript(TestCaseExecutor.java:339)
	at com.kms.katalon.core.main.TestCaseExecutor.doExecute(TestCaseExecutor.java:330)
	at com.kms.katalon.core.main.TestCaseExecutor.processExecutionPhase(TestCaseExecutor.java:309)
	at com.kms.katalon.core.main.TestCaseExecutor.accessMainPhase(TestCaseExecutor.java:301)
	at com.kms.katalon.core.main.TestCaseExecutor.execute(TestCaseExecutor.java:235)
	at com.kms.katalon.core.main.TestSuiteExecutor.accessTestCaseMainPhase(TestSuiteExecutor.java:191)
	at com.kms.katalon.core.main.TestSuiteExecutor.accessTestSuiteMainPhase(TestSuiteExecutor.java:141)
	at com.kms.katalon.core.main.TestSuiteExecutor.execute(TestSuiteExecutor.java:90)
	at com.kms.katalon.core.main.TestCaseMain.startTestSuite(TestCaseMain.java:157)
	at com.kms.katalon.core.main.TestCaseMain$startTestSuite$0.call(Unknown Source)
	at TempTestSuite1608235695467.run(TempTestSuite1608235695467.groovy:39)
)
	at com.kms.katalon.core.keyword.internal.KeywordMain.stepFailed(KeywordMain.groovy:50)
	at com.kms.katalon.core.keyword.internal.KeywordMain.stepFailed(KeywordMain.groovy)
	at com.kms.katalon.core.keyword.internal.KeywordMain.runKeyword(KeywordMain.groovy:70)
	at com.kms.katalon.core.keyword.internal.KeywordMain$runKeyword.call(Unknown Source)
	at com.kms.katalon.core.cucumber.keyword.CucumberBuiltinKeywords.runFeatureFile(CucumberBuiltinKeywords.groovy:46)
	at com.kms.katalon.core.cucumber.keyword.CucumberBuiltinKeywords$runFeatureFile$0.callStatic(Unknown Source)
	at com.kms.katalon.core.cucumber.keyword.CucumberBuiltinKeywords.runFeatureFile(CucumberBuiltinKeywords.groovy:169)
	at com.kms.katalon.core.cucumber.keyword.CucumberBuiltinKeywords$runFeatureFile.call(Unknown Source)
	at e-Arsiv Faturalari Icin On Deger XSLT.run(e-Arsiv Faturalari Icin On Deger XSLT:19)
	at com.kms.katalon.core.main.ScriptEngine.run(ScriptEngine.java:194)
	at com.kms.katalon.core.main.ScriptEngine.runScriptAsRawText(ScriptEngine.java:119)
	at com.kms.katalon.core.main.TestCaseExecutor.runScript(TestCaseExecutor.java:339)
	at com.kms.katalon.core.main.TestCaseExecutor.doExecute(TestCaseExecutor.java:330)
	at com.kms.katalon.core.main.TestCaseExecutor.processExecutionPhase(TestCaseExecutor.java:309)
	at com.kms.katalon.core.main.TestCaseExecutor.accessMainPhase(TestCaseExecutor.java:301)
	at com.kms.katalon.core.main.TestCaseExecutor.execute(TestCaseExecutor.java:235)
	at com.kms.katalon.core.main.TestSuiteExecutor.accessTestCaseMainPhase(TestSuiteExecutor.java:191)
	at com.kms.katalon.core.main.TestSuiteExecutor.accessTestSuiteMainPhase(TestSuiteExecutor.java:141)
	at com.kms.katalon.core.main.TestSuiteExecutor.execute(TestSuiteExecutor.java:90)
	at com.kms.katalon.core.main.TestCaseMain.startTestSuite(TestCaseMain.java:157)
	at com.kms.katalon.core.main.TestCaseMain$startTestSuite$0.call(Unknown Source)
	at TempTestSuite1608235695467.run(TempTestSuite1608235695467.groovy:39)
Caused by: java.lang.NullPointerException: No format for key faıled
	at cucumber.runtime.formatter.AnsiFormats.get(AnsiFormats.java:51)
	at cucumber.runtime.Stats.printScenarios(Stats.java:170)
	at cucumber.runtime.Stats.printNonZeroResultScenarios(Stats.java:161)
	at cucumber.runtime.Stats.printStats(Stats.java:107)
	at cucumber.runtime.DefaultSummaryPrinter.printStats(DefaultSummaryPrinter.java:34)
	at cucumber.runtime.DefaultSummaryPrinter.print(DefaultSummaryPrinter.java:27)
	at cucumber.runtime.DefaultSummaryPrinter.access$000(DefaultSummaryPrinter.java:14)
	at cucumber.runtime.DefaultSummaryPrinter$1.receive(DefaultSummaryPrinter.java:63)
	at cucumber.runtime.DefaultSummaryPrinter$1.receive(DefaultSummaryPrinter.java:60)
	at cucumber.runner.EventBus.send(EventBus.java:28)
	at cucumber.runtime.Runtime.run(Runtime.java:109)
	at cucumber.api.cli.Main.run(Main.java:35)
	at cucumber.api.cli.Main$run.call(Unknown Source)
	at com.kms.katalon.core.cucumber.keyword.CucumberBuiltinKeywords$_runFeatureFile_closure1.doCall(CucumberBuiltinKeywords.groovy:76)
	at com.kms.katalon.core.cucumber.keyword.CucumberBuiltinKeywords$_runFeatureFile_closure1.doCall(CucumberBuiltinKeywords.groovy)
	at com.kms.katalon.core.keyword.internal.KeywordMain.runKeyword(KeywordMain.groovy:68)
	... 19 more


2020-12-17 23:08:36 - [TEST_STEP][PASSED] - Start listener action : sampleBeforeTestSuite: Invoke 'com.kms.katalon.core.annotation.BeforeTestCase' method: 'Listener.sampleBeforeTestSuite(...)' completed.

2020-12-17 23:08:36 - [MESSAGE][INFO] - Starting invoke 'com.kms.katalon.core.annotation.BeforeTestCase' method: 'Listener.sampleBeforeTestSuite(...)'

2020-12-17 23:08:36 - [TEST_STEP][PASSED] - Method.dosyalariSil("C:\otomasyondownfiles"): Method.dosyalariSil is PASSED

2020-12-17 23:08:36 - [MESSAGE][PASSED] - Method.dosyalariSil is PASSED

2020-12-17 23:08:36 - [TEST_STEP][PASSED] - openBrowser(baseUrl): Browser is opened with url: 'https://efatura-stage.elogo.com.tr/'

2020-12-17 23:08:38 - [MESSAGE][INFO] - Opening browser

2020-12-17 23:08:38 - [MESSAGE][INFO] - Starting 'Chrome' driver

2020-12-17 23:08:38 - [MESSAGE][INFO] - User set preference: ['prefs', '{download.default_directory=C:\otomasyondownfiles}']

2020-12-17 23:08:38 - [MESSAGE][INFO] - Action delay is set to 0 milliseconds

2020-12-17 23:08:44 - [MESSAGE][INFO] - Navigating browser to: 'https://efatura-stage.elogo.com.tr/'

2020-12-17 23:08:48 - [MESSAGE][PASSED] - Browser is opened with url: 'https://efatura-stage.elogo.com.tr/'

2020-12-17 23:08:48 - [TEST_STEP][PASSED] - maximizeWindow(): Invoke 'com.kms.katalon.core.annotation.BeforeTestCase' method: 'Listener.sampleBeforeTestSuite(...)' completed.

2020-12-17 23:08:48 - [MESSAGE][INFO] - Maximizing current window

2020-12-17 23:08:50 - [MESSAGE][PASSED] - Current window maximized

2020-12-17 23:08:50 - [MESSAGE][INFO] - Invoke 'com.kms.katalon.core.annotation.BeforeTestCase' method: 'Listener.sampleBeforeTestSuite(...)' completed.

2020-12-17 23:08:50 - [TEST_STEP][FAILED] - runFeatureFile("Include/features/Ayarlar/Araclar/e-Arsiv Ayarlari/e-Arsiv Faturalari Icin On Deger XSLT.feature"): Keyword runFeatureFile was failed (Root cause: java.lang.NullPointerException: No format for key faıled
	at cucumber.runtime.formatter.AnsiFormats.get(AnsiFormats.java:51)
	at cucumber.runtime.Stats.printScenarios(Stats.java:170)
	at cucumber.runtime.Stats.printNonZeroResultScenarios(Stats.java:161)
	at cucumber.runtime.Stats.printStats(Stats.java:107)
	at cucumber.runtime.DefaultSummaryPrinter.printStats(DefaultSummaryPrinter.java:34)
	at cucumber.runtime.DefaultSummaryPrinter.print(DefaultSummaryPrinter.java:27)
	at cucumber.runtime.DefaultSummaryPrinter.access$000(DefaultSummaryPrinter.java:14)
	at cucumber.runtime.DefaultSummaryPrinter$1.receive(DefaultSummaryPrinter.java:63)
	at cucumber.runtime.DefaultSummaryPrinter$1.receive(DefaultSummaryPrinter.java:60)
	at cucumber.runner.EventBus.send(EventBus.java:28)
	at cucumber.runtime.Runtime.run(Runtime.java:109)
	at cucumber.api.cli.Main.run(Main.java:35)
	at cucumber.api.cli.Main$run.call(Unknown Source)
	at com.kms.katalon.core.cucumber.keyword.CucumberBuiltinKeywords$_runFeatureFile_closure1.doCall(CucumberBuiltinKeywords.groovy:76)
	at com.kms.katalon.core.cucumber.keyword.CucumberBuiltinKeywords$_runFeatureFile_closure1.doCall(CucumberBuiltinKeywords.groovy)
	at com.kms.katalon.core.keyword.internal.KeywordMain.runKeyword(KeywordMain.groovy:68)
	at com.kms.katalon.core.keyword.internal.KeywordMain$runKeyword.call(Unknown Source)
	at com.kms.katalon.core.cucumber.keyword.CucumberBuiltinKeywords.runFeatureFile(CucumberBuiltinKeywords.groovy:46)
	at com.kms.katalon.core.cucumber.keyword.CucumberBuiltinKeywords$runFeatureFile$0.callStatic(Unknown Source)
	at com.kms.katalon.core.cucumber.keyword.CucumberBuiltinKeywords.runFeatureFile(CucumberBuiltinKeywords.groovy:169)
	at com.kms.katalon.core.cucumber.keyword.CucumberBuiltinKeywords$runFeatureFile.call(Unknown Source)
	at e-Arsiv Faturalari Icin On Deger XSLT.run(e-Arsiv Faturalari Icin On Deger XSLT:19)
	at com.kms.katalon.core.main.ScriptEngine.run(ScriptEngine.java:194)
	at com.kms.katalon.core.main.ScriptEngine.runScriptAsRawText(ScriptEngine.java:119)
	at com.kms.katalon.core.main.TestCaseExecutor.runScript(TestCaseExecutor.java:339)
	at com.kms.katalon.core.main.TestCaseExecutor.doExecute(TestCaseExecutor.java:330)
	at com.kms.katalon.core.main.TestCaseExecutor.processExecutionPhase(TestCaseExecutor.java:309)
	at com.kms.katalon.core.main.TestCaseExecutor.accessMainPhase(TestCaseExecutor.java:301)
	at com.kms.katalon.core.main.TestCaseExecutor.execute(TestCaseExecutor.java:235)
	at com.kms.katalon.core.main.TestSuiteExecutor.accessTestCaseMainPhase(TestSuiteExecutor.java:191)
	at com.kms.katalon.core.main.TestSuiteExecutor.accessTestSuiteMainPhase(TestSuiteExecutor.java:141)
	at com.kms.katalon.core.main.TestSuiteExecutor.execute(TestSuiteExecutor.java:90)
	at com.kms.katalon.core.main.TestCaseMain.startTestSuite(TestCaseMain.java:157)
	at com.kms.katalon.core.main.TestCaseMain$startTestSuite$0.call(Unknown Source)
	at TempTestSuite1608235695467.run(TempTestSuite1608235695467.groovy:39)
)

2020-12-17 23:08:50 - [MESSAGE][INFO] - Starting run keyword runFeatureFile: 'Include/features/Ayarlar/Araclar/e-Arsiv Ayarlari/e-Arsiv Faturalari Icin On Deger XSLT.feature' and extract report to folder: 'C:\Users\yigit\Documents\GitHub\eesekim\Reports\20201217_230810\_Suite Repository ( Deneysel )\Ayarlar\Araclar\e-Arsiv Ayarlari\e-Arsiv Faturalari Icin On Deger XSLT\20201217_230815/cucumber_report/1608235730770'...

2020-12-17 23:08:51 - [TEST_CASE][ERROR] - Start Test Case : SCENARIO e-Arsiv Faturalari Icin On Deger XSLT: SCENARIO e-Arsiv Faturalari Icin On Deger XSLT FAILED.
Reason:
com.kms.katalon.core.exception.StepErrorException: Call Test Case 'Test Cases/Menu/BasligaGoreAltMenuSecimi' failed because of error(s)
	at com.kms.katalon.core.keyword.builtin.CallTestCaseKeyword$_callTestCase_closure1.doCall(CallTestCaseKeyword.groovy:66)
	at com.kms.katalon.core.keyword.builtin.CallTestCaseKeyword$_callTestCase_closure1.call(CallTestCaseKeyword.groovy)
	at com.kms.katalon.core.keyword.internal.KeywordMain.runKeyword(KeywordMain.groovy:68)
	at com.kms.katalon.core.keyword.builtin.CallTestCaseKeyword.callTestCase(CallTestCaseKeyword.groovy:81)
	at com.kms.katalon.core.keyword.builtin.CallTestCaseKeyword.execute(CallTestCaseKeyword.groovy:44)
	at com.kms.katalon.core.keyword.internal.KeywordExecutor.executeKeywordForPlatform(KeywordExecutor.groovy:73)
	at com.kms.katalon.core.keyword.BuiltinKeywords.callTestCase(BuiltinKeywords.groovy:334)
	at menu.menu.basligaGoreAltMenuSecimi(menu.groovy:61)
	at ✽.Alt menü Araçlar başlığı altındaki e-Arşiv Ayarları seçilir(C:/Users/yigit/Documents/GitHub/eesekim/Include/features/Ayarlar/Araclar/e-Arsiv Ayarlari/e-Arsiv Faturalari Icin On Deger XSLT.feature:6)
Caused by: org.codehaus.groovy.runtime.InvokerInvocationException: Assertion failed: 

assert a
       |
       false

	at Method.invokeMethod(Method.groovy)
	at com.kms.katalon.core.main.CustomKeywordDelegatingMetaClass.invokeStaticMethod(CustomKeywordDelegatingMetaClass.java:50)
	at BasligaGoreAltMenuSecimi.run(BasligaGoreAltMenuSecimi:20)
	at com.kms.katalon.core.main.ScriptEngine.run(ScriptEngine.java:194)
	at com.kms.katalon.core.main.ScriptEngine.runScriptAsRawText(ScriptEngine.java:119)
	at com.kms.katalon.core.main.TestCaseExecutor.runScript(TestCaseExecutor.java:339)
	at com.kms.katalon.core.main.TestCaseExecutor.doExecute(TestCaseExecutor.java:330)
	at com.kms.katalon.core.main.TestCaseExecutor.processExecutionPhase(TestCaseExecutor.java:309)
	at com.kms.katalon.core.main.TestCaseExecutor.accessMainPhase(TestCaseExecutor.java:301)
	at com.kms.katalon.core.main.TestCaseExecutor.execute(TestCaseExecutor.java:235)
	at com.kms.katalon.core.main.TestCaseMain.runTestCase(TestCaseMain.java:114)
	at com.kms.katalon.core.keyword.builtin.CallTestCaseKeyword$_callTestCase_closure1.doCall(CallTestCaseKeyword.groovy:59)
	at com.kms.katalon.core.keyword.builtin.CallTestCaseKeyword$_callTestCase_closure1.call(CallTestCaseKeyword.groovy)
	at com.kms.katalon.core.keyword.internal.KeywordMain.runKeyword(KeywordMain.groovy:68)
	at com.kms.katalon.core.keyword.builtin.CallTestCaseKeyword.callTestCase(CallTestCaseKeyword.groovy:81)
	at com.kms.katalon.core.keyword.builtin.CallTestCaseKeyword.execute(CallTestCaseKeyword.groovy:44)
	at com.kms.katalon.core.keyword.internal.KeywordExecutor.executeKeywordForPlatform(KeywordExecutor.groovy:73)
	at com.kms.katalon.core.keyword.BuiltinKeywords.callTestCase(BuiltinKeywords.groovy:334)
	at menu.menu.basligaGoreAltMenuSecimi(menu.groovy:61)
	at cucumber.runtime.Utils$1.call(Utils.java:26)
	at cucumber.runtime.Timeout.timeout(Timeout.java:16)
	at cucumber.runtime.Utils.invoke(Utils.java:20)
	at cucumber.runtime.java.JavaStepDefinition.execute(JavaStepDefinition.java:48)
	at cucumber.runtime.PickleStepDefinitionMatch.runStep(PickleStepDefinitionMatch.java:50)
	at cucumber.runner.TestStep.executeStep(TestStep.java:55)
	at cucumber.runner.TestStep.run(TestStep.java:42)
	at cucumber.runner.PickleStepTestStep.run(PickleStepTestStep.java:53)
	at cucumber.runner.TestCase.run(TestCase.java:47)
	at cucumber.runner.Runner.runPickle(Runner.java:44)
	at cucumber.runtime.Runtime.runFeature(Runtime.java:120)
	at cucumber.runtime.Runtime.run(Runtime.java:106)
	at cucumber.api.cli.Main.run(Main.java:35)
	at cucumber.api.cli.Main$run.call(Unknown Source)
	at com.kms.katalon.core.cucumber.keyword.CucumberBuiltinKeywords$_runFeatureFile_closure1.doCall(CucumberBuiltinKeywords.groovy:76)
	at com.kms.katalon.core.cucumber.keyword.CucumberBuiltinKeywords$_runFeatureFile_closure1.doCall(CucumberBuiltinKeywords.groovy)
	at com.kms.katalon.core.keyword.internal.KeywordMain.runKeyword(KeywordMain.groovy:68)
	at com.kms.katalon.core.keyword.internal.KeywordMain$runKeyword.call(Unknown Source)
	at com.kms.katalon.core.cucumber.keyword.CucumberBuiltinKeywords.runFeatureFile(CucumberBuiltinKeywords.groovy:46)
	at com.kms.katalon.core.cucumber.keyword.CucumberBuiltinKeywords$runFeatureFile$0.callStatic(Unknown Source)
	at com.kms.katalon.core.cucumber.keyword.CucumberBuiltinKeywords.runFeatureFile(CucumberBuiltinKeywords.groovy:169)
	at com.kms.katalon.core.cucumber.keyword.CucumberBuiltinKeywords$runFeatureFile.call(Unknown Source)
	at e-Arsiv Faturalari Icin On Deger XSLT.run(e-Arsiv Faturalari Icin On Deger XSLT:19)
	at com.kms.katalon.core.main.ScriptEngine.run(ScriptEngine.java:194)
	at com.kms.katalon.core.main.ScriptEngine.runScriptAsRawText(ScriptEngine.java:119)
	at com.kms.katalon.core.main.TestCaseExecutor.runScript(TestCaseExecutor.java:339)
	at com.kms.katalon.core.main.TestCaseExecutor.doExecute(TestCaseExecutor.java:330)
	at com.kms.katalon.core.main.TestCaseExecutor.processExecutionPhase(TestCaseExecutor.java:309)
	at com.kms.katalon.core.main.TestCaseExecutor.accessMainPhase(TestCaseExecutor.java:301)
	at com.kms.katalon.core.main.TestCaseExecutor.execute(TestCaseExecutor.java:235)
	at com.kms.katalon.core.main.TestSuiteExecutor.accessTestCaseMainPhase(TestSuiteExecutor.java:191)
	at com.kms.katalon.core.main.TestSuiteExecutor.accessTestSuiteMainPhase(TestSuiteExecutor.java:141)
	at com.kms.katalon.core.main.TestSuiteExecutor.execute(TestSuiteExecutor.java:90)
	at com.kms.katalon.core.main.TestCaseMain.startTestSuite(TestCaseMain.java:157)
	at com.kms.katalon.core.main.TestCaseMain$startTestSuite$0.call(Unknown Source)
	at TempTestSuite1608235695467.run(TempTestSuite1608235695467.groovy:39)
Caused by: Assertion failed: 

assert a
       |
       false

	at Method.TextDegerineEsitElementinAltindakiTextDegerineEsitOlanaTikla(Method.groovy:152)
	... 55 more


2020-12-17 23:08:51 - [TEST_STEP][PASSED] - Kullanıcı adı ELOGOGIB ve Şifre 123456 olarak giriş yapılır: Kullanıcı adı ELOGOGIB ve Şifre 123456 olarak giriş yapılır

2020-12-17 23:08:52 - [MESSAGE][INFO] - Checking called Test Case

2020-12-17 23:08:52 - [MESSAGE][INFO] - Starting to call Test Case 'Test Cases/Sayfalar/Giris_Sayfasi/Login'

2020-12-17 23:08:52 - [TEST_CASE][PASSED] - Test Cases/Sayfalar/Giris_Sayfasi/Login: Test Cases/Sayfalar/Giris_Sayfasi/Login

2020-12-17 23:08:52 - [TEST_STEP][PASSED] - Sayfa_Basligi = getWindowTitle(): Current window's title is: 'LOGO e-Fatura'

2020-12-17 23:08:52 - [MESSAGE][INFO] - Getting current window's title

2020-12-17 23:08:52 - [MESSAGE][PASSED] - Current window's title is: 'LOGO e-Fatura'

2020-12-17 23:08:52 - [TEST_STEP][PASSED] - verifyMatch(Sayfa_Basligi, "LOGO e-Fatura", false): Actual text 'LOGO e-Fatura' and expected text 'LOGO e-Fatura' are matched 

2020-12-17 23:08:52 - [MESSAGE][INFO] - Matching actual text 'LOGO e-Fatura' with expected text 'LOGO e-Fatura'

2020-12-17 23:08:52 - [MESSAGE][PASSED] - Actual text 'LOGO e-Fatura' and expected text 'LOGO e-Fatura' are matched 

2020-12-17 23:08:52 - [TEST_STEP][PASSED] - if (waitForElementPresent(findTestObject("Object Repository/Sayfalar/Giris_Sayfasi/PopupCarpiGiris"), 5, OPTIONAL)): Object 'Object Repository/Sayfalar/Giris_Sayfasi/PopupCarpiGiris' is not present after 5 second(s)

2020-12-17 23:08:52 - [MESSAGE][INFO] - Finding Test Object 'Object Repository/Sayfalar/Giris_Sayfasi/PopupCarpiGiris'

2020-12-17 23:08:53 - [MESSAGE][INFO] - Checking object

2020-12-17 23:08:53 - [MESSAGE][INFO] - Finding web element from Test Object's properties

2020-12-17 23:08:53 - [MESSAGE][INFO] - Checking timeout

2020-12-17 23:08:53 - [MESSAGE][INFO] - Finding web element with id: 'Object Repository/Sayfalar/Giris_Sayfasi/PopupCarpiGiris' located by 'By.cssSelector: .bootbox-close-button.close' in '5' second(s)

2020-12-17 23:08:53 - [MESSAGE][INFO] - Smart Wait Function is triggered

2020-12-17 23:08:54 - [MESSAGE][INFO] - Smart Wait Function is triggered

2020-12-17 23:08:56 - [MESSAGE][INFO] - Smart Wait Function is triggered

2020-12-17 23:08:58 - [MESSAGE][INFO] - Smart Wait Function is triggered

2020-12-17 23:09:00 - [MESSAGE][INFO] - Unable to find the element located by 'By.cssSelector: .bootbox-close-button.close'. Please recheck the objects properties to make sure the desired element is located. 

2020-12-17 23:09:00 - [MESSAGE][WARNING] - [SELF-HEALING] Failed to find element with id 'Object Repository/Sayfalar/Giris_Sayfasi/PopupCarpiGiris'. Try using Self-healing.

2020-12-17 23:09:00 - [MESSAGE][WARNING] - [SELF-HEALING] Cannot find elements when the XPath is null.

2020-12-17 23:09:00 - [MESSAGE][WARNING] - [SELF-HEALING] Cannot find elements when the selector is null

2020-12-17 23:09:00 - [MESSAGE][WARNING] - Object 'Object Repository/Sayfalar/Giris_Sayfasi/PopupCarpiGiris' is not present after 5 second(s)

2020-12-17 23:09:00 - [TEST_STEP][PASSED] - sendKeys(findTestObject("Sayfalar/Giris_Sayfasi/Firma_Kodu"), KullaniciAdi): Keys 'ELOGOGIB' sent to object: 'Object Repository/Sayfalar/Giris_Sayfasi/Firma_Kodu'

2020-12-17 23:09:00 - [MESSAGE][INFO] - Finding Test Object 'Object Repository/Sayfalar/Giris_Sayfasi/Firma_Kodu'

2020-12-17 23:09:00 - [MESSAGE][INFO] - Sending keys 'ELOGOGIB' to object: 'Object Repository/Sayfalar/Giris_Sayfasi/Firma_Kodu'

2020-12-17 23:09:00 - [MESSAGE][INFO] - Finding web element from Test Object's properties

2020-12-17 23:09:00 - [MESSAGE][INFO] - Checking timeout

2020-12-17 23:09:00 - [MESSAGE][INFO] - Finding web element with id: 'Object Repository/Sayfalar/Giris_Sayfasi/Firma_Kodu' located by 'By.xpath: //*[@id = 'AccountName']' in '30' second(s)

2020-12-17 23:09:00 - [MESSAGE][INFO] - Smart Wait Function is triggered

2020-12-17 23:09:02 - [MESSAGE][INFO] - Found 1 web elements with id: 'Object Repository/Sayfalar/Giris_Sayfasi/Firma_Kodu' located by 'By.xpath: //*[@id = 'AccountName']' in '30' second(s)

2020-12-17 23:09:02 - [MESSAGE][PASSED] - Keys 'ELOGOGIB' sent to object: 'Object Repository/Sayfalar/Giris_Sayfasi/Firma_Kodu'

2020-12-17 23:09:02 - [TEST_STEP][PASSED] - sendKeys(findTestObject("Sayfalar/Giris_Sayfasi/Sifre"), Sifre): Keys '123456' sent to object: 'Object Repository/Sayfalar/Giris_Sayfasi/Sifre'

2020-12-17 23:09:02 - [MESSAGE][INFO] - Finding Test Object 'Object Repository/Sayfalar/Giris_Sayfasi/Sifre'

2020-12-17 23:09:02 - [MESSAGE][INFO] - Sending keys '123456' to object: 'Object Repository/Sayfalar/Giris_Sayfasi/Sifre'

2020-12-17 23:09:02 - [MESSAGE][INFO] - Finding web element from Test Object's properties

2020-12-17 23:09:02 - [MESSAGE][INFO] - Checking timeout

2020-12-17 23:09:02 - [MESSAGE][INFO] - Finding web element with id: 'Object Repository/Sayfalar/Giris_Sayfasi/Sifre' located by 'By.xpath: //*[@id = 'Password']' in '30' second(s)

2020-12-17 23:09:02 - [MESSAGE][INFO] - Smart Wait Function is triggered

2020-12-17 23:09:04 - [MESSAGE][INFO] - Found 2 web elements with id: 'Object Repository/Sayfalar/Giris_Sayfasi/Sifre' located by 'By.xpath: //*[@id = 'Password']' in '30' second(s)

2020-12-17 23:09:04 - [MESSAGE][PASSED] - Keys '123456' sent to object: 'Object Repository/Sayfalar/Giris_Sayfasi/Sifre'

2020-12-17 23:09:04 - [TEST_STEP][PASSED] - waitForElementClickable(findTestObject("Sayfalar/Giris_Sayfasi/Giris_Butonu"), Waits): Object 'Object Repository/Sayfalar/Giris_Sayfasi/Giris_Butonu' is clickable

2020-12-17 23:09:04 - [MESSAGE][INFO] - Finding Test Object 'Object Repository/Sayfalar/Giris_Sayfasi/Giris_Butonu'

2020-12-17 23:09:04 - [MESSAGE][INFO] - Checking object

2020-12-17 23:09:04 - [MESSAGE][INFO] - Checking timeout

2020-12-17 23:09:04 - [MESSAGE][INFO] - Finding web element from Test Object's properties

2020-12-17 23:09:04 - [MESSAGE][INFO] - Checking timeout

2020-12-17 23:09:04 - [MESSAGE][INFO] - Finding web element with id: 'Object Repository/Sayfalar/Giris_Sayfasi/Giris_Butonu' located by 'By.xpath: //*[@id = 'btnLogin']' in '10' second(s)

2020-12-17 23:09:04 - [MESSAGE][INFO] - Smart Wait Function is triggered

2020-12-17 23:09:06 - [MESSAGE][INFO] - Found 1 web elements with id: 'Object Repository/Sayfalar/Giris_Sayfasi/Giris_Butonu' located by 'By.xpath: //*[@id = 'btnLogin']' in '10' second(s)

2020-12-17 23:09:06 - [MESSAGE][PASSED] - Object 'Object Repository/Sayfalar/Giris_Sayfasi/Giris_Butonu' is clickable

2020-12-17 23:09:06 - [TEST_STEP][PASSED] - click(findTestObject("Sayfalar/Giris_Sayfasi/Giris_Butonu")): Object: 'Object Repository/Sayfalar/Giris_Sayfasi/Giris_Butonu' is clicked on

2020-12-17 23:09:06 - [MESSAGE][INFO] - Finding Test Object 'Object Repository/Sayfalar/Giris_Sayfasi/Giris_Butonu'

2020-12-17 23:09:06 - [MESSAGE][INFO] - Checking object

2020-12-17 23:09:06 - [MESSAGE][INFO] - Finding web element from Test Object's properties

2020-12-17 23:09:06 - [MESSAGE][INFO] - Checking timeout

2020-12-17 23:09:06 - [MESSAGE][INFO] - Finding web element with id: 'Object Repository/Sayfalar/Giris_Sayfasi/Giris_Butonu' located by 'By.xpath: //*[@id = 'btnLogin']' in '30' second(s)

2020-12-17 23:09:06 - [MESSAGE][INFO] - Smart Wait Function is triggered

2020-12-17 23:09:08 - [MESSAGE][INFO] - Found 1 web elements with id: 'Object Repository/Sayfalar/Giris_Sayfasi/Giris_Butonu' located by 'By.xpath: //*[@id = 'btnLogin']' in '30' second(s)

2020-12-17 23:09:08 - [MESSAGE][INFO] - Clicking on object: 'Object Repository/Sayfalar/Giris_Sayfasi/Giris_Butonu'

2020-12-17 23:09:10 - [MESSAGE][PASSED] - Object: 'Object Repository/Sayfalar/Giris_Sayfasi/Giris_Butonu' is clicked on

2020-12-17 23:09:10 - [TEST_STEP][PASSED] - if (verifyElementPresent(findTestObject("Sayfalar/Giris_Sayfasi/PopupOK"), 5, OPTIONAL)): Object: 'Object Repository/Sayfalar/Giris_Sayfasi/PopupOK' is clicked on

2020-12-17 23:09:10 - [MESSAGE][INFO] - Finding Test Object 'Object Repository/Sayfalar/Giris_Sayfasi/PopupOK'

2020-12-17 23:09:10 - [MESSAGE][INFO] - Checking object

2020-12-17 23:09:10 - [MESSAGE][INFO] - Finding web element from Test Object's properties

2020-12-17 23:09:10 - [MESSAGE][INFO] - Checking timeout

2020-12-17 23:09:10 - [MESSAGE][INFO] - Finding web element with id: 'Object Repository/Sayfalar/Giris_Sayfasi/PopupOK' located by 'By.cssSelector: .btn.btn-success' in '5' second(s)

2020-12-17 23:09:10 - [MESSAGE][INFO] - Smart Wait Function is triggered

2020-12-17 23:09:12 - [MESSAGE][INFO] - Found 1 web elements with id: 'Object Repository/Sayfalar/Giris_Sayfasi/PopupOK' located by 'By.cssSelector: .btn.btn-success' in '5' second(s)

2020-12-17 23:09:12 - [MESSAGE][PASSED] - Object 'Object Repository/Sayfalar/Giris_Sayfasi/PopupOK' is present

2020-12-17 23:09:12 - [TEST_STEP][PASSED] - click(findTestObject("Sayfalar/Giris_Sayfasi/PopupOK")): Object: 'Object Repository/Sayfalar/Giris_Sayfasi/PopupOK' is clicked on

2020-12-17 23:09:12 - [MESSAGE][INFO] - Finding Test Object 'Object Repository/Sayfalar/Giris_Sayfasi/PopupOK'

2020-12-17 23:09:12 - [MESSAGE][INFO] - Checking object

2020-12-17 23:09:12 - [MESSAGE][INFO] - Finding web element from Test Object's properties

2020-12-17 23:09:12 - [MESSAGE][INFO] - Checking timeout

2020-12-17 23:09:12 - [MESSAGE][INFO] - Finding web element with id: 'Object Repository/Sayfalar/Giris_Sayfasi/PopupOK' located by 'By.cssSelector: .btn.btn-success' in '30' second(s)

2020-12-17 23:09:12 - [MESSAGE][INFO] - Smart Wait Function is triggered

2020-12-17 23:09:14 - [MESSAGE][INFO] - Found 1 web elements with id: 'Object Repository/Sayfalar/Giris_Sayfasi/PopupOK' located by 'By.cssSelector: .btn.btn-success' in '30' second(s)

2020-12-17 23:09:14 - [MESSAGE][INFO] - Clicking on object: 'Object Repository/Sayfalar/Giris_Sayfasi/PopupOK'

2020-12-17 23:09:14 - [MESSAGE][PASSED] - Object: 'Object Repository/Sayfalar/Giris_Sayfasi/PopupOK' is clicked on

2020-12-17 23:09:14 - [TEST_STEP][PASSED] - verifyElementVisible(findTestObject("Object Repository/Kullanici_Islemleri/KullaniciIslemleri")): Object 'Object Repository/Kullanici_Islemleri/KullaniciIslemleri' is visible

2020-12-17 23:09:14 - [MESSAGE][INFO] - Finding Test Object 'Object Repository/Kullanici_Islemleri/KullaniciIslemleri'

2020-12-17 23:09:14 - [MESSAGE][INFO] - Checking object

2020-12-17 23:09:14 - [MESSAGE][INFO] - Finding web element from Test Object's properties

2020-12-17 23:09:14 - [MESSAGE][INFO] - Checking timeout

2020-12-17 23:09:14 - [MESSAGE][INFO] - Finding web element with id: 'Object Repository/Kullanici_Islemleri/KullaniciIslemleri' located by 'By.cssSelector: .dropdown>a>img' in '30' second(s)

2020-12-17 23:09:14 - [MESSAGE][INFO] - Smart Wait Function is triggered

2020-12-17 23:09:17 - [MESSAGE][INFO] - Found 1 web elements with id: 'Object Repository/Kullanici_Islemleri/KullaniciIslemleri' located by 'By.cssSelector: .dropdown>a>img' in '30' second(s)

2020-12-17 23:09:17 - [MESSAGE][PASSED] - Object 'Object Repository/Kullanici_Islemleri/KullaniciIslemleri' is visible

2020-12-17 23:09:17 - [MESSAGE][PASSED] - Call Test Case 'Test Cases/Sayfalar/Giris_Sayfasi/Login' successfully

2020-12-17 23:09:17 - [MESSAGE][PASSED] - Kullanıcı adı ELOGOGIB ve Şifre 123456 olarak giriş yapılır

2020-12-17 23:09:17 - [TEST_STEP][PASSED] - Ana menüden Ayarlar seçilir: Ana menüden Ayarlar seçilir

2020-12-17 23:09:17 - [MESSAGE][INFO] - Checking called Test Case

2020-12-17 23:09:17 - [MESSAGE][INFO] - Starting to call Test Case 'Test Cases/Menu/AnaMenuSecimi'

2020-12-17 23:09:17 - [TEST_CASE][PASSED] - Test Cases/Menu/AnaMenuSecimi: Test Cases/Menu/AnaMenuSecimi

2020-12-17 23:09:17 - [TEST_STEP][PASSED] - Method.TextDegerineEsitElementeTikla(findTestObject("Menu/Ana_Menu"), Ana_Menu): Method.TextDegerineEsitElementeTikla is PASSED

2020-12-17 23:09:17 - [MESSAGE][INFO] - Finding Test Object 'Object Repository/Menu/Ana_Menu'

2020-12-17 23:09:17 - [MESSAGE][INFO] - Checking timeout

2020-12-17 23:09:17 - [MESSAGE][INFO] - Finding web element with id: 'Object Repository/Menu/Ana_Menu' located by 'By.xpath: //*[@class = 'dropdown-toggle']' in '10' second(s)

2020-12-17 23:09:17 - [MESSAGE][INFO] - Smart Wait Function is triggered

2020-12-17 23:09:19 - [MESSAGE][INFO] - Found 14 web elements with id: 'Object Repository/Menu/Ana_Menu' located by 'By.xpath: //*[@class = 'dropdown-toggle']' in '10' second(s)

2020-12-17 23:09:20 - [MESSAGE][PASSED] - Method.TextDegerineEsitElementeTikla is PASSED

2020-12-17 23:09:20 - [MESSAGE][PASSED] - Call Test Case 'Test Cases/Menu/AnaMenuSecimi' successfully

2020-12-17 23:09:20 - [MESSAGE][PASSED] - Ana menüden Ayarlar seçilir

2020-12-17 23:09:20 - [TEST_STEP][ERROR] - Alt menü Araçlar başlığı altındaki e-Arşiv Ayarları seçilir: Alt menü Araçlar başlığı altındaki e-Arşiv Ayarları seçilir FAILED.
Reason:
com.kms.katalon.core.exception.StepErrorException: Call Test Case 'Test Cases/Menu/BasligaGoreAltMenuSecimi' failed because of error(s)
	at com.kms.katalon.core.keyword.builtin.CallTestCaseKeyword$_callTestCase_closure1.doCall(CallTestCaseKeyword.groovy:66)
	at com.kms.katalon.core.keyword.builtin.CallTestCaseKeyword$_callTestCase_closure1.call(CallTestCaseKeyword.groovy)
	at com.kms.katalon.core.keyword.internal.KeywordMain.runKeyword(KeywordMain.groovy:68)
	at com.kms.katalon.core.keyword.builtin.CallTestCaseKeyword.callTestCase(CallTestCaseKeyword.groovy:81)
	at com.kms.katalon.core.keyword.builtin.CallTestCaseKeyword.execute(CallTestCaseKeyword.groovy:44)
	at com.kms.katalon.core.keyword.internal.KeywordExecutor.executeKeywordForPlatform(KeywordExecutor.groovy:73)
	at com.kms.katalon.core.keyword.BuiltinKeywords.callTestCase(BuiltinKeywords.groovy:334)
	at menu.menu.basligaGoreAltMenuSecimi(menu.groovy:61)
	at ✽.Alt menü Araçlar başlığı altındaki e-Arşiv Ayarları seçilir(C:/Users/yigit/Documents/GitHub/eesekim/Include/features/Ayarlar/Araclar/e-Arsiv Ayarlari/e-Arsiv Faturalari Icin On Deger XSLT.feature:6)
Caused by: org.codehaus.groovy.runtime.InvokerInvocationException: Assertion failed: 

assert a
       |
       false

	at Method.invokeMethod(Method.groovy)
	at com.kms.katalon.core.main.CustomKeywordDelegatingMetaClass.invokeStaticMethod(CustomKeywordDelegatingMetaClass.java:50)
	at BasligaGoreAltMenuSecimi.run(BasligaGoreAltMenuSecimi:20)
	at com.kms.katalon.core.main.ScriptEngine.run(ScriptEngine.java:194)
	at com.kms.katalon.core.main.ScriptEngine.runScriptAsRawText(ScriptEngine.java:119)
	at com.kms.katalon.core.main.TestCaseExecutor.runScript(TestCaseExecutor.java:339)
	at com.kms.katalon.core.main.TestCaseExecutor.doExecute(TestCaseExecutor.java:330)
	at com.kms.katalon.core.main.TestCaseExecutor.processExecutionPhase(TestCaseExecutor.java:309)
	at com.kms.katalon.core.main.TestCaseExecutor.accessMainPhase(TestCaseExecutor.java:301)
	at com.kms.katalon.core.main.TestCaseExecutor.execute(TestCaseExecutor.java:235)
	at com.kms.katalon.core.main.TestCaseMain.runTestCase(TestCaseMain.java:114)
	at com.kms.katalon.core.keyword.builtin.CallTestCaseKeyword$_callTestCase_closure1.doCall(CallTestCaseKeyword.groovy:59)
	at com.kms.katalon.core.keyword.builtin.CallTestCaseKeyword$_callTestCase_closure1.call(CallTestCaseKeyword.groovy)
	at com.kms.katalon.core.keyword.internal.KeywordMain.runKeyword(KeywordMain.groovy:68)
	at com.kms.katalon.core.keyword.builtin.CallTestCaseKeyword.callTestCase(CallTestCaseKeyword.groovy:81)
	at com.kms.katalon.core.keyword.builtin.CallTestCaseKeyword.execute(CallTestCaseKeyword.groovy:44)
	at com.kms.katalon.core.keyword.internal.KeywordExecutor.executeKeywordForPlatform(KeywordExecutor.groovy:73)
	at com.kms.katalon.core.keyword.BuiltinKeywords.callTestCase(BuiltinKeywords.groovy:334)
	at menu.menu.basligaGoreAltMenuSecimi(menu.groovy:61)
	at cucumber.runtime.Utils$1.call(Utils.java:26)
	at cucumber.runtime.Timeout.timeout(Timeout.java:16)
	at cucumber.runtime.Utils.invoke(Utils.java:20)
	at cucumber.runtime.java.JavaStepDefinition.execute(JavaStepDefinition.java:48)
	at cucumber.runtime.PickleStepDefinitionMatch.runStep(PickleStepDefinitionMatch.java:50)
	at cucumber.runner.TestStep.executeStep(TestStep.java:55)
	at cucumber.runner.TestStep.run(TestStep.java:42)
	at cucumber.runner.PickleStepTestStep.run(PickleStepTestStep.java:53)
	at cucumber.runner.TestCase.run(TestCase.java:47)
	at cucumber.runner.Runner.runPickle(Runner.java:44)
	at cucumber.runtime.Runtime.runFeature(Runtime.java:120)
	at cucumber.runtime.Runtime.run(Runtime.java:106)
	at cucumber.api.cli.Main.run(Main.java:35)
	at cucumber.api.cli.Main$run.call(Unknown Source)
	at com.kms.katalon.core.cucumber.keyword.CucumberBuiltinKeywords$_runFeatureFile_closure1.doCall(CucumberBuiltinKeywords.groovy:76)
	at com.kms.katalon.core.cucumber.keyword.CucumberBuiltinKeywords$_runFeatureFile_closure1.doCall(CucumberBuiltinKeywords.groovy)
	at com.kms.katalon.core.keyword.internal.KeywordMain.runKeyword(KeywordMain.groovy:68)
	at com.kms.katalon.core.keyword.internal.KeywordMain$runKeyword.call(Unknown Source)
	at com.kms.katalon.core.cucumber.keyword.CucumberBuiltinKeywords.runFeatureFile(CucumberBuiltinKeywords.groovy:46)
	at com.kms.katalon.core.cucumber.keyword.CucumberBuiltinKeywords$runFeatureFile$0.callStatic(Unknown Source)
	at com.kms.katalon.core.cucumber.keyword.CucumberBuiltinKeywords.runFeatureFile(CucumberBuiltinKeywords.groovy:169)
	at com.kms.katalon.core.cucumber.keyword.CucumberBuiltinKeywords$runFeatureFile.call(Unknown Source)
	at e-Arsiv Faturalari Icin On Deger XSLT.run(e-Arsiv Faturalari Icin On Deger XSLT:19)
	at com.kms.katalon.core.main.ScriptEngine.run(ScriptEngine.java:194)
	at com.kms.katalon.core.main.ScriptEngine.runScriptAsRawText(ScriptEngine.java:119)
	at com.kms.katalon.core.main.TestCaseExecutor.runScript(TestCaseExecutor.java:339)
	at com.kms.katalon.core.main.TestCaseExecutor.doExecute(TestCaseExecutor.java:330)
	at com.kms.katalon.core.main.TestCaseExecutor.processExecutionPhase(TestCaseExecutor.java:309)
	at com.kms.katalon.core.main.TestCaseExecutor.accessMainPhase(TestCaseExecutor.java:301)
	at com.kms.katalon.core.main.TestCaseExecutor.execute(TestCaseExecutor.java:235)
	at com.kms.katalon.core.main.TestSuiteExecutor.accessTestCaseMainPhase(TestSuiteExecutor.java:191)
	at com.kms.katalon.core.main.TestSuiteExecutor.accessTestSuiteMainPhase(TestSuiteExecutor.java:141)
	at com.kms.katalon.core.main.TestSuiteExecutor.execute(TestSuiteExecutor.java:90)
	at com.kms.katalon.core.main.TestCaseMain.startTestSuite(TestCaseMain.java:157)
	at com.kms.katalon.core.main.TestCaseMain$startTestSuite$0.call(Unknown Source)
	at TempTestSuite1608235695467.run(TempTestSuite1608235695467.groovy:39)
Caused by: Assertion failed: 

assert a
       |
       false

	at Method.TextDegerineEsitElementinAltindakiTextDegerineEsitOlanaTikla(Method.groovy:152)
	... 55 more


2020-12-17 23:09:20 - [MESSAGE][INFO] - Checking called Test Case

2020-12-17 23:09:20 - [MESSAGE][INFO] - Starting to call Test Case 'Test Cases/Menu/BasligaGoreAltMenuSecimi'

2020-12-17 23:09:20 - [TEST_CASE][ERROR] - Test Cases/Menu/BasligaGoreAltMenuSecimi: Test Cases/Menu/BasligaGoreAltMenuSecimi FAILED.
Reason:
org.codehaus.groovy.runtime.InvokerInvocationException: Assertion failed: 

assert a
       |
       false

	at Method.invokeMethod(Method.groovy)
	at com.kms.katalon.core.main.CustomKeywordDelegatingMetaClass.invokeStaticMethod(CustomKeywordDelegatingMetaClass.java:50)
	at BasligaGoreAltMenuSecimi.run(BasligaGoreAltMenuSecimi:20)
	at com.kms.katalon.core.main.ScriptEngine.run(ScriptEngine.java:194)
	at com.kms.katalon.core.main.ScriptEngine.runScriptAsRawText(ScriptEngine.java:119)
	at com.kms.katalon.core.main.TestCaseExecutor.runScript(TestCaseExecutor.java:339)
	at com.kms.katalon.core.main.TestCaseExecutor.doExecute(TestCaseExecutor.java:330)
	at com.kms.katalon.core.main.TestCaseExecutor.processExecutionPhase(TestCaseExecutor.java:309)
	at com.kms.katalon.core.main.TestCaseExecutor.accessMainPhase(TestCaseExecutor.java:301)
	at com.kms.katalon.core.main.TestCaseExecutor.execute(TestCaseExecutor.java:235)
	at com.kms.katalon.core.main.TestCaseMain.runTestCase(TestCaseMain.java:114)
	at com.kms.katalon.core.keyword.builtin.CallTestCaseKeyword$_callTestCase_closure1.doCall(CallTestCaseKeyword.groovy:59)
	at com.kms.katalon.core.keyword.builtin.CallTestCaseKeyword$_callTestCase_closure1.call(CallTestCaseKeyword.groovy)
	at com.kms.katalon.core.keyword.internal.KeywordMain.runKeyword(KeywordMain.groovy:68)
	at com.kms.katalon.core.keyword.builtin.CallTestCaseKeyword.callTestCase(CallTestCaseKeyword.groovy:81)
	at com.kms.katalon.core.keyword.builtin.CallTestCaseKeyword.execute(CallTestCaseKeyword.groovy:44)
	at com.kms.katalon.core.keyword.internal.KeywordExecutor.executeKeywordForPlatform(KeywordExecutor.groovy:73)
	at com.kms.katalon.core.keyword.BuiltinKeywords.callTestCase(BuiltinKeywords.groovy:334)
	at menu.menu.basligaGoreAltMenuSecimi(menu.groovy:61)
	at cucumber.runtime.Utils$1.call(Utils.java:26)
	at cucumber.runtime.Timeout.timeout(Timeout.java:16)
	at cucumber.runtime.Utils.invoke(Utils.java:20)
	at cucumber.runtime.java.JavaStepDefinition.execute(JavaStepDefinition.java:48)
	at cucumber.runtime.PickleStepDefinitionMatch.runStep(PickleStepDefinitionMatch.java:50)
	at cucumber.runner.TestStep.executeStep(TestStep.java:55)
	at cucumber.runner.TestStep.run(TestStep.java:42)
	at cucumber.runner.PickleStepTestStep.run(PickleStepTestStep.java:53)
	at cucumber.runner.TestCase.run(TestCase.java:47)
	at cucumber.runner.Runner.runPickle(Runner.java:44)
	at cucumber.runtime.Runtime.runFeature(Runtime.java:120)
	at cucumber.runtime.Runtime.run(Runtime.java:106)
	at cucumber.api.cli.Main.run(Main.java:35)
	at cucumber.api.cli.Main$run.call(Unknown Source)
	at com.kms.katalon.core.cucumber.keyword.CucumberBuiltinKeywords$_runFeatureFile_closure1.doCall(CucumberBuiltinKeywords.groovy:76)
	at com.kms.katalon.core.cucumber.keyword.CucumberBuiltinKeywords$_runFeatureFile_closure1.doCall(CucumberBuiltinKeywords.groovy)
	at com.kms.katalon.core.keyword.internal.KeywordMain.runKeyword(KeywordMain.groovy:68)
	at com.kms.katalon.core.keyword.internal.KeywordMain$runKeyword.call(Unknown Source)
	at com.kms.katalon.core.cucumber.keyword.CucumberBuiltinKeywords.runFeatureFile(CucumberBuiltinKeywords.groovy:46)
	at com.kms.katalon.core.cucumber.keyword.CucumberBuiltinKeywords$runFeatureFile$0.callStatic(Unknown Source)
	at com.kms.katalon.core.cucumber.keyword.CucumberBuiltinKeywords.runFeatureFile(CucumberBuiltinKeywords.groovy:169)
	at com.kms.katalon.core.cucumber.keyword.CucumberBuiltinKeywords$runFeatureFile.call(Unknown Source)
	at e-Arsiv Faturalari Icin On Deger XSLT.run(e-Arsiv Faturalari Icin On Deger XSLT:19)
	at com.kms.katalon.core.main.ScriptEngine.run(ScriptEngine.java:194)
	at com.kms.katalon.core.main.ScriptEngine.runScriptAsRawText(ScriptEngine.java:119)
	at com.kms.katalon.core.main.TestCaseExecutor.runScript(TestCaseExecutor.java:339)
	at com.kms.katalon.core.main.TestCaseExecutor.doExecute(TestCaseExecutor.java:330)
	at com.kms.katalon.core.main.TestCaseExecutor.processExecutionPhase(TestCaseExecutor.java:309)
	at com.kms.katalon.core.main.TestCaseExecutor.accessMainPhase(TestCaseExecutor.java:301)
	at com.kms.katalon.core.main.TestCaseExecutor.execute(TestCaseExecutor.java:235)
	at com.kms.katalon.core.main.TestSuiteExecutor.accessTestCaseMainPhase(TestSuiteExecutor.java:191)
	at com.kms.katalon.core.main.TestSuiteExecutor.accessTestSuiteMainPhase(TestSuiteExecutor.java:141)
	at com.kms.katalon.core.main.TestSuiteExecutor.execute(TestSuiteExecutor.java:90)
	at com.kms.katalon.core.main.TestCaseMain.startTestSuite(TestCaseMain.java:157)
	at com.kms.katalon.core.main.TestCaseMain$startTestSuite$0.call(Unknown Source)
	at TempTestSuite1608235695467.run(TempTestSuite1608235695467.groovy:39)
Caused by: Assertion failed: 

assert a
       |
       false

	at Method.TextDegerineEsitElementinAltindakiTextDegerineEsitOlanaTikla(Method.groovy:152)
	... 55 more


2020-12-17 23:09:20 - [TEST_STEP][FAILED] - Method.TextDegerineEsitElementinAltindakiTextDegerineEsitOlanaTikla(findTestObject("Menu/Menu_Basligi"), findTestObject("Menu/Basliga_Gore_Alt_Menu"), Baslik, Alt_Menu): Assertion failed: 

assert a
       |
       false


2020-12-17 23:09:20 - [MESSAGE][INFO] - Finding Test Object 'Object Repository/Menu/Menu_Basligi'

2020-12-17 23:09:20 - [MESSAGE][INFO] - Finding Test Object 'Object Repository/Menu/Basliga_Gore_Alt_Menu'

2020-12-17 23:09:20 - [MESSAGE][INFO] - Checking timeout

2020-12-17 23:09:20 - [MESSAGE][INFO] - Finding web element with id: 'Object Repository/Menu/Menu_Basligi' located by 'By.xpath: //li[@class='dropdown dropdown-large open']//li[@class='dropdown-header']' in '10' second(s)

2020-12-17 23:09:20 - [MESSAGE][INFO] - Smart Wait Function is triggered

2020-12-17 23:09:22 - [MESSAGE][INFO] - Found 2 web elements with id: 'Object Repository/Menu/Menu_Basligi' located by 'By.xpath: //li[@class='dropdown dropdown-large open']//li[@class='dropdown-header']' in '10' second(s)

2020-12-17 23:09:22 - [MESSAGE][INFO] - Smart Wait Function is triggered

2020-12-17 23:09:24 - [MESSAGE][FAILED] - Assertion failed: 

assert a
       |
       false


2020-12-17 23:09:24 - [MESSAGE][FAILED] - Unable to call Test Case 'Test Cases/Menu/BasligaGoreAltMenuSecimi' (Root cause: com.kms.katalon.core.exception.StepErrorException: Call Test Case 'Test Cases/Menu/BasligaGoreAltMenuSecimi' failed because of error(s)
	at com.kms.katalon.core.keyword.builtin.CallTestCaseKeyword$_callTestCase_closure1.doCall(CallTestCaseKeyword.groovy:66)
	at com.kms.katalon.core.keyword.builtin.CallTestCaseKeyword$_callTestCase_closure1.call(CallTestCaseKeyword.groovy)
	at com.kms.katalon.core.keyword.internal.KeywordMain.runKeyword(KeywordMain.groovy:68)
	at com.kms.katalon.core.keyword.builtin.CallTestCaseKeyword.callTestCase(CallTestCaseKeyword.groovy:81)
	at com.kms.katalon.core.keyword.builtin.CallTestCaseKeyword.execute(CallTestCaseKeyword.groovy:44)
	at com.kms.katalon.core.keyword.internal.KeywordExecutor.executeKeywordForPlatform(KeywordExecutor.groovy:73)
	at com.kms.katalon.core.keyword.BuiltinKeywords.callTestCase(BuiltinKeywords.groovy:334)
	at menu.menu.basligaGoreAltMenuSecimi(menu.groovy:61)
	at cucumber.runtime.Utils$1.call(Utils.java:26)
	at cucumber.runtime.Timeout.timeout(Timeout.java:16)
	at cucumber.runtime.Utils.invoke(Utils.java:20)
	at cucumber.runtime.java.JavaStepDefinition.execute(JavaStepDefinition.java:48)
	at cucumber.runtime.PickleStepDefinitionMatch.runStep(PickleStepDefinitionMatch.java:50)
	at cucumber.runner.TestStep.executeStep(TestStep.java:55)
	at cucumber.runner.TestStep.run(TestStep.java:42)
	at cucumber.runner.PickleStepTestStep.run(PickleStepTestStep.java:53)
	at cucumber.runner.TestCase.run(TestCase.java:47)
	at cucumber.runner.Runner.runPickle(Runner.java:44)
	at cucumber.runtime.Runtime.runFeature(Runtime.java:120)
	at cucumber.runtime.Runtime.run(Runtime.java:106)
	at cucumber.api.cli.Main.run(Main.java:35)
	at cucumber.api.cli.Main$run.call(Unknown Source)
	at com.kms.katalon.core.cucumber.keyword.CucumberBuiltinKeywords$_runFeatureFile_closure1.doCall(CucumberBuiltinKeywords.groovy:76)
	at com.kms.katalon.core.cucumber.keyword.CucumberBuiltinKeywords$_runFeatureFile_closure1.doCall(CucumberBuiltinKeywords.groovy)
	at com.kms.katalon.core.keyword.internal.KeywordMain.runKeyword(KeywordMain.groovy:68)
	at com.kms.katalon.core.keyword.internal.KeywordMain$runKeyword.call(Unknown Source)
	at com.kms.katalon.core.cucumber.keyword.CucumberBuiltinKeywords.runFeatureFile(CucumberBuiltinKeywords.groovy:46)
	at com.kms.katalon.core.cucumber.keyword.CucumberBuiltinKeywords$runFeatureFile$0.callStatic(Unknown Source)
	at com.kms.katalon.core.cucumber.keyword.CucumberBuiltinKeywords.runFeatureFile(CucumberBuiltinKeywords.groovy:169)
	at com.kms.katalon.core.cucumber.keyword.CucumberBuiltinKeywords$runFeatureFile.call(Unknown Source)
	at e-Arsiv Faturalari Icin On Deger XSLT.run(e-Arsiv Faturalari Icin On Deger XSLT:19)
	at com.kms.katalon.core.main.ScriptEngine.run(ScriptEngine.java:194)
	at com.kms.katalon.core.main.ScriptEngine.runScriptAsRawText(ScriptEngine.java:119)
	at com.kms.katalon.core.main.TestCaseExecutor.runScript(TestCaseExecutor.java:339)
	at com.kms.katalon.core.main.TestCaseExecutor.doExecute(TestCaseExecutor.java:330)
	at com.kms.katalon.core.main.TestCaseExecutor.processExecutionPhase(TestCaseExecutor.java:309)
	at com.kms.katalon.core.main.TestCaseExecutor.accessMainPhase(TestCaseExecutor.java:301)
	at com.kms.katalon.core.main.TestCaseExecutor.execute(TestCaseExecutor.java:235)
	at com.kms.katalon.core.main.TestSuiteExecutor.accessTestCaseMainPhase(TestSuiteExecutor.java:191)
	at com.kms.katalon.core.main.TestSuiteExecutor.accessTestSuiteMainPhase(TestSuiteExecutor.java:141)
	at com.kms.katalon.core.main.TestSuiteExecutor.execute(TestSuiteExecutor.java:90)
	at com.kms.katalon.core.main.TestCaseMain.startTestSuite(TestCaseMain.java:157)
	at com.kms.katalon.core.main.TestCaseMain$startTestSuite$0.call(Unknown Source)
	at TempTestSuite1608235695467.run(TempTestSuite1608235695467.groovy:39)
Caused by: org.codehaus.groovy.runtime.InvokerInvocationException: Assertion failed: 

assert a
       |
       false

	at Method.invokeMethod(Method.groovy)
	at com.kms.katalon.core.main.CustomKeywordDelegatingMetaClass.invokeStaticMethod(CustomKeywordDelegatingMetaClass.java:50)
	at BasligaGoreAltMenuSecimi.run(BasligaGoreAltMenuSecimi:20)
	at com.kms.katalon.core.main.ScriptEngine.run(ScriptEngine.java:194)
	at com.kms.katalon.core.main.ScriptEngine.runScriptAsRawText(ScriptEngine.java:119)
	at com.kms.katalon.core.main.TestCaseExecutor.runScript(TestCaseExecutor.java:339)
	at com.kms.katalon.core.main.TestCaseExecutor.doExecute(TestCaseExecutor.java:330)
	at com.kms.katalon.core.main.TestCaseExecutor.processExecutionPhase(TestCaseExecutor.java:309)
	at com.kms.katalon.core.main.TestCaseExecutor.accessMainPhase(TestCaseExecutor.java:301)
	at com.kms.katalon.core.main.TestCaseExecutor.execute(TestCaseExecutor.java:235)
	at com.kms.katalon.core.main.TestCaseMain.runTestCase(TestCaseMain.java:114)
	at com.kms.katalon.core.keyword.builtin.CallTestCaseKeyword$_callTestCase_closure1.doCall(CallTestCaseKeyword.groovy:59)
	... 43 more
Caused by: Assertion failed: 

assert a
       |
       false

	at Method.TextDegerineEsitElementinAltindakiTextDegerineEsitOlanaTikla(Method.groovy:152)
	... 55 more
)

2020-12-17 23:09:24 - [MESSAGE][ERROR] - Alt menü Araçlar başlığı altındaki e-Arşiv Ayarları seçilir FAILED.
Reason:
com.kms.katalon.core.exception.StepErrorException: Call Test Case 'Test Cases/Menu/BasligaGoreAltMenuSecimi' failed because of error(s)
	at com.kms.katalon.core.keyword.builtin.CallTestCaseKeyword$_callTestCase_closure1.doCall(CallTestCaseKeyword.groovy:66)
	at com.kms.katalon.core.keyword.builtin.CallTestCaseKeyword$_callTestCase_closure1.call(CallTestCaseKeyword.groovy)
	at com.kms.katalon.core.keyword.internal.KeywordMain.runKeyword(KeywordMain.groovy:68)
	at com.kms.katalon.core.keyword.builtin.CallTestCaseKeyword.callTestCase(CallTestCaseKeyword.groovy:81)
	at com.kms.katalon.core.keyword.builtin.CallTestCaseKeyword.execute(CallTestCaseKeyword.groovy:44)
	at com.kms.katalon.core.keyword.internal.KeywordExecutor.executeKeywordForPlatform(KeywordExecutor.groovy:73)
	at com.kms.katalon.core.keyword.BuiltinKeywords.callTestCase(BuiltinKeywords.groovy:334)
	at menu.menu.basligaGoreAltMenuSecimi(menu.groovy:61)
	at ✽.Alt menü Araçlar başlığı altındaki e-Arşiv Ayarları seçilir(C:/Users/yigit/Documents/GitHub/eesekim/Include/features/Ayarlar/Araclar/e-Arsiv Ayarlari/e-Arsiv Faturalari Icin On Deger XSLT.feature:6)
Caused by: org.codehaus.groovy.runtime.InvokerInvocationException: Assertion failed: 

assert a
       |
       false

	at Method.invokeMethod(Method.groovy)
	at com.kms.katalon.core.main.CustomKeywordDelegatingMetaClass.invokeStaticMethod(CustomKeywordDelegatingMetaClass.java:50)
	at BasligaGoreAltMenuSecimi.run(BasligaGoreAltMenuSecimi:20)
	at com.kms.katalon.core.main.ScriptEngine.run(ScriptEngine.java:194)
	at com.kms.katalon.core.main.ScriptEngine.runScriptAsRawText(ScriptEngine.java:119)
	at com.kms.katalon.core.main.TestCaseExecutor.runScript(TestCaseExecutor.java:339)
	at com.kms.katalon.core.main.TestCaseExecutor.doExecute(TestCaseExecutor.java:330)
	at com.kms.katalon.core.main.TestCaseExecutor.processExecutionPhase(TestCaseExecutor.java:309)
	at com.kms.katalon.core.main.TestCaseExecutor.accessMainPhase(TestCaseExecutor.java:301)
	at com.kms.katalon.core.main.TestCaseExecutor.execute(TestCaseExecutor.java:235)
	at com.kms.katalon.core.main.TestCaseMain.runTestCase(TestCaseMain.java:114)
	at com.kms.katalon.core.keyword.builtin.CallTestCaseKeyword$_callTestCase_closure1.doCall(CallTestCaseKeyword.groovy:59)
	at com.kms.katalon.core.keyword.builtin.CallTestCaseKeyword$_callTestCase_closure1.call(CallTestCaseKeyword.groovy)
	at com.kms.katalon.core.keyword.internal.KeywordMain.runKeyword(KeywordMain.groovy:68)
	at com.kms.katalon.core.keyword.builtin.CallTestCaseKeyword.callTestCase(CallTestCaseKeyword.groovy:81)
	at com.kms.katalon.core.keyword.builtin.CallTestCaseKeyword.execute(CallTestCaseKeyword.groovy:44)
	at com.kms.katalon.core.keyword.internal.KeywordExecutor.executeKeywordForPlatform(KeywordExecutor.groovy:73)
	at com.kms.katalon.core.keyword.BuiltinKeywords.callTestCase(BuiltinKeywords.groovy:334)
	at menu.menu.basligaGoreAltMenuSecimi(menu.groovy:61)
	at cucumber.runtime.Utils$1.call(Utils.java:26)
	at cucumber.runtime.Timeout.timeout(Timeout.java:16)
	at cucumber.runtime.Utils.invoke(Utils.java:20)
	at cucumber.runtime.java.JavaStepDefinition.execute(JavaStepDefinition.java:48)
	at cucumber.runtime.PickleStepDefinitionMatch.runStep(PickleStepDefinitionMatch.java:50)
	at cucumber.runner.TestStep.executeStep(TestStep.java:55)
	at cucumber.runner.TestStep.run(TestStep.java:42)
	at cucumber.runner.PickleStepTestStep.run(PickleStepTestStep.java:53)
	at cucumber.runner.TestCase.run(TestCase.java:47)
	at cucumber.runner.Runner.runPickle(Runner.java:44)
	at cucumber.runtime.Runtime.runFeature(Runtime.java:120)
	at cucumber.runtime.Runtime.run(Runtime.java:106)
	at cucumber.api.cli.Main.run(Main.java:35)
	at cucumber.api.cli.Main$run.call(Unknown Source)
	at com.kms.katalon.core.cucumber.keyword.CucumberBuiltinKeywords$_runFeatureFile_closure1.doCall(CucumberBuiltinKeywords.groovy:76)
	at com.kms.katalon.core.cucumber.keyword.CucumberBuiltinKeywords$_runFeatureFile_closure1.doCall(CucumberBuiltinKeywords.groovy)
	at com.kms.katalon.core.keyword.internal.KeywordMain.runKeyword(KeywordMain.groovy:68)
	at com.kms.katalon.core.keyword.internal.KeywordMain$runKeyword.call(Unknown Source)
	at com.kms.katalon.core.cucumber.keyword.CucumberBuiltinKeywords.runFeatureFile(CucumberBuiltinKeywords.groovy:46)
	at com.kms.katalon.core.cucumber.keyword.CucumberBuiltinKeywords$runFeatureFile$0.callStatic(Unknown Source)
	at com.kms.katalon.core.cucumber.keyword.CucumberBuiltinKeywords.runFeatureFile(CucumberBuiltinKeywords.groovy:169)
	at com.kms.katalon.core.cucumber.keyword.CucumberBuiltinKeywords$runFeatureFile.call(Unknown Source)
	at e-Arsiv Faturalari Icin On Deger XSLT.run(e-Arsiv Faturalari Icin On Deger XSLT:19)
	at com.kms.katalon.core.main.ScriptEngine.run(ScriptEngine.java:194)
	at com.kms.katalon.core.main.ScriptEngine.runScriptAsRawText(ScriptEngine.java:119)
	at com.kms.katalon.core.main.TestCaseExecutor.runScript(TestCaseExecutor.java:339)
	at com.kms.katalon.core.main.TestCaseExecutor.doExecute(TestCaseExecutor.java:330)
	at com.kms.katalon.core.main.TestCaseExecutor.processExecutionPhase(TestCaseExecutor.java:309)
	at com.kms.katalon.core.main.TestCaseExecutor.accessMainPhase(TestCaseExecutor.java:301)
	at com.kms.katalon.core.main.TestCaseExecutor.execute(TestCaseExecutor.java:235)
	at com.kms.katalon.core.main.TestSuiteExecutor.accessTestCaseMainPhase(TestSuiteExecutor.java:191)
	at com.kms.katalon.core.main.TestSuiteExecutor.accessTestSuiteMainPhase(TestSuiteExecutor.java:141)
	at com.kms.katalon.core.main.TestSuiteExecutor.execute(TestSuiteExecutor.java:90)
	at com.kms.katalon.core.main.TestCaseMain.startTestSuite(TestCaseMain.java:157)
	at com.kms.katalon.core.main.TestCaseMain$startTestSuite$0.call(Unknown Source)
	at TempTestSuite1608235695467.run(TempTestSuite1608235695467.groovy:39)
Caused by: Assertion failed: 

assert a
       |
       false

	at Method.TextDegerineEsitElementinAltindakiTextDegerineEsitOlanaTikla(Method.groovy:152)
	... 55 more


2020-12-17 23:09:24 - [TEST_STEP][NOT_RUN] - Tablodaki e-Arşiv Faturaları İçin Ön Değer XSLT isimli verinin diğer değerini 12981 olduğu kontrol edilir: Tablodaki e-Arşiv Faturaları İçin Ön Değer XSLT isimli verinin diğer değerini 12981 olduğu kontrol edilir

2020-12-17 23:09:24 - [MESSAGE][NOT_RUN] - Tablodaki e-Arşiv Faturaları İçin Ön Değer XSLT isimli verinin diğer değerini 12981 olduğu kontrol edilir

2020-12-17 23:09:24 - [TEST_STEP][NOT_RUN] - Kullanıcı işlemlerinden Çıkış seçilir: Kullanıcı işlemlerinden Çıkış seçilir

2020-12-17 23:09:24 - [MESSAGE][NOT_RUN] - Kullanıcı işlemlerinden Çıkış seçilir

2020-12-17 23:09:25 - [MESSAGE][FAILED] - Keyword runFeatureFile was failed (Root cause: java.lang.NullPointerException: No format for key faıled
	at cucumber.runtime.formatter.AnsiFormats.get(AnsiFormats.java:51)
	at cucumber.runtime.Stats.printScenarios(Stats.java:170)
	at cucumber.runtime.Stats.printNonZeroResultScenarios(Stats.java:161)
	at cucumber.runtime.Stats.printStats(Stats.java:107)
	at cucumber.runtime.DefaultSummaryPrinter.printStats(DefaultSummaryPrinter.java:34)
	at cucumber.runtime.DefaultSummaryPrinter.print(DefaultSummaryPrinter.java:27)
	at cucumber.runtime.DefaultSummaryPrinter.access$000(DefaultSummaryPrinter.java:14)
	at cucumber.runtime.DefaultSummaryPrinter$1.receive(DefaultSummaryPrinter.java:63)
	at cucumber.runtime.DefaultSummaryPrinter$1.receive(DefaultSummaryPrinter.java:60)
	at cucumber.runner.EventBus.send(EventBus.java:28)
	at cucumber.runtime.Runtime.run(Runtime.java:109)
	at cucumber.api.cli.Main.run(Main.java:35)
	at cucumber.api.cli.Main$run.call(Unknown Source)
	at com.kms.katalon.core.cucumber.keyword.CucumberBuiltinKeywords$_runFeatureFile_closure1.doCall(CucumberBuiltinKeywords.groovy:76)
	at com.kms.katalon.core.cucumber.keyword.CucumberBuiltinKeywords$_runFeatureFile_closure1.doCall(CucumberBuiltinKeywords.groovy)
	at com.kms.katalon.core.keyword.internal.KeywordMain.runKeyword(KeywordMain.groovy:68)
	at com.kms.katalon.core.keyword.internal.KeywordMain$runKeyword.call(Unknown Source)
	at com.kms.katalon.core.cucumber.keyword.CucumberBuiltinKeywords.runFeatureFile(CucumberBuiltinKeywords.groovy:46)
	at com.kms.katalon.core.cucumber.keyword.CucumberBuiltinKeywords$runFeatureFile$0.callStatic(Unknown Source)
	at com.kms.katalon.core.cucumber.keyword.CucumberBuiltinKeywords.runFeatureFile(CucumberBuiltinKeywords.groovy:169)
	at com.kms.katalon.core.cucumber.keyword.CucumberBuiltinKeywords$runFeatureFile.call(Unknown Source)
	at e-Arsiv Faturalari Icin On Deger XSLT.run(e-Arsiv Faturalari Icin On Deger XSLT:19)
	at com.kms.katalon.core.main.ScriptEngine.run(ScriptEngine.java:194)
	at com.kms.katalon.core.main.ScriptEngine.runScriptAsRawText(ScriptEngine.java:119)
	at com.kms.katalon.core.main.TestCaseExecutor.runScript(TestCaseExecutor.java:339)
	at com.kms.katalon.core.main.TestCaseExecutor.doExecute(TestCaseExecutor.java:330)
	at com.kms.katalon.core.main.TestCaseExecutor.processExecutionPhase(TestCaseExecutor.java:309)
	at com.kms.katalon.core.main.TestCaseExecutor.accessMainPhase(TestCaseExecutor.java:301)
	at com.kms.katalon.core.main.TestCaseExecutor.execute(TestCaseExecutor.java:235)
	at com.kms.katalon.core.main.TestSuiteExecutor.accessTestCaseMainPhase(TestSuiteExecutor.java:191)
	at com.kms.katalon.core.main.TestSuiteExecutor.accessTestSuiteMainPhase(TestSuiteExecutor.java:141)
	at com.kms.katalon.core.main.TestSuiteExecutor.execute(TestSuiteExecutor.java:90)
	at com.kms.katalon.core.main.TestCaseMain.startTestSuite(TestCaseMain.java:157)
	at com.kms.katalon.core.main.TestCaseMain$startTestSuite$0.call(Unknown Source)
	at TempTestSuite1608235695467.run(TempTestSuite1608235695467.groovy:39)
)

2020-12-17 23:09:25 - [TEST_STEP][PASSED] - Start listener action : sampleAfterTestSuite: Invoke 'com.kms.katalon.core.annotation.AfterTestCase' method: 'Listener.sampleAfterTestSuite(...)' completed.

2020-12-17 23:09:25 - [MESSAGE][INFO] - Starting invoke 'com.kms.katalon.core.annotation.AfterTestCase' method: 'Listener.sampleAfterTestSuite(...)'

2020-12-17 23:09:25 - [MESSAGE][INFO] - Invoke 'com.kms.katalon.core.annotation.AfterTestCase' method: 'Listener.sampleAfterTestSuite(...)' completed.]]></system-out>
         <system-err><![CDATA[2020-12-17 23:08:36 - [TEST_CASE][FAILED] - Test Cases/Case Repository/Ayarlar/Araclar/e-Arsiv Ayarlari/e-Arsiv Faturalari Icin On Deger XSLT: Test Cases/Case Repository/Ayarlar/Araclar/e-Arsiv Ayarlari/e-Arsiv Faturalari Icin On Deger XSLT FAILED.
Reason:
com.kms.katalon.core.exception.StepFailedException: Keyword runFeatureFile was failed (Root cause: java.lang.NullPointerException: No format for key faıled
	at cucumber.runtime.formatter.AnsiFormats.get(AnsiFormats.java:51)
	at cucumber.runtime.Stats.printScenarios(Stats.java:170)
	at cucumber.runtime.Stats.printNonZeroResultScenarios(Stats.java:161)
	at cucumber.runtime.Stats.printStats(Stats.java:107)
	at cucumber.runtime.DefaultSummaryPrinter.printStats(DefaultSummaryPrinter.java:34)
	at cucumber.runtime.DefaultSummaryPrinter.print(DefaultSummaryPrinter.java:27)
	at cucumber.runtime.DefaultSummaryPrinter.access$000(DefaultSummaryPrinter.java:14)
	at cucumber.runtime.DefaultSummaryPrinter$1.receive(DefaultSummaryPrinter.java:63)
	at cucumber.runtime.DefaultSummaryPrinter$1.receive(DefaultSummaryPrinter.java:60)
	at cucumber.runner.EventBus.send(EventBus.java:28)
	at cucumber.runtime.Runtime.run(Runtime.java:109)
	at cucumber.api.cli.Main.run(Main.java:35)
	at cucumber.api.cli.Main$run.call(Unknown Source)
	at com.kms.katalon.core.cucumber.keyword.CucumberBuiltinKeywords$_runFeatureFile_closure1.doCall(CucumberBuiltinKeywords.groovy:76)
	at com.kms.katalon.core.cucumber.keyword.CucumberBuiltinKeywords$_runFeatureFile_closure1.doCall(CucumberBuiltinKeywords.groovy)
	at com.kms.katalon.core.keyword.internal.KeywordMain.runKeyword(KeywordMain.groovy:68)
	at com.kms.katalon.core.keyword.internal.KeywordMain$runKeyword.call(Unknown Source)
	at com.kms.katalon.core.cucumber.keyword.CucumberBuiltinKeywords.runFeatureFile(CucumberBuiltinKeywords.groovy:46)
	at com.kms.katalon.core.cucumber.keyword.CucumberBuiltinKeywords$runFeatureFile$0.callStatic(Unknown Source)
	at com.kms.katalon.core.cucumber.keyword.CucumberBuiltinKeywords.runFeatureFile(CucumberBuiltinKeywords.groovy:169)
	at com.kms.katalon.core.cucumber.keyword.CucumberBuiltinKeywords$runFeatureFile.call(Unknown Source)
	at e-Arsiv Faturalari Icin On Deger XSLT.run(e-Arsiv Faturalari Icin On Deger XSLT:19)
	at com.kms.katalon.core.main.ScriptEngine.run(ScriptEngine.java:194)
	at com.kms.katalon.core.main.ScriptEngine.runScriptAsRawText(ScriptEngine.java:119)
	at com.kms.katalon.core.main.TestCaseExecutor.runScript(TestCaseExecutor.java:339)
	at com.kms.katalon.core.main.TestCaseExecutor.doExecute(TestCaseExecutor.java:330)
	at com.kms.katalon.core.main.TestCaseExecutor.processExecutionPhase(TestCaseExecutor.java:309)
	at com.kms.katalon.core.main.TestCaseExecutor.accessMainPhase(TestCaseExecutor.java:301)
	at com.kms.katalon.core.main.TestCaseExecutor.execute(TestCaseExecutor.java:235)
	at com.kms.katalon.core.main.TestSuiteExecutor.accessTestCaseMainPhase(TestSuiteExecutor.java:191)
	at com.kms.katalon.core.main.TestSuiteExecutor.accessTestSuiteMainPhase(TestSuiteExecutor.java:141)
	at com.kms.katalon.core.main.TestSuiteExecutor.execute(TestSuiteExecutor.java:90)
	at com.kms.katalon.core.main.TestCaseMain.startTestSuite(TestCaseMain.java:157)
	at com.kms.katalon.core.main.TestCaseMain$startTestSuite$0.call(Unknown Source)
	at TempTestSuite1608235695467.run(TempTestSuite1608235695467.groovy:39)
)
	at com.kms.katalon.core.keyword.internal.KeywordMain.stepFailed(KeywordMain.groovy:50)
	at com.kms.katalon.core.keyword.internal.KeywordMain.stepFailed(KeywordMain.groovy)
	at com.kms.katalon.core.keyword.internal.KeywordMain.runKeyword(KeywordMain.groovy:70)
	at com.kms.katalon.core.keyword.internal.KeywordMain$runKeyword.call(Unknown Source)
	at com.kms.katalon.core.cucumber.keyword.CucumberBuiltinKeywords.runFeatureFile(CucumberBuiltinKeywords.groovy:46)
	at com.kms.katalon.core.cucumber.keyword.CucumberBuiltinKeywords$runFeatureFile$0.callStatic(Unknown Source)
	at com.kms.katalon.core.cucumber.keyword.CucumberBuiltinKeywords.runFeatureFile(CucumberBuiltinKeywords.groovy:169)
	at com.kms.katalon.core.cucumber.keyword.CucumberBuiltinKeywords$runFeatureFile.call(Unknown Source)
	at e-Arsiv Faturalari Icin On Deger XSLT.run(e-Arsiv Faturalari Icin On Deger XSLT:19)
	at com.kms.katalon.core.main.ScriptEngine.run(ScriptEngine.java:194)
	at com.kms.katalon.core.main.ScriptEngine.runScriptAsRawText(ScriptEngine.java:119)
	at com.kms.katalon.core.main.TestCaseExecutor.runScript(TestCaseExecutor.java:339)
	at com.kms.katalon.core.main.TestCaseExecutor.doExecute(TestCaseExecutor.java:330)
	at com.kms.katalon.core.main.TestCaseExecutor.processExecutionPhase(TestCaseExecutor.java:309)
	at com.kms.katalon.core.main.TestCaseExecutor.accessMainPhase(TestCaseExecutor.java:301)
	at com.kms.katalon.core.main.TestCaseExecutor.execute(TestCaseExecutor.java:235)
	at com.kms.katalon.core.main.TestSuiteExecutor.accessTestCaseMainPhase(TestSuiteExecutor.java:191)
	at com.kms.katalon.core.main.TestSuiteExecutor.accessTestSuiteMainPhase(TestSuiteExecutor.java:141)
	at com.kms.katalon.core.main.TestSuiteExecutor.execute(TestSuiteExecutor.java:90)
	at com.kms.katalon.core.main.TestCaseMain.startTestSuite(TestCaseMain.java:157)
	at com.kms.katalon.core.main.TestCaseMain$startTestSuite$0.call(Unknown Source)
	at TempTestSuite1608235695467.run(TempTestSuite1608235695467.groovy:39)
Caused by: java.lang.NullPointerException: No format for key faıled
	at cucumber.runtime.formatter.AnsiFormats.get(AnsiFormats.java:51)
	at cucumber.runtime.Stats.printScenarios(Stats.java:170)
	at cucumber.runtime.Stats.printNonZeroResultScenarios(Stats.java:161)
	at cucumber.runtime.Stats.printStats(Stats.java:107)
	at cucumber.runtime.DefaultSummaryPrinter.printStats(DefaultSummaryPrinter.java:34)
	at cucumber.runtime.DefaultSummaryPrinter.print(DefaultSummaryPrinter.java:27)
	at cucumber.runtime.DefaultSummaryPrinter.access$000(DefaultSummaryPrinter.java:14)
	at cucumber.runtime.DefaultSummaryPrinter$1.receive(DefaultSummaryPrinter.java:63)
	at cucumber.runtime.DefaultSummaryPrinter$1.receive(DefaultSummaryPrinter.java:60)
	at cucumber.runner.EventBus.send(EventBus.java:28)
	at cucumber.runtime.Runtime.run(Runtime.java:109)
	at cucumber.api.cli.Main.run(Main.java:35)
	at cucumber.api.cli.Main$run.call(Unknown Source)
	at com.kms.katalon.core.cucumber.keyword.CucumberBuiltinKeywords$_runFeatureFile_closure1.doCall(CucumberBuiltinKeywords.groovy:76)
	at com.kms.katalon.core.cucumber.keyword.CucumberBuiltinKeywords$_runFeatureFile_closure1.doCall(CucumberBuiltinKeywords.groovy)
	at com.kms.katalon.core.keyword.internal.KeywordMain.runKeyword(KeywordMain.groovy:68)
	... 19 more]]></system-err>
      </testcase>
      <system-out><![CDATA[2020-12-17 23:08:34 - [TEST_SUITE][FAILED] - e-Arsiv Faturalari Icin On Deger XSLT: Test Cases/Case Repository/Ayarlar/Araclar/e-Arsiv Ayarlari/e-Arsiv Faturalari Icin On Deger XSLT FAILED.
Reason:
com.kms.katalon.core.exception.StepFailedException: Keyword runFeatureFile was failed (Root cause: java.lang.NullPointerException: No format for key faıled
	at cucumber.runtime.formatter.AnsiFormats.get(AnsiFormats.java:51)
	at cucumber.runtime.Stats.printScenarios(Stats.java:170)
	at cucumber.runtime.Stats.printNonZeroResultScenarios(Stats.java:161)
	at cucumber.runtime.Stats.printStats(Stats.java:107)
	at cucumber.runtime.DefaultSummaryPrinter.printStats(DefaultSummaryPrinter.java:34)
	at cucumber.runtime.DefaultSummaryPrinter.print(DefaultSummaryPrinter.java:27)
	at cucumber.runtime.DefaultSummaryPrinter.access$000(DefaultSummaryPrinter.java:14)
	at cucumber.runtime.DefaultSummaryPrinter$1.receive(DefaultSummaryPrinter.java:63)
	at cucumber.runtime.DefaultSummaryPrinter$1.receive(DefaultSummaryPrinter.java:60)
	at cucumber.runner.EventBus.send(EventBus.java:28)
	at cucumber.runtime.Runtime.run(Runtime.java:109)
	at cucumber.api.cli.Main.run(Main.java:35)
	at cucumber.api.cli.Main$run.call(Unknown Source)
	at com.kms.katalon.core.cucumber.keyword.CucumberBuiltinKeywords$_runFeatureFile_closure1.doCall(CucumberBuiltinKeywords.groovy:76)
	at com.kms.katalon.core.cucumber.keyword.CucumberBuiltinKeywords$_runFeatureFile_closure1.doCall(CucumberBuiltinKeywords.groovy)
	at com.kms.katalon.core.keyword.internal.KeywordMain.runKeyword(KeywordMain.groovy:68)
	at com.kms.katalon.core.keyword.internal.KeywordMain$runKeyword.call(Unknown Source)
	at com.kms.katalon.core.cucumber.keyword.CucumberBuiltinKeywords.runFeatureFile(CucumberBuiltinKeywords.groovy:46)
	at com.kms.katalon.core.cucumber.keyword.CucumberBuiltinKeywords$runFeatureFile$0.callStatic(Unknown Source)
	at com.kms.katalon.core.cucumber.keyword.CucumberBuiltinKeywords.runFeatureFile(CucumberBuiltinKeywords.groovy:169)
	at com.kms.katalon.core.cucumber.keyword.CucumberBuiltinKeywords$runFeatureFile.call(Unknown Source)
	at e-Arsiv Faturalari Icin On Deger XSLT.run(e-Arsiv Faturalari Icin On Deger XSLT:19)
	at com.kms.katalon.core.main.ScriptEngine.run(ScriptEngine.java:194)
	at com.kms.katalon.core.main.ScriptEngine.runScriptAsRawText(ScriptEngine.java:119)
	at com.kms.katalon.core.main.TestCaseExecutor.runScript(TestCaseExecutor.java:339)
	at com.kms.katalon.core.main.TestCaseExecutor.doExecute(TestCaseExecutor.java:330)
	at com.kms.katalon.core.main.TestCaseExecutor.processExecutionPhase(TestCaseExecutor.java:309)
	at com.kms.katalon.core.main.TestCaseExecutor.accessMainPhase(TestCaseExecutor.java:301)
	at com.kms.katalon.core.main.TestCaseExecutor.execute(TestCaseExecutor.java:235)
	at com.kms.katalon.core.main.TestSuiteExecutor.accessTestCaseMainPhase(TestSuiteExecutor.java:191)
	at com.kms.katalon.core.main.TestSuiteExecutor.accessTestSuiteMainPhase(TestSuiteExecutor.java:141)
	at com.kms.katalon.core.main.TestSuiteExecutor.execute(TestSuiteExecutor.java:90)
	at com.kms.katalon.core.main.TestCaseMain.startTestSuite(TestCaseMain.java:157)
	at com.kms.katalon.core.main.TestCaseMain$startTestSuite$0.call(Unknown Source)
	at TempTestSuite1608235695467.run(TempTestSuite1608235695467.groovy:39)
)
	at com.kms.katalon.core.keyword.internal.KeywordMain.stepFailed(KeywordMain.groovy:50)
	at com.kms.katalon.core.keyword.internal.KeywordMain.stepFailed(KeywordMain.groovy)
	at com.kms.katalon.core.keyword.internal.KeywordMain.runKeyword(KeywordMain.groovy:70)
	at com.kms.katalon.core.keyword.internal.KeywordMain$runKeyword.call(Unknown Source)
	at com.kms.katalon.core.cucumber.keyword.CucumberBuiltinKeywords.runFeatureFile(CucumberBuiltinKeywords.groovy:46)
	at com.kms.katalon.core.cucumber.keyword.CucumberBuiltinKeywords$runFeatureFile$0.callStatic(Unknown Source)
	at com.kms.katalon.core.cucumber.keyword.CucumberBuiltinKeywords.runFeatureFile(CucumberBuiltinKeywords.groovy:169)
	at com.kms.katalon.core.cucumber.keyword.CucumberBuiltinKeywords$runFeatureFile.call(Unknown Source)
	at e-Arsiv Faturalari Icin On Deger XSLT.run(e-Arsiv Faturalari Icin On Deger XSLT:19)
	at com.kms.katalon.core.main.ScriptEngine.run(ScriptEngine.java:194)
	at com.kms.katalon.core.main.ScriptEngine.runScriptAsRawText(ScriptEngine.java:119)
	at com.kms.katalon.core.main.TestCaseExecutor.runScript(TestCaseExecutor.java:339)
	at com.kms.katalon.core.main.TestCaseExecutor.doExecute(TestCaseExecutor.java:330)
	at com.kms.katalon.core.main.TestCaseExecutor.processExecutionPhase(TestCaseExecutor.java:309)
	at com.kms.katalon.core.main.TestCaseExecutor.accessMainPhase(TestCaseExecutor.java:301)
	at com.kms.katalon.core.main.TestCaseExecutor.execute(TestCaseExecutor.java:235)
	at com.kms.katalon.core.main.TestSuiteExecutor.accessTestCaseMainPhase(TestSuiteExecutor.java:191)
	at com.kms.katalon.core.main.TestSuiteExecutor.accessTestSuiteMainPhase(TestSuiteExecutor.java:141)
	at com.kms.katalon.core.main.TestSuiteExecutor.execute(TestSuiteExecutor.java:90)
	at com.kms.katalon.core.main.TestCaseMain.startTestSuite(TestCaseMain.java:157)
	at com.kms.katalon.core.main.TestCaseMain$startTestSuite$0.call(Unknown Source)
	at TempTestSuite1608235695467.run(TempTestSuite1608235695467.groovy:39)
Caused by: java.lang.NullPointerException: No format for key faıled
	at cucumber.runtime.formatter.AnsiFormats.get(AnsiFormats.java:51)
	at cucumber.runtime.Stats.printScenarios(Stats.java:170)
	at cucumber.runtime.Stats.printNonZeroResultScenarios(Stats.java:161)
	at cucumber.runtime.Stats.printStats(Stats.java:107)
	at cucumber.runtime.DefaultSummaryPrinter.printStats(DefaultSummaryPrinter.java:34)
	at cucumber.runtime.DefaultSummaryPrinter.print(DefaultSummaryPrinter.java:27)
	at cucumber.runtime.DefaultSummaryPrinter.access$000(DefaultSummaryPrinter.java:14)
	at cucumber.runtime.DefaultSummaryPrinter$1.receive(DefaultSummaryPrinter.java:63)
	at cucumber.runtime.DefaultSummaryPrinter$1.receive(DefaultSummaryPrinter.java:60)
	at cucumber.runner.EventBus.send(EventBus.java:28)
	at cucumber.runtime.Runtime.run(Runtime.java:109)
	at cucumber.api.cli.Main.run(Main.java:35)
	at cucumber.api.cli.Main$run.call(Unknown Source)
	at com.kms.katalon.core.cucumber.keyword.CucumberBuiltinKeywords$_runFeatureFile_closure1.doCall(CucumberBuiltinKeywords.groovy:76)
	at com.kms.katalon.core.cucumber.keyword.CucumberBuiltinKeywords$_runFeatureFile_closure1.doCall(CucumberBuiltinKeywords.groovy)
	at com.kms.katalon.core.keyword.internal.KeywordMain.runKeyword(KeywordMain.groovy:68)
	... 19 more]]></system-out>
      <system-err><![CDATA[2020-12-17 23:08:34 - [TEST_SUITE][FAILED] - e-Arsiv Faturalari Icin On Deger XSLT: Test Cases/Case Repository/Ayarlar/Araclar/e-Arsiv Ayarlari/e-Arsiv Faturalari Icin On Deger XSLT FAILED.
Reason:
com.kms.katalon.core.exception.StepFailedException: Keyword runFeatureFile was failed (Root cause: java.lang.NullPointerException: No format for key faıled
	at cucumber.runtime.formatter.AnsiFormats.get(AnsiFormats.java:51)
	at cucumber.runtime.Stats.printScenarios(Stats.java:170)
	at cucumber.runtime.Stats.printNonZeroResultScenarios(Stats.java:161)
	at cucumber.runtime.Stats.printStats(Stats.java:107)
	at cucumber.runtime.DefaultSummaryPrinter.printStats(DefaultSummaryPrinter.java:34)
	at cucumber.runtime.DefaultSummaryPrinter.print(DefaultSummaryPrinter.java:27)
	at cucumber.runtime.DefaultSummaryPrinter.access$000(DefaultSummaryPrinter.java:14)
	at cucumber.runtime.DefaultSummaryPrinter$1.receive(DefaultSummaryPrinter.java:63)
	at cucumber.runtime.DefaultSummaryPrinter$1.receive(DefaultSummaryPrinter.java:60)
	at cucumber.runner.EventBus.send(EventBus.java:28)
	at cucumber.runtime.Runtime.run(Runtime.java:109)
	at cucumber.api.cli.Main.run(Main.java:35)
	at cucumber.api.cli.Main$run.call(Unknown Source)
	at com.kms.katalon.core.cucumber.keyword.CucumberBuiltinKeywords$_runFeatureFile_closure1.doCall(CucumberBuiltinKeywords.groovy:76)
	at com.kms.katalon.core.cucumber.keyword.CucumberBuiltinKeywords$_runFeatureFile_closure1.doCall(CucumberBuiltinKeywords.groovy)
	at com.kms.katalon.core.keyword.internal.KeywordMain.runKeyword(KeywordMain.groovy:68)
	at com.kms.katalon.core.keyword.internal.KeywordMain$runKeyword.call(Unknown Source)
	at com.kms.katalon.core.cucumber.keyword.CucumberBuiltinKeywords.runFeatureFile(CucumberBuiltinKeywords.groovy:46)
	at com.kms.katalon.core.cucumber.keyword.CucumberBuiltinKeywords$runFeatureFile$0.callStatic(Unknown Source)
	at com.kms.katalon.core.cucumber.keyword.CucumberBuiltinKeywords.runFeatureFile(CucumberBuiltinKeywords.groovy:169)
	at com.kms.katalon.core.cucumber.keyword.CucumberBuiltinKeywords$runFeatureFile.call(Unknown Source)
	at e-Arsiv Faturalari Icin On Deger XSLT.run(e-Arsiv Faturalari Icin On Deger XSLT:19)
	at com.kms.katalon.core.main.ScriptEngine.run(ScriptEngine.java:194)
	at com.kms.katalon.core.main.ScriptEngine.runScriptAsRawText(ScriptEngine.java:119)
	at com.kms.katalon.core.main.TestCaseExecutor.runScript(TestCaseExecutor.java:339)
	at com.kms.katalon.core.main.TestCaseExecutor.doExecute(TestCaseExecutor.java:330)
	at com.kms.katalon.core.main.TestCaseExecutor.processExecutionPhase(TestCaseExecutor.java:309)
	at com.kms.katalon.core.main.TestCaseExecutor.accessMainPhase(TestCaseExecutor.java:301)
	at com.kms.katalon.core.main.TestCaseExecutor.execute(TestCaseExecutor.java:235)
	at com.kms.katalon.core.main.TestSuiteExecutor.accessTestCaseMainPhase(TestSuiteExecutor.java:191)
	at com.kms.katalon.core.main.TestSuiteExecutor.accessTestSuiteMainPhase(TestSuiteExecutor.java:141)
	at com.kms.katalon.core.main.TestSuiteExecutor.execute(TestSuiteExecutor.java:90)
	at com.kms.katalon.core.main.TestCaseMain.startTestSuite(TestCaseMain.java:157)
	at com.kms.katalon.core.main.TestCaseMain$startTestSuite$0.call(Unknown Source)
	at TempTestSuite1608235695467.run(TempTestSuite1608235695467.groovy:39)
)
	at com.kms.katalon.core.keyword.internal.KeywordMain.stepFailed(KeywordMain.groovy:50)
	at com.kms.katalon.core.keyword.internal.KeywordMain.stepFailed(KeywordMain.groovy)
	at com.kms.katalon.core.keyword.internal.KeywordMain.runKeyword(KeywordMain.groovy:70)
	at com.kms.katalon.core.keyword.internal.KeywordMain$runKeyword.call(Unknown Source)
	at com.kms.katalon.core.cucumber.keyword.CucumberBuiltinKeywords.runFeatureFile(CucumberBuiltinKeywords.groovy:46)
	at com.kms.katalon.core.cucumber.keyword.CucumberBuiltinKeywords$runFeatureFile$0.callStatic(Unknown Source)
	at com.kms.katalon.core.cucumber.keyword.CucumberBuiltinKeywords.runFeatureFile(CucumberBuiltinKeywords.groovy:169)
	at com.kms.katalon.core.cucumber.keyword.CucumberBuiltinKeywords$runFeatureFile.call(Unknown Source)
	at e-Arsiv Faturalari Icin On Deger XSLT.run(e-Arsiv Faturalari Icin On Deger XSLT:19)
	at com.kms.katalon.core.main.ScriptEngine.run(ScriptEngine.java:194)
	at com.kms.katalon.core.main.ScriptEngine.runScriptAsRawText(ScriptEngine.java:119)
	at com.kms.katalon.core.main.TestCaseExecutor.runScript(TestCaseExecutor.java:339)
	at com.kms.katalon.core.main.TestCaseExecutor.doExecute(TestCaseExecutor.java:330)
	at com.kms.katalon.core.main.TestCaseExecutor.processExecutionPhase(TestCaseExecutor.java:309)
	at com.kms.katalon.core.main.TestCaseExecutor.accessMainPhase(TestCaseExecutor.java:301)
	at com.kms.katalon.core.main.TestCaseExecutor.execute(TestCaseExecutor.java:235)
	at com.kms.katalon.core.main.TestSuiteExecutor.accessTestCaseMainPhase(TestSuiteExecutor.java:191)
	at com.kms.katalon.core.main.TestSuiteExecutor.accessTestSuiteMainPhase(TestSuiteExecutor.java:141)
	at com.kms.katalon.core.main.TestSuiteExecutor.execute(TestSuiteExecutor.java:90)
	at com.kms.katalon.core.main.TestCaseMain.startTestSuite(TestCaseMain.java:157)
	at com.kms.katalon.core.main.TestCaseMain$startTestSuite$0.call(Unknown Source)
	at TempTestSuite1608235695467.run(TempTestSuite1608235695467.groovy:39)
Caused by: java.lang.NullPointerException: No format for key faıled
	at cucumber.runtime.formatter.AnsiFormats.get(AnsiFormats.java:51)
	at cucumber.runtime.Stats.printScenarios(Stats.java:170)
	at cucumber.runtime.Stats.printNonZeroResultScenarios(Stats.java:161)
	at cucumber.runtime.Stats.printStats(Stats.java:107)
	at cucumber.runtime.DefaultSummaryPrinter.printStats(DefaultSummaryPrinter.java:34)
	at cucumber.runtime.DefaultSummaryPrinter.print(DefaultSummaryPrinter.java:27)
	at cucumber.runtime.DefaultSummaryPrinter.access$000(DefaultSummaryPrinter.java:14)
	at cucumber.runtime.DefaultSummaryPrinter$1.receive(DefaultSummaryPrinter.java:63)
	at cucumber.runtime.DefaultSummaryPrinter$1.receive(DefaultSummaryPrinter.java:60)
	at cucumber.runner.EventBus.send(EventBus.java:28)
	at cucumber.runtime.Runtime.run(Runtime.java:109)
	at cucumber.api.cli.Main.run(Main.java:35)
	at cucumber.api.cli.Main$run.call(Unknown Source)
	at com.kms.katalon.core.cucumber.keyword.CucumberBuiltinKeywords$_runFeatureFile_closure1.doCall(CucumberBuiltinKeywords.groovy:76)
	at com.kms.katalon.core.cucumber.keyword.CucumberBuiltinKeywords$_runFeatureFile_closure1.doCall(CucumberBuiltinKeywords.groovy)
	at com.kms.katalon.core.keyword.internal.KeywordMain.runKeyword(KeywordMain.groovy:68)
	... 19 more]]></system-err>
   </testsuite>
   <testsuite name="Firma Bilgileri" tests="1" failures="1" errors="0" time="60.169" timestamp="2020-12-17 23:08:35" hostname="yigit - LAPTOP-7436ND4C" id="">
      <properties>
         <property name="deviceName" value=""/>
         <property name="devicePlatform" value=""/>
         <property name="logFolder" value="C:\\Users\\yigit\\Documents\\GitHub\\eesekim\\Reports\\20201217_230810\\_Suite Repository ( Deneysel )\\Ayarlar\\Araclar\\Firma Bilgileri\\Firma Bilgileri\\20201217_230817"/>
         <property name="logFiles" value="C:\\Users\\yigit\\Documents\\GitHub\\eesekim\\Reports\\20201217_230810\\_Suite Repository ( Deneysel )\\Ayarlar\\Araclar\\Firma Bilgileri\\Firma Bilgileri\\20201217_230817\\execution0.log"/>
         <property name="attachments" value=""/>
         <property name="hostName" value="yigit - LAPTOP-7436ND4C"/>
         <property name="os" value="Windows 10 64bit"/>
         <property name="katalonVersion" value="7.7.2.205"/>
         <property name="browser" value="Chrome 87.0.4280.88"/>
         <property name="hostAddress" value="10.10.10.154"/>
         <property name="sessionId" value="3c02f4be1ab802937f9fbbe3b815c776"/>
         <property name="seleniumVersion" value="3.141.59"/>
         <property name="proxyInformation" value="ProxyInformation { proxyOption=NO_PROXY, proxyServerType=HTTP, username=, password=********, proxyServerAddress=, proxyServerPort=0, executionList=&quot;&quot;, isApplyToDesiredCapabilities=true }"/>
         <property name="platform" value="Windows 10"/>
      </properties>
      <testcase name="Test Cases/Case Repository/Ayarlar/Araclar/Firma Bilgileri/Firma Bilgileri" time="57.759" classname="Test Cases/Case Repository/Ayarlar/Araclar/Firma Bilgileri/Firma Bilgileri" status="FAILED">
         <failure type="FAILED" message="Test Cases/Case Repository/Ayarlar/Araclar/Firma Bilgileri/Firma Bilgileri FAILED.
Reason:
com.kms.katalon.core.exception.StepFailedException: Keyword runFeatureFile was failed (Root cause: java.lang.NullPointerException: No format for key faıled
	at cucumber.runtime.formatter.AnsiFormats.get(AnsiFormats.java:51)
	at cucumber.runtime.Stats.printScenarios(Stats.java:170)
	at cucumber.runtime.Stats.printNonZeroResultScenarios(Stats.java:161)
	at cucumber.runtime.Stats.printStats(Stats.java:107)
	at cucumber.runtime.DefaultSummaryPrinter.printStats(DefaultSummaryPrinter.java:34)
	at cucumber.runtime.DefaultSummaryPrinter.print(DefaultSummaryPrinter.java:27)
	at cucumber.runtime.DefaultSummaryPrinter.access$000(DefaultSummaryPrinter.java:14)
	at cucumber.runtime.DefaultSummaryPrinter$1.receive(DefaultSummaryPrinter.java:63)
	at cucumber.runtime.DefaultSummaryPrinter$1.receive(DefaultSummaryPrinter.java:60)
	at cucumber.runner.EventBus.send(EventBus.java:28)
	at cucumber.runtime.Runtime.run(Runtime.java:109)
	at cucumber.api.cli.Main.run(Main.java:35)
	at cucumber.api.cli.Main$run.call(Unknown Source)
	at com.kms.katalon.core.cucumber.keyword.CucumberBuiltinKeywords$_runFeatureFile_closure1.doCall(CucumberBuiltinKeywords.groovy:76)
	at com.kms.katalon.core.cucumber.keyword.CucumberBuiltinKeywords$_runFeatureFile_closure1.doCall(CucumberBuiltinKeywords.groovy)
	at com.kms.katalon.core.keyword.internal.KeywordMain.runKeyword(KeywordMain.groovy:68)
	at com.kms.katalon.core.keyword.internal.KeywordMain$runKeyword.call(Unknown Source)
	at com.kms.katalon.core.cucumber.keyword.CucumberBuiltinKeywords.runFeatureFile(CucumberBuiltinKeywords.groovy:46)
	at com.kms.katalon.core.cucumber.keyword.CucumberBuiltinKeywords$runFeatureFile$0.callStatic(Unknown Source)
	at com.kms.katalon.core.cucumber.keyword.CucumberBuiltinKeywords.runFeatureFile(CucumberBuiltinKeywords.groovy:169)
	at com.kms.katalon.core.cucumber.keyword.CucumberBuiltinKeywords$runFeatureFile.call(Unknown Source)
	at Firma Bilgileri.run(Firma Bilgileri:19)
	at com.kms.katalon.core.main.ScriptEngine.run(ScriptEngine.java:194)
	at com.kms.katalon.core.main.ScriptEngine.runScriptAsRawText(ScriptEngine.java:119)
	at com.kms.katalon.core.main.TestCaseExecutor.runScript(TestCaseExecutor.java:339)
	at com.kms.katalon.core.main.TestCaseExecutor.doExecute(TestCaseExecutor.java:330)
	at com.kms.katalon.core.main.TestCaseExecutor.processExecutionPhase(TestCaseExecutor.java:309)
	at com.kms.katalon.core.main.TestCaseExecutor.accessMainPhase(TestCaseExecutor.java:301)
	at com.kms.katalon.core.main.TestCaseExecutor.execute(TestCaseExecutor.java:235)
	at com.kms.katalon.core.main.TestSuiteExecutor.accessTestCaseMainPhase(TestSuiteExecutor.java:191)
	at com.kms.katalon.core.main.TestSuiteExecutor.accessTestSuiteMainPhase(TestSuiteExecutor.java:141)
	at com.kms.katalon.core.main.TestSuiteExecutor.execute(TestSuiteExecutor.java:90)
	at com.kms.katalon.core.main.TestCaseMain.startTestSuite(TestCaseMain.java:157)
	at com.kms.katalon.core.main.TestCaseMain$startTestSuite$0.call(Unknown Source)
	at TempTestSuite1608235697404.run(TempTestSuite1608235697404.groovy:39)
)
	at com.kms.katalon.core.keyword.internal.KeywordMain.stepFailed(KeywordMain.groovy:50)
	at com.kms.katalon.core.keyword.internal.KeywordMain.stepFailed(KeywordMain.groovy)
	at com.kms.katalon.core.keyword.internal.KeywordMain.runKeyword(KeywordMain.groovy:70)
	at com.kms.katalon.core.keyword.internal.KeywordMain$runKeyword.call(Unknown Source)
	at com.kms.katalon.core.cucumber.keyword.CucumberBuiltinKeywords.runFeatureFile(CucumberBuiltinKeywords.groovy:46)
	at com.kms.katalon.core.cucumber.keyword.CucumberBuiltinKeywords$runFeatureFile$0.callStatic(Unknown Source)
	at com.kms.katalon.core.cucumber.keyword.CucumberBuiltinKeywords.runFeatureFile(CucumberBuiltinKeywords.groovy:169)
	at com.kms.katalon.core.cucumber.keyword.CucumberBuiltinKeywords$runFeatureFile.call(Unknown Source)
	at Firma Bilgileri.run(Firma Bilgileri:19)
	at com.kms.katalon.core.main.ScriptEngine.run(ScriptEngine.java:194)
	at com.kms.katalon.core.main.ScriptEngine.runScriptAsRawText(ScriptEngine.java:119)
	at com.kms.katalon.core.main.TestCaseExecutor.runScript(TestCaseExecutor.java:339)
	at com.kms.katalon.core.main.TestCaseExecutor.doExecute(TestCaseExecutor.java:330)
	at com.kms.katalon.core.main.TestCaseExecutor.processExecutionPhase(TestCaseExecutor.java:309)
	at com.kms.katalon.core.main.TestCaseExecutor.accessMainPhase(TestCaseExecutor.java:301)
	at com.kms.katalon.core.main.TestCaseExecutor.execute(TestCaseExecutor.java:235)
	at com.kms.katalon.core.main.TestSuiteExecutor.accessTestCaseMainPhase(TestSuiteExecutor.java:191)
	at com.kms.katalon.core.main.TestSuiteExecutor.accessTestSuiteMainPhase(TestSuiteExecutor.java:141)
	at com.kms.katalon.core.main.TestSuiteExecutor.execute(TestSuiteExecutor.java:90)
	at com.kms.katalon.core.main.TestCaseMain.startTestSuite(TestCaseMain.java:157)
	at com.kms.katalon.core.main.TestCaseMain$startTestSuite$0.call(Unknown Source)
	at TempTestSuite1608235697404.run(TempTestSuite1608235697404.groovy:39)
Caused by: java.lang.NullPointerException: No format for key faıled
	at cucumber.runtime.formatter.AnsiFormats.get(AnsiFormats.java:51)
	at cucumber.runtime.Stats.printScenarios(Stats.java:170)
	at cucumber.runtime.Stats.printNonZeroResultScenarios(Stats.java:161)
	at cucumber.runtime.Stats.printStats(Stats.java:107)
	at cucumber.runtime.DefaultSummaryPrinter.printStats(DefaultSummaryPrinter.java:34)
	at cucumber.runtime.DefaultSummaryPrinter.print(DefaultSummaryPrinter.java:27)
	at cucumber.runtime.DefaultSummaryPrinter.access$000(DefaultSummaryPrinter.java:14)
	at cucumber.runtime.DefaultSummaryPrinter$1.receive(DefaultSummaryPrinter.java:63)
	at cucumber.runtime.DefaultSummaryPrinter$1.receive(DefaultSummaryPrinter.java:60)
	at cucumber.runner.EventBus.send(EventBus.java:28)
	at cucumber.runtime.Runtime.run(Runtime.java:109)
	at cucumber.api.cli.Main.run(Main.java:35)
	at cucumber.api.cli.Main$run.call(Unknown Source)
	at com.kms.katalon.core.cucumber.keyword.CucumberBuiltinKeywords$_runFeatureFile_closure1.doCall(CucumberBuiltinKeywords.groovy:76)
	at com.kms.katalon.core.cucumber.keyword.CucumberBuiltinKeywords$_runFeatureFile_closure1.doCall(CucumberBuiltinKeywords.groovy)
	at com.kms.katalon.core.keyword.internal.KeywordMain.runKeyword(KeywordMain.groovy:68)
	... 19 more
"/>
         <system-out><![CDATA[2020-12-17 23:08:36 - [TEST_CASE][FAILED] - Test Cases/Case Repository/Ayarlar/Araclar/Firma Bilgileri/Firma Bilgileri: Test Cases/Case Repository/Ayarlar/Araclar/Firma Bilgileri/Firma Bilgileri FAILED.
Reason:
com.kms.katalon.core.exception.StepFailedException: Keyword runFeatureFile was failed (Root cause: java.lang.NullPointerException: No format for key faıled
	at cucumber.runtime.formatter.AnsiFormats.get(AnsiFormats.java:51)
	at cucumber.runtime.Stats.printScenarios(Stats.java:170)
	at cucumber.runtime.Stats.printNonZeroResultScenarios(Stats.java:161)
	at cucumber.runtime.Stats.printStats(Stats.java:107)
	at cucumber.runtime.DefaultSummaryPrinter.printStats(DefaultSummaryPrinter.java:34)
	at cucumber.runtime.DefaultSummaryPrinter.print(DefaultSummaryPrinter.java:27)
	at cucumber.runtime.DefaultSummaryPrinter.access$000(DefaultSummaryPrinter.java:14)
	at cucumber.runtime.DefaultSummaryPrinter$1.receive(DefaultSummaryPrinter.java:63)
	at cucumber.runtime.DefaultSummaryPrinter$1.receive(DefaultSummaryPrinter.java:60)
	at cucumber.runner.EventBus.send(EventBus.java:28)
	at cucumber.runtime.Runtime.run(Runtime.java:109)
	at cucumber.api.cli.Main.run(Main.java:35)
	at cucumber.api.cli.Main$run.call(Unknown Source)
	at com.kms.katalon.core.cucumber.keyword.CucumberBuiltinKeywords$_runFeatureFile_closure1.doCall(CucumberBuiltinKeywords.groovy:76)
	at com.kms.katalon.core.cucumber.keyword.CucumberBuiltinKeywords$_runFeatureFile_closure1.doCall(CucumberBuiltinKeywords.groovy)
	at com.kms.katalon.core.keyword.internal.KeywordMain.runKeyword(KeywordMain.groovy:68)
	at com.kms.katalon.core.keyword.internal.KeywordMain$runKeyword.call(Unknown Source)
	at com.kms.katalon.core.cucumber.keyword.CucumberBuiltinKeywords.runFeatureFile(CucumberBuiltinKeywords.groovy:46)
	at com.kms.katalon.core.cucumber.keyword.CucumberBuiltinKeywords$runFeatureFile$0.callStatic(Unknown Source)
	at com.kms.katalon.core.cucumber.keyword.CucumberBuiltinKeywords.runFeatureFile(CucumberBuiltinKeywords.groovy:169)
	at com.kms.katalon.core.cucumber.keyword.CucumberBuiltinKeywords$runFeatureFile.call(Unknown Source)
	at Firma Bilgileri.run(Firma Bilgileri:19)
	at com.kms.katalon.core.main.ScriptEngine.run(ScriptEngine.java:194)
	at com.kms.katalon.core.main.ScriptEngine.runScriptAsRawText(ScriptEngine.java:119)
	at com.kms.katalon.core.main.TestCaseExecutor.runScript(TestCaseExecutor.java:339)
	at com.kms.katalon.core.main.TestCaseExecutor.doExecute(TestCaseExecutor.java:330)
	at com.kms.katalon.core.main.TestCaseExecutor.processExecutionPhase(TestCaseExecutor.java:309)
	at com.kms.katalon.core.main.TestCaseExecutor.accessMainPhase(TestCaseExecutor.java:301)
	at com.kms.katalon.core.main.TestCaseExecutor.execute(TestCaseExecutor.java:235)
	at com.kms.katalon.core.main.TestSuiteExecutor.accessTestCaseMainPhase(TestSuiteExecutor.java:191)
	at com.kms.katalon.core.main.TestSuiteExecutor.accessTestSuiteMainPhase(TestSuiteExecutor.java:141)
	at com.kms.katalon.core.main.TestSuiteExecutor.execute(TestSuiteExecutor.java:90)
	at com.kms.katalon.core.main.TestCaseMain.startTestSuite(TestCaseMain.java:157)
	at com.kms.katalon.core.main.TestCaseMain$startTestSuite$0.call(Unknown Source)
	at TempTestSuite1608235697404.run(TempTestSuite1608235697404.groovy:39)
)
	at com.kms.katalon.core.keyword.internal.KeywordMain.stepFailed(KeywordMain.groovy:50)
	at com.kms.katalon.core.keyword.internal.KeywordMain.stepFailed(KeywordMain.groovy)
	at com.kms.katalon.core.keyword.internal.KeywordMain.runKeyword(KeywordMain.groovy:70)
	at com.kms.katalon.core.keyword.internal.KeywordMain$runKeyword.call(Unknown Source)
	at com.kms.katalon.core.cucumber.keyword.CucumberBuiltinKeywords.runFeatureFile(CucumberBuiltinKeywords.groovy:46)
	at com.kms.katalon.core.cucumber.keyword.CucumberBuiltinKeywords$runFeatureFile$0.callStatic(Unknown Source)
	at com.kms.katalon.core.cucumber.keyword.CucumberBuiltinKeywords.runFeatureFile(CucumberBuiltinKeywords.groovy:169)
	at com.kms.katalon.core.cucumber.keyword.CucumberBuiltinKeywords$runFeatureFile.call(Unknown Source)
	at Firma Bilgileri.run(Firma Bilgileri:19)
	at com.kms.katalon.core.main.ScriptEngine.run(ScriptEngine.java:194)
	at com.kms.katalon.core.main.ScriptEngine.runScriptAsRawText(ScriptEngine.java:119)
	at com.kms.katalon.core.main.TestCaseExecutor.runScript(TestCaseExecutor.java:339)
	at com.kms.katalon.core.main.TestCaseExecutor.doExecute(TestCaseExecutor.java:330)
	at com.kms.katalon.core.main.TestCaseExecutor.processExecutionPhase(TestCaseExecutor.java:309)
	at com.kms.katalon.core.main.TestCaseExecutor.accessMainPhase(TestCaseExecutor.java:301)
	at com.kms.katalon.core.main.TestCaseExecutor.execute(TestCaseExecutor.java:235)
	at com.kms.katalon.core.main.TestSuiteExecutor.accessTestCaseMainPhase(TestSuiteExecutor.java:191)
	at com.kms.katalon.core.main.TestSuiteExecutor.accessTestSuiteMainPhase(TestSuiteExecutor.java:141)
	at com.kms.katalon.core.main.TestSuiteExecutor.execute(TestSuiteExecutor.java:90)
	at com.kms.katalon.core.main.TestCaseMain.startTestSuite(TestCaseMain.java:157)
	at com.kms.katalon.core.main.TestCaseMain$startTestSuite$0.call(Unknown Source)
	at TempTestSuite1608235697404.run(TempTestSuite1608235697404.groovy:39)
Caused by: java.lang.NullPointerException: No format for key faıled
	at cucumber.runtime.formatter.AnsiFormats.get(AnsiFormats.java:51)
	at cucumber.runtime.Stats.printScenarios(Stats.java:170)
	at cucumber.runtime.Stats.printNonZeroResultScenarios(Stats.java:161)
	at cucumber.runtime.Stats.printStats(Stats.java:107)
	at cucumber.runtime.DefaultSummaryPrinter.printStats(DefaultSummaryPrinter.java:34)
	at cucumber.runtime.DefaultSummaryPrinter.print(DefaultSummaryPrinter.java:27)
	at cucumber.runtime.DefaultSummaryPrinter.access$000(DefaultSummaryPrinter.java:14)
	at cucumber.runtime.DefaultSummaryPrinter$1.receive(DefaultSummaryPrinter.java:63)
	at cucumber.runtime.DefaultSummaryPrinter$1.receive(DefaultSummaryPrinter.java:60)
	at cucumber.runner.EventBus.send(EventBus.java:28)
	at cucumber.runtime.Runtime.run(Runtime.java:109)
	at cucumber.api.cli.Main.run(Main.java:35)
	at cucumber.api.cli.Main$run.call(Unknown Source)
	at com.kms.katalon.core.cucumber.keyword.CucumberBuiltinKeywords$_runFeatureFile_closure1.doCall(CucumberBuiltinKeywords.groovy:76)
	at com.kms.katalon.core.cucumber.keyword.CucumberBuiltinKeywords$_runFeatureFile_closure1.doCall(CucumberBuiltinKeywords.groovy)
	at com.kms.katalon.core.keyword.internal.KeywordMain.runKeyword(KeywordMain.groovy:68)
	... 19 more


2020-12-17 23:08:36 - [TEST_STEP][PASSED] - Start listener action : sampleBeforeTestSuite: Invoke 'com.kms.katalon.core.annotation.BeforeTestCase' method: 'Listener.sampleBeforeTestSuite(...)' completed.

2020-12-17 23:08:36 - [MESSAGE][INFO] - Starting invoke 'com.kms.katalon.core.annotation.BeforeTestCase' method: 'Listener.sampleBeforeTestSuite(...)'

2020-12-17 23:08:36 - [TEST_STEP][PASSED] - Method.dosyalariSil("C:\otomasyondownfiles"): Method.dosyalariSil is PASSED

2020-12-17 23:08:36 - [MESSAGE][PASSED] - Method.dosyalariSil is PASSED

2020-12-17 23:08:36 - [TEST_STEP][PASSED] - openBrowser(baseUrl): Browser is opened with url: 'https://efatura-stage.elogo.com.tr/'

2020-12-17 23:08:38 - [MESSAGE][INFO] - Opening browser

2020-12-17 23:08:38 - [MESSAGE][INFO] - Starting 'Chrome' driver

2020-12-17 23:08:38 - [MESSAGE][INFO] - User set preference: ['prefs', '{download.default_directory=C:\otomasyondownfiles}']

2020-12-17 23:08:38 - [MESSAGE][INFO] - Action delay is set to 0 milliseconds

2020-12-17 23:08:44 - [MESSAGE][INFO] - Navigating browser to: 'https://efatura-stage.elogo.com.tr/'

2020-12-17 23:08:48 - [MESSAGE][PASSED] - Browser is opened with url: 'https://efatura-stage.elogo.com.tr/'

2020-12-17 23:08:48 - [TEST_STEP][PASSED] - maximizeWindow(): Invoke 'com.kms.katalon.core.annotation.BeforeTestCase' method: 'Listener.sampleBeforeTestSuite(...)' completed.

2020-12-17 23:08:48 - [MESSAGE][INFO] - Maximizing current window

2020-12-17 23:08:50 - [MESSAGE][PASSED] - Current window maximized

2020-12-17 23:08:50 - [MESSAGE][INFO] - Invoke 'com.kms.katalon.core.annotation.BeforeTestCase' method: 'Listener.sampleBeforeTestSuite(...)' completed.

2020-12-17 23:08:51 - [TEST_STEP][FAILED] - runFeatureFile("Include/features/Ayarlar/Araclar/Firma Bilgileri/Firma Bilgileri.feature"): Keyword runFeatureFile was failed (Root cause: java.lang.NullPointerException: No format for key faıled
	at cucumber.runtime.formatter.AnsiFormats.get(AnsiFormats.java:51)
	at cucumber.runtime.Stats.printScenarios(Stats.java:170)
	at cucumber.runtime.Stats.printNonZeroResultScenarios(Stats.java:161)
	at cucumber.runtime.Stats.printStats(Stats.java:107)
	at cucumber.runtime.DefaultSummaryPrinter.printStats(DefaultSummaryPrinter.java:34)
	at cucumber.runtime.DefaultSummaryPrinter.print(DefaultSummaryPrinter.java:27)
	at cucumber.runtime.DefaultSummaryPrinter.access$000(DefaultSummaryPrinter.java:14)
	at cucumber.runtime.DefaultSummaryPrinter$1.receive(DefaultSummaryPrinter.java:63)
	at cucumber.runtime.DefaultSummaryPrinter$1.receive(DefaultSummaryPrinter.java:60)
	at cucumber.runner.EventBus.send(EventBus.java:28)
	at cucumber.runtime.Runtime.run(Runtime.java:109)
	at cucumber.api.cli.Main.run(Main.java:35)
	at cucumber.api.cli.Main$run.call(Unknown Source)
	at com.kms.katalon.core.cucumber.keyword.CucumberBuiltinKeywords$_runFeatureFile_closure1.doCall(CucumberBuiltinKeywords.groovy:76)
	at com.kms.katalon.core.cucumber.keyword.CucumberBuiltinKeywords$_runFeatureFile_closure1.doCall(CucumberBuiltinKeywords.groovy)
	at com.kms.katalon.core.keyword.internal.KeywordMain.runKeyword(KeywordMain.groovy:68)
	at com.kms.katalon.core.keyword.internal.KeywordMain$runKeyword.call(Unknown Source)
	at com.kms.katalon.core.cucumber.keyword.CucumberBuiltinKeywords.runFeatureFile(CucumberBuiltinKeywords.groovy:46)
	at com.kms.katalon.core.cucumber.keyword.CucumberBuiltinKeywords$runFeatureFile$0.callStatic(Unknown Source)
	at com.kms.katalon.core.cucumber.keyword.CucumberBuiltinKeywords.runFeatureFile(CucumberBuiltinKeywords.groovy:169)
	at com.kms.katalon.core.cucumber.keyword.CucumberBuiltinKeywords$runFeatureFile.call(Unknown Source)
	at Firma Bilgileri.run(Firma Bilgileri:19)
	at com.kms.katalon.core.main.ScriptEngine.run(ScriptEngine.java:194)
	at com.kms.katalon.core.main.ScriptEngine.runScriptAsRawText(ScriptEngine.java:119)
	at com.kms.katalon.core.main.TestCaseExecutor.runScript(TestCaseExecutor.java:339)
	at com.kms.katalon.core.main.TestCaseExecutor.doExecute(TestCaseExecutor.java:330)
	at com.kms.katalon.core.main.TestCaseExecutor.processExecutionPhase(TestCaseExecutor.java:309)
	at com.kms.katalon.core.main.TestCaseExecutor.accessMainPhase(TestCaseExecutor.java:301)
	at com.kms.katalon.core.main.TestCaseExecutor.execute(TestCaseExecutor.java:235)
	at com.kms.katalon.core.main.TestSuiteExecutor.accessTestCaseMainPhase(TestSuiteExecutor.java:191)
	at com.kms.katalon.core.main.TestSuiteExecutor.accessTestSuiteMainPhase(TestSuiteExecutor.java:141)
	at com.kms.katalon.core.main.TestSuiteExecutor.execute(TestSuiteExecutor.java:90)
	at com.kms.katalon.core.main.TestCaseMain.startTestSuite(TestCaseMain.java:157)
	at com.kms.katalon.core.main.TestCaseMain$startTestSuite$0.call(Unknown Source)
	at TempTestSuite1608235697404.run(TempTestSuite1608235697404.groovy:39)
)

2020-12-17 23:08:51 - [MESSAGE][INFO] - Starting run keyword runFeatureFile: 'Include/features/Ayarlar/Araclar/Firma Bilgileri/Firma Bilgileri.feature' and extract report to folder: 'C:\Users\yigit\Documents\GitHub\eesekim\Reports\20201217_230810\_Suite Repository ( Deneysel )\Ayarlar\Araclar\Firma Bilgileri\Firma Bilgileri\20201217_230817/cucumber_report/1608235731091'...

2020-12-17 23:08:52 - [TEST_CASE][ERROR] - Start Test Case : SCENARIO Firma Bilgileri: SCENARIO Firma Bilgileri FAILED.
Reason:
com.kms.katalon.core.exception.StepErrorException: Call Test Case 'Test Cases/Kullanici_Islemleri/KullaniciIslemlerindenSecimYapilir' failed because of error(s)
	at com.kms.katalon.core.keyword.builtin.CallTestCaseKeyword$_callTestCase_closure1.doCall(CallTestCaseKeyword.groovy:66)
	at com.kms.katalon.core.keyword.builtin.CallTestCaseKeyword$_callTestCase_closure1.call(CallTestCaseKeyword.groovy)
	at com.kms.katalon.core.keyword.internal.KeywordMain.runKeyword(KeywordMain.groovy:68)
	at com.kms.katalon.core.keyword.builtin.CallTestCaseKeyword.callTestCase(CallTestCaseKeyword.groovy:81)
	at com.kms.katalon.core.keyword.builtin.CallTestCaseKeyword.execute(CallTestCaseKeyword.groovy:44)
	at com.kms.katalon.core.keyword.internal.KeywordExecutor.executeKeywordForPlatform(KeywordExecutor.groovy:73)
	at com.kms.katalon.core.keyword.BuiltinKeywords.callTestCase(BuiltinKeywords.groovy:334)
	at kullaniciIslemleri.kullaniciIslemleri.kullaniciIslemi(kullaniciIslemleri.groovy:50)
	at ✽.Kullanıcı işlemlerinden Çıkış seçilir(C:/Users/yigit/Documents/GitHub/eesekim/Include/features/Ayarlar/Araclar/Firma Bilgileri/Firma Bilgileri.feature:7)
Caused by: org.codehaus.groovy.runtime.InvokerInvocationException: Assertion failed: 

assert a
       |
       false

	at Method.invokeMethod(Method.groovy)
	at com.kms.katalon.core.main.CustomKeywordDelegatingMetaClass.invokeStaticMethod(CustomKeywordDelegatingMetaClass.java:50)
	at KullaniciIslemlerindenSecimYapilir.run(KullaniciIslemlerindenSecimYapilir:23)
	at com.kms.katalon.core.main.ScriptEngine.run(ScriptEngine.java:194)
	at com.kms.katalon.core.main.ScriptEngine.runScriptAsRawText(ScriptEngine.java:119)
	at com.kms.katalon.core.main.TestCaseExecutor.runScript(TestCaseExecutor.java:339)
	at com.kms.katalon.core.main.TestCaseExecutor.doExecute(TestCaseExecutor.java:330)
	at com.kms.katalon.core.main.TestCaseExecutor.processExecutionPhase(TestCaseExecutor.java:309)
	at com.kms.katalon.core.main.TestCaseExecutor.accessMainPhase(TestCaseExecutor.java:301)
	at com.kms.katalon.core.main.TestCaseExecutor.execute(TestCaseExecutor.java:235)
	at com.kms.katalon.core.main.TestCaseMain.runTestCase(TestCaseMain.java:114)
	at com.kms.katalon.core.keyword.builtin.CallTestCaseKeyword$_callTestCase_closure1.doCall(CallTestCaseKeyword.groovy:59)
	at com.kms.katalon.core.keyword.builtin.CallTestCaseKeyword$_callTestCase_closure1.call(CallTestCaseKeyword.groovy)
	at com.kms.katalon.core.keyword.internal.KeywordMain.runKeyword(KeywordMain.groovy:68)
	at com.kms.katalon.core.keyword.builtin.CallTestCaseKeyword.callTestCase(CallTestCaseKeyword.groovy:81)
	at com.kms.katalon.core.keyword.builtin.CallTestCaseKeyword.execute(CallTestCaseKeyword.groovy:44)
	at com.kms.katalon.core.keyword.internal.KeywordExecutor.executeKeywordForPlatform(KeywordExecutor.groovy:73)
	at com.kms.katalon.core.keyword.BuiltinKeywords.callTestCase(BuiltinKeywords.groovy:334)
	at kullaniciIslemleri.kullaniciIslemleri.kullaniciIslemi(kullaniciIslemleri.groovy:50)
	at cucumber.runtime.Utils$1.call(Utils.java:26)
	at cucumber.runtime.Timeout.timeout(Timeout.java:16)
	at cucumber.runtime.Utils.invoke(Utils.java:20)
	at cucumber.runtime.java.JavaStepDefinition.execute(JavaStepDefinition.java:48)
	at cucumber.runtime.PickleStepDefinitionMatch.runStep(PickleStepDefinitionMatch.java:50)
	at cucumber.runner.TestStep.executeStep(TestStep.java:55)
	at cucumber.runner.TestStep.run(TestStep.java:42)
	at cucumber.runner.PickleStepTestStep.run(PickleStepTestStep.java:53)
	at cucumber.runner.TestCase.run(TestCase.java:47)
	at cucumber.runner.Runner.runPickle(Runner.java:44)
	at cucumber.runtime.Runtime.runFeature(Runtime.java:120)
	at cucumber.runtime.Runtime.run(Runtime.java:106)
	at cucumber.api.cli.Main.run(Main.java:35)
	at cucumber.api.cli.Main$run.call(Unknown Source)
	at com.kms.katalon.core.cucumber.keyword.CucumberBuiltinKeywords$_runFeatureFile_closure1.doCall(CucumberBuiltinKeywords.groovy:76)
	at com.kms.katalon.core.cucumber.keyword.CucumberBuiltinKeywords$_runFeatureFile_closure1.doCall(CucumberBuiltinKeywords.groovy)
	at com.kms.katalon.core.keyword.internal.KeywordMain.runKeyword(KeywordMain.groovy:68)
	at com.kms.katalon.core.keyword.internal.KeywordMain$runKeyword.call(Unknown Source)
	at com.kms.katalon.core.cucumber.keyword.CucumberBuiltinKeywords.runFeatureFile(CucumberBuiltinKeywords.groovy:46)
	at com.kms.katalon.core.cucumber.keyword.CucumberBuiltinKeywords$runFeatureFile$0.callStatic(Unknown Source)
	at com.kms.katalon.core.cucumber.keyword.CucumberBuiltinKeywords.runFeatureFile(CucumberBuiltinKeywords.groovy:169)
	at com.kms.katalon.core.cucumber.keyword.CucumberBuiltinKeywords$runFeatureFile.call(Unknown Source)
	at Firma Bilgileri.run(Firma Bilgileri:19)
	at com.kms.katalon.core.main.ScriptEngine.run(ScriptEngine.java:194)
	at com.kms.katalon.core.main.ScriptEngine.runScriptAsRawText(ScriptEngine.java:119)
	at com.kms.katalon.core.main.TestCaseExecutor.runScript(TestCaseExecutor.java:339)
	at com.kms.katalon.core.main.TestCaseExecutor.doExecute(TestCaseExecutor.java:330)
	at com.kms.katalon.core.main.TestCaseExecutor.processExecutionPhase(TestCaseExecutor.java:309)
	at com.kms.katalon.core.main.TestCaseExecutor.accessMainPhase(TestCaseExecutor.java:301)
	at com.kms.katalon.core.main.TestCaseExecutor.execute(TestCaseExecutor.java:235)
	at com.kms.katalon.core.main.TestSuiteExecutor.accessTestCaseMainPhase(TestSuiteExecutor.java:191)
	at com.kms.katalon.core.main.TestSuiteExecutor.accessTestSuiteMainPhase(TestSuiteExecutor.java:141)
	at com.kms.katalon.core.main.TestSuiteExecutor.execute(TestSuiteExecutor.java:90)
	at com.kms.katalon.core.main.TestCaseMain.startTestSuite(TestCaseMain.java:157)
	at com.kms.katalon.core.main.TestCaseMain$startTestSuite$0.call(Unknown Source)
	at TempTestSuite1608235697404.run(TempTestSuite1608235697404.groovy:39)
Caused by: Assertion failed: 

assert a
       |
       false

	at Method.TextDegerineEsitElementeTikla(Method.groovy:76)
	... 55 more


2020-12-17 23:08:52 - [TEST_STEP][PASSED] - Kullanıcı adı ELOGOGIB ve Şifre 123456 olarak giriş yapılır: Kullanıcı adı ELOGOGIB ve Şifre 123456 olarak giriş yapılır

2020-12-17 23:08:52 - [MESSAGE][INFO] - Checking called Test Case

2020-12-17 23:08:52 - [MESSAGE][INFO] - Starting to call Test Case 'Test Cases/Sayfalar/Giris_Sayfasi/Login'

2020-12-17 23:08:52 - [TEST_CASE][PASSED] - Test Cases/Sayfalar/Giris_Sayfasi/Login: Test Cases/Sayfalar/Giris_Sayfasi/Login

2020-12-17 23:08:53 - [TEST_STEP][PASSED] - Sayfa_Basligi = getWindowTitle(): Current window's title is: 'LOGO e-Fatura'

2020-12-17 23:08:53 - [MESSAGE][INFO] - Getting current window's title

2020-12-17 23:08:53 - [MESSAGE][PASSED] - Current window's title is: 'LOGO e-Fatura'

2020-12-17 23:08:53 - [TEST_STEP][PASSED] - verifyMatch(Sayfa_Basligi, "LOGO e-Fatura", false): Actual text 'LOGO e-Fatura' and expected text 'LOGO e-Fatura' are matched 

2020-12-17 23:08:53 - [MESSAGE][INFO] - Matching actual text 'LOGO e-Fatura' with expected text 'LOGO e-Fatura'

2020-12-17 23:08:53 - [MESSAGE][PASSED] - Actual text 'LOGO e-Fatura' and expected text 'LOGO e-Fatura' are matched 

2020-12-17 23:08:53 - [TEST_STEP][PASSED] - if (waitForElementPresent(findTestObject("Object Repository/Sayfalar/Giris_Sayfasi/PopupCarpiGiris"), 5, OPTIONAL)): Object 'Object Repository/Sayfalar/Giris_Sayfasi/PopupCarpiGiris' is not present after 5 second(s)

2020-12-17 23:08:53 - [MESSAGE][INFO] - Finding Test Object 'Object Repository/Sayfalar/Giris_Sayfasi/PopupCarpiGiris'

2020-12-17 23:08:53 - [MESSAGE][INFO] - Checking object

2020-12-17 23:08:53 - [MESSAGE][INFO] - Finding web element from Test Object's properties

2020-12-17 23:08:53 - [MESSAGE][INFO] - Checking timeout

2020-12-17 23:08:53 - [MESSAGE][INFO] - Finding web element with id: 'Object Repository/Sayfalar/Giris_Sayfasi/PopupCarpiGiris' located by 'By.cssSelector: .bootbox-close-button.close' in '5' second(s)

2020-12-17 23:08:53 - [MESSAGE][INFO] - Smart Wait Function is triggered

2020-12-17 23:08:55 - [MESSAGE][INFO] - Smart Wait Function is triggered

2020-12-17 23:08:57 - [MESSAGE][INFO] - Smart Wait Function is triggered

2020-12-17 23:08:59 - [MESSAGE][INFO] - Unable to find the element located by 'By.cssSelector: .bootbox-close-button.close'. Please recheck the objects properties to make sure the desired element is located. 

2020-12-17 23:08:59 - [MESSAGE][WARNING] - [SELF-HEALING] Failed to find element with id 'Object Repository/Sayfalar/Giris_Sayfasi/PopupCarpiGiris'. Try using Self-healing.

2020-12-17 23:08:59 - [MESSAGE][WARNING] - [SELF-HEALING] Cannot find elements when the XPath is null.

2020-12-17 23:08:59 - [MESSAGE][WARNING] - [SELF-HEALING] Cannot find elements when the selector is null

2020-12-17 23:08:59 - [MESSAGE][WARNING] - Object 'Object Repository/Sayfalar/Giris_Sayfasi/PopupCarpiGiris' is not present after 5 second(s)

2020-12-17 23:08:59 - [TEST_STEP][PASSED] - sendKeys(findTestObject("Sayfalar/Giris_Sayfasi/Firma_Kodu"), KullaniciAdi): Keys 'ELOGOGIB' sent to object: 'Object Repository/Sayfalar/Giris_Sayfasi/Firma_Kodu'

2020-12-17 23:08:59 - [MESSAGE][INFO] - Finding Test Object 'Object Repository/Sayfalar/Giris_Sayfasi/Firma_Kodu'

2020-12-17 23:08:59 - [MESSAGE][INFO] - Sending keys 'ELOGOGIB' to object: 'Object Repository/Sayfalar/Giris_Sayfasi/Firma_Kodu'

2020-12-17 23:08:59 - [MESSAGE][INFO] - Finding web element from Test Object's properties

2020-12-17 23:08:59 - [MESSAGE][INFO] - Checking timeout

2020-12-17 23:08:59 - [MESSAGE][INFO] - Finding web element with id: 'Object Repository/Sayfalar/Giris_Sayfasi/Firma_Kodu' located by 'By.xpath: //*[@id = 'AccountName']' in '30' second(s)

2020-12-17 23:08:59 - [MESSAGE][INFO] - Smart Wait Function is triggered

2020-12-17 23:09:01 - [MESSAGE][INFO] - Found 1 web elements with id: 'Object Repository/Sayfalar/Giris_Sayfasi/Firma_Kodu' located by 'By.xpath: //*[@id = 'AccountName']' in '30' second(s)

2020-12-17 23:09:01 - [MESSAGE][PASSED] - Keys 'ELOGOGIB' sent to object: 'Object Repository/Sayfalar/Giris_Sayfasi/Firma_Kodu'

2020-12-17 23:09:01 - [TEST_STEP][PASSED] - sendKeys(findTestObject("Sayfalar/Giris_Sayfasi/Sifre"), Sifre): Keys '123456' sent to object: 'Object Repository/Sayfalar/Giris_Sayfasi/Sifre'

2020-12-17 23:09:01 - [MESSAGE][INFO] - Finding Test Object 'Object Repository/Sayfalar/Giris_Sayfasi/Sifre'

2020-12-17 23:09:01 - [MESSAGE][INFO] - Sending keys '123456' to object: 'Object Repository/Sayfalar/Giris_Sayfasi/Sifre'

2020-12-17 23:09:01 - [MESSAGE][INFO] - Finding web element from Test Object's properties

2020-12-17 23:09:01 - [MESSAGE][INFO] - Checking timeout

2020-12-17 23:09:01 - [MESSAGE][INFO] - Finding web element with id: 'Object Repository/Sayfalar/Giris_Sayfasi/Sifre' located by 'By.xpath: //*[@id = 'Password']' in '30' second(s)

2020-12-17 23:09:01 - [MESSAGE][INFO] - Smart Wait Function is triggered

2020-12-17 23:09:03 - [MESSAGE][INFO] - Found 2 web elements with id: 'Object Repository/Sayfalar/Giris_Sayfasi/Sifre' located by 'By.xpath: //*[@id = 'Password']' in '30' second(s)

2020-12-17 23:09:03 - [MESSAGE][PASSED] - Keys '123456' sent to object: 'Object Repository/Sayfalar/Giris_Sayfasi/Sifre'

2020-12-17 23:09:03 - [TEST_STEP][PASSED] - waitForElementClickable(findTestObject("Sayfalar/Giris_Sayfasi/Giris_Butonu"), Waits): Object 'Object Repository/Sayfalar/Giris_Sayfasi/Giris_Butonu' is clickable

2020-12-17 23:09:03 - [MESSAGE][INFO] - Finding Test Object 'Object Repository/Sayfalar/Giris_Sayfasi/Giris_Butonu'

2020-12-17 23:09:03 - [MESSAGE][INFO] - Checking object

2020-12-17 23:09:03 - [MESSAGE][INFO] - Checking timeout

2020-12-17 23:09:03 - [MESSAGE][INFO] - Finding web element from Test Object's properties

2020-12-17 23:09:03 - [MESSAGE][INFO] - Checking timeout

2020-12-17 23:09:03 - [MESSAGE][INFO] - Finding web element with id: 'Object Repository/Sayfalar/Giris_Sayfasi/Giris_Butonu' located by 'By.xpath: //*[@id = 'btnLogin']' in '10' second(s)

2020-12-17 23:09:03 - [MESSAGE][INFO] - Smart Wait Function is triggered

2020-12-17 23:09:05 - [MESSAGE][INFO] - Found 1 web elements with id: 'Object Repository/Sayfalar/Giris_Sayfasi/Giris_Butonu' located by 'By.xpath: //*[@id = 'btnLogin']' in '10' second(s)

2020-12-17 23:09:05 - [MESSAGE][PASSED] - Object 'Object Repository/Sayfalar/Giris_Sayfasi/Giris_Butonu' is clickable

2020-12-17 23:09:05 - [TEST_STEP][PASSED] - click(findTestObject("Sayfalar/Giris_Sayfasi/Giris_Butonu")): Object: 'Object Repository/Sayfalar/Giris_Sayfasi/Giris_Butonu' is clicked on

2020-12-17 23:09:05 - [MESSAGE][INFO] - Finding Test Object 'Object Repository/Sayfalar/Giris_Sayfasi/Giris_Butonu'

2020-12-17 23:09:05 - [MESSAGE][INFO] - Checking object

2020-12-17 23:09:05 - [MESSAGE][INFO] - Finding web element from Test Object's properties

2020-12-17 23:09:05 - [MESSAGE][INFO] - Checking timeout

2020-12-17 23:09:05 - [MESSAGE][INFO] - Finding web element with id: 'Object Repository/Sayfalar/Giris_Sayfasi/Giris_Butonu' located by 'By.xpath: //*[@id = 'btnLogin']' in '30' second(s)

2020-12-17 23:09:05 - [MESSAGE][INFO] - Smart Wait Function is triggered

2020-12-17 23:09:07 - [MESSAGE][INFO] - Found 1 web elements with id: 'Object Repository/Sayfalar/Giris_Sayfasi/Giris_Butonu' located by 'By.xpath: //*[@id = 'btnLogin']' in '30' second(s)

2020-12-17 23:09:07 - [MESSAGE][INFO] - Clicking on object: 'Object Repository/Sayfalar/Giris_Sayfasi/Giris_Butonu'

2020-12-17 23:09:09 - [MESSAGE][PASSED] - Object: 'Object Repository/Sayfalar/Giris_Sayfasi/Giris_Butonu' is clicked on

2020-12-17 23:09:09 - [TEST_STEP][PASSED] - if (verifyElementPresent(findTestObject("Sayfalar/Giris_Sayfasi/PopupOK"), 5, OPTIONAL)): Object: 'Object Repository/Sayfalar/Giris_Sayfasi/PopupOK' is clicked on

2020-12-17 23:09:09 - [MESSAGE][INFO] - Finding Test Object 'Object Repository/Sayfalar/Giris_Sayfasi/PopupOK'

2020-12-17 23:09:09 - [MESSAGE][INFO] - Checking object

2020-12-17 23:09:09 - [MESSAGE][INFO] - Finding web element from Test Object's properties

2020-12-17 23:09:09 - [MESSAGE][INFO] - Checking timeout

2020-12-17 23:09:09 - [MESSAGE][INFO] - Finding web element with id: 'Object Repository/Sayfalar/Giris_Sayfasi/PopupOK' located by 'By.cssSelector: .btn.btn-success' in '5' second(s)

2020-12-17 23:09:09 - [MESSAGE][INFO] - Smart Wait Function is triggered

2020-12-17 23:09:11 - [MESSAGE][INFO] - Found 1 web elements with id: 'Object Repository/Sayfalar/Giris_Sayfasi/PopupOK' located by 'By.cssSelector: .btn.btn-success' in '5' second(s)

2020-12-17 23:09:11 - [MESSAGE][PASSED] - Object 'Object Repository/Sayfalar/Giris_Sayfasi/PopupOK' is present

2020-12-17 23:09:11 - [TEST_STEP][PASSED] - click(findTestObject("Sayfalar/Giris_Sayfasi/PopupOK")): Object: 'Object Repository/Sayfalar/Giris_Sayfasi/PopupOK' is clicked on

2020-12-17 23:09:11 - [MESSAGE][INFO] - Finding Test Object 'Object Repository/Sayfalar/Giris_Sayfasi/PopupOK'

2020-12-17 23:09:11 - [MESSAGE][INFO] - Checking object

2020-12-17 23:09:11 - [MESSAGE][INFO] - Finding web element from Test Object's properties

2020-12-17 23:09:11 - [MESSAGE][INFO] - Checking timeout

2020-12-17 23:09:11 - [MESSAGE][INFO] - Finding web element with id: 'Object Repository/Sayfalar/Giris_Sayfasi/PopupOK' located by 'By.cssSelector: .btn.btn-success' in '30' second(s)

2020-12-17 23:09:11 - [MESSAGE][INFO] - Smart Wait Function is triggered

2020-12-17 23:09:13 - [MESSAGE][INFO] - Found 1 web elements with id: 'Object Repository/Sayfalar/Giris_Sayfasi/PopupOK' located by 'By.cssSelector: .btn.btn-success' in '30' second(s)

2020-12-17 23:09:13 - [MESSAGE][INFO] - Clicking on object: 'Object Repository/Sayfalar/Giris_Sayfasi/PopupOK'

2020-12-17 23:09:13 - [MESSAGE][PASSED] - Object: 'Object Repository/Sayfalar/Giris_Sayfasi/PopupOK' is clicked on

2020-12-17 23:09:13 - [TEST_STEP][PASSED] - verifyElementVisible(findTestObject("Object Repository/Kullanici_Islemleri/KullaniciIslemleri")): Object 'Object Repository/Kullanici_Islemleri/KullaniciIslemleri' is visible

2020-12-17 23:09:13 - [MESSAGE][INFO] - Finding Test Object 'Object Repository/Kullanici_Islemleri/KullaniciIslemleri'

2020-12-17 23:09:13 - [MESSAGE][INFO] - Checking object

2020-12-17 23:09:13 - [MESSAGE][INFO] - Finding web element from Test Object's properties

2020-12-17 23:09:13 - [MESSAGE][INFO] - Checking timeout

2020-12-17 23:09:13 - [MESSAGE][INFO] - Finding web element with id: 'Object Repository/Kullanici_Islemleri/KullaniciIslemleri' located by 'By.cssSelector: .dropdown>a>img' in '30' second(s)

2020-12-17 23:09:13 - [MESSAGE][INFO] - Smart Wait Function is triggered

2020-12-17 23:09:16 - [MESSAGE][INFO] - Found 1 web elements with id: 'Object Repository/Kullanici_Islemleri/KullaniciIslemleri' located by 'By.cssSelector: .dropdown>a>img' in '30' second(s)

2020-12-17 23:09:16 - [MESSAGE][PASSED] - Object 'Object Repository/Kullanici_Islemleri/KullaniciIslemleri' is visible

2020-12-17 23:09:16 - [MESSAGE][PASSED] - Call Test Case 'Test Cases/Sayfalar/Giris_Sayfasi/Login' successfully

2020-12-17 23:09:16 - [MESSAGE][PASSED] - Kullanıcı adı ELOGOGIB ve Şifre 123456 olarak giriş yapılır

2020-12-17 23:09:16 - [TEST_STEP][PASSED] - Ana menüden Ayarlar seçilir: Ana menüden Ayarlar seçilir

2020-12-17 23:09:16 - [MESSAGE][INFO] - Checking called Test Case

2020-12-17 23:09:16 - [MESSAGE][INFO] - Starting to call Test Case 'Test Cases/Menu/AnaMenuSecimi'

2020-12-17 23:09:16 - [TEST_CASE][PASSED] - Test Cases/Menu/AnaMenuSecimi: Test Cases/Menu/AnaMenuSecimi

2020-12-17 23:09:16 - [TEST_STEP][PASSED] - Method.TextDegerineEsitElementeTikla(findTestObject("Menu/Ana_Menu"), Ana_Menu): Method.TextDegerineEsitElementeTikla is PASSED

2020-12-17 23:09:17 - [MESSAGE][INFO] - Finding Test Object 'Object Repository/Menu/Ana_Menu'

2020-12-17 23:09:17 - [MESSAGE][INFO] - Checking timeout

2020-12-17 23:09:17 - [MESSAGE][INFO] - Finding web element with id: 'Object Repository/Menu/Ana_Menu' located by 'By.xpath: //*[@class = 'dropdown-toggle']' in '10' second(s)

2020-12-17 23:09:17 - [MESSAGE][INFO] - Smart Wait Function is triggered

2020-12-17 23:09:18 - [MESSAGE][INFO] - Found 14 web elements with id: 'Object Repository/Menu/Ana_Menu' located by 'By.xpath: //*[@class = 'dropdown-toggle']' in '10' second(s)

2020-12-17 23:09:19 - [MESSAGE][PASSED] - Method.TextDegerineEsitElementeTikla is PASSED

2020-12-17 23:09:19 - [MESSAGE][PASSED] - Call Test Case 'Test Cases/Menu/AnaMenuSecimi' successfully

2020-12-17 23:09:19 - [MESSAGE][PASSED] - Ana menüden Ayarlar seçilir

2020-12-17 23:09:19 - [TEST_STEP][PASSED] - Alt menü Araçlar başlığı altındaki Firma Bilgileri seçilir: Alt menü Araçlar başlığı altındaki Firma Bilgileri seçilir

2020-12-17 23:09:19 - [MESSAGE][INFO] - Checking called Test Case

2020-12-17 23:09:19 - [MESSAGE][INFO] - Starting to call Test Case 'Test Cases/Menu/BasligaGoreAltMenuSecimi'

2020-12-17 23:09:19 - [TEST_CASE][PASSED] - Test Cases/Menu/BasligaGoreAltMenuSecimi: Test Cases/Menu/BasligaGoreAltMenuSecimi

2020-12-17 23:09:19 - [TEST_STEP][PASSED] - Method.TextDegerineEsitElementinAltindakiTextDegerineEsitOlanaTikla(findTestObject("Menu/Menu_Basligi"), findTestObject("Menu/Basliga_Gore_Alt_Menu"), Baslik, Alt_Menu): Method.TextDegerineEsitElementinAltindakiTextDegerineEsitOlanaTikla is PASSED

2020-12-17 23:09:19 - [MESSAGE][INFO] - Finding Test Object 'Object Repository/Menu/Menu_Basligi'

2020-12-17 23:09:19 - [MESSAGE][INFO] - Finding Test Object 'Object Repository/Menu/Basliga_Gore_Alt_Menu'

2020-12-17 23:09:19 - [MESSAGE][INFO] - Checking timeout

2020-12-17 23:09:19 - [MESSAGE][INFO] - Finding web element with id: 'Object Repository/Menu/Menu_Basligi' located by 'By.xpath: //li[@class='dropdown dropdown-large open']//li[@class='dropdown-header']' in '10' second(s)

2020-12-17 23:09:19 - [MESSAGE][INFO] - Smart Wait Function is triggered

2020-12-17 23:09:21 - [MESSAGE][INFO] - Found 2 web elements with id: 'Object Repository/Menu/Menu_Basligi' located by 'By.xpath: //li[@class='dropdown dropdown-large open']//li[@class='dropdown-header']' in '10' second(s)

2020-12-17 23:09:21 - [MESSAGE][INFO] - Smart Wait Function is triggered

2020-12-17 23:09:26 - [MESSAGE][PASSED] - Method.TextDegerineEsitElementinAltindakiTextDegerineEsitOlanaTikla is PASSED

2020-12-17 23:09:26 - [MESSAGE][PASSED] - Call Test Case 'Test Cases/Menu/BasligaGoreAltMenuSecimi' successfully

2020-12-17 23:09:26 - [MESSAGE][PASSED] - Alt menü Araçlar başlığı altındaki Firma Bilgileri seçilir

2020-12-17 23:09:26 - [TEST_STEP][ERROR] - Kullanıcı işlemlerinden Çıkış seçilir: Kullanıcı işlemlerinden Çıkış seçilir FAILED.
Reason:
com.kms.katalon.core.exception.StepErrorException: Call Test Case 'Test Cases/Kullanici_Islemleri/KullaniciIslemlerindenSecimYapilir' failed because of error(s)
	at com.kms.katalon.core.keyword.builtin.CallTestCaseKeyword$_callTestCase_closure1.doCall(CallTestCaseKeyword.groovy:66)
	at com.kms.katalon.core.keyword.builtin.CallTestCaseKeyword$_callTestCase_closure1.call(CallTestCaseKeyword.groovy)
	at com.kms.katalon.core.keyword.internal.KeywordMain.runKeyword(KeywordMain.groovy:68)
	at com.kms.katalon.core.keyword.builtin.CallTestCaseKeyword.callTestCase(CallTestCaseKeyword.groovy:81)
	at com.kms.katalon.core.keyword.builtin.CallTestCaseKeyword.execute(CallTestCaseKeyword.groovy:44)
	at com.kms.katalon.core.keyword.internal.KeywordExecutor.executeKeywordForPlatform(KeywordExecutor.groovy:73)
	at com.kms.katalon.core.keyword.BuiltinKeywords.callTestCase(BuiltinKeywords.groovy:334)
	at kullaniciIslemleri.kullaniciIslemleri.kullaniciIslemi(kullaniciIslemleri.groovy:50)
	at ✽.Kullanıcı işlemlerinden Çıkış seçilir(C:/Users/yigit/Documents/GitHub/eesekim/Include/features/Ayarlar/Araclar/Firma Bilgileri/Firma Bilgileri.feature:7)
Caused by: org.codehaus.groovy.runtime.InvokerInvocationException: Assertion failed: 

assert a
       |
       false

	at Method.invokeMethod(Method.groovy)
	at com.kms.katalon.core.main.CustomKeywordDelegatingMetaClass.invokeStaticMethod(CustomKeywordDelegatingMetaClass.java:50)
	at KullaniciIslemlerindenSecimYapilir.run(KullaniciIslemlerindenSecimYapilir:23)
	at com.kms.katalon.core.main.ScriptEngine.run(ScriptEngine.java:194)
	at com.kms.katalon.core.main.ScriptEngine.runScriptAsRawText(ScriptEngine.java:119)
	at com.kms.katalon.core.main.TestCaseExecutor.runScript(TestCaseExecutor.java:339)
	at com.kms.katalon.core.main.TestCaseExecutor.doExecute(TestCaseExecutor.java:330)
	at com.kms.katalon.core.main.TestCaseExecutor.processExecutionPhase(TestCaseExecutor.java:309)
	at com.kms.katalon.core.main.TestCaseExecutor.accessMainPhase(TestCaseExecutor.java:301)
	at com.kms.katalon.core.main.TestCaseExecutor.execute(TestCaseExecutor.java:235)
	at com.kms.katalon.core.main.TestCaseMain.runTestCase(TestCaseMain.java:114)
	at com.kms.katalon.core.keyword.builtin.CallTestCaseKeyword$_callTestCase_closure1.doCall(CallTestCaseKeyword.groovy:59)
	at com.kms.katalon.core.keyword.builtin.CallTestCaseKeyword$_callTestCase_closure1.call(CallTestCaseKeyword.groovy)
	at com.kms.katalon.core.keyword.internal.KeywordMain.runKeyword(KeywordMain.groovy:68)
	at com.kms.katalon.core.keyword.builtin.CallTestCaseKeyword.callTestCase(CallTestCaseKeyword.groovy:81)
	at com.kms.katalon.core.keyword.builtin.CallTestCaseKeyword.execute(CallTestCaseKeyword.groovy:44)
	at com.kms.katalon.core.keyword.internal.KeywordExecutor.executeKeywordForPlatform(KeywordExecutor.groovy:73)
	at com.kms.katalon.core.keyword.BuiltinKeywords.callTestCase(BuiltinKeywords.groovy:334)
	at kullaniciIslemleri.kullaniciIslemleri.kullaniciIslemi(kullaniciIslemleri.groovy:50)
	at cucumber.runtime.Utils$1.call(Utils.java:26)
	at cucumber.runtime.Timeout.timeout(Timeout.java:16)
	at cucumber.runtime.Utils.invoke(Utils.java:20)
	at cucumber.runtime.java.JavaStepDefinition.execute(JavaStepDefinition.java:48)
	at cucumber.runtime.PickleStepDefinitionMatch.runStep(PickleStepDefinitionMatch.java:50)
	at cucumber.runner.TestStep.executeStep(TestStep.java:55)
	at cucumber.runner.TestStep.run(TestStep.java:42)
	at cucumber.runner.PickleStepTestStep.run(PickleStepTestStep.java:53)
	at cucumber.runner.TestCase.run(TestCase.java:47)
	at cucumber.runner.Runner.runPickle(Runner.java:44)
	at cucumber.runtime.Runtime.runFeature(Runtime.java:120)
	at cucumber.runtime.Runtime.run(Runtime.java:106)
	at cucumber.api.cli.Main.run(Main.java:35)
	at cucumber.api.cli.Main$run.call(Unknown Source)
	at com.kms.katalon.core.cucumber.keyword.CucumberBuiltinKeywords$_runFeatureFile_closure1.doCall(CucumberBuiltinKeywords.groovy:76)
	at com.kms.katalon.core.cucumber.keyword.CucumberBuiltinKeywords$_runFeatureFile_closure1.doCall(CucumberBuiltinKeywords.groovy)
	at com.kms.katalon.core.keyword.internal.KeywordMain.runKeyword(KeywordMain.groovy:68)
	at com.kms.katalon.core.keyword.internal.KeywordMain$runKeyword.call(Unknown Source)
	at com.kms.katalon.core.cucumber.keyword.CucumberBuiltinKeywords.runFeatureFile(CucumberBuiltinKeywords.groovy:46)
	at com.kms.katalon.core.cucumber.keyword.CucumberBuiltinKeywords$runFeatureFile$0.callStatic(Unknown Source)
	at com.kms.katalon.core.cucumber.keyword.CucumberBuiltinKeywords.runFeatureFile(CucumberBuiltinKeywords.groovy:169)
	at com.kms.katalon.core.cucumber.keyword.CucumberBuiltinKeywords$runFeatureFile.call(Unknown Source)
	at Firma Bilgileri.run(Firma Bilgileri:19)
	at com.kms.katalon.core.main.ScriptEngine.run(ScriptEngine.java:194)
	at com.kms.katalon.core.main.ScriptEngine.runScriptAsRawText(ScriptEngine.java:119)
	at com.kms.katalon.core.main.TestCaseExecutor.runScript(TestCaseExecutor.java:339)
	at com.kms.katalon.core.main.TestCaseExecutor.doExecute(TestCaseExecutor.java:330)
	at com.kms.katalon.core.main.TestCaseExecutor.processExecutionPhase(TestCaseExecutor.java:309)
	at com.kms.katalon.core.main.TestCaseExecutor.accessMainPhase(TestCaseExecutor.java:301)
	at com.kms.katalon.core.main.TestCaseExecutor.execute(TestCaseExecutor.java:235)
	at com.kms.katalon.core.main.TestSuiteExecutor.accessTestCaseMainPhase(TestSuiteExecutor.java:191)
	at com.kms.katalon.core.main.TestSuiteExecutor.accessTestSuiteMainPhase(TestSuiteExecutor.java:141)
	at com.kms.katalon.core.main.TestSuiteExecutor.execute(TestSuiteExecutor.java:90)
	at com.kms.katalon.core.main.TestCaseMain.startTestSuite(TestCaseMain.java:157)
	at com.kms.katalon.core.main.TestCaseMain$startTestSuite$0.call(Unknown Source)
	at TempTestSuite1608235697404.run(TempTestSuite1608235697404.groovy:39)
Caused by: Assertion failed: 

assert a
       |
       false

	at Method.TextDegerineEsitElementeTikla(Method.groovy:76)
	... 55 more


2020-12-17 23:09:26 - [MESSAGE][INFO] - Checking called Test Case

2020-12-17 23:09:26 - [MESSAGE][INFO] - Starting to call Test Case 'Test Cases/Kullanici_Islemleri/KullaniciIslemlerindenSecimYapilir'

2020-12-17 23:09:26 - [TEST_CASE][ERROR] - Test Cases/Kullanici_Islemleri/KullaniciIslemlerindenSecimYapilir: Test Cases/Kullanici_Islemleri/KullaniciIslemlerindenSecimYapilir FAILED.
Reason:
org.codehaus.groovy.runtime.InvokerInvocationException: Assertion failed: 

assert a
       |
       false

	at Method.invokeMethod(Method.groovy)
	at com.kms.katalon.core.main.CustomKeywordDelegatingMetaClass.invokeStaticMethod(CustomKeywordDelegatingMetaClass.java:50)
	at KullaniciIslemlerindenSecimYapilir.run(KullaniciIslemlerindenSecimYapilir:23)
	at com.kms.katalon.core.main.ScriptEngine.run(ScriptEngine.java:194)
	at com.kms.katalon.core.main.ScriptEngine.runScriptAsRawText(ScriptEngine.java:119)
	at com.kms.katalon.core.main.TestCaseExecutor.runScript(TestCaseExecutor.java:339)
	at com.kms.katalon.core.main.TestCaseExecutor.doExecute(TestCaseExecutor.java:330)
	at com.kms.katalon.core.main.TestCaseExecutor.processExecutionPhase(TestCaseExecutor.java:309)
	at com.kms.katalon.core.main.TestCaseExecutor.accessMainPhase(TestCaseExecutor.java:301)
	at com.kms.katalon.core.main.TestCaseExecutor.execute(TestCaseExecutor.java:235)
	at com.kms.katalon.core.main.TestCaseMain.runTestCase(TestCaseMain.java:114)
	at com.kms.katalon.core.keyword.builtin.CallTestCaseKeyword$_callTestCase_closure1.doCall(CallTestCaseKeyword.groovy:59)
	at com.kms.katalon.core.keyword.builtin.CallTestCaseKeyword$_callTestCase_closure1.call(CallTestCaseKeyword.groovy)
	at com.kms.katalon.core.keyword.internal.KeywordMain.runKeyword(KeywordMain.groovy:68)
	at com.kms.katalon.core.keyword.builtin.CallTestCaseKeyword.callTestCase(CallTestCaseKeyword.groovy:81)
	at com.kms.katalon.core.keyword.builtin.CallTestCaseKeyword.execute(CallTestCaseKeyword.groovy:44)
	at com.kms.katalon.core.keyword.internal.KeywordExecutor.executeKeywordForPlatform(KeywordExecutor.groovy:73)
	at com.kms.katalon.core.keyword.BuiltinKeywords.callTestCase(BuiltinKeywords.groovy:334)
	at kullaniciIslemleri.kullaniciIslemleri.kullaniciIslemi(kullaniciIslemleri.groovy:50)
	at cucumber.runtime.Utils$1.call(Utils.java:26)
	at cucumber.runtime.Timeout.timeout(Timeout.java:16)
	at cucumber.runtime.Utils.invoke(Utils.java:20)
	at cucumber.runtime.java.JavaStepDefinition.execute(JavaStepDefinition.java:48)
	at cucumber.runtime.PickleStepDefinitionMatch.runStep(PickleStepDefinitionMatch.java:50)
	at cucumber.runner.TestStep.executeStep(TestStep.java:55)
	at cucumber.runner.TestStep.run(TestStep.java:42)
	at cucumber.runner.PickleStepTestStep.run(PickleStepTestStep.java:53)
	at cucumber.runner.TestCase.run(TestCase.java:47)
	at cucumber.runner.Runner.runPickle(Runner.java:44)
	at cucumber.runtime.Runtime.runFeature(Runtime.java:120)
	at cucumber.runtime.Runtime.run(Runtime.java:106)
	at cucumber.api.cli.Main.run(Main.java:35)
	at cucumber.api.cli.Main$run.call(Unknown Source)
	at com.kms.katalon.core.cucumber.keyword.CucumberBuiltinKeywords$_runFeatureFile_closure1.doCall(CucumberBuiltinKeywords.groovy:76)
	at com.kms.katalon.core.cucumber.keyword.CucumberBuiltinKeywords$_runFeatureFile_closure1.doCall(CucumberBuiltinKeywords.groovy)
	at com.kms.katalon.core.keyword.internal.KeywordMain.runKeyword(KeywordMain.groovy:68)
	at com.kms.katalon.core.keyword.internal.KeywordMain$runKeyword.call(Unknown Source)
	at com.kms.katalon.core.cucumber.keyword.CucumberBuiltinKeywords.runFeatureFile(CucumberBuiltinKeywords.groovy:46)
	at com.kms.katalon.core.cucumber.keyword.CucumberBuiltinKeywords$runFeatureFile$0.callStatic(Unknown Source)
	at com.kms.katalon.core.cucumber.keyword.CucumberBuiltinKeywords.runFeatureFile(CucumberBuiltinKeywords.groovy:169)
	at com.kms.katalon.core.cucumber.keyword.CucumberBuiltinKeywords$runFeatureFile.call(Unknown Source)
	at Firma Bilgileri.run(Firma Bilgileri:19)
	at com.kms.katalon.core.main.ScriptEngine.run(ScriptEngine.java:194)
	at com.kms.katalon.core.main.ScriptEngine.runScriptAsRawText(ScriptEngine.java:119)
	at com.kms.katalon.core.main.TestCaseExecutor.runScript(TestCaseExecutor.java:339)
	at com.kms.katalon.core.main.TestCaseExecutor.doExecute(TestCaseExecutor.java:330)
	at com.kms.katalon.core.main.TestCaseExecutor.processExecutionPhase(TestCaseExecutor.java:309)
	at com.kms.katalon.core.main.TestCaseExecutor.accessMainPhase(TestCaseExecutor.java:301)
	at com.kms.katalon.core.main.TestCaseExecutor.execute(TestCaseExecutor.java:235)
	at com.kms.katalon.core.main.TestSuiteExecutor.accessTestCaseMainPhase(TestSuiteExecutor.java:191)
	at com.kms.katalon.core.main.TestSuiteExecutor.accessTestSuiteMainPhase(TestSuiteExecutor.java:141)
	at com.kms.katalon.core.main.TestSuiteExecutor.execute(TestSuiteExecutor.java:90)
	at com.kms.katalon.core.main.TestCaseMain.startTestSuite(TestCaseMain.java:157)
	at com.kms.katalon.core.main.TestCaseMain$startTestSuite$0.call(Unknown Source)
	at TempTestSuite1608235697404.run(TempTestSuite1608235697404.groovy:39)
Caused by: Assertion failed: 

assert a
       |
       false

	at Method.TextDegerineEsitElementeTikla(Method.groovy:76)
	... 55 more


2020-12-17 23:09:27 - [TEST_STEP][PASSED] - waitForElementClickable(findTestObject("Object Repository/Kullanici_Islemleri/KullaniciIslemleri"), 10): Object 'Object Repository/Kullanici_Islemleri/KullaniciIslemleri' is clickable

2020-12-17 23:09:27 - [MESSAGE][INFO] - Finding Test Object 'Object Repository/Kullanici_Islemleri/KullaniciIslemleri'

2020-12-17 23:09:27 - [MESSAGE][INFO] - Checking object

2020-12-17 23:09:27 - [MESSAGE][INFO] - Checking timeout

2020-12-17 23:09:27 - [MESSAGE][INFO] - Finding web element from Test Object's properties

2020-12-17 23:09:27 - [MESSAGE][INFO] - Checking timeout

2020-12-17 23:09:27 - [MESSAGE][INFO] - Finding web element with id: 'Object Repository/Kullanici_Islemleri/KullaniciIslemleri' located by 'By.cssSelector: .dropdown>a>img' in '10' second(s)

2020-12-17 23:09:27 - [MESSAGE][INFO] - Smart Wait Function is triggered

2020-12-17 23:09:29 - [MESSAGE][INFO] - Found 1 web elements with id: 'Object Repository/Kullanici_Islemleri/KullaniciIslemleri' located by 'By.cssSelector: .dropdown>a>img' in '10' second(s)

2020-12-17 23:09:29 - [MESSAGE][PASSED] - Object 'Object Repository/Kullanici_Islemleri/KullaniciIslemleri' is clickable

2020-12-17 23:09:29 - [TEST_STEP][PASSED] - click(findTestObject("Object Repository/Kullanici_Islemleri/KullaniciIslemleri")): Object: 'Object Repository/Kullanici_Islemleri/KullaniciIslemleri' is clicked on

2020-12-17 23:09:29 - [MESSAGE][INFO] - Finding Test Object 'Object Repository/Kullanici_Islemleri/KullaniciIslemleri'

2020-12-17 23:09:29 - [MESSAGE][INFO] - Checking object

2020-12-17 23:09:29 - [MESSAGE][INFO] - Finding web element from Test Object's properties

2020-12-17 23:09:29 - [MESSAGE][INFO] - Checking timeout

2020-12-17 23:09:29 - [MESSAGE][INFO] - Finding web element with id: 'Object Repository/Kullanici_Islemleri/KullaniciIslemleri' located by 'By.cssSelector: .dropdown>a>img' in '30' second(s)

2020-12-17 23:09:29 - [MESSAGE][INFO] - Smart Wait Function is triggered

2020-12-17 23:09:31 - [MESSAGE][INFO] - Found 1 web elements with id: 'Object Repository/Kullanici_Islemleri/KullaniciIslemleri' located by 'By.cssSelector: .dropdown>a>img' in '30' second(s)

2020-12-17 23:09:31 - [MESSAGE][INFO] - Clicking on object: 'Object Repository/Kullanici_Islemleri/KullaniciIslemleri'

2020-12-17 23:09:31 - [MESSAGE][PASSED] - Object: 'Object Repository/Kullanici_Islemleri/KullaniciIslemleri' is clicked on

2020-12-17 23:09:31 - [TEST_STEP][FAILED] - Method.TextDegerineEsitElementeTikla(findTestObject("Object Repository/Kullanici_Islemleri/Secenekler"), Islem): Assertion failed: 

assert a
       |
       false


2020-12-17 23:09:31 - [MESSAGE][INFO] - Finding Test Object 'Object Repository/Kullanici_Islemleri/Secenekler'

2020-12-17 23:09:31 - [MESSAGE][INFO] - Checking timeout

2020-12-17 23:09:31 - [MESSAGE][INFO] - Finding web element with id: 'Object Repository/Kullanici_Islemleri/Secenekler' located by 'By.cssSelector: .nav.navbar-nav.navbar-right li a' in '10' second(s)

2020-12-17 23:09:31 - [MESSAGE][INFO] - Smart Wait Function is triggered

2020-12-17 23:09:33 - [MESSAGE][INFO] - Found 25 web elements with id: 'Object Repository/Kullanici_Islemleri/Secenekler' located by 'By.cssSelector: .nav.navbar-nav.navbar-right li a' in '10' second(s)

2020-12-17 23:09:34 - [MESSAGE][FAILED] - Assertion failed: 

assert a
       |
       false


2020-12-17 23:09:34 - [MESSAGE][FAILED] - Unable to call Test Case 'Test Cases/Kullanici_Islemleri/KullaniciIslemlerindenSecimYapilir' (Root cause: com.kms.katalon.core.exception.StepErrorException: Call Test Case 'Test Cases/Kullanici_Islemleri/KullaniciIslemlerindenSecimYapilir' failed because of error(s)
	at com.kms.katalon.core.keyword.builtin.CallTestCaseKeyword$_callTestCase_closure1.doCall(CallTestCaseKeyword.groovy:66)
	at com.kms.katalon.core.keyword.builtin.CallTestCaseKeyword$_callTestCase_closure1.call(CallTestCaseKeyword.groovy)
	at com.kms.katalon.core.keyword.internal.KeywordMain.runKeyword(KeywordMain.groovy:68)
	at com.kms.katalon.core.keyword.builtin.CallTestCaseKeyword.callTestCase(CallTestCaseKeyword.groovy:81)
	at com.kms.katalon.core.keyword.builtin.CallTestCaseKeyword.execute(CallTestCaseKeyword.groovy:44)
	at com.kms.katalon.core.keyword.internal.KeywordExecutor.executeKeywordForPlatform(KeywordExecutor.groovy:73)
	at com.kms.katalon.core.keyword.BuiltinKeywords.callTestCase(BuiltinKeywords.groovy:334)
	at kullaniciIslemleri.kullaniciIslemleri.kullaniciIslemi(kullaniciIslemleri.groovy:50)
	at cucumber.runtime.Utils$1.call(Utils.java:26)
	at cucumber.runtime.Timeout.timeout(Timeout.java:16)
	at cucumber.runtime.Utils.invoke(Utils.java:20)
	at cucumber.runtime.java.JavaStepDefinition.execute(JavaStepDefinition.java:48)
	at cucumber.runtime.PickleStepDefinitionMatch.runStep(PickleStepDefinitionMatch.java:50)
	at cucumber.runner.TestStep.executeStep(TestStep.java:55)
	at cucumber.runner.TestStep.run(TestStep.java:42)
	at cucumber.runner.PickleStepTestStep.run(PickleStepTestStep.java:53)
	at cucumber.runner.TestCase.run(TestCase.java:47)
	at cucumber.runner.Runner.runPickle(Runner.java:44)
	at cucumber.runtime.Runtime.runFeature(Runtime.java:120)
	at cucumber.runtime.Runtime.run(Runtime.java:106)
	at cucumber.api.cli.Main.run(Main.java:35)
	at cucumber.api.cli.Main$run.call(Unknown Source)
	at com.kms.katalon.core.cucumber.keyword.CucumberBuiltinKeywords$_runFeatureFile_closure1.doCall(CucumberBuiltinKeywords.groovy:76)
	at com.kms.katalon.core.cucumber.keyword.CucumberBuiltinKeywords$_runFeatureFile_closure1.doCall(CucumberBuiltinKeywords.groovy)
	at com.kms.katalon.core.keyword.internal.KeywordMain.runKeyword(KeywordMain.groovy:68)
	at com.kms.katalon.core.keyword.internal.KeywordMain$runKeyword.call(Unknown Source)
	at com.kms.katalon.core.cucumber.keyword.CucumberBuiltinKeywords.runFeatureFile(CucumberBuiltinKeywords.groovy:46)
	at com.kms.katalon.core.cucumber.keyword.CucumberBuiltinKeywords$runFeatureFile$0.callStatic(Unknown Source)
	at com.kms.katalon.core.cucumber.keyword.CucumberBuiltinKeywords.runFeatureFile(CucumberBuiltinKeywords.groovy:169)
	at com.kms.katalon.core.cucumber.keyword.CucumberBuiltinKeywords$runFeatureFile.call(Unknown Source)
	at Firma Bilgileri.run(Firma Bilgileri:19)
	at com.kms.katalon.core.main.ScriptEngine.run(ScriptEngine.java:194)
	at com.kms.katalon.core.main.ScriptEngine.runScriptAsRawText(ScriptEngine.java:119)
	at com.kms.katalon.core.main.TestCaseExecutor.runScript(TestCaseExecutor.java:339)
	at com.kms.katalon.core.main.TestCaseExecutor.doExecute(TestCaseExecutor.java:330)
	at com.kms.katalon.core.main.TestCaseExecutor.processExecutionPhase(TestCaseExecutor.java:309)
	at com.kms.katalon.core.main.TestCaseExecutor.accessMainPhase(TestCaseExecutor.java:301)
	at com.kms.katalon.core.main.TestCaseExecutor.execute(TestCaseExecutor.java:235)
	at com.kms.katalon.core.main.TestSuiteExecutor.accessTestCaseMainPhase(TestSuiteExecutor.java:191)
	at com.kms.katalon.core.main.TestSuiteExecutor.accessTestSuiteMainPhase(TestSuiteExecutor.java:141)
	at com.kms.katalon.core.main.TestSuiteExecutor.execute(TestSuiteExecutor.java:90)
	at com.kms.katalon.core.main.TestCaseMain.startTestSuite(TestCaseMain.java:157)
	at com.kms.katalon.core.main.TestCaseMain$startTestSuite$0.call(Unknown Source)
	at TempTestSuite1608235697404.run(TempTestSuite1608235697404.groovy:39)
Caused by: org.codehaus.groovy.runtime.InvokerInvocationException: Assertion failed: 

assert a
       |
       false

	at Method.invokeMethod(Method.groovy)
	at com.kms.katalon.core.main.CustomKeywordDelegatingMetaClass.invokeStaticMethod(CustomKeywordDelegatingMetaClass.java:50)
	at KullaniciIslemlerindenSecimYapilir.run(KullaniciIslemlerindenSecimYapilir:23)
	at com.kms.katalon.core.main.ScriptEngine.run(ScriptEngine.java:194)
	at com.kms.katalon.core.main.ScriptEngine.runScriptAsRawText(ScriptEngine.java:119)
	at com.kms.katalon.core.main.TestCaseExecutor.runScript(TestCaseExecutor.java:339)
	at com.kms.katalon.core.main.TestCaseExecutor.doExecute(TestCaseExecutor.java:330)
	at com.kms.katalon.core.main.TestCaseExecutor.processExecutionPhase(TestCaseExecutor.java:309)
	at com.kms.katalon.core.main.TestCaseExecutor.accessMainPhase(TestCaseExecutor.java:301)
	at com.kms.katalon.core.main.TestCaseExecutor.execute(TestCaseExecutor.java:235)
	at com.kms.katalon.core.main.TestCaseMain.runTestCase(TestCaseMain.java:114)
	at com.kms.katalon.core.keyword.builtin.CallTestCaseKeyword$_callTestCase_closure1.doCall(CallTestCaseKeyword.groovy:59)
	... 43 more
Caused by: Assertion failed: 

assert a
       |
       false

	at Method.TextDegerineEsitElementeTikla(Method.groovy:76)
	... 55 more
)

2020-12-17 23:09:34 - [MESSAGE][ERROR] - Kullanıcı işlemlerinden Çıkış seçilir FAILED.
Reason:
com.kms.katalon.core.exception.StepErrorException: Call Test Case 'Test Cases/Kullanici_Islemleri/KullaniciIslemlerindenSecimYapilir' failed because of error(s)
	at com.kms.katalon.core.keyword.builtin.CallTestCaseKeyword$_callTestCase_closure1.doCall(CallTestCaseKeyword.groovy:66)
	at com.kms.katalon.core.keyword.builtin.CallTestCaseKeyword$_callTestCase_closure1.call(CallTestCaseKeyword.groovy)
	at com.kms.katalon.core.keyword.internal.KeywordMain.runKeyword(KeywordMain.groovy:68)
	at com.kms.katalon.core.keyword.builtin.CallTestCaseKeyword.callTestCase(CallTestCaseKeyword.groovy:81)
	at com.kms.katalon.core.keyword.builtin.CallTestCaseKeyword.execute(CallTestCaseKeyword.groovy:44)
	at com.kms.katalon.core.keyword.internal.KeywordExecutor.executeKeywordForPlatform(KeywordExecutor.groovy:73)
	at com.kms.katalon.core.keyword.BuiltinKeywords.callTestCase(BuiltinKeywords.groovy:334)
	at kullaniciIslemleri.kullaniciIslemleri.kullaniciIslemi(kullaniciIslemleri.groovy:50)
	at ✽.Kullanıcı işlemlerinden Çıkış seçilir(C:/Users/yigit/Documents/GitHub/eesekim/Include/features/Ayarlar/Araclar/Firma Bilgileri/Firma Bilgileri.feature:7)
Caused by: org.codehaus.groovy.runtime.InvokerInvocationException: Assertion failed: 

assert a
       |
       false

	at Method.invokeMethod(Method.groovy)
	at com.kms.katalon.core.main.CustomKeywordDelegatingMetaClass.invokeStaticMethod(CustomKeywordDelegatingMetaClass.java:50)
	at KullaniciIslemlerindenSecimYapilir.run(KullaniciIslemlerindenSecimYapilir:23)
	at com.kms.katalon.core.main.ScriptEngine.run(ScriptEngine.java:194)
	at com.kms.katalon.core.main.ScriptEngine.runScriptAsRawText(ScriptEngine.java:119)
	at com.kms.katalon.core.main.TestCaseExecutor.runScript(TestCaseExecutor.java:339)
	at com.kms.katalon.core.main.TestCaseExecutor.doExecute(TestCaseExecutor.java:330)
	at com.kms.katalon.core.main.TestCaseExecutor.processExecutionPhase(TestCaseExecutor.java:309)
	at com.kms.katalon.core.main.TestCaseExecutor.accessMainPhase(TestCaseExecutor.java:301)
	at com.kms.katalon.core.main.TestCaseExecutor.execute(TestCaseExecutor.java:235)
	at com.kms.katalon.core.main.TestCaseMain.runTestCase(TestCaseMain.java:114)
	at com.kms.katalon.core.keyword.builtin.CallTestCaseKeyword$_callTestCase_closure1.doCall(CallTestCaseKeyword.groovy:59)
	at com.kms.katalon.core.keyword.builtin.CallTestCaseKeyword$_callTestCase_closure1.call(CallTestCaseKeyword.groovy)
	at com.kms.katalon.core.keyword.internal.KeywordMain.runKeyword(KeywordMain.groovy:68)
	at com.kms.katalon.core.keyword.builtin.CallTestCaseKeyword.callTestCase(CallTestCaseKeyword.groovy:81)
	at com.kms.katalon.core.keyword.builtin.CallTestCaseKeyword.execute(CallTestCaseKeyword.groovy:44)
	at com.kms.katalon.core.keyword.internal.KeywordExecutor.executeKeywordForPlatform(KeywordExecutor.groovy:73)
	at com.kms.katalon.core.keyword.BuiltinKeywords.callTestCase(BuiltinKeywords.groovy:334)
	at kullaniciIslemleri.kullaniciIslemleri.kullaniciIslemi(kullaniciIslemleri.groovy:50)
	at cucumber.runtime.Utils$1.call(Utils.java:26)
	at cucumber.runtime.Timeout.timeout(Timeout.java:16)
	at cucumber.runtime.Utils.invoke(Utils.java:20)
	at cucumber.runtime.java.JavaStepDefinition.execute(JavaStepDefinition.java:48)
	at cucumber.runtime.PickleStepDefinitionMatch.runStep(PickleStepDefinitionMatch.java:50)
	at cucumber.runner.TestStep.executeStep(TestStep.java:55)
	at cucumber.runner.TestStep.run(TestStep.java:42)
	at cucumber.runner.PickleStepTestStep.run(PickleStepTestStep.java:53)
	at cucumber.runner.TestCase.run(TestCase.java:47)
	at cucumber.runner.Runner.runPickle(Runner.java:44)
	at cucumber.runtime.Runtime.runFeature(Runtime.java:120)
	at cucumber.runtime.Runtime.run(Runtime.java:106)
	at cucumber.api.cli.Main.run(Main.java:35)
	at cucumber.api.cli.Main$run.call(Unknown Source)
	at com.kms.katalon.core.cucumber.keyword.CucumberBuiltinKeywords$_runFeatureFile_closure1.doCall(CucumberBuiltinKeywords.groovy:76)
	at com.kms.katalon.core.cucumber.keyword.CucumberBuiltinKeywords$_runFeatureFile_closure1.doCall(CucumberBuiltinKeywords.groovy)
	at com.kms.katalon.core.keyword.internal.KeywordMain.runKeyword(KeywordMain.groovy:68)
	at com.kms.katalon.core.keyword.internal.KeywordMain$runKeyword.call(Unknown Source)
	at com.kms.katalon.core.cucumber.keyword.CucumberBuiltinKeywords.runFeatureFile(CucumberBuiltinKeywords.groovy:46)
	at com.kms.katalon.core.cucumber.keyword.CucumberBuiltinKeywords$runFeatureFile$0.callStatic(Unknown Source)
	at com.kms.katalon.core.cucumber.keyword.CucumberBuiltinKeywords.runFeatureFile(CucumberBuiltinKeywords.groovy:169)
	at com.kms.katalon.core.cucumber.keyword.CucumberBuiltinKeywords$runFeatureFile.call(Unknown Source)
	at Firma Bilgileri.run(Firma Bilgileri:19)
	at com.kms.katalon.core.main.ScriptEngine.run(ScriptEngine.java:194)
	at com.kms.katalon.core.main.ScriptEngine.runScriptAsRawText(ScriptEngine.java:119)
	at com.kms.katalon.core.main.TestCaseExecutor.runScript(TestCaseExecutor.java:339)
	at com.kms.katalon.core.main.TestCaseExecutor.doExecute(TestCaseExecutor.java:330)
	at com.kms.katalon.core.main.TestCaseExecutor.processExecutionPhase(TestCaseExecutor.java:309)
	at com.kms.katalon.core.main.TestCaseExecutor.accessMainPhase(TestCaseExecutor.java:301)
	at com.kms.katalon.core.main.TestCaseExecutor.execute(TestCaseExecutor.java:235)
	at com.kms.katalon.core.main.TestSuiteExecutor.accessTestCaseMainPhase(TestSuiteExecutor.java:191)
	at com.kms.katalon.core.main.TestSuiteExecutor.accessTestSuiteMainPhase(TestSuiteExecutor.java:141)
	at com.kms.katalon.core.main.TestSuiteExecutor.execute(TestSuiteExecutor.java:90)
	at com.kms.katalon.core.main.TestCaseMain.startTestSuite(TestCaseMain.java:157)
	at com.kms.katalon.core.main.TestCaseMain$startTestSuite$0.call(Unknown Source)
	at TempTestSuite1608235697404.run(TempTestSuite1608235697404.groovy:39)
Caused by: Assertion failed: 

assert a
       |
       false

	at Method.TextDegerineEsitElementeTikla(Method.groovy:76)
	... 55 more


2020-12-17 23:09:34 - [MESSAGE][FAILED] - Keyword runFeatureFile was failed (Root cause: java.lang.NullPointerException: No format for key faıled
	at cucumber.runtime.formatter.AnsiFormats.get(AnsiFormats.java:51)
	at cucumber.runtime.Stats.printScenarios(Stats.java:170)
	at cucumber.runtime.Stats.printNonZeroResultScenarios(Stats.java:161)
	at cucumber.runtime.Stats.printStats(Stats.java:107)
	at cucumber.runtime.DefaultSummaryPrinter.printStats(DefaultSummaryPrinter.java:34)
	at cucumber.runtime.DefaultSummaryPrinter.print(DefaultSummaryPrinter.java:27)
	at cucumber.runtime.DefaultSummaryPrinter.access$000(DefaultSummaryPrinter.java:14)
	at cucumber.runtime.DefaultSummaryPrinter$1.receive(DefaultSummaryPrinter.java:63)
	at cucumber.runtime.DefaultSummaryPrinter$1.receive(DefaultSummaryPrinter.java:60)
	at cucumber.runner.EventBus.send(EventBus.java:28)
	at cucumber.runtime.Runtime.run(Runtime.java:109)
	at cucumber.api.cli.Main.run(Main.java:35)
	at cucumber.api.cli.Main$run.call(Unknown Source)
	at com.kms.katalon.core.cucumber.keyword.CucumberBuiltinKeywords$_runFeatureFile_closure1.doCall(CucumberBuiltinKeywords.groovy:76)
	at com.kms.katalon.core.cucumber.keyword.CucumberBuiltinKeywords$_runFeatureFile_closure1.doCall(CucumberBuiltinKeywords.groovy)
	at com.kms.katalon.core.keyword.internal.KeywordMain.runKeyword(KeywordMain.groovy:68)
	at com.kms.katalon.core.keyword.internal.KeywordMain$runKeyword.call(Unknown Source)
	at com.kms.katalon.core.cucumber.keyword.CucumberBuiltinKeywords.runFeatureFile(CucumberBuiltinKeywords.groovy:46)
	at com.kms.katalon.core.cucumber.keyword.CucumberBuiltinKeywords$runFeatureFile$0.callStatic(Unknown Source)
	at com.kms.katalon.core.cucumber.keyword.CucumberBuiltinKeywords.runFeatureFile(CucumberBuiltinKeywords.groovy:169)
	at com.kms.katalon.core.cucumber.keyword.CucumberBuiltinKeywords$runFeatureFile.call(Unknown Source)
	at Firma Bilgileri.run(Firma Bilgileri:19)
	at com.kms.katalon.core.main.ScriptEngine.run(ScriptEngine.java:194)
	at com.kms.katalon.core.main.ScriptEngine.runScriptAsRawText(ScriptEngine.java:119)
	at com.kms.katalon.core.main.TestCaseExecutor.runScript(TestCaseExecutor.java:339)
	at com.kms.katalon.core.main.TestCaseExecutor.doExecute(TestCaseExecutor.java:330)
	at com.kms.katalon.core.main.TestCaseExecutor.processExecutionPhase(TestCaseExecutor.java:309)
	at com.kms.katalon.core.main.TestCaseExecutor.accessMainPhase(TestCaseExecutor.java:301)
	at com.kms.katalon.core.main.TestCaseExecutor.execute(TestCaseExecutor.java:235)
	at com.kms.katalon.core.main.TestSuiteExecutor.accessTestCaseMainPhase(TestSuiteExecutor.java:191)
	at com.kms.katalon.core.main.TestSuiteExecutor.accessTestSuiteMainPhase(TestSuiteExecutor.java:141)
	at com.kms.katalon.core.main.TestSuiteExecutor.execute(TestSuiteExecutor.java:90)
	at com.kms.katalon.core.main.TestCaseMain.startTestSuite(TestCaseMain.java:157)
	at com.kms.katalon.core.main.TestCaseMain$startTestSuite$0.call(Unknown Source)
	at TempTestSuite1608235697404.run(TempTestSuite1608235697404.groovy:39)
)

2020-12-17 23:09:34 - [TEST_STEP][PASSED] - Start listener action : sampleAfterTestSuite: Invoke 'com.kms.katalon.core.annotation.AfterTestCase' method: 'Listener.sampleAfterTestSuite(...)' completed.

2020-12-17 23:09:34 - [MESSAGE][INFO] - Starting invoke 'com.kms.katalon.core.annotation.AfterTestCase' method: 'Listener.sampleAfterTestSuite(...)'

2020-12-17 23:09:34 - [MESSAGE][INFO] - Invoke 'com.kms.katalon.core.annotation.AfterTestCase' method: 'Listener.sampleAfterTestSuite(...)' completed.]]></system-out>
         <system-err><![CDATA[2020-12-17 23:08:36 - [TEST_CASE][FAILED] - Test Cases/Case Repository/Ayarlar/Araclar/Firma Bilgileri/Firma Bilgileri: Test Cases/Case Repository/Ayarlar/Araclar/Firma Bilgileri/Firma Bilgileri FAILED.
Reason:
com.kms.katalon.core.exception.StepFailedException: Keyword runFeatureFile was failed (Root cause: java.lang.NullPointerException: No format for key faıled
	at cucumber.runtime.formatter.AnsiFormats.get(AnsiFormats.java:51)
	at cucumber.runtime.Stats.printScenarios(Stats.java:170)
	at cucumber.runtime.Stats.printNonZeroResultScenarios(Stats.java:161)
	at cucumber.runtime.Stats.printStats(Stats.java:107)
	at cucumber.runtime.DefaultSummaryPrinter.printStats(DefaultSummaryPrinter.java:34)
	at cucumber.runtime.DefaultSummaryPrinter.print(DefaultSummaryPrinter.java:27)
	at cucumber.runtime.DefaultSummaryPrinter.access$000(DefaultSummaryPrinter.java:14)
	at cucumber.runtime.DefaultSummaryPrinter$1.receive(DefaultSummaryPrinter.java:63)
	at cucumber.runtime.DefaultSummaryPrinter$1.receive(DefaultSummaryPrinter.java:60)
	at cucumber.runner.EventBus.send(EventBus.java:28)
	at cucumber.runtime.Runtime.run(Runtime.java:109)
	at cucumber.api.cli.Main.run(Main.java:35)
	at cucumber.api.cli.Main$run.call(Unknown Source)
	at com.kms.katalon.core.cucumber.keyword.CucumberBuiltinKeywords$_runFeatureFile_closure1.doCall(CucumberBuiltinKeywords.groovy:76)
	at com.kms.katalon.core.cucumber.keyword.CucumberBuiltinKeywords$_runFeatureFile_closure1.doCall(CucumberBuiltinKeywords.groovy)
	at com.kms.katalon.core.keyword.internal.KeywordMain.runKeyword(KeywordMain.groovy:68)
	at com.kms.katalon.core.keyword.internal.KeywordMain$runKeyword.call(Unknown Source)
	at com.kms.katalon.core.cucumber.keyword.CucumberBuiltinKeywords.runFeatureFile(CucumberBuiltinKeywords.groovy:46)
	at com.kms.katalon.core.cucumber.keyword.CucumberBuiltinKeywords$runFeatureFile$0.callStatic(Unknown Source)
	at com.kms.katalon.core.cucumber.keyword.CucumberBuiltinKeywords.runFeatureFile(CucumberBuiltinKeywords.groovy:169)
	at com.kms.katalon.core.cucumber.keyword.CucumberBuiltinKeywords$runFeatureFile.call(Unknown Source)
	at Firma Bilgileri.run(Firma Bilgileri:19)
	at com.kms.katalon.core.main.ScriptEngine.run(ScriptEngine.java:194)
	at com.kms.katalon.core.main.ScriptEngine.runScriptAsRawText(ScriptEngine.java:119)
	at com.kms.katalon.core.main.TestCaseExecutor.runScript(TestCaseExecutor.java:339)
	at com.kms.katalon.core.main.TestCaseExecutor.doExecute(TestCaseExecutor.java:330)
	at com.kms.katalon.core.main.TestCaseExecutor.processExecutionPhase(TestCaseExecutor.java:309)
	at com.kms.katalon.core.main.TestCaseExecutor.accessMainPhase(TestCaseExecutor.java:301)
	at com.kms.katalon.core.main.TestCaseExecutor.execute(TestCaseExecutor.java:235)
	at com.kms.katalon.core.main.TestSuiteExecutor.accessTestCaseMainPhase(TestSuiteExecutor.java:191)
	at com.kms.katalon.core.main.TestSuiteExecutor.accessTestSuiteMainPhase(TestSuiteExecutor.java:141)
	at com.kms.katalon.core.main.TestSuiteExecutor.execute(TestSuiteExecutor.java:90)
	at com.kms.katalon.core.main.TestCaseMain.startTestSuite(TestCaseMain.java:157)
	at com.kms.katalon.core.main.TestCaseMain$startTestSuite$0.call(Unknown Source)
	at TempTestSuite1608235697404.run(TempTestSuite1608235697404.groovy:39)
)
	at com.kms.katalon.core.keyword.internal.KeywordMain.stepFailed(KeywordMain.groovy:50)
	at com.kms.katalon.core.keyword.internal.KeywordMain.stepFailed(KeywordMain.groovy)
	at com.kms.katalon.core.keyword.internal.KeywordMain.runKeyword(KeywordMain.groovy:70)
	at com.kms.katalon.core.keyword.internal.KeywordMain$runKeyword.call(Unknown Source)
	at com.kms.katalon.core.cucumber.keyword.CucumberBuiltinKeywords.runFeatureFile(CucumberBuiltinKeywords.groovy:46)
	at com.kms.katalon.core.cucumber.keyword.CucumberBuiltinKeywords$runFeatureFile$0.callStatic(Unknown Source)
	at com.kms.katalon.core.cucumber.keyword.CucumberBuiltinKeywords.runFeatureFile(CucumberBuiltinKeywords.groovy:169)
	at com.kms.katalon.core.cucumber.keyword.CucumberBuiltinKeywords$runFeatureFile.call(Unknown Source)
	at Firma Bilgileri.run(Firma Bilgileri:19)
	at com.kms.katalon.core.main.ScriptEngine.run(ScriptEngine.java:194)
	at com.kms.katalon.core.main.ScriptEngine.runScriptAsRawText(ScriptEngine.java:119)
	at com.kms.katalon.core.main.TestCaseExecutor.runScript(TestCaseExecutor.java:339)
	at com.kms.katalon.core.main.TestCaseExecutor.doExecute(TestCaseExecutor.java:330)
	at com.kms.katalon.core.main.TestCaseExecutor.processExecutionPhase(TestCaseExecutor.java:309)
	at com.kms.katalon.core.main.TestCaseExecutor.accessMainPhase(TestCaseExecutor.java:301)
	at com.kms.katalon.core.main.TestCaseExecutor.execute(TestCaseExecutor.java:235)
	at com.kms.katalon.core.main.TestSuiteExecutor.accessTestCaseMainPhase(TestSuiteExecutor.java:191)
	at com.kms.katalon.core.main.TestSuiteExecutor.accessTestSuiteMainPhase(TestSuiteExecutor.java:141)
	at com.kms.katalon.core.main.TestSuiteExecutor.execute(TestSuiteExecutor.java:90)
	at com.kms.katalon.core.main.TestCaseMain.startTestSuite(TestCaseMain.java:157)
	at com.kms.katalon.core.main.TestCaseMain$startTestSuite$0.call(Unknown Source)
	at TempTestSuite1608235697404.run(TempTestSuite1608235697404.groovy:39)
Caused by: java.lang.NullPointerException: No format for key faıled
	at cucumber.runtime.formatter.AnsiFormats.get(AnsiFormats.java:51)
	at cucumber.runtime.Stats.printScenarios(Stats.java:170)
	at cucumber.runtime.Stats.printNonZeroResultScenarios(Stats.java:161)
	at cucumber.runtime.Stats.printStats(Stats.java:107)
	at cucumber.runtime.DefaultSummaryPrinter.printStats(DefaultSummaryPrinter.java:34)
	at cucumber.runtime.DefaultSummaryPrinter.print(DefaultSummaryPrinter.java:27)
	at cucumber.runtime.DefaultSummaryPrinter.access$000(DefaultSummaryPrinter.java:14)
	at cucumber.runtime.DefaultSummaryPrinter$1.receive(DefaultSummaryPrinter.java:63)
	at cucumber.runtime.DefaultSummaryPrinter$1.receive(DefaultSummaryPrinter.java:60)
	at cucumber.runner.EventBus.send(EventBus.java:28)
	at cucumber.runtime.Runtime.run(Runtime.java:109)
	at cucumber.api.cli.Main.run(Main.java:35)
	at cucumber.api.cli.Main$run.call(Unknown Source)
	at com.kms.katalon.core.cucumber.keyword.CucumberBuiltinKeywords$_runFeatureFile_closure1.doCall(CucumberBuiltinKeywords.groovy:76)
	at com.kms.katalon.core.cucumber.keyword.CucumberBuiltinKeywords$_runFeatureFile_closure1.doCall(CucumberBuiltinKeywords.groovy)
	at com.kms.katalon.core.keyword.internal.KeywordMain.runKeyword(KeywordMain.groovy:68)
	... 19 more]]></system-err>
      </testcase>
      <system-out><![CDATA[2020-12-17 23:08:35 - [TEST_SUITE][FAILED] - Firma Bilgileri: Test Cases/Case Repository/Ayarlar/Araclar/Firma Bilgileri/Firma Bilgileri FAILED.
Reason:
com.kms.katalon.core.exception.StepFailedException: Keyword runFeatureFile was failed (Root cause: java.lang.NullPointerException: No format for key faıled
	at cucumber.runtime.formatter.AnsiFormats.get(AnsiFormats.java:51)
	at cucumber.runtime.Stats.printScenarios(Stats.java:170)
	at cucumber.runtime.Stats.printNonZeroResultScenarios(Stats.java:161)
	at cucumber.runtime.Stats.printStats(Stats.java:107)
	at cucumber.runtime.DefaultSummaryPrinter.printStats(DefaultSummaryPrinter.java:34)
	at cucumber.runtime.DefaultSummaryPrinter.print(DefaultSummaryPrinter.java:27)
	at cucumber.runtime.DefaultSummaryPrinter.access$000(DefaultSummaryPrinter.java:14)
	at cucumber.runtime.DefaultSummaryPrinter$1.receive(DefaultSummaryPrinter.java:63)
	at cucumber.runtime.DefaultSummaryPrinter$1.receive(DefaultSummaryPrinter.java:60)
	at cucumber.runner.EventBus.send(EventBus.java:28)
	at cucumber.runtime.Runtime.run(Runtime.java:109)
	at cucumber.api.cli.Main.run(Main.java:35)
	at cucumber.api.cli.Main$run.call(Unknown Source)
	at com.kms.katalon.core.cucumber.keyword.CucumberBuiltinKeywords$_runFeatureFile_closure1.doCall(CucumberBuiltinKeywords.groovy:76)
	at com.kms.katalon.core.cucumber.keyword.CucumberBuiltinKeywords$_runFeatureFile_closure1.doCall(CucumberBuiltinKeywords.groovy)
	at com.kms.katalon.core.keyword.internal.KeywordMain.runKeyword(KeywordMain.groovy:68)
	at com.kms.katalon.core.keyword.internal.KeywordMain$runKeyword.call(Unknown Source)
	at com.kms.katalon.core.cucumber.keyword.CucumberBuiltinKeywords.runFeatureFile(CucumberBuiltinKeywords.groovy:46)
	at com.kms.katalon.core.cucumber.keyword.CucumberBuiltinKeywords$runFeatureFile$0.callStatic(Unknown Source)
	at com.kms.katalon.core.cucumber.keyword.CucumberBuiltinKeywords.runFeatureFile(CucumberBuiltinKeywords.groovy:169)
	at com.kms.katalon.core.cucumber.keyword.CucumberBuiltinKeywords$runFeatureFile.call(Unknown Source)
	at Firma Bilgileri.run(Firma Bilgileri:19)
	at com.kms.katalon.core.main.ScriptEngine.run(ScriptEngine.java:194)
	at com.kms.katalon.core.main.ScriptEngine.runScriptAsRawText(ScriptEngine.java:119)
	at com.kms.katalon.core.main.TestCaseExecutor.runScript(TestCaseExecutor.java:339)
	at com.kms.katalon.core.main.TestCaseExecutor.doExecute(TestCaseExecutor.java:330)
	at com.kms.katalon.core.main.TestCaseExecutor.processExecutionPhase(TestCaseExecutor.java:309)
	at com.kms.katalon.core.main.TestCaseExecutor.accessMainPhase(TestCaseExecutor.java:301)
	at com.kms.katalon.core.main.TestCaseExecutor.execute(TestCaseExecutor.java:235)
	at com.kms.katalon.core.main.TestSuiteExecutor.accessTestCaseMainPhase(TestSuiteExecutor.java:191)
	at com.kms.katalon.core.main.TestSuiteExecutor.accessTestSuiteMainPhase(TestSuiteExecutor.java:141)
	at com.kms.katalon.core.main.TestSuiteExecutor.execute(TestSuiteExecutor.java:90)
	at com.kms.katalon.core.main.TestCaseMain.startTestSuite(TestCaseMain.java:157)
	at com.kms.katalon.core.main.TestCaseMain$startTestSuite$0.call(Unknown Source)
	at TempTestSuite1608235697404.run(TempTestSuite1608235697404.groovy:39)
)
	at com.kms.katalon.core.keyword.internal.KeywordMain.stepFailed(KeywordMain.groovy:50)
	at com.kms.katalon.core.keyword.internal.KeywordMain.stepFailed(KeywordMain.groovy)
	at com.kms.katalon.core.keyword.internal.KeywordMain.runKeyword(KeywordMain.groovy:70)
	at com.kms.katalon.core.keyword.internal.KeywordMain$runKeyword.call(Unknown Source)
	at com.kms.katalon.core.cucumber.keyword.CucumberBuiltinKeywords.runFeatureFile(CucumberBuiltinKeywords.groovy:46)
	at com.kms.katalon.core.cucumber.keyword.CucumberBuiltinKeywords$runFeatureFile$0.callStatic(Unknown Source)
	at com.kms.katalon.core.cucumber.keyword.CucumberBuiltinKeywords.runFeatureFile(CucumberBuiltinKeywords.groovy:169)
	at com.kms.katalon.core.cucumber.keyword.CucumberBuiltinKeywords$runFeatureFile.call(Unknown Source)
	at Firma Bilgileri.run(Firma Bilgileri:19)
	at com.kms.katalon.core.main.ScriptEngine.run(ScriptEngine.java:194)
	at com.kms.katalon.core.main.ScriptEngine.runScriptAsRawText(ScriptEngine.java:119)
	at com.kms.katalon.core.main.TestCaseExecutor.runScript(TestCaseExecutor.java:339)
	at com.kms.katalon.core.main.TestCaseExecutor.doExecute(TestCaseExecutor.java:330)
	at com.kms.katalon.core.main.TestCaseExecutor.processExecutionPhase(TestCaseExecutor.java:309)
	at com.kms.katalon.core.main.TestCaseExecutor.accessMainPhase(TestCaseExecutor.java:301)
	at com.kms.katalon.core.main.TestCaseExecutor.execute(TestCaseExecutor.java:235)
	at com.kms.katalon.core.main.TestSuiteExecutor.accessTestCaseMainPhase(TestSuiteExecutor.java:191)
	at com.kms.katalon.core.main.TestSuiteExecutor.accessTestSuiteMainPhase(TestSuiteExecutor.java:141)
	at com.kms.katalon.core.main.TestSuiteExecutor.execute(TestSuiteExecutor.java:90)
	at com.kms.katalon.core.main.TestCaseMain.startTestSuite(TestCaseMain.java:157)
	at com.kms.katalon.core.main.TestCaseMain$startTestSuite$0.call(Unknown Source)
	at TempTestSuite1608235697404.run(TempTestSuite1608235697404.groovy:39)
Caused by: java.lang.NullPointerException: No format for key faıled
	at cucumber.runtime.formatter.AnsiFormats.get(AnsiFormats.java:51)
	at cucumber.runtime.Stats.printScenarios(Stats.java:170)
	at cucumber.runtime.Stats.printNonZeroResultScenarios(Stats.java:161)
	at cucumber.runtime.Stats.printStats(Stats.java:107)
	at cucumber.runtime.DefaultSummaryPrinter.printStats(DefaultSummaryPrinter.java:34)
	at cucumber.runtime.DefaultSummaryPrinter.print(DefaultSummaryPrinter.java:27)
	at cucumber.runtime.DefaultSummaryPrinter.access$000(DefaultSummaryPrinter.java:14)
	at cucumber.runtime.DefaultSummaryPrinter$1.receive(DefaultSummaryPrinter.java:63)
	at cucumber.runtime.DefaultSummaryPrinter$1.receive(DefaultSummaryPrinter.java:60)
	at cucumber.runner.EventBus.send(EventBus.java:28)
	at cucumber.runtime.Runtime.run(Runtime.java:109)
	at cucumber.api.cli.Main.run(Main.java:35)
	at cucumber.api.cli.Main$run.call(Unknown Source)
	at com.kms.katalon.core.cucumber.keyword.CucumberBuiltinKeywords$_runFeatureFile_closure1.doCall(CucumberBuiltinKeywords.groovy:76)
	at com.kms.katalon.core.cucumber.keyword.CucumberBuiltinKeywords$_runFeatureFile_closure1.doCall(CucumberBuiltinKeywords.groovy)
	at com.kms.katalon.core.keyword.internal.KeywordMain.runKeyword(KeywordMain.groovy:68)
	... 19 more]]></system-out>
      <system-err><![CDATA[2020-12-17 23:08:35 - [TEST_SUITE][FAILED] - Firma Bilgileri: Test Cases/Case Repository/Ayarlar/Araclar/Firma Bilgileri/Firma Bilgileri FAILED.
Reason:
com.kms.katalon.core.exception.StepFailedException: Keyword runFeatureFile was failed (Root cause: java.lang.NullPointerException: No format for key faıled
	at cucumber.runtime.formatter.AnsiFormats.get(AnsiFormats.java:51)
	at cucumber.runtime.Stats.printScenarios(Stats.java:170)
	at cucumber.runtime.Stats.printNonZeroResultScenarios(Stats.java:161)
	at cucumber.runtime.Stats.printStats(Stats.java:107)
	at cucumber.runtime.DefaultSummaryPrinter.printStats(DefaultSummaryPrinter.java:34)
	at cucumber.runtime.DefaultSummaryPrinter.print(DefaultSummaryPrinter.java:27)
	at cucumber.runtime.DefaultSummaryPrinter.access$000(DefaultSummaryPrinter.java:14)
	at cucumber.runtime.DefaultSummaryPrinter$1.receive(DefaultSummaryPrinter.java:63)
	at cucumber.runtime.DefaultSummaryPrinter$1.receive(DefaultSummaryPrinter.java:60)
	at cucumber.runner.EventBus.send(EventBus.java:28)
	at cucumber.runtime.Runtime.run(Runtime.java:109)
	at cucumber.api.cli.Main.run(Main.java:35)
	at cucumber.api.cli.Main$run.call(Unknown Source)
	at com.kms.katalon.core.cucumber.keyword.CucumberBuiltinKeywords$_runFeatureFile_closure1.doCall(CucumberBuiltinKeywords.groovy:76)
	at com.kms.katalon.core.cucumber.keyword.CucumberBuiltinKeywords$_runFeatureFile_closure1.doCall(CucumberBuiltinKeywords.groovy)
	at com.kms.katalon.core.keyword.internal.KeywordMain.runKeyword(KeywordMain.groovy:68)
	at com.kms.katalon.core.keyword.internal.KeywordMain$runKeyword.call(Unknown Source)
	at com.kms.katalon.core.cucumber.keyword.CucumberBuiltinKeywords.runFeatureFile(CucumberBuiltinKeywords.groovy:46)
	at com.kms.katalon.core.cucumber.keyword.CucumberBuiltinKeywords$runFeatureFile$0.callStatic(Unknown Source)
	at com.kms.katalon.core.cucumber.keyword.CucumberBuiltinKeywords.runFeatureFile(CucumberBuiltinKeywords.groovy:169)
	at com.kms.katalon.core.cucumber.keyword.CucumberBuiltinKeywords$runFeatureFile.call(Unknown Source)
	at Firma Bilgileri.run(Firma Bilgileri:19)
	at com.kms.katalon.core.main.ScriptEngine.run(ScriptEngine.java:194)
	at com.kms.katalon.core.main.ScriptEngine.runScriptAsRawText(ScriptEngine.java:119)
	at com.kms.katalon.core.main.TestCaseExecutor.runScript(TestCaseExecutor.java:339)
	at com.kms.katalon.core.main.TestCaseExecutor.doExecute(TestCaseExecutor.java:330)
	at com.kms.katalon.core.main.TestCaseExecutor.processExecutionPhase(TestCaseExecutor.java:309)
	at com.kms.katalon.core.main.TestCaseExecutor.accessMainPhase(TestCaseExecutor.java:301)
	at com.kms.katalon.core.main.TestCaseExecutor.execute(TestCaseExecutor.java:235)
	at com.kms.katalon.core.main.TestSuiteExecutor.accessTestCaseMainPhase(TestSuiteExecutor.java:191)
	at com.kms.katalon.core.main.TestSuiteExecutor.accessTestSuiteMainPhase(TestSuiteExecutor.java:141)
	at com.kms.katalon.core.main.TestSuiteExecutor.execute(TestSuiteExecutor.java:90)
	at com.kms.katalon.core.main.TestCaseMain.startTestSuite(TestCaseMain.java:157)
	at com.kms.katalon.core.main.TestCaseMain$startTestSuite$0.call(Unknown Source)
	at TempTestSuite1608235697404.run(TempTestSuite1608235697404.groovy:39)
)
	at com.kms.katalon.core.keyword.internal.KeywordMain.stepFailed(KeywordMain.groovy:50)
	at com.kms.katalon.core.keyword.internal.KeywordMain.stepFailed(KeywordMain.groovy)
	at com.kms.katalon.core.keyword.internal.KeywordMain.runKeyword(KeywordMain.groovy:70)
	at com.kms.katalon.core.keyword.internal.KeywordMain$runKeyword.call(Unknown Source)
	at com.kms.katalon.core.cucumber.keyword.CucumberBuiltinKeywords.runFeatureFile(CucumberBuiltinKeywords.groovy:46)
	at com.kms.katalon.core.cucumber.keyword.CucumberBuiltinKeywords$runFeatureFile$0.callStatic(Unknown Source)
	at com.kms.katalon.core.cucumber.keyword.CucumberBuiltinKeywords.runFeatureFile(CucumberBuiltinKeywords.groovy:169)
	at com.kms.katalon.core.cucumber.keyword.CucumberBuiltinKeywords$runFeatureFile.call(Unknown Source)
	at Firma Bilgileri.run(Firma Bilgileri:19)
	at com.kms.katalon.core.main.ScriptEngine.run(ScriptEngine.java:194)
	at com.kms.katalon.core.main.ScriptEngine.runScriptAsRawText(ScriptEngine.java:119)
	at com.kms.katalon.core.main.TestCaseExecutor.runScript(TestCaseExecutor.java:339)
	at com.kms.katalon.core.main.TestCaseExecutor.doExecute(TestCaseExecutor.java:330)
	at com.kms.katalon.core.main.TestCaseExecutor.processExecutionPhase(TestCaseExecutor.java:309)
	at com.kms.katalon.core.main.TestCaseExecutor.accessMainPhase(TestCaseExecutor.java:301)
	at com.kms.katalon.core.main.TestCaseExecutor.execute(TestCaseExecutor.java:235)
	at com.kms.katalon.core.main.TestSuiteExecutor.accessTestCaseMainPhase(TestSuiteExecutor.java:191)
	at com.kms.katalon.core.main.TestSuiteExecutor.accessTestSuiteMainPhase(TestSuiteExecutor.java:141)
	at com.kms.katalon.core.main.TestSuiteExecutor.execute(TestSuiteExecutor.java:90)
	at com.kms.katalon.core.main.TestCaseMain.startTestSuite(TestCaseMain.java:157)
	at com.kms.katalon.core.main.TestCaseMain$startTestSuite$0.call(Unknown Source)
	at TempTestSuite1608235697404.run(TempTestSuite1608235697404.groovy:39)
Caused by: java.lang.NullPointerException: No format for key faıled
	at cucumber.runtime.formatter.AnsiFormats.get(AnsiFormats.java:51)
	at cucumber.runtime.Stats.printScenarios(Stats.java:170)
	at cucumber.runtime.Stats.printNonZeroResultScenarios(Stats.java:161)
	at cucumber.runtime.Stats.printStats(Stats.java:107)
	at cucumber.runtime.DefaultSummaryPrinter.printStats(DefaultSummaryPrinter.java:34)
	at cucumber.runtime.DefaultSummaryPrinter.print(DefaultSummaryPrinter.java:27)
	at cucumber.runtime.DefaultSummaryPrinter.access$000(DefaultSummaryPrinter.java:14)
	at cucumber.runtime.DefaultSummaryPrinter$1.receive(DefaultSummaryPrinter.java:63)
	at cucumber.runtime.DefaultSummaryPrinter$1.receive(DefaultSummaryPrinter.java:60)
	at cucumber.runner.EventBus.send(EventBus.java:28)
	at cucumber.runtime.Runtime.run(Runtime.java:109)
	at cucumber.api.cli.Main.run(Main.java:35)
	at cucumber.api.cli.Main$run.call(Unknown Source)
	at com.kms.katalon.core.cucumber.keyword.CucumberBuiltinKeywords$_runFeatureFile_closure1.doCall(CucumberBuiltinKeywords.groovy:76)
	at com.kms.katalon.core.cucumber.keyword.CucumberBuiltinKeywords$_runFeatureFile_closure1.doCall(CucumberBuiltinKeywords.groovy)
	at com.kms.katalon.core.keyword.internal.KeywordMain.runKeyword(KeywordMain.groovy:68)
	... 19 more]]></system-err>
   </testsuite>
   <testsuite name="Buton Kontrolu" tests="1" failures="1" errors="0" time="60.607" timestamp="2020-12-17 23:08:35" hostname="yigit - LAPTOP-7436ND4C" id="">
      <properties>
         <property name="deviceName" value=""/>
         <property name="devicePlatform" value=""/>
         <property name="logFolder" value="C:\\Users\\yigit\\Documents\\GitHub\\eesekim\\Reports\\20201217_230810\\_Suite Repository ( Deneysel )\\e-Arsiv\\e-Arsiv Araclari\\e-Arsiv Dosya Islemleri\\Buton Kontrolu\\20201217_230819"/>
         <property name="logFiles" value="C:\\Users\\yigit\\Documents\\GitHub\\eesekim\\Reports\\20201217_230810\\_Suite Repository ( Deneysel )\\e-Arsiv\\e-Arsiv Araclari\\e-Arsiv Dosya Islemleri\\Buton Kontrolu\\20201217_230819\\execution0.log"/>
         <property name="attachments" value=""/>
         <property name="hostName" value="yigit - LAPTOP-7436ND4C"/>
         <property name="os" value="Windows 10 64bit"/>
         <property name="katalonVersion" value="7.7.2.205"/>
         <property name="browser" value="Chrome 87.0.4280.88"/>
         <property name="hostAddress" value="10.10.10.154"/>
         <property name="sessionId" value="cc5bd7ec0f0eca3069ffe513b75205c0"/>
         <property name="seleniumVersion" value="3.141.59"/>
         <property name="proxyInformation" value="ProxyInformation { proxyOption=NO_PROXY, proxyServerType=HTTP, username=, password=********, proxyServerAddress=, proxyServerPort=0, executionList=&quot;&quot;, isApplyToDesiredCapabilities=true }"/>
         <property name="platform" value="Windows 10"/>
      </properties>
      <testcase name="Test Cases/Case Repository/e-Arsiv/e-Arsiv Araclari/e-Arsiv Dosya Islemleri/Buton Kontrolu" time="58.278" classname="Test Cases/Case Repository/e-Arsiv/e-Arsiv Araclari/e-Arsiv Dosya Islemleri/Buton Kontrolu" status="FAILED">
         <failure type="FAILED" message="Test Cases/Case Repository/e-Arsiv/e-Arsiv Araclari/e-Arsiv Dosya Islemleri/Buton Kontrolu FAILED.
Reason:
com.kms.katalon.core.exception.StepFailedException: Keyword runFeatureFile was failed (Root cause: java.lang.NullPointerException: No format for key faıled
	at cucumber.runtime.formatter.AnsiFormats.get(AnsiFormats.java:51)
	at cucumber.runtime.Stats.printScenarios(Stats.java:170)
	at cucumber.runtime.Stats.printNonZeroResultScenarios(Stats.java:161)
	at cucumber.runtime.Stats.printStats(Stats.java:107)
	at cucumber.runtime.DefaultSummaryPrinter.printStats(DefaultSummaryPrinter.java:34)
	at cucumber.runtime.DefaultSummaryPrinter.print(DefaultSummaryPrinter.java:27)
	at cucumber.runtime.DefaultSummaryPrinter.access$000(DefaultSummaryPrinter.java:14)
	at cucumber.runtime.DefaultSummaryPrinter$1.receive(DefaultSummaryPrinter.java:63)
	at cucumber.runtime.DefaultSummaryPrinter$1.receive(DefaultSummaryPrinter.java:60)
	at cucumber.runner.EventBus.send(EventBus.java:28)
	at cucumber.runtime.Runtime.run(Runtime.java:109)
	at cucumber.api.cli.Main.run(Main.java:35)
	at cucumber.api.cli.Main$run.call(Unknown Source)
	at com.kms.katalon.core.cucumber.keyword.CucumberBuiltinKeywords$_runFeatureFile_closure1.doCall(CucumberBuiltinKeywords.groovy:76)
	at com.kms.katalon.core.cucumber.keyword.CucumberBuiltinKeywords$_runFeatureFile_closure1.doCall(CucumberBuiltinKeywords.groovy)
	at com.kms.katalon.core.keyword.internal.KeywordMain.runKeyword(KeywordMain.groovy:68)
	at com.kms.katalon.core.keyword.internal.KeywordMain$runKeyword.call(Unknown Source)
	at com.kms.katalon.core.cucumber.keyword.CucumberBuiltinKeywords.runFeatureFile(CucumberBuiltinKeywords.groovy:46)
	at com.kms.katalon.core.cucumber.keyword.CucumberBuiltinKeywords$runFeatureFile$0.callStatic(Unknown Source)
	at com.kms.katalon.core.cucumber.keyword.CucumberBuiltinKeywords.runFeatureFile(CucumberBuiltinKeywords.groovy:169)
	at com.kms.katalon.core.cucumber.keyword.CucumberBuiltinKeywords$runFeatureFile.call(Unknown Source)
	at Buton Kontrolu.run(Buton Kontrolu:19)
	at com.kms.katalon.core.main.ScriptEngine.run(ScriptEngine.java:194)
	at com.kms.katalon.core.main.ScriptEngine.runScriptAsRawText(ScriptEngine.java:119)
	at com.kms.katalon.core.main.TestCaseExecutor.runScript(TestCaseExecutor.java:339)
	at com.kms.katalon.core.main.TestCaseExecutor.doExecute(TestCaseExecutor.java:330)
	at com.kms.katalon.core.main.TestCaseExecutor.processExecutionPhase(TestCaseExecutor.java:309)
	at com.kms.katalon.core.main.TestCaseExecutor.accessMainPhase(TestCaseExecutor.java:301)
	at com.kms.katalon.core.main.TestCaseExecutor.execute(TestCaseExecutor.java:235)
	at com.kms.katalon.core.main.TestSuiteExecutor.accessTestCaseMainPhase(TestSuiteExecutor.java:191)
	at com.kms.katalon.core.main.TestSuiteExecutor.accessTestSuiteMainPhase(TestSuiteExecutor.java:141)
	at com.kms.katalon.core.main.TestSuiteExecutor.execute(TestSuiteExecutor.java:90)
	at com.kms.katalon.core.main.TestCaseMain.startTestSuite(TestCaseMain.java:157)
	at com.kms.katalon.core.main.TestCaseMain$startTestSuite$0.call(Unknown Source)
	at TempTestSuite1608235699383.run(TempTestSuite1608235699383.groovy:39)
)
	at com.kms.katalon.core.keyword.internal.KeywordMain.stepFailed(KeywordMain.groovy:50)
	at com.kms.katalon.core.keyword.internal.KeywordMain.stepFailed(KeywordMain.groovy)
	at com.kms.katalon.core.keyword.internal.KeywordMain.runKeyword(KeywordMain.groovy:70)
	at com.kms.katalon.core.keyword.internal.KeywordMain$runKeyword.call(Unknown Source)
	at com.kms.katalon.core.cucumber.keyword.CucumberBuiltinKeywords.runFeatureFile(CucumberBuiltinKeywords.groovy:46)
	at com.kms.katalon.core.cucumber.keyword.CucumberBuiltinKeywords$runFeatureFile$0.callStatic(Unknown Source)
	at com.kms.katalon.core.cucumber.keyword.CucumberBuiltinKeywords.runFeatureFile(CucumberBuiltinKeywords.groovy:169)
	at com.kms.katalon.core.cucumber.keyword.CucumberBuiltinKeywords$runFeatureFile.call(Unknown Source)
	at Buton Kontrolu.run(Buton Kontrolu:19)
	at com.kms.katalon.core.main.ScriptEngine.run(ScriptEngine.java:194)
	at com.kms.katalon.core.main.ScriptEngine.runScriptAsRawText(ScriptEngine.java:119)
	at com.kms.katalon.core.main.TestCaseExecutor.runScript(TestCaseExecutor.java:339)
	at com.kms.katalon.core.main.TestCaseExecutor.doExecute(TestCaseExecutor.java:330)
	at com.kms.katalon.core.main.TestCaseExecutor.processExecutionPhase(TestCaseExecutor.java:309)
	at com.kms.katalon.core.main.TestCaseExecutor.accessMainPhase(TestCaseExecutor.java:301)
	at com.kms.katalon.core.main.TestCaseExecutor.execute(TestCaseExecutor.java:235)
	at com.kms.katalon.core.main.TestSuiteExecutor.accessTestCaseMainPhase(TestSuiteExecutor.java:191)
	at com.kms.katalon.core.main.TestSuiteExecutor.accessTestSuiteMainPhase(TestSuiteExecutor.java:141)
	at com.kms.katalon.core.main.TestSuiteExecutor.execute(TestSuiteExecutor.java:90)
	at com.kms.katalon.core.main.TestCaseMain.startTestSuite(TestCaseMain.java:157)
	at com.kms.katalon.core.main.TestCaseMain$startTestSuite$0.call(Unknown Source)
	at TempTestSuite1608235699383.run(TempTestSuite1608235699383.groovy:39)
Caused by: java.lang.NullPointerException: No format for key faıled
	at cucumber.runtime.formatter.AnsiFormats.get(AnsiFormats.java:51)
	at cucumber.runtime.Stats.printScenarios(Stats.java:170)
	at cucumber.runtime.Stats.printNonZeroResultScenarios(Stats.java:161)
	at cucumber.runtime.Stats.printStats(Stats.java:107)
	at cucumber.runtime.DefaultSummaryPrinter.printStats(DefaultSummaryPrinter.java:34)
	at cucumber.runtime.DefaultSummaryPrinter.print(DefaultSummaryPrinter.java:27)
	at cucumber.runtime.DefaultSummaryPrinter.access$000(DefaultSummaryPrinter.java:14)
	at cucumber.runtime.DefaultSummaryPrinter$1.receive(DefaultSummaryPrinter.java:63)
	at cucumber.runtime.DefaultSummaryPrinter$1.receive(DefaultSummaryPrinter.java:60)
	at cucumber.runner.EventBus.send(EventBus.java:28)
	at cucumber.runtime.Runtime.run(Runtime.java:109)
	at cucumber.api.cli.Main.run(Main.java:35)
	at cucumber.api.cli.Main$run.call(Unknown Source)
	at com.kms.katalon.core.cucumber.keyword.CucumberBuiltinKeywords$_runFeatureFile_closure1.doCall(CucumberBuiltinKeywords.groovy:76)
	at com.kms.katalon.core.cucumber.keyword.CucumberBuiltinKeywords$_runFeatureFile_closure1.doCall(CucumberBuiltinKeywords.groovy)
	at com.kms.katalon.core.keyword.internal.KeywordMain.runKeyword(KeywordMain.groovy:68)
	... 19 more
"/>
         <system-out><![CDATA[2020-12-17 23:08:36 - [TEST_CASE][FAILED] - Test Cases/Case Repository/e-Arsiv/e-Arsiv Araclari/e-Arsiv Dosya Islemleri/Buton Kontrolu: Test Cases/Case Repository/e-Arsiv/e-Arsiv Araclari/e-Arsiv Dosya Islemleri/Buton Kontrolu FAILED.
Reason:
com.kms.katalon.core.exception.StepFailedException: Keyword runFeatureFile was failed (Root cause: java.lang.NullPointerException: No format for key faıled
	at cucumber.runtime.formatter.AnsiFormats.get(AnsiFormats.java:51)
	at cucumber.runtime.Stats.printScenarios(Stats.java:170)
	at cucumber.runtime.Stats.printNonZeroResultScenarios(Stats.java:161)
	at cucumber.runtime.Stats.printStats(Stats.java:107)
	at cucumber.runtime.DefaultSummaryPrinter.printStats(DefaultSummaryPrinter.java:34)
	at cucumber.runtime.DefaultSummaryPrinter.print(DefaultSummaryPrinter.java:27)
	at cucumber.runtime.DefaultSummaryPrinter.access$000(DefaultSummaryPrinter.java:14)
	at cucumber.runtime.DefaultSummaryPrinter$1.receive(DefaultSummaryPrinter.java:63)
	at cucumber.runtime.DefaultSummaryPrinter$1.receive(DefaultSummaryPrinter.java:60)
	at cucumber.runner.EventBus.send(EventBus.java:28)
	at cucumber.runtime.Runtime.run(Runtime.java:109)
	at cucumber.api.cli.Main.run(Main.java:35)
	at cucumber.api.cli.Main$run.call(Unknown Source)
	at com.kms.katalon.core.cucumber.keyword.CucumberBuiltinKeywords$_runFeatureFile_closure1.doCall(CucumberBuiltinKeywords.groovy:76)
	at com.kms.katalon.core.cucumber.keyword.CucumberBuiltinKeywords$_runFeatureFile_closure1.doCall(CucumberBuiltinKeywords.groovy)
	at com.kms.katalon.core.keyword.internal.KeywordMain.runKeyword(KeywordMain.groovy:68)
	at com.kms.katalon.core.keyword.internal.KeywordMain$runKeyword.call(Unknown Source)
	at com.kms.katalon.core.cucumber.keyword.CucumberBuiltinKeywords.runFeatureFile(CucumberBuiltinKeywords.groovy:46)
	at com.kms.katalon.core.cucumber.keyword.CucumberBuiltinKeywords$runFeatureFile$0.callStatic(Unknown Source)
	at com.kms.katalon.core.cucumber.keyword.CucumberBuiltinKeywords.runFeatureFile(CucumberBuiltinKeywords.groovy:169)
	at com.kms.katalon.core.cucumber.keyword.CucumberBuiltinKeywords$runFeatureFile.call(Unknown Source)
	at Buton Kontrolu.run(Buton Kontrolu:19)
	at com.kms.katalon.core.main.ScriptEngine.run(ScriptEngine.java:194)
	at com.kms.katalon.core.main.ScriptEngine.runScriptAsRawText(ScriptEngine.java:119)
	at com.kms.katalon.core.main.TestCaseExecutor.runScript(TestCaseExecutor.java:339)
	at com.kms.katalon.core.main.TestCaseExecutor.doExecute(TestCaseExecutor.java:330)
	at com.kms.katalon.core.main.TestCaseExecutor.processExecutionPhase(TestCaseExecutor.java:309)
	at com.kms.katalon.core.main.TestCaseExecutor.accessMainPhase(TestCaseExecutor.java:301)
	at com.kms.katalon.core.main.TestCaseExecutor.execute(TestCaseExecutor.java:235)
	at com.kms.katalon.core.main.TestSuiteExecutor.accessTestCaseMainPhase(TestSuiteExecutor.java:191)
	at com.kms.katalon.core.main.TestSuiteExecutor.accessTestSuiteMainPhase(TestSuiteExecutor.java:141)
	at com.kms.katalon.core.main.TestSuiteExecutor.execute(TestSuiteExecutor.java:90)
	at com.kms.katalon.core.main.TestCaseMain.startTestSuite(TestCaseMain.java:157)
	at com.kms.katalon.core.main.TestCaseMain$startTestSuite$0.call(Unknown Source)
	at TempTestSuite1608235699383.run(TempTestSuite1608235699383.groovy:39)
)
	at com.kms.katalon.core.keyword.internal.KeywordMain.stepFailed(KeywordMain.groovy:50)
	at com.kms.katalon.core.keyword.internal.KeywordMain.stepFailed(KeywordMain.groovy)
	at com.kms.katalon.core.keyword.internal.KeywordMain.runKeyword(KeywordMain.groovy:70)
	at com.kms.katalon.core.keyword.internal.KeywordMain$runKeyword.call(Unknown Source)
	at com.kms.katalon.core.cucumber.keyword.CucumberBuiltinKeywords.runFeatureFile(CucumberBuiltinKeywords.groovy:46)
	at com.kms.katalon.core.cucumber.keyword.CucumberBuiltinKeywords$runFeatureFile$0.callStatic(Unknown Source)
	at com.kms.katalon.core.cucumber.keyword.CucumberBuiltinKeywords.runFeatureFile(CucumberBuiltinKeywords.groovy:169)
	at com.kms.katalon.core.cucumber.keyword.CucumberBuiltinKeywords$runFeatureFile.call(Unknown Source)
	at Buton Kontrolu.run(Buton Kontrolu:19)
	at com.kms.katalon.core.main.ScriptEngine.run(ScriptEngine.java:194)
	at com.kms.katalon.core.main.ScriptEngine.runScriptAsRawText(ScriptEngine.java:119)
	at com.kms.katalon.core.main.TestCaseExecutor.runScript(TestCaseExecutor.java:339)
	at com.kms.katalon.core.main.TestCaseExecutor.doExecute(TestCaseExecutor.java:330)
	at com.kms.katalon.core.main.TestCaseExecutor.processExecutionPhase(TestCaseExecutor.java:309)
	at com.kms.katalon.core.main.TestCaseExecutor.accessMainPhase(TestCaseExecutor.java:301)
	at com.kms.katalon.core.main.TestCaseExecutor.execute(TestCaseExecutor.java:235)
	at com.kms.katalon.core.main.TestSuiteExecutor.accessTestCaseMainPhase(TestSuiteExecutor.java:191)
	at com.kms.katalon.core.main.TestSuiteExecutor.accessTestSuiteMainPhase(TestSuiteExecutor.java:141)
	at com.kms.katalon.core.main.TestSuiteExecutor.execute(TestSuiteExecutor.java:90)
	at com.kms.katalon.core.main.TestCaseMain.startTestSuite(TestCaseMain.java:157)
	at com.kms.katalon.core.main.TestCaseMain$startTestSuite$0.call(Unknown Source)
	at TempTestSuite1608235699383.run(TempTestSuite1608235699383.groovy:39)
Caused by: java.lang.NullPointerException: No format for key faıled
	at cucumber.runtime.formatter.AnsiFormats.get(AnsiFormats.java:51)
	at cucumber.runtime.Stats.printScenarios(Stats.java:170)
	at cucumber.runtime.Stats.printNonZeroResultScenarios(Stats.java:161)
	at cucumber.runtime.Stats.printStats(Stats.java:107)
	at cucumber.runtime.DefaultSummaryPrinter.printStats(DefaultSummaryPrinter.java:34)
	at cucumber.runtime.DefaultSummaryPrinter.print(DefaultSummaryPrinter.java:27)
	at cucumber.runtime.DefaultSummaryPrinter.access$000(DefaultSummaryPrinter.java:14)
	at cucumber.runtime.DefaultSummaryPrinter$1.receive(DefaultSummaryPrinter.java:63)
	at cucumber.runtime.DefaultSummaryPrinter$1.receive(DefaultSummaryPrinter.java:60)
	at cucumber.runner.EventBus.send(EventBus.java:28)
	at cucumber.runtime.Runtime.run(Runtime.java:109)
	at cucumber.api.cli.Main.run(Main.java:35)
	at cucumber.api.cli.Main$run.call(Unknown Source)
	at com.kms.katalon.core.cucumber.keyword.CucumberBuiltinKeywords$_runFeatureFile_closure1.doCall(CucumberBuiltinKeywords.groovy:76)
	at com.kms.katalon.core.cucumber.keyword.CucumberBuiltinKeywords$_runFeatureFile_closure1.doCall(CucumberBuiltinKeywords.groovy)
	at com.kms.katalon.core.keyword.internal.KeywordMain.runKeyword(KeywordMain.groovy:68)
	... 19 more


2020-12-17 23:08:36 - [TEST_STEP][PASSED] - Start listener action : sampleBeforeTestSuite: Invoke 'com.kms.katalon.core.annotation.BeforeTestCase' method: 'Listener.sampleBeforeTestSuite(...)' completed.

2020-12-17 23:08:36 - [MESSAGE][INFO] - Starting invoke 'com.kms.katalon.core.annotation.BeforeTestCase' method: 'Listener.sampleBeforeTestSuite(...)'

2020-12-17 23:08:36 - [TEST_STEP][PASSED] - Method.dosyalariSil("C:\otomasyondownfiles"): Method.dosyalariSil is PASSED

2020-12-17 23:08:36 - [MESSAGE][PASSED] - Method.dosyalariSil is PASSED

2020-12-17 23:08:36 - [TEST_STEP][PASSED] - openBrowser(baseUrl): Browser is opened with url: 'https://efatura-stage.elogo.com.tr/'

2020-12-17 23:08:38 - [MESSAGE][INFO] - Opening browser

2020-12-17 23:08:38 - [MESSAGE][INFO] - Starting 'Chrome' driver

2020-12-17 23:08:38 - [MESSAGE][INFO] - User set preference: ['prefs', '{download.default_directory=C:\otomasyondownfiles}']

2020-12-17 23:08:38 - [MESSAGE][INFO] - Action delay is set to 0 milliseconds

2020-12-17 23:08:44 - [MESSAGE][INFO] - Navigating browser to: 'https://efatura-stage.elogo.com.tr/'

2020-12-17 23:08:48 - [MESSAGE][PASSED] - Browser is opened with url: 'https://efatura-stage.elogo.com.tr/'

2020-12-17 23:08:48 - [TEST_STEP][PASSED] - maximizeWindow(): Invoke 'com.kms.katalon.core.annotation.BeforeTestCase' method: 'Listener.sampleBeforeTestSuite(...)' completed.

2020-12-17 23:08:48 - [MESSAGE][INFO] - Maximizing current window

2020-12-17 23:08:50 - [MESSAGE][PASSED] - Current window maximized

2020-12-17 23:08:50 - [MESSAGE][INFO] - Invoke 'com.kms.katalon.core.annotation.BeforeTestCase' method: 'Listener.sampleBeforeTestSuite(...)' completed.

2020-12-17 23:08:50 - [TEST_STEP][FAILED] - runFeatureFile("Include/features/e-Arsiv/e-Arsiv Araclari/e-Arsiv Dosya Islemleri/Buton Kontrolu.feature"): Keyword runFeatureFile was failed (Root cause: java.lang.NullPointerException: No format for key faıled
	at cucumber.runtime.formatter.AnsiFormats.get(AnsiFormats.java:51)
	at cucumber.runtime.Stats.printScenarios(Stats.java:170)
	at cucumber.runtime.Stats.printNonZeroResultScenarios(Stats.java:161)
	at cucumber.runtime.Stats.printStats(Stats.java:107)
	at cucumber.runtime.DefaultSummaryPrinter.printStats(DefaultSummaryPrinter.java:34)
	at cucumber.runtime.DefaultSummaryPrinter.print(DefaultSummaryPrinter.java:27)
	at cucumber.runtime.DefaultSummaryPrinter.access$000(DefaultSummaryPrinter.java:14)
	at cucumber.runtime.DefaultSummaryPrinter$1.receive(DefaultSummaryPrinter.java:63)
	at cucumber.runtime.DefaultSummaryPrinter$1.receive(DefaultSummaryPrinter.java:60)
	at cucumber.runner.EventBus.send(EventBus.java:28)
	at cucumber.runtime.Runtime.run(Runtime.java:109)
	at cucumber.api.cli.Main.run(Main.java:35)
	at cucumber.api.cli.Main$run.call(Unknown Source)
	at com.kms.katalon.core.cucumber.keyword.CucumberBuiltinKeywords$_runFeatureFile_closure1.doCall(CucumberBuiltinKeywords.groovy:76)
	at com.kms.katalon.core.cucumber.keyword.CucumberBuiltinKeywords$_runFeatureFile_closure1.doCall(CucumberBuiltinKeywords.groovy)
	at com.kms.katalon.core.keyword.internal.KeywordMain.runKeyword(KeywordMain.groovy:68)
	at com.kms.katalon.core.keyword.internal.KeywordMain$runKeyword.call(Unknown Source)
	at com.kms.katalon.core.cucumber.keyword.CucumberBuiltinKeywords.runFeatureFile(CucumberBuiltinKeywords.groovy:46)
	at com.kms.katalon.core.cucumber.keyword.CucumberBuiltinKeywords$runFeatureFile$0.callStatic(Unknown Source)
	at com.kms.katalon.core.cucumber.keyword.CucumberBuiltinKeywords.runFeatureFile(CucumberBuiltinKeywords.groovy:169)
	at com.kms.katalon.core.cucumber.keyword.CucumberBuiltinKeywords$runFeatureFile.call(Unknown Source)
	at Buton Kontrolu.run(Buton Kontrolu:19)
	at com.kms.katalon.core.main.ScriptEngine.run(ScriptEngine.java:194)
	at com.kms.katalon.core.main.ScriptEngine.runScriptAsRawText(ScriptEngine.java:119)
	at com.kms.katalon.core.main.TestCaseExecutor.runScript(TestCaseExecutor.java:339)
	at com.kms.katalon.core.main.TestCaseExecutor.doExecute(TestCaseExecutor.java:330)
	at com.kms.katalon.core.main.TestCaseExecutor.processExecutionPhase(TestCaseExecutor.java:309)
	at com.kms.katalon.core.main.TestCaseExecutor.accessMainPhase(TestCaseExecutor.java:301)
	at com.kms.katalon.core.main.TestCaseExecutor.execute(TestCaseExecutor.java:235)
	at com.kms.katalon.core.main.TestSuiteExecutor.accessTestCaseMainPhase(TestSuiteExecutor.java:191)
	at com.kms.katalon.core.main.TestSuiteExecutor.accessTestSuiteMainPhase(TestSuiteExecutor.java:141)
	at com.kms.katalon.core.main.TestSuiteExecutor.execute(TestSuiteExecutor.java:90)
	at com.kms.katalon.core.main.TestCaseMain.startTestSuite(TestCaseMain.java:157)
	at com.kms.katalon.core.main.TestCaseMain$startTestSuite$0.call(Unknown Source)
	at TempTestSuite1608235699383.run(TempTestSuite1608235699383.groovy:39)
)

2020-12-17 23:08:50 - [MESSAGE][INFO] - Starting run keyword runFeatureFile: 'Include/features/e-Arsiv/e-Arsiv Araclari/e-Arsiv Dosya Islemleri/Buton Kontrolu.feature' and extract report to folder: 'C:\Users\yigit\Documents\GitHub\eesekim\Reports\20201217_230810\_Suite Repository ( Deneysel )\e-Arsiv\e-Arsiv Araclari\e-Arsiv Dosya Islemleri\Buton Kontrolu\20201217_230819/cucumber_report/1608235730898'...

2020-12-17 23:08:52 - [TEST_CASE][PASSED] - Start Test Case : SCENARIO e-Arsiv Dosya Islemleri Buton Kontrolu: SCENARIO e-Arsiv Dosya Islemleri Buton Kontrolu

2020-12-17 23:08:52 - [TEST_STEP][PASSED] - Kullanıcı adı ELOGOGIB ve Şifre 123456 olarak giriş yapılır: Kullanıcı adı ELOGOGIB ve Şifre 123456 olarak giriş yapılır

2020-12-17 23:08:52 - [MESSAGE][INFO] - Checking called Test Case

2020-12-17 23:08:52 - [MESSAGE][INFO] - Starting to call Test Case 'Test Cases/Sayfalar/Giris_Sayfasi/Login'

2020-12-17 23:08:52 - [TEST_CASE][PASSED] - Test Cases/Sayfalar/Giris_Sayfasi/Login: Test Cases/Sayfalar/Giris_Sayfasi/Login

2020-12-17 23:08:53 - [TEST_STEP][PASSED] - Sayfa_Basligi = getWindowTitle(): Current window's title is: 'LOGO e-Fatura'

2020-12-17 23:08:53 - [MESSAGE][INFO] - Getting current window's title

2020-12-17 23:08:53 - [MESSAGE][PASSED] - Current window's title is: 'LOGO e-Fatura'

2020-12-17 23:08:53 - [TEST_STEP][PASSED] - verifyMatch(Sayfa_Basligi, "LOGO e-Fatura", false): Actual text 'LOGO e-Fatura' and expected text 'LOGO e-Fatura' are matched 

2020-12-17 23:08:53 - [MESSAGE][INFO] - Matching actual text 'LOGO e-Fatura' with expected text 'LOGO e-Fatura'

2020-12-17 23:08:53 - [MESSAGE][PASSED] - Actual text 'LOGO e-Fatura' and expected text 'LOGO e-Fatura' are matched 

2020-12-17 23:08:53 - [TEST_STEP][PASSED] - if (waitForElementPresent(findTestObject("Object Repository/Sayfalar/Giris_Sayfasi/PopupCarpiGiris"), 5, OPTIONAL)): Object 'Object Repository/Sayfalar/Giris_Sayfasi/PopupCarpiGiris' is not present after 5 second(s)

2020-12-17 23:08:53 - [MESSAGE][INFO] - Finding Test Object 'Object Repository/Sayfalar/Giris_Sayfasi/PopupCarpiGiris'

2020-12-17 23:08:53 - [MESSAGE][INFO] - Checking object

2020-12-17 23:08:53 - [MESSAGE][INFO] - Finding web element from Test Object's properties

2020-12-17 23:08:53 - [MESSAGE][INFO] - Checking timeout

2020-12-17 23:08:53 - [MESSAGE][INFO] - Finding web element with id: 'Object Repository/Sayfalar/Giris_Sayfasi/PopupCarpiGiris' located by 'By.cssSelector: .bootbox-close-button.close' in '5' second(s)

2020-12-17 23:08:53 - [MESSAGE][INFO] - Smart Wait Function is triggered

2020-12-17 23:08:55 - [MESSAGE][INFO] - Smart Wait Function is triggered

2020-12-17 23:08:57 - [MESSAGE][INFO] - Smart Wait Function is triggered

2020-12-17 23:08:59 - [MESSAGE][INFO] - Unable to find the element located by 'By.cssSelector: .bootbox-close-button.close'. Please recheck the objects properties to make sure the desired element is located. 

2020-12-17 23:08:59 - [MESSAGE][WARNING] - [SELF-HEALING] Failed to find element with id 'Object Repository/Sayfalar/Giris_Sayfasi/PopupCarpiGiris'. Try using Self-healing.

2020-12-17 23:08:59 - [MESSAGE][WARNING] - [SELF-HEALING] Cannot find elements when the XPath is null.

2020-12-17 23:08:59 - [MESSAGE][WARNING] - [SELF-HEALING] Cannot find elements when the selector is null

2020-12-17 23:08:59 - [MESSAGE][WARNING] - Object 'Object Repository/Sayfalar/Giris_Sayfasi/PopupCarpiGiris' is not present after 5 second(s)

2020-12-17 23:08:59 - [TEST_STEP][PASSED] - sendKeys(findTestObject("Sayfalar/Giris_Sayfasi/Firma_Kodu"), KullaniciAdi): Keys 'ELOGOGIB' sent to object: 'Object Repository/Sayfalar/Giris_Sayfasi/Firma_Kodu'

2020-12-17 23:08:59 - [MESSAGE][INFO] - Finding Test Object 'Object Repository/Sayfalar/Giris_Sayfasi/Firma_Kodu'

2020-12-17 23:08:59 - [MESSAGE][INFO] - Sending keys 'ELOGOGIB' to object: 'Object Repository/Sayfalar/Giris_Sayfasi/Firma_Kodu'

2020-12-17 23:08:59 - [MESSAGE][INFO] - Finding web element from Test Object's properties

2020-12-17 23:08:59 - [MESSAGE][INFO] - Checking timeout

2020-12-17 23:08:59 - [MESSAGE][INFO] - Finding web element with id: 'Object Repository/Sayfalar/Giris_Sayfasi/Firma_Kodu' located by 'By.xpath: //*[@id = 'AccountName']' in '30' second(s)

2020-12-17 23:08:59 - [MESSAGE][INFO] - Smart Wait Function is triggered

2020-12-17 23:09:01 - [MESSAGE][INFO] - Found 1 web elements with id: 'Object Repository/Sayfalar/Giris_Sayfasi/Firma_Kodu' located by 'By.xpath: //*[@id = 'AccountName']' in '30' second(s)

2020-12-17 23:09:01 - [MESSAGE][PASSED] - Keys 'ELOGOGIB' sent to object: 'Object Repository/Sayfalar/Giris_Sayfasi/Firma_Kodu'

2020-12-17 23:09:01 - [TEST_STEP][PASSED] - sendKeys(findTestObject("Sayfalar/Giris_Sayfasi/Sifre"), Sifre): Keys '123456' sent to object: 'Object Repository/Sayfalar/Giris_Sayfasi/Sifre'

2020-12-17 23:09:01 - [MESSAGE][INFO] - Finding Test Object 'Object Repository/Sayfalar/Giris_Sayfasi/Sifre'

2020-12-17 23:09:01 - [MESSAGE][INFO] - Sending keys '123456' to object: 'Object Repository/Sayfalar/Giris_Sayfasi/Sifre'

2020-12-17 23:09:01 - [MESSAGE][INFO] - Finding web element from Test Object's properties

2020-12-17 23:09:01 - [MESSAGE][INFO] - Checking timeout

2020-12-17 23:09:01 - [MESSAGE][INFO] - Finding web element with id: 'Object Repository/Sayfalar/Giris_Sayfasi/Sifre' located by 'By.xpath: //*[@id = 'Password']' in '30' second(s)

2020-12-17 23:09:01 - [MESSAGE][INFO] - Smart Wait Function is triggered

2020-12-17 23:09:03 - [MESSAGE][INFO] - Found 2 web elements with id: 'Object Repository/Sayfalar/Giris_Sayfasi/Sifre' located by 'By.xpath: //*[@id = 'Password']' in '30' second(s)

2020-12-17 23:09:03 - [MESSAGE][PASSED] - Keys '123456' sent to object: 'Object Repository/Sayfalar/Giris_Sayfasi/Sifre'

2020-12-17 23:09:03 - [TEST_STEP][PASSED] - waitForElementClickable(findTestObject("Sayfalar/Giris_Sayfasi/Giris_Butonu"), Waits): Object 'Object Repository/Sayfalar/Giris_Sayfasi/Giris_Butonu' is clickable

2020-12-17 23:09:03 - [MESSAGE][INFO] - Finding Test Object 'Object Repository/Sayfalar/Giris_Sayfasi/Giris_Butonu'

2020-12-17 23:09:03 - [MESSAGE][INFO] - Checking object

2020-12-17 23:09:03 - [MESSAGE][INFO] - Checking timeout

2020-12-17 23:09:03 - [MESSAGE][INFO] - Finding web element from Test Object's properties

2020-12-17 23:09:03 - [MESSAGE][INFO] - Checking timeout

2020-12-17 23:09:03 - [MESSAGE][INFO] - Finding web element with id: 'Object Repository/Sayfalar/Giris_Sayfasi/Giris_Butonu' located by 'By.xpath: //*[@id = 'btnLogin']' in '10' second(s)

2020-12-17 23:09:03 - [MESSAGE][INFO] - Smart Wait Function is triggered

2020-12-17 23:09:05 - [MESSAGE][INFO] - Found 1 web elements with id: 'Object Repository/Sayfalar/Giris_Sayfasi/Giris_Butonu' located by 'By.xpath: //*[@id = 'btnLogin']' in '10' second(s)

2020-12-17 23:09:05 - [MESSAGE][PASSED] - Object 'Object Repository/Sayfalar/Giris_Sayfasi/Giris_Butonu' is clickable

2020-12-17 23:09:05 - [TEST_STEP][PASSED] - click(findTestObject("Sayfalar/Giris_Sayfasi/Giris_Butonu")): Object: 'Object Repository/Sayfalar/Giris_Sayfasi/Giris_Butonu' is clicked on

2020-12-17 23:09:05 - [MESSAGE][INFO] - Finding Test Object 'Object Repository/Sayfalar/Giris_Sayfasi/Giris_Butonu'

2020-12-17 23:09:05 - [MESSAGE][INFO] - Checking object

2020-12-17 23:09:05 - [MESSAGE][INFO] - Finding web element from Test Object's properties

2020-12-17 23:09:05 - [MESSAGE][INFO] - Checking timeout

2020-12-17 23:09:05 - [MESSAGE][INFO] - Finding web element with id: 'Object Repository/Sayfalar/Giris_Sayfasi/Giris_Butonu' located by 'By.xpath: //*[@id = 'btnLogin']' in '30' second(s)

2020-12-17 23:09:05 - [MESSAGE][INFO] - Smart Wait Function is triggered

2020-12-17 23:09:07 - [MESSAGE][INFO] - Found 1 web elements with id: 'Object Repository/Sayfalar/Giris_Sayfasi/Giris_Butonu' located by 'By.xpath: //*[@id = 'btnLogin']' in '30' second(s)

2020-12-17 23:09:07 - [MESSAGE][INFO] - Clicking on object: 'Object Repository/Sayfalar/Giris_Sayfasi/Giris_Butonu'

2020-12-17 23:09:09 - [MESSAGE][PASSED] - Object: 'Object Repository/Sayfalar/Giris_Sayfasi/Giris_Butonu' is clicked on

2020-12-17 23:09:09 - [TEST_STEP][PASSED] - if (verifyElementPresent(findTestObject("Sayfalar/Giris_Sayfasi/PopupOK"), 5, OPTIONAL)): Object: 'Object Repository/Sayfalar/Giris_Sayfasi/PopupOK' is clicked on

2020-12-17 23:09:09 - [MESSAGE][INFO] - Finding Test Object 'Object Repository/Sayfalar/Giris_Sayfasi/PopupOK'

2020-12-17 23:09:09 - [MESSAGE][INFO] - Checking object

2020-12-17 23:09:09 - [MESSAGE][INFO] - Finding web element from Test Object's properties

2020-12-17 23:09:09 - [MESSAGE][INFO] - Checking timeout

2020-12-17 23:09:09 - [MESSAGE][INFO] - Finding web element with id: 'Object Repository/Sayfalar/Giris_Sayfasi/PopupOK' located by 'By.cssSelector: .btn.btn-success' in '5' second(s)

2020-12-17 23:09:09 - [MESSAGE][INFO] - Smart Wait Function is triggered

2020-12-17 23:09:11 - [MESSAGE][INFO] - Found 1 web elements with id: 'Object Repository/Sayfalar/Giris_Sayfasi/PopupOK' located by 'By.cssSelector: .btn.btn-success' in '5' second(s)

2020-12-17 23:09:11 - [MESSAGE][PASSED] - Object 'Object Repository/Sayfalar/Giris_Sayfasi/PopupOK' is present

2020-12-17 23:09:11 - [TEST_STEP][PASSED] - click(findTestObject("Sayfalar/Giris_Sayfasi/PopupOK")): Object: 'Object Repository/Sayfalar/Giris_Sayfasi/PopupOK' is clicked on

2020-12-17 23:09:11 - [MESSAGE][INFO] - Finding Test Object 'Object Repository/Sayfalar/Giris_Sayfasi/PopupOK'

2020-12-17 23:09:11 - [MESSAGE][INFO] - Checking object

2020-12-17 23:09:11 - [MESSAGE][INFO] - Finding web element from Test Object's properties

2020-12-17 23:09:11 - [MESSAGE][INFO] - Checking timeout

2020-12-17 23:09:11 - [MESSAGE][INFO] - Finding web element with id: 'Object Repository/Sayfalar/Giris_Sayfasi/PopupOK' located by 'By.cssSelector: .btn.btn-success' in '30' second(s)

2020-12-17 23:09:11 - [MESSAGE][INFO] - Smart Wait Function is triggered

2020-12-17 23:09:13 - [MESSAGE][INFO] - Found 1 web elements with id: 'Object Repository/Sayfalar/Giris_Sayfasi/PopupOK' located by 'By.cssSelector: .btn.btn-success' in '30' second(s)

2020-12-17 23:09:13 - [MESSAGE][INFO] - Clicking on object: 'Object Repository/Sayfalar/Giris_Sayfasi/PopupOK'

2020-12-17 23:09:13 - [MESSAGE][PASSED] - Object: 'Object Repository/Sayfalar/Giris_Sayfasi/PopupOK' is clicked on

2020-12-17 23:09:13 - [TEST_STEP][PASSED] - verifyElementVisible(findTestObject("Object Repository/Kullanici_Islemleri/KullaniciIslemleri")): Object 'Object Repository/Kullanici_Islemleri/KullaniciIslemleri' is visible

2020-12-17 23:09:13 - [MESSAGE][INFO] - Finding Test Object 'Object Repository/Kullanici_Islemleri/KullaniciIslemleri'

2020-12-17 23:09:13 - [MESSAGE][INFO] - Checking object

2020-12-17 23:09:13 - [MESSAGE][INFO] - Finding web element from Test Object's properties

2020-12-17 23:09:13 - [MESSAGE][INFO] - Checking timeout

2020-12-17 23:09:13 - [MESSAGE][INFO] - Finding web element with id: 'Object Repository/Kullanici_Islemleri/KullaniciIslemleri' located by 'By.cssSelector: .dropdown>a>img' in '30' second(s)

2020-12-17 23:09:13 - [MESSAGE][INFO] - Smart Wait Function is triggered

2020-12-17 23:09:16 - [MESSAGE][INFO] - Found 1 web elements with id: 'Object Repository/Kullanici_Islemleri/KullaniciIslemleri' located by 'By.cssSelector: .dropdown>a>img' in '30' second(s)

2020-12-17 23:09:16 - [MESSAGE][PASSED] - Object 'Object Repository/Kullanici_Islemleri/KullaniciIslemleri' is visible

2020-12-17 23:09:16 - [MESSAGE][PASSED] - Call Test Case 'Test Cases/Sayfalar/Giris_Sayfasi/Login' successfully

2020-12-17 23:09:16 - [MESSAGE][PASSED] - Kullanıcı adı ELOGOGIB ve Şifre 123456 olarak giriş yapılır

2020-12-17 23:09:16 - [TEST_STEP][PASSED] - Ana menüden e-Arşiv seçilir: Ana menüden e-Arşiv seçilir

2020-12-17 23:09:16 - [MESSAGE][INFO] - Checking called Test Case

2020-12-17 23:09:16 - [MESSAGE][INFO] - Starting to call Test Case 'Test Cases/Menu/AnaMenuSecimi'

2020-12-17 23:09:16 - [TEST_CASE][PASSED] - Test Cases/Menu/AnaMenuSecimi: Test Cases/Menu/AnaMenuSecimi

2020-12-17 23:09:17 - [TEST_STEP][PASSED] - Method.TextDegerineEsitElementeTikla(findTestObject("Menu/Ana_Menu"), Ana_Menu): Method.TextDegerineEsitElementeTikla is PASSED

2020-12-17 23:09:17 - [MESSAGE][INFO] - Finding Test Object 'Object Repository/Menu/Ana_Menu'

2020-12-17 23:09:17 - [MESSAGE][INFO] - Checking timeout

2020-12-17 23:09:17 - [MESSAGE][INFO] - Finding web element with id: 'Object Repository/Menu/Ana_Menu' located by 'By.xpath: //*[@class = 'dropdown-toggle']' in '10' second(s)

2020-12-17 23:09:17 - [MESSAGE][INFO] - Smart Wait Function is triggered

2020-12-17 23:09:18 - [MESSAGE][INFO] - Found 14 web elements with id: 'Object Repository/Menu/Ana_Menu' located by 'By.xpath: //*[@class = 'dropdown-toggle']' in '10' second(s)

2020-12-17 23:09:18 - [MESSAGE][PASSED] - Method.TextDegerineEsitElementeTikla is PASSED

2020-12-17 23:09:18 - [MESSAGE][PASSED] - Call Test Case 'Test Cases/Menu/AnaMenuSecimi' successfully

2020-12-17 23:09:18 - [MESSAGE][PASSED] - Ana menüden e-Arşiv seçilir

2020-12-17 23:09:18 - [TEST_STEP][PASSED] - Alt menü e-Arşiv Araçları başlığı altındaki e-Arşiv Dosya İşlemleri seçilir: Alt menü e-Arşiv Araçları başlığı altındaki e-Arşiv Dosya İşlemleri seçilir

2020-12-17 23:09:18 - [MESSAGE][INFO] - Checking called Test Case

2020-12-17 23:09:18 - [MESSAGE][INFO] - Starting to call Test Case 'Test Cases/Menu/BasligaGoreAltMenuSecimi'

2020-12-17 23:09:18 - [TEST_CASE][PASSED] - Test Cases/Menu/BasligaGoreAltMenuSecimi: Test Cases/Menu/BasligaGoreAltMenuSecimi

2020-12-17 23:09:19 - [TEST_STEP][PASSED] - Method.TextDegerineEsitElementinAltindakiTextDegerineEsitOlanaTikla(findTestObject("Menu/Menu_Basligi"), findTestObject("Menu/Basliga_Gore_Alt_Menu"), Baslik, Alt_Menu): Method.TextDegerineEsitElementinAltindakiTextDegerineEsitOlanaTikla is PASSED

2020-12-17 23:09:19 - [MESSAGE][INFO] - Finding Test Object 'Object Repository/Menu/Menu_Basligi'

2020-12-17 23:09:19 - [MESSAGE][INFO] - Finding Test Object 'Object Repository/Menu/Basliga_Gore_Alt_Menu'

2020-12-17 23:09:19 - [MESSAGE][INFO] - Checking timeout

2020-12-17 23:09:19 - [MESSAGE][INFO] - Finding web element with id: 'Object Repository/Menu/Menu_Basligi' located by 'By.xpath: //li[@class='dropdown dropdown-large open']//li[@class='dropdown-header']' in '10' second(s)

2020-12-17 23:09:19 - [MESSAGE][INFO] - Smart Wait Function is triggered

2020-12-17 23:09:21 - [MESSAGE][INFO] - Found 2 web elements with id: 'Object Repository/Menu/Menu_Basligi' located by 'By.xpath: //li[@class='dropdown dropdown-large open']//li[@class='dropdown-header']' in '10' second(s)

2020-12-17 23:09:21 - [MESSAGE][INFO] - Smart Wait Function is triggered

2020-12-17 23:09:24 - [MESSAGE][PASSED] - Method.TextDegerineEsitElementinAltindakiTextDegerineEsitOlanaTikla is PASSED

2020-12-17 23:09:24 - [MESSAGE][PASSED] - Call Test Case 'Test Cases/Menu/BasligaGoreAltMenuSecimi' successfully

2020-12-17 23:09:24 - [MESSAGE][PASSED] - Alt menü e-Arşiv Araçları başlığı altındaki e-Arşiv Dosya İşlemleri seçilir

2020-12-17 23:09:24 - [TEST_STEP][PASSED] - Butonlardan İndir var mı: Butonlardan İndir var mı

2020-12-17 23:09:24 - [MESSAGE][INFO] - Checking called Test Case

2020-12-17 23:09:24 - [MESSAGE][INFO] - Starting to call Test Case 'Test Cases/Butonlar/ButonVarMi'

2020-12-17 23:09:24 - [TEST_CASE][PASSED] - Test Cases/Butonlar/ButonVarMi: Test Cases/Butonlar/ButonVarMi

2020-12-17 23:09:24 - [TEST_STEP][PASSED] - Method.TextDegerineEsitElementVarMi(findTestObject("Butonlar/Butonlar"), Buton): Method.TextDegerineEsitElementVarMi is PASSED

2020-12-17 23:09:24 - [MESSAGE][INFO] - Finding Test Object 'Object Repository/Butonlar/Butonlar'

2020-12-17 23:09:24 - [MESSAGE][INFO] - Checking timeout

2020-12-17 23:09:24 - [MESSAGE][INFO] - Finding web element with id: 'Object Repository/Butonlar/Butonlar' located by 'By.cssSelector: .panel.panel-default.text-center.footerPanel .btn,.btn.btn-primary.btnControls' in '10' second(s)

2020-12-17 23:09:24 - [MESSAGE][INFO] - Smart Wait Function is triggered

2020-12-17 23:09:26 - [MESSAGE][INFO] - Found 1 web elements with id: 'Object Repository/Butonlar/Butonlar' located by 'By.cssSelector: .panel.panel-default.text-center.footerPanel .btn,.btn.btn-primary.btnControls' in '10' second(s)

2020-12-17 23:09:26 - [MESSAGE][PASSED] - Method.TextDegerineEsitElementVarMi is PASSED

2020-12-17 23:09:26 - [MESSAGE][PASSED] - Call Test Case 'Test Cases/Butonlar/ButonVarMi' successfully

2020-12-17 23:09:26 - [MESSAGE][PASSED] - Butonlardan İndir var mı

2020-12-17 23:09:26 - [TEST_STEP][PASSED] - Kullanıcı işlemlerinden Çıkış seçilir: Kullanıcı işlemlerinden Çıkış seçilir

2020-12-17 23:09:26 - [MESSAGE][INFO] - Checking called Test Case

2020-12-17 23:09:26 - [MESSAGE][INFO] - Starting to call Test Case 'Test Cases/Kullanici_Islemleri/KullaniciIslemlerindenSecimYapilir'

2020-12-17 23:09:26 - [TEST_CASE][PASSED] - Test Cases/Kullanici_Islemleri/KullaniciIslemlerindenSecimYapilir: Test Cases/Kullanici_Islemleri/KullaniciIslemlerindenSecimYapilir

2020-12-17 23:09:27 - [TEST_STEP][PASSED] - waitForElementClickable(findTestObject("Object Repository/Kullanici_Islemleri/KullaniciIslemleri"), 10): Object 'Object Repository/Kullanici_Islemleri/KullaniciIslemleri' is clickable

2020-12-17 23:09:27 - [MESSAGE][INFO] - Finding Test Object 'Object Repository/Kullanici_Islemleri/KullaniciIslemleri'

2020-12-17 23:09:27 - [MESSAGE][INFO] - Checking object

2020-12-17 23:09:27 - [MESSAGE][INFO] - Checking timeout

2020-12-17 23:09:27 - [MESSAGE][INFO] - Finding web element from Test Object's properties

2020-12-17 23:09:27 - [MESSAGE][INFO] - Checking timeout

2020-12-17 23:09:27 - [MESSAGE][INFO] - Finding web element with id: 'Object Repository/Kullanici_Islemleri/KullaniciIslemleri' located by 'By.cssSelector: .dropdown>a>img' in '10' second(s)

2020-12-17 23:09:27 - [MESSAGE][INFO] - Smart Wait Function is triggered

2020-12-17 23:09:28 - [MESSAGE][INFO] - Found 1 web elements with id: 'Object Repository/Kullanici_Islemleri/KullaniciIslemleri' located by 'By.cssSelector: .dropdown>a>img' in '10' second(s)

2020-12-17 23:09:28 - [MESSAGE][PASSED] - Object 'Object Repository/Kullanici_Islemleri/KullaniciIslemleri' is clickable

2020-12-17 23:09:28 - [TEST_STEP][PASSED] - click(findTestObject("Object Repository/Kullanici_Islemleri/KullaniciIslemleri")): Object: 'Object Repository/Kullanici_Islemleri/KullaniciIslemleri' is clicked on

2020-12-17 23:09:28 - [MESSAGE][INFO] - Finding Test Object 'Object Repository/Kullanici_Islemleri/KullaniciIslemleri'

2020-12-17 23:09:28 - [MESSAGE][INFO] - Checking object

2020-12-17 23:09:28 - [MESSAGE][INFO] - Finding web element from Test Object's properties

2020-12-17 23:09:28 - [MESSAGE][INFO] - Checking timeout

2020-12-17 23:09:28 - [MESSAGE][INFO] - Finding web element with id: 'Object Repository/Kullanici_Islemleri/KullaniciIslemleri' located by 'By.cssSelector: .dropdown>a>img' in '30' second(s)

2020-12-17 23:09:28 - [MESSAGE][INFO] - Smart Wait Function is triggered

2020-12-17 23:09:30 - [MESSAGE][INFO] - Found 1 web elements with id: 'Object Repository/Kullanici_Islemleri/KullaniciIslemleri' located by 'By.cssSelector: .dropdown>a>img' in '30' second(s)

2020-12-17 23:09:30 - [MESSAGE][INFO] - Clicking on object: 'Object Repository/Kullanici_Islemleri/KullaniciIslemleri'

2020-12-17 23:09:30 - [MESSAGE][PASSED] - Object: 'Object Repository/Kullanici_Islemleri/KullaniciIslemleri' is clicked on

2020-12-17 23:09:30 - [TEST_STEP][PASSED] - Method.TextDegerineEsitElementeTikla(findTestObject("Object Repository/Kullanici_Islemleri/Secenekler"), Islem): Method.TextDegerineEsitElementeTikla is PASSED

2020-12-17 23:09:30 - [MESSAGE][INFO] - Finding Test Object 'Object Repository/Kullanici_Islemleri/Secenekler'

2020-12-17 23:09:30 - [MESSAGE][INFO] - Checking timeout

2020-12-17 23:09:30 - [MESSAGE][INFO] - Finding web element with id: 'Object Repository/Kullanici_Islemleri/Secenekler' located by 'By.cssSelector: .nav.navbar-nav.navbar-right li a' in '10' second(s)

2020-12-17 23:09:30 - [MESSAGE][INFO] - Smart Wait Function is triggered

2020-12-17 23:09:32 - [MESSAGE][INFO] - Found 25 web elements with id: 'Object Repository/Kullanici_Islemleri/Secenekler' located by 'By.cssSelector: .nav.navbar-nav.navbar-right li a' in '10' second(s)

2020-12-17 23:09:33 - [MESSAGE][PASSED] - Method.TextDegerineEsitElementeTikla is PASSED

2020-12-17 23:09:33 - [TEST_STEP][PASSED] - verifyElementNotPresent(findTestObject("Object Repository/Kullanici_Islemleri/Secenekler"), 10): Web element with id: 'Object Repository/Kullanici_Islemleri/Secenekler' located by 'By.cssSelector: .nav.navbar-nav.navbar-right li a' is not present after '10' second(s)

2020-12-17 23:09:33 - [MESSAGE][INFO] - Finding Test Object 'Object Repository/Kullanici_Islemleri/Secenekler'

2020-12-17 23:09:33 - [MESSAGE][INFO] - Checking object

2020-12-17 23:09:33 - [MESSAGE][INFO] - Checking timeout

2020-12-17 23:09:33 - [MESSAGE][INFO] - Finding web element with id: 'Object Repository/Kullanici_Islemleri/Secenekler' located by 'By.cssSelector: .nav.navbar-nav.navbar-right li a' in '10' second(s)

2020-12-17 23:09:33 - [MESSAGE][INFO] - Smart Wait Function is triggered

2020-12-17 23:09:34 - [MESSAGE][PASSED] - Web element with id: 'Object Repository/Kullanici_Islemleri/Secenekler' located by 'By.cssSelector: .nav.navbar-nav.navbar-right li a' is not present after '10' second(s)

2020-12-17 23:09:34 - [MESSAGE][PASSED] - Call Test Case 'Test Cases/Kullanici_Islemleri/KullaniciIslemlerindenSecimYapilir' successfully

2020-12-17 23:09:34 - [MESSAGE][PASSED] - Kullanıcı işlemlerinden Çıkış seçilir

2020-12-17 23:09:34 - [MESSAGE][FAILED] - Keyword runFeatureFile was failed (Root cause: java.lang.NullPointerException: No format for key faıled
	at cucumber.runtime.formatter.AnsiFormats.get(AnsiFormats.java:51)
	at cucumber.runtime.Stats.printScenarios(Stats.java:170)
	at cucumber.runtime.Stats.printNonZeroResultScenarios(Stats.java:161)
	at cucumber.runtime.Stats.printStats(Stats.java:107)
	at cucumber.runtime.DefaultSummaryPrinter.printStats(DefaultSummaryPrinter.java:34)
	at cucumber.runtime.DefaultSummaryPrinter.print(DefaultSummaryPrinter.java:27)
	at cucumber.runtime.DefaultSummaryPrinter.access$000(DefaultSummaryPrinter.java:14)
	at cucumber.runtime.DefaultSummaryPrinter$1.receive(DefaultSummaryPrinter.java:63)
	at cucumber.runtime.DefaultSummaryPrinter$1.receive(DefaultSummaryPrinter.java:60)
	at cucumber.runner.EventBus.send(EventBus.java:28)
	at cucumber.runtime.Runtime.run(Runtime.java:109)
	at cucumber.api.cli.Main.run(Main.java:35)
	at cucumber.api.cli.Main$run.call(Unknown Source)
	at com.kms.katalon.core.cucumber.keyword.CucumberBuiltinKeywords$_runFeatureFile_closure1.doCall(CucumberBuiltinKeywords.groovy:76)
	at com.kms.katalon.core.cucumber.keyword.CucumberBuiltinKeywords$_runFeatureFile_closure1.doCall(CucumberBuiltinKeywords.groovy)
	at com.kms.katalon.core.keyword.internal.KeywordMain.runKeyword(KeywordMain.groovy:68)
	at com.kms.katalon.core.keyword.internal.KeywordMain$runKeyword.call(Unknown Source)
	at com.kms.katalon.core.cucumber.keyword.CucumberBuiltinKeywords.runFeatureFile(CucumberBuiltinKeywords.groovy:46)
	at com.kms.katalon.core.cucumber.keyword.CucumberBuiltinKeywords$runFeatureFile$0.callStatic(Unknown Source)
	at com.kms.katalon.core.cucumber.keyword.CucumberBuiltinKeywords.runFeatureFile(CucumberBuiltinKeywords.groovy:169)
	at com.kms.katalon.core.cucumber.keyword.CucumberBuiltinKeywords$runFeatureFile.call(Unknown Source)
	at Buton Kontrolu.run(Buton Kontrolu:19)
	at com.kms.katalon.core.main.ScriptEngine.run(ScriptEngine.java:194)
	at com.kms.katalon.core.main.ScriptEngine.runScriptAsRawText(ScriptEngine.java:119)
	at com.kms.katalon.core.main.TestCaseExecutor.runScript(TestCaseExecutor.java:339)
	at com.kms.katalon.core.main.TestCaseExecutor.doExecute(TestCaseExecutor.java:330)
	at com.kms.katalon.core.main.TestCaseExecutor.processExecutionPhase(TestCaseExecutor.java:309)
	at com.kms.katalon.core.main.TestCaseExecutor.accessMainPhase(TestCaseExecutor.java:301)
	at com.kms.katalon.core.main.TestCaseExecutor.execute(TestCaseExecutor.java:235)
	at com.kms.katalon.core.main.TestSuiteExecutor.accessTestCaseMainPhase(TestSuiteExecutor.java:191)
	at com.kms.katalon.core.main.TestSuiteExecutor.accessTestSuiteMainPhase(TestSuiteExecutor.java:141)
	at com.kms.katalon.core.main.TestSuiteExecutor.execute(TestSuiteExecutor.java:90)
	at com.kms.katalon.core.main.TestCaseMain.startTestSuite(TestCaseMain.java:157)
	at com.kms.katalon.core.main.TestCaseMain$startTestSuite$0.call(Unknown Source)
	at TempTestSuite1608235699383.run(TempTestSuite1608235699383.groovy:39)
)

2020-12-17 23:09:34 - [TEST_STEP][PASSED] - Start listener action : sampleAfterTestSuite: Invoke 'com.kms.katalon.core.annotation.AfterTestCase' method: 'Listener.sampleAfterTestSuite(...)' completed.

2020-12-17 23:09:34 - [MESSAGE][INFO] - Starting invoke 'com.kms.katalon.core.annotation.AfterTestCase' method: 'Listener.sampleAfterTestSuite(...)'

2020-12-17 23:09:34 - [MESSAGE][INFO] - Invoke 'com.kms.katalon.core.annotation.AfterTestCase' method: 'Listener.sampleAfterTestSuite(...)' completed.]]></system-out>
         <system-err><![CDATA[2020-12-17 23:08:36 - [TEST_CASE][FAILED] - Test Cases/Case Repository/e-Arsiv/e-Arsiv Araclari/e-Arsiv Dosya Islemleri/Buton Kontrolu: Test Cases/Case Repository/e-Arsiv/e-Arsiv Araclari/e-Arsiv Dosya Islemleri/Buton Kontrolu FAILED.
Reason:
com.kms.katalon.core.exception.StepFailedException: Keyword runFeatureFile was failed (Root cause: java.lang.NullPointerException: No format for key faıled
	at cucumber.runtime.formatter.AnsiFormats.get(AnsiFormats.java:51)
	at cucumber.runtime.Stats.printScenarios(Stats.java:170)
	at cucumber.runtime.Stats.printNonZeroResultScenarios(Stats.java:161)
	at cucumber.runtime.Stats.printStats(Stats.java:107)
	at cucumber.runtime.DefaultSummaryPrinter.printStats(DefaultSummaryPrinter.java:34)
	at cucumber.runtime.DefaultSummaryPrinter.print(DefaultSummaryPrinter.java:27)
	at cucumber.runtime.DefaultSummaryPrinter.access$000(DefaultSummaryPrinter.java:14)
	at cucumber.runtime.DefaultSummaryPrinter$1.receive(DefaultSummaryPrinter.java:63)
	at cucumber.runtime.DefaultSummaryPrinter$1.receive(DefaultSummaryPrinter.java:60)
	at cucumber.runner.EventBus.send(EventBus.java:28)
	at cucumber.runtime.Runtime.run(Runtime.java:109)
	at cucumber.api.cli.Main.run(Main.java:35)
	at cucumber.api.cli.Main$run.call(Unknown Source)
	at com.kms.katalon.core.cucumber.keyword.CucumberBuiltinKeywords$_runFeatureFile_closure1.doCall(CucumberBuiltinKeywords.groovy:76)
	at com.kms.katalon.core.cucumber.keyword.CucumberBuiltinKeywords$_runFeatureFile_closure1.doCall(CucumberBuiltinKeywords.groovy)
	at com.kms.katalon.core.keyword.internal.KeywordMain.runKeyword(KeywordMain.groovy:68)
	at com.kms.katalon.core.keyword.internal.KeywordMain$runKeyword.call(Unknown Source)
	at com.kms.katalon.core.cucumber.keyword.CucumberBuiltinKeywords.runFeatureFile(CucumberBuiltinKeywords.groovy:46)
	at com.kms.katalon.core.cucumber.keyword.CucumberBuiltinKeywords$runFeatureFile$0.callStatic(Unknown Source)
	at com.kms.katalon.core.cucumber.keyword.CucumberBuiltinKeywords.runFeatureFile(CucumberBuiltinKeywords.groovy:169)
	at com.kms.katalon.core.cucumber.keyword.CucumberBuiltinKeywords$runFeatureFile.call(Unknown Source)
	at Buton Kontrolu.run(Buton Kontrolu:19)
	at com.kms.katalon.core.main.ScriptEngine.run(ScriptEngine.java:194)
	at com.kms.katalon.core.main.ScriptEngine.runScriptAsRawText(ScriptEngine.java:119)
	at com.kms.katalon.core.main.TestCaseExecutor.runScript(TestCaseExecutor.java:339)
	at com.kms.katalon.core.main.TestCaseExecutor.doExecute(TestCaseExecutor.java:330)
	at com.kms.katalon.core.main.TestCaseExecutor.processExecutionPhase(TestCaseExecutor.java:309)
	at com.kms.katalon.core.main.TestCaseExecutor.accessMainPhase(TestCaseExecutor.java:301)
	at com.kms.katalon.core.main.TestCaseExecutor.execute(TestCaseExecutor.java:235)
	at com.kms.katalon.core.main.TestSuiteExecutor.accessTestCaseMainPhase(TestSuiteExecutor.java:191)
	at com.kms.katalon.core.main.TestSuiteExecutor.accessTestSuiteMainPhase(TestSuiteExecutor.java:141)
	at com.kms.katalon.core.main.TestSuiteExecutor.execute(TestSuiteExecutor.java:90)
	at com.kms.katalon.core.main.TestCaseMain.startTestSuite(TestCaseMain.java:157)
	at com.kms.katalon.core.main.TestCaseMain$startTestSuite$0.call(Unknown Source)
	at TempTestSuite1608235699383.run(TempTestSuite1608235699383.groovy:39)
)
	at com.kms.katalon.core.keyword.internal.KeywordMain.stepFailed(KeywordMain.groovy:50)
	at com.kms.katalon.core.keyword.internal.KeywordMain.stepFailed(KeywordMain.groovy)
	at com.kms.katalon.core.keyword.internal.KeywordMain.runKeyword(KeywordMain.groovy:70)
	at com.kms.katalon.core.keyword.internal.KeywordMain$runKeyword.call(Unknown Source)
	at com.kms.katalon.core.cucumber.keyword.CucumberBuiltinKeywords.runFeatureFile(CucumberBuiltinKeywords.groovy:46)
	at com.kms.katalon.core.cucumber.keyword.CucumberBuiltinKeywords$runFeatureFile$0.callStatic(Unknown Source)
	at com.kms.katalon.core.cucumber.keyword.CucumberBuiltinKeywords.runFeatureFile(CucumberBuiltinKeywords.groovy:169)
	at com.kms.katalon.core.cucumber.keyword.CucumberBuiltinKeywords$runFeatureFile.call(Unknown Source)
	at Buton Kontrolu.run(Buton Kontrolu:19)
	at com.kms.katalon.core.main.ScriptEngine.run(ScriptEngine.java:194)
	at com.kms.katalon.core.main.ScriptEngine.runScriptAsRawText(ScriptEngine.java:119)
	at com.kms.katalon.core.main.TestCaseExecutor.runScript(TestCaseExecutor.java:339)
	at com.kms.katalon.core.main.TestCaseExecutor.doExecute(TestCaseExecutor.java:330)
	at com.kms.katalon.core.main.TestCaseExecutor.processExecutionPhase(TestCaseExecutor.java:309)
	at com.kms.katalon.core.main.TestCaseExecutor.accessMainPhase(TestCaseExecutor.java:301)
	at com.kms.katalon.core.main.TestCaseExecutor.execute(TestCaseExecutor.java:235)
	at com.kms.katalon.core.main.TestSuiteExecutor.accessTestCaseMainPhase(TestSuiteExecutor.java:191)
	at com.kms.katalon.core.main.TestSuiteExecutor.accessTestSuiteMainPhase(TestSuiteExecutor.java:141)
	at com.kms.katalon.core.main.TestSuiteExecutor.execute(TestSuiteExecutor.java:90)
	at com.kms.katalon.core.main.TestCaseMain.startTestSuite(TestCaseMain.java:157)
	at com.kms.katalon.core.main.TestCaseMain$startTestSuite$0.call(Unknown Source)
	at TempTestSuite1608235699383.run(TempTestSuite1608235699383.groovy:39)
Caused by: java.lang.NullPointerException: No format for key faıled
	at cucumber.runtime.formatter.AnsiFormats.get(AnsiFormats.java:51)
	at cucumber.runtime.Stats.printScenarios(Stats.java:170)
	at cucumber.runtime.Stats.printNonZeroResultScenarios(Stats.java:161)
	at cucumber.runtime.Stats.printStats(Stats.java:107)
	at cucumber.runtime.DefaultSummaryPrinter.printStats(DefaultSummaryPrinter.java:34)
	at cucumber.runtime.DefaultSummaryPrinter.print(DefaultSummaryPrinter.java:27)
	at cucumber.runtime.DefaultSummaryPrinter.access$000(DefaultSummaryPrinter.java:14)
	at cucumber.runtime.DefaultSummaryPrinter$1.receive(DefaultSummaryPrinter.java:63)
	at cucumber.runtime.DefaultSummaryPrinter$1.receive(DefaultSummaryPrinter.java:60)
	at cucumber.runner.EventBus.send(EventBus.java:28)
	at cucumber.runtime.Runtime.run(Runtime.java:109)
	at cucumber.api.cli.Main.run(Main.java:35)
	at cucumber.api.cli.Main$run.call(Unknown Source)
	at com.kms.katalon.core.cucumber.keyword.CucumberBuiltinKeywords$_runFeatureFile_closure1.doCall(CucumberBuiltinKeywords.groovy:76)
	at com.kms.katalon.core.cucumber.keyword.CucumberBuiltinKeywords$_runFeatureFile_closure1.doCall(CucumberBuiltinKeywords.groovy)
	at com.kms.katalon.core.keyword.internal.KeywordMain.runKeyword(KeywordMain.groovy:68)
	... 19 more]]></system-err>
      </testcase>
      <system-out><![CDATA[2020-12-17 23:08:35 - [TEST_SUITE][FAILED] - Buton Kontrolu: Test Cases/Case Repository/e-Arsiv/e-Arsiv Araclari/e-Arsiv Dosya Islemleri/Buton Kontrolu FAILED.
Reason:
com.kms.katalon.core.exception.StepFailedException: Keyword runFeatureFile was failed (Root cause: java.lang.NullPointerException: No format for key faıled
	at cucumber.runtime.formatter.AnsiFormats.get(AnsiFormats.java:51)
	at cucumber.runtime.Stats.printScenarios(Stats.java:170)
	at cucumber.runtime.Stats.printNonZeroResultScenarios(Stats.java:161)
	at cucumber.runtime.Stats.printStats(Stats.java:107)
	at cucumber.runtime.DefaultSummaryPrinter.printStats(DefaultSummaryPrinter.java:34)
	at cucumber.runtime.DefaultSummaryPrinter.print(DefaultSummaryPrinter.java:27)
	at cucumber.runtime.DefaultSummaryPrinter.access$000(DefaultSummaryPrinter.java:14)
	at cucumber.runtime.DefaultSummaryPrinter$1.receive(DefaultSummaryPrinter.java:63)
	at cucumber.runtime.DefaultSummaryPrinter$1.receive(DefaultSummaryPrinter.java:60)
	at cucumber.runner.EventBus.send(EventBus.java:28)
	at cucumber.runtime.Runtime.run(Runtime.java:109)
	at cucumber.api.cli.Main.run(Main.java:35)
	at cucumber.api.cli.Main$run.call(Unknown Source)
	at com.kms.katalon.core.cucumber.keyword.CucumberBuiltinKeywords$_runFeatureFile_closure1.doCall(CucumberBuiltinKeywords.groovy:76)
	at com.kms.katalon.core.cucumber.keyword.CucumberBuiltinKeywords$_runFeatureFile_closure1.doCall(CucumberBuiltinKeywords.groovy)
	at com.kms.katalon.core.keyword.internal.KeywordMain.runKeyword(KeywordMain.groovy:68)
	at com.kms.katalon.core.keyword.internal.KeywordMain$runKeyword.call(Unknown Source)
	at com.kms.katalon.core.cucumber.keyword.CucumberBuiltinKeywords.runFeatureFile(CucumberBuiltinKeywords.groovy:46)
	at com.kms.katalon.core.cucumber.keyword.CucumberBuiltinKeywords$runFeatureFile$0.callStatic(Unknown Source)
	at com.kms.katalon.core.cucumber.keyword.CucumberBuiltinKeywords.runFeatureFile(CucumberBuiltinKeywords.groovy:169)
	at com.kms.katalon.core.cucumber.keyword.CucumberBuiltinKeywords$runFeatureFile.call(Unknown Source)
	at Buton Kontrolu.run(Buton Kontrolu:19)
	at com.kms.katalon.core.main.ScriptEngine.run(ScriptEngine.java:194)
	at com.kms.katalon.core.main.ScriptEngine.runScriptAsRawText(ScriptEngine.java:119)
	at com.kms.katalon.core.main.TestCaseExecutor.runScript(TestCaseExecutor.java:339)
	at com.kms.katalon.core.main.TestCaseExecutor.doExecute(TestCaseExecutor.java:330)
	at com.kms.katalon.core.main.TestCaseExecutor.processExecutionPhase(TestCaseExecutor.java:309)
	at com.kms.katalon.core.main.TestCaseExecutor.accessMainPhase(TestCaseExecutor.java:301)
	at com.kms.katalon.core.main.TestCaseExecutor.execute(TestCaseExecutor.java:235)
	at com.kms.katalon.core.main.TestSuiteExecutor.accessTestCaseMainPhase(TestSuiteExecutor.java:191)
	at com.kms.katalon.core.main.TestSuiteExecutor.accessTestSuiteMainPhase(TestSuiteExecutor.java:141)
	at com.kms.katalon.core.main.TestSuiteExecutor.execute(TestSuiteExecutor.java:90)
	at com.kms.katalon.core.main.TestCaseMain.startTestSuite(TestCaseMain.java:157)
	at com.kms.katalon.core.main.TestCaseMain$startTestSuite$0.call(Unknown Source)
	at TempTestSuite1608235699383.run(TempTestSuite1608235699383.groovy:39)
)
	at com.kms.katalon.core.keyword.internal.KeywordMain.stepFailed(KeywordMain.groovy:50)
	at com.kms.katalon.core.keyword.internal.KeywordMain.stepFailed(KeywordMain.groovy)
	at com.kms.katalon.core.keyword.internal.KeywordMain.runKeyword(KeywordMain.groovy:70)
	at com.kms.katalon.core.keyword.internal.KeywordMain$runKeyword.call(Unknown Source)
	at com.kms.katalon.core.cucumber.keyword.CucumberBuiltinKeywords.runFeatureFile(CucumberBuiltinKeywords.groovy:46)
	at com.kms.katalon.core.cucumber.keyword.CucumberBuiltinKeywords$runFeatureFile$0.callStatic(Unknown Source)
	at com.kms.katalon.core.cucumber.keyword.CucumberBuiltinKeywords.runFeatureFile(CucumberBuiltinKeywords.groovy:169)
	at com.kms.katalon.core.cucumber.keyword.CucumberBuiltinKeywords$runFeatureFile.call(Unknown Source)
	at Buton Kontrolu.run(Buton Kontrolu:19)
	at com.kms.katalon.core.main.ScriptEngine.run(ScriptEngine.java:194)
	at com.kms.katalon.core.main.ScriptEngine.runScriptAsRawText(ScriptEngine.java:119)
	at com.kms.katalon.core.main.TestCaseExecutor.runScript(TestCaseExecutor.java:339)
	at com.kms.katalon.core.main.TestCaseExecutor.doExecute(TestCaseExecutor.java:330)
	at com.kms.katalon.core.main.TestCaseExecutor.processExecutionPhase(TestCaseExecutor.java:309)
	at com.kms.katalon.core.main.TestCaseExecutor.accessMainPhase(TestCaseExecutor.java:301)
	at com.kms.katalon.core.main.TestCaseExecutor.execute(TestCaseExecutor.java:235)
	at com.kms.katalon.core.main.TestSuiteExecutor.accessTestCaseMainPhase(TestSuiteExecutor.java:191)
	at com.kms.katalon.core.main.TestSuiteExecutor.accessTestSuiteMainPhase(TestSuiteExecutor.java:141)
	at com.kms.katalon.core.main.TestSuiteExecutor.execute(TestSuiteExecutor.java:90)
	at com.kms.katalon.core.main.TestCaseMain.startTestSuite(TestCaseMain.java:157)
	at com.kms.katalon.core.main.TestCaseMain$startTestSuite$0.call(Unknown Source)
	at TempTestSuite1608235699383.run(TempTestSuite1608235699383.groovy:39)
Caused by: java.lang.NullPointerException: No format for key faıled
	at cucumber.runtime.formatter.AnsiFormats.get(AnsiFormats.java:51)
	at cucumber.runtime.Stats.printScenarios(Stats.java:170)
	at cucumber.runtime.Stats.printNonZeroResultScenarios(Stats.java:161)
	at cucumber.runtime.Stats.printStats(Stats.java:107)
	at cucumber.runtime.DefaultSummaryPrinter.printStats(DefaultSummaryPrinter.java:34)
	at cucumber.runtime.DefaultSummaryPrinter.print(DefaultSummaryPrinter.java:27)
	at cucumber.runtime.DefaultSummaryPrinter.access$000(DefaultSummaryPrinter.java:14)
	at cucumber.runtime.DefaultSummaryPrinter$1.receive(DefaultSummaryPrinter.java:63)
	at cucumber.runtime.DefaultSummaryPrinter$1.receive(DefaultSummaryPrinter.java:60)
	at cucumber.runner.EventBus.send(EventBus.java:28)
	at cucumber.runtime.Runtime.run(Runtime.java:109)
	at cucumber.api.cli.Main.run(Main.java:35)
	at cucumber.api.cli.Main$run.call(Unknown Source)
	at com.kms.katalon.core.cucumber.keyword.CucumberBuiltinKeywords$_runFeatureFile_closure1.doCall(CucumberBuiltinKeywords.groovy:76)
	at com.kms.katalon.core.cucumber.keyword.CucumberBuiltinKeywords$_runFeatureFile_closure1.doCall(CucumberBuiltinKeywords.groovy)
	at com.kms.katalon.core.keyword.internal.KeywordMain.runKeyword(KeywordMain.groovy:68)
	... 19 more]]></system-out>
      <system-err><![CDATA[2020-12-17 23:08:35 - [TEST_SUITE][FAILED] - Buton Kontrolu: Test Cases/Case Repository/e-Arsiv/e-Arsiv Araclari/e-Arsiv Dosya Islemleri/Buton Kontrolu FAILED.
Reason:
com.kms.katalon.core.exception.StepFailedException: Keyword runFeatureFile was failed (Root cause: java.lang.NullPointerException: No format for key faıled
	at cucumber.runtime.formatter.AnsiFormats.get(AnsiFormats.java:51)
	at cucumber.runtime.Stats.printScenarios(Stats.java:170)
	at cucumber.runtime.Stats.printNonZeroResultScenarios(Stats.java:161)
	at cucumber.runtime.Stats.printStats(Stats.java:107)
	at cucumber.runtime.DefaultSummaryPrinter.printStats(DefaultSummaryPrinter.java:34)
	at cucumber.runtime.DefaultSummaryPrinter.print(DefaultSummaryPrinter.java:27)
	at cucumber.runtime.DefaultSummaryPrinter.access$000(DefaultSummaryPrinter.java:14)
	at cucumber.runtime.DefaultSummaryPrinter$1.receive(DefaultSummaryPrinter.java:63)
	at cucumber.runtime.DefaultSummaryPrinter$1.receive(DefaultSummaryPrinter.java:60)
	at cucumber.runner.EventBus.send(EventBus.java:28)
	at cucumber.runtime.Runtime.run(Runtime.java:109)
	at cucumber.api.cli.Main.run(Main.java:35)
	at cucumber.api.cli.Main$run.call(Unknown Source)
	at com.kms.katalon.core.cucumber.keyword.CucumberBuiltinKeywords$_runFeatureFile_closure1.doCall(CucumberBuiltinKeywords.groovy:76)
	at com.kms.katalon.core.cucumber.keyword.CucumberBuiltinKeywords$_runFeatureFile_closure1.doCall(CucumberBuiltinKeywords.groovy)
	at com.kms.katalon.core.keyword.internal.KeywordMain.runKeyword(KeywordMain.groovy:68)
	at com.kms.katalon.core.keyword.internal.KeywordMain$runKeyword.call(Unknown Source)
	at com.kms.katalon.core.cucumber.keyword.CucumberBuiltinKeywords.runFeatureFile(CucumberBuiltinKeywords.groovy:46)
	at com.kms.katalon.core.cucumber.keyword.CucumberBuiltinKeywords$runFeatureFile$0.callStatic(Unknown Source)
	at com.kms.katalon.core.cucumber.keyword.CucumberBuiltinKeywords.runFeatureFile(CucumberBuiltinKeywords.groovy:169)
	at com.kms.katalon.core.cucumber.keyword.CucumberBuiltinKeywords$runFeatureFile.call(Unknown Source)
	at Buton Kontrolu.run(Buton Kontrolu:19)
	at com.kms.katalon.core.main.ScriptEngine.run(ScriptEngine.java:194)
	at com.kms.katalon.core.main.ScriptEngine.runScriptAsRawText(ScriptEngine.java:119)
	at com.kms.katalon.core.main.TestCaseExecutor.runScript(TestCaseExecutor.java:339)
	at com.kms.katalon.core.main.TestCaseExecutor.doExecute(TestCaseExecutor.java:330)
	at com.kms.katalon.core.main.TestCaseExecutor.processExecutionPhase(TestCaseExecutor.java:309)
	at com.kms.katalon.core.main.TestCaseExecutor.accessMainPhase(TestCaseExecutor.java:301)
	at com.kms.katalon.core.main.TestCaseExecutor.execute(TestCaseExecutor.java:235)
	at com.kms.katalon.core.main.TestSuiteExecutor.accessTestCaseMainPhase(TestSuiteExecutor.java:191)
	at com.kms.katalon.core.main.TestSuiteExecutor.accessTestSuiteMainPhase(TestSuiteExecutor.java:141)
	at com.kms.katalon.core.main.TestSuiteExecutor.execute(TestSuiteExecutor.java:90)
	at com.kms.katalon.core.main.TestCaseMain.startTestSuite(TestCaseMain.java:157)
	at com.kms.katalon.core.main.TestCaseMain$startTestSuite$0.call(Unknown Source)
	at TempTestSuite1608235699383.run(TempTestSuite1608235699383.groovy:39)
)
	at com.kms.katalon.core.keyword.internal.KeywordMain.stepFailed(KeywordMain.groovy:50)
	at com.kms.katalon.core.keyword.internal.KeywordMain.stepFailed(KeywordMain.groovy)
	at com.kms.katalon.core.keyword.internal.KeywordMain.runKeyword(KeywordMain.groovy:70)
	at com.kms.katalon.core.keyword.internal.KeywordMain$runKeyword.call(Unknown Source)
	at com.kms.katalon.core.cucumber.keyword.CucumberBuiltinKeywords.runFeatureFile(CucumberBuiltinKeywords.groovy:46)
	at com.kms.katalon.core.cucumber.keyword.CucumberBuiltinKeywords$runFeatureFile$0.callStatic(Unknown Source)
	at com.kms.katalon.core.cucumber.keyword.CucumberBuiltinKeywords.runFeatureFile(CucumberBuiltinKeywords.groovy:169)
	at com.kms.katalon.core.cucumber.keyword.CucumberBuiltinKeywords$runFeatureFile.call(Unknown Source)
	at Buton Kontrolu.run(Buton Kontrolu:19)
	at com.kms.katalon.core.main.ScriptEngine.run(ScriptEngine.java:194)
	at com.kms.katalon.core.main.ScriptEngine.runScriptAsRawText(ScriptEngine.java:119)
	at com.kms.katalon.core.main.TestCaseExecutor.runScript(TestCaseExecutor.java:339)
	at com.kms.katalon.core.main.TestCaseExecutor.doExecute(TestCaseExecutor.java:330)
	at com.kms.katalon.core.main.TestCaseExecutor.processExecutionPhase(TestCaseExecutor.java:309)
	at com.kms.katalon.core.main.TestCaseExecutor.accessMainPhase(TestCaseExecutor.java:301)
	at com.kms.katalon.core.main.TestCaseExecutor.execute(TestCaseExecutor.java:235)
	at com.kms.katalon.core.main.TestSuiteExecutor.accessTestCaseMainPhase(TestSuiteExecutor.java:191)
	at com.kms.katalon.core.main.TestSuiteExecutor.accessTestSuiteMainPhase(TestSuiteExecutor.java:141)
	at com.kms.katalon.core.main.TestSuiteExecutor.execute(TestSuiteExecutor.java:90)
	at com.kms.katalon.core.main.TestCaseMain.startTestSuite(TestCaseMain.java:157)
	at com.kms.katalon.core.main.TestCaseMain$startTestSuite$0.call(Unknown Source)
	at TempTestSuite1608235699383.run(TempTestSuite1608235699383.groovy:39)
Caused by: java.lang.NullPointerException: No format for key faıled
	at cucumber.runtime.formatter.AnsiFormats.get(AnsiFormats.java:51)
	at cucumber.runtime.Stats.printScenarios(Stats.java:170)
	at cucumber.runtime.Stats.printNonZeroResultScenarios(Stats.java:161)
	at cucumber.runtime.Stats.printStats(Stats.java:107)
	at cucumber.runtime.DefaultSummaryPrinter.printStats(DefaultSummaryPrinter.java:34)
	at cucumber.runtime.DefaultSummaryPrinter.print(DefaultSummaryPrinter.java:27)
	at cucumber.runtime.DefaultSummaryPrinter.access$000(DefaultSummaryPrinter.java:14)
	at cucumber.runtime.DefaultSummaryPrinter$1.receive(DefaultSummaryPrinter.java:63)
	at cucumber.runtime.DefaultSummaryPrinter$1.receive(DefaultSummaryPrinter.java:60)
	at cucumber.runner.EventBus.send(EventBus.java:28)
	at cucumber.runtime.Runtime.run(Runtime.java:109)
	at cucumber.api.cli.Main.run(Main.java:35)
	at cucumber.api.cli.Main$run.call(Unknown Source)
	at com.kms.katalon.core.cucumber.keyword.CucumberBuiltinKeywords$_runFeatureFile_closure1.doCall(CucumberBuiltinKeywords.groovy:76)
	at com.kms.katalon.core.cucumber.keyword.CucumberBuiltinKeywords$_runFeatureFile_closure1.doCall(CucumberBuiltinKeywords.groovy)
	at com.kms.katalon.core.keyword.internal.KeywordMain.runKeyword(KeywordMain.groovy:68)
	... 19 more]]></system-err>
   </testsuite>
   <testsuite name="Filtre Kontrolu" tests="1" failures="1" errors="0" time="69.193" timestamp="2020-12-17 23:08:35" hostname="yigit - LAPTOP-7436ND4C" id="">
      <properties>
         <property name="deviceName" value=""/>
         <property name="devicePlatform" value=""/>
         <property name="logFolder" value="C:\\Users\\yigit\\Documents\\GitHub\\eesekim\\Reports\\20201217_230810\\_Suite Repository ( Deneysel )\\e-Arsiv\\e-Arsiv Araclari\\e-Arsiv Fatura Kontrol Raporu\\Filtre Kontrolu\\20201217_230821"/>
         <property name="logFiles" value="C:\\Users\\yigit\\Documents\\GitHub\\eesekim\\Reports\\20201217_230810\\_Suite Repository ( Deneysel )\\e-Arsiv\\e-Arsiv Araclari\\e-Arsiv Fatura Kontrol Raporu\\Filtre Kontrolu\\20201217_230821\\execution0.log"/>
         <property name="attachments" value=""/>
         <property name="hostName" value="yigit - LAPTOP-7436ND4C"/>
         <property name="os" value="Windows 10 64bit"/>
         <property name="katalonVersion" value="7.7.2.205"/>
         <property name="browser" value="Chrome 87.0.4280.88"/>
         <property name="hostAddress" value="10.10.10.154"/>
         <property name="sessionId" value="a7e087dd53c9c3ba77c5c8a60738ef47"/>
         <property name="seleniumVersion" value="3.141.59"/>
         <property name="proxyInformation" value="ProxyInformation { proxyOption=NO_PROXY, proxyServerType=HTTP, username=, password=********, proxyServerAddress=, proxyServerPort=0, executionList=&quot;&quot;, isApplyToDesiredCapabilities=true }"/>
         <property name="platform" value="Windows 10"/>
      </properties>
      <testcase name="Test Cases/Case Repository/e-Arsiv/e-Arsiv Araclari/e-Arsiv Fatura Kontrol Raporu/Filtre Kontrolu" time="66.833" classname="Test Cases/Case Repository/e-Arsiv/e-Arsiv Araclari/e-Arsiv Fatura Kontrol Raporu/Filtre Kontrolu" status="FAILED">
         <failure type="FAILED" message="Test Cases/Case Repository/e-Arsiv/e-Arsiv Araclari/e-Arsiv Fatura Kontrol Raporu/Filtre Kontrolu FAILED.
Reason:
com.kms.katalon.core.exception.StepFailedException: Keyword runFeatureFile was failed (Root cause: java.lang.NullPointerException: No format for key faıled
	at cucumber.runtime.formatter.AnsiFormats.get(AnsiFormats.java:51)
	at cucumber.runtime.Stats.printScenarios(Stats.java:170)
	at cucumber.runtime.Stats.printNonZeroResultScenarios(Stats.java:161)
	at cucumber.runtime.Stats.printStats(Stats.java:107)
	at cucumber.runtime.DefaultSummaryPrinter.printStats(DefaultSummaryPrinter.java:34)
	at cucumber.runtime.DefaultSummaryPrinter.print(DefaultSummaryPrinter.java:27)
	at cucumber.runtime.DefaultSummaryPrinter.access$000(DefaultSummaryPrinter.java:14)
	at cucumber.runtime.DefaultSummaryPrinter$1.receive(DefaultSummaryPrinter.java:63)
	at cucumber.runtime.DefaultSummaryPrinter$1.receive(DefaultSummaryPrinter.java:60)
	at cucumber.runner.EventBus.send(EventBus.java:28)
	at cucumber.runtime.Runtime.run(Runtime.java:109)
	at cucumber.api.cli.Main.run(Main.java:35)
	at cucumber.api.cli.Main$run.call(Unknown Source)
	at com.kms.katalon.core.cucumber.keyword.CucumberBuiltinKeywords$_runFeatureFile_closure1.doCall(CucumberBuiltinKeywords.groovy:76)
	at com.kms.katalon.core.cucumber.keyword.CucumberBuiltinKeywords$_runFeatureFile_closure1.doCall(CucumberBuiltinKeywords.groovy)
	at com.kms.katalon.core.keyword.internal.KeywordMain.runKeyword(KeywordMain.groovy:68)
	at com.kms.katalon.core.keyword.internal.KeywordMain$runKeyword.call(Unknown Source)
	at com.kms.katalon.core.cucumber.keyword.CucumberBuiltinKeywords.runFeatureFile(CucumberBuiltinKeywords.groovy:46)
	at com.kms.katalon.core.cucumber.keyword.CucumberBuiltinKeywords$runFeatureFile$0.callStatic(Unknown Source)
	at com.kms.katalon.core.cucumber.keyword.CucumberBuiltinKeywords.runFeatureFile(CucumberBuiltinKeywords.groovy:169)
	at com.kms.katalon.core.cucumber.keyword.CucumberBuiltinKeywords$runFeatureFile.call(Unknown Source)
	at Filtre Kontrolu.run(Filtre Kontrolu:19)
	at com.kms.katalon.core.main.ScriptEngine.run(ScriptEngine.java:194)
	at com.kms.katalon.core.main.ScriptEngine.runScriptAsRawText(ScriptEngine.java:119)
	at com.kms.katalon.core.main.TestCaseExecutor.runScript(TestCaseExecutor.java:339)
	at com.kms.katalon.core.main.TestCaseExecutor.doExecute(TestCaseExecutor.java:330)
	at com.kms.katalon.core.main.TestCaseExecutor.processExecutionPhase(TestCaseExecutor.java:309)
	at com.kms.katalon.core.main.TestCaseExecutor.accessMainPhase(TestCaseExecutor.java:301)
	at com.kms.katalon.core.main.TestCaseExecutor.execute(TestCaseExecutor.java:235)
	at com.kms.katalon.core.main.TestSuiteExecutor.accessTestCaseMainPhase(TestSuiteExecutor.java:191)
	at com.kms.katalon.core.main.TestSuiteExecutor.accessTestSuiteMainPhase(TestSuiteExecutor.java:141)
	at com.kms.katalon.core.main.TestSuiteExecutor.execute(TestSuiteExecutor.java:90)
	at com.kms.katalon.core.main.TestCaseMain.startTestSuite(TestCaseMain.java:157)
	at com.kms.katalon.core.main.TestCaseMain$startTestSuite$0.call(Unknown Source)
	at TempTestSuite1608235701335.run(TempTestSuite1608235701335.groovy:39)
)
	at com.kms.katalon.core.keyword.internal.KeywordMain.stepFailed(KeywordMain.groovy:50)
	at com.kms.katalon.core.keyword.internal.KeywordMain.stepFailed(KeywordMain.groovy)
	at com.kms.katalon.core.keyword.internal.KeywordMain.runKeyword(KeywordMain.groovy:70)
	at com.kms.katalon.core.keyword.internal.KeywordMain$runKeyword.call(Unknown Source)
	at com.kms.katalon.core.cucumber.keyword.CucumberBuiltinKeywords.runFeatureFile(CucumberBuiltinKeywords.groovy:46)
	at com.kms.katalon.core.cucumber.keyword.CucumberBuiltinKeywords$runFeatureFile$0.callStatic(Unknown Source)
	at com.kms.katalon.core.cucumber.keyword.CucumberBuiltinKeywords.runFeatureFile(CucumberBuiltinKeywords.groovy:169)
	at com.kms.katalon.core.cucumber.keyword.CucumberBuiltinKeywords$runFeatureFile.call(Unknown Source)
	at Filtre Kontrolu.run(Filtre Kontrolu:19)
	at com.kms.katalon.core.main.ScriptEngine.run(ScriptEngine.java:194)
	at com.kms.katalon.core.main.ScriptEngine.runScriptAsRawText(ScriptEngine.java:119)
	at com.kms.katalon.core.main.TestCaseExecutor.runScript(TestCaseExecutor.java:339)
	at com.kms.katalon.core.main.TestCaseExecutor.doExecute(TestCaseExecutor.java:330)
	at com.kms.katalon.core.main.TestCaseExecutor.processExecutionPhase(TestCaseExecutor.java:309)
	at com.kms.katalon.core.main.TestCaseExecutor.accessMainPhase(TestCaseExecutor.java:301)
	at com.kms.katalon.core.main.TestCaseExecutor.execute(TestCaseExecutor.java:235)
	at com.kms.katalon.core.main.TestSuiteExecutor.accessTestCaseMainPhase(TestSuiteExecutor.java:191)
	at com.kms.katalon.core.main.TestSuiteExecutor.accessTestSuiteMainPhase(TestSuiteExecutor.java:141)
	at com.kms.katalon.core.main.TestSuiteExecutor.execute(TestSuiteExecutor.java:90)
	at com.kms.katalon.core.main.TestCaseMain.startTestSuite(TestCaseMain.java:157)
	at com.kms.katalon.core.main.TestCaseMain$startTestSuite$0.call(Unknown Source)
	at TempTestSuite1608235701335.run(TempTestSuite1608235701335.groovy:39)
Caused by: java.lang.NullPointerException: No format for key faıled
	at cucumber.runtime.formatter.AnsiFormats.get(AnsiFormats.java:51)
	at cucumber.runtime.Stats.printScenarios(Stats.java:170)
	at cucumber.runtime.Stats.printNonZeroResultScenarios(Stats.java:161)
	at cucumber.runtime.Stats.printStats(Stats.java:107)
	at cucumber.runtime.DefaultSummaryPrinter.printStats(DefaultSummaryPrinter.java:34)
	at cucumber.runtime.DefaultSummaryPrinter.print(DefaultSummaryPrinter.java:27)
	at cucumber.runtime.DefaultSummaryPrinter.access$000(DefaultSummaryPrinter.java:14)
	at cucumber.runtime.DefaultSummaryPrinter$1.receive(DefaultSummaryPrinter.java:63)
	at cucumber.runtime.DefaultSummaryPrinter$1.receive(DefaultSummaryPrinter.java:60)
	at cucumber.runner.EventBus.send(EventBus.java:28)
	at cucumber.runtime.Runtime.run(Runtime.java:109)
	at cucumber.api.cli.Main.run(Main.java:35)
	at cucumber.api.cli.Main$run.call(Unknown Source)
	at com.kms.katalon.core.cucumber.keyword.CucumberBuiltinKeywords$_runFeatureFile_closure1.doCall(CucumberBuiltinKeywords.groovy:76)
	at com.kms.katalon.core.cucumber.keyword.CucumberBuiltinKeywords$_runFeatureFile_closure1.doCall(CucumberBuiltinKeywords.groovy)
	at com.kms.katalon.core.keyword.internal.KeywordMain.runKeyword(KeywordMain.groovy:68)
	... 19 more
"/>
         <system-out><![CDATA[2020-12-17 23:08:36 - [TEST_CASE][FAILED] - Test Cases/Case Repository/e-Arsiv/e-Arsiv Araclari/e-Arsiv Fatura Kontrol Raporu/Filtre Kontrolu: Test Cases/Case Repository/e-Arsiv/e-Arsiv Araclari/e-Arsiv Fatura Kontrol Raporu/Filtre Kontrolu FAILED.
Reason:
com.kms.katalon.core.exception.StepFailedException: Keyword runFeatureFile was failed (Root cause: java.lang.NullPointerException: No format for key faıled
	at cucumber.runtime.formatter.AnsiFormats.get(AnsiFormats.java:51)
	at cucumber.runtime.Stats.printScenarios(Stats.java:170)
	at cucumber.runtime.Stats.printNonZeroResultScenarios(Stats.java:161)
	at cucumber.runtime.Stats.printStats(Stats.java:107)
	at cucumber.runtime.DefaultSummaryPrinter.printStats(DefaultSummaryPrinter.java:34)
	at cucumber.runtime.DefaultSummaryPrinter.print(DefaultSummaryPrinter.java:27)
	at cucumber.runtime.DefaultSummaryPrinter.access$000(DefaultSummaryPrinter.java:14)
	at cucumber.runtime.DefaultSummaryPrinter$1.receive(DefaultSummaryPrinter.java:63)
	at cucumber.runtime.DefaultSummaryPrinter$1.receive(DefaultSummaryPrinter.java:60)
	at cucumber.runner.EventBus.send(EventBus.java:28)
	at cucumber.runtime.Runtime.run(Runtime.java:109)
	at cucumber.api.cli.Main.run(Main.java:35)
	at cucumber.api.cli.Main$run.call(Unknown Source)
	at com.kms.katalon.core.cucumber.keyword.CucumberBuiltinKeywords$_runFeatureFile_closure1.doCall(CucumberBuiltinKeywords.groovy:76)
	at com.kms.katalon.core.cucumber.keyword.CucumberBuiltinKeywords$_runFeatureFile_closure1.doCall(CucumberBuiltinKeywords.groovy)
	at com.kms.katalon.core.keyword.internal.KeywordMain.runKeyword(KeywordMain.groovy:68)
	at com.kms.katalon.core.keyword.internal.KeywordMain$runKeyword.call(Unknown Source)
	at com.kms.katalon.core.cucumber.keyword.CucumberBuiltinKeywords.runFeatureFile(CucumberBuiltinKeywords.groovy:46)
	at com.kms.katalon.core.cucumber.keyword.CucumberBuiltinKeywords$runFeatureFile$0.callStatic(Unknown Source)
	at com.kms.katalon.core.cucumber.keyword.CucumberBuiltinKeywords.runFeatureFile(CucumberBuiltinKeywords.groovy:169)
	at com.kms.katalon.core.cucumber.keyword.CucumberBuiltinKeywords$runFeatureFile.call(Unknown Source)
	at Filtre Kontrolu.run(Filtre Kontrolu:19)
	at com.kms.katalon.core.main.ScriptEngine.run(ScriptEngine.java:194)
	at com.kms.katalon.core.main.ScriptEngine.runScriptAsRawText(ScriptEngine.java:119)
	at com.kms.katalon.core.main.TestCaseExecutor.runScript(TestCaseExecutor.java:339)
	at com.kms.katalon.core.main.TestCaseExecutor.doExecute(TestCaseExecutor.java:330)
	at com.kms.katalon.core.main.TestCaseExecutor.processExecutionPhase(TestCaseExecutor.java:309)
	at com.kms.katalon.core.main.TestCaseExecutor.accessMainPhase(TestCaseExecutor.java:301)
	at com.kms.katalon.core.main.TestCaseExecutor.execute(TestCaseExecutor.java:235)
	at com.kms.katalon.core.main.TestSuiteExecutor.accessTestCaseMainPhase(TestSuiteExecutor.java:191)
	at com.kms.katalon.core.main.TestSuiteExecutor.accessTestSuiteMainPhase(TestSuiteExecutor.java:141)
	at com.kms.katalon.core.main.TestSuiteExecutor.execute(TestSuiteExecutor.java:90)
	at com.kms.katalon.core.main.TestCaseMain.startTestSuite(TestCaseMain.java:157)
	at com.kms.katalon.core.main.TestCaseMain$startTestSuite$0.call(Unknown Source)
	at TempTestSuite1608235701335.run(TempTestSuite1608235701335.groovy:39)
)
	at com.kms.katalon.core.keyword.internal.KeywordMain.stepFailed(KeywordMain.groovy:50)
	at com.kms.katalon.core.keyword.internal.KeywordMain.stepFailed(KeywordMain.groovy)
	at com.kms.katalon.core.keyword.internal.KeywordMain.runKeyword(KeywordMain.groovy:70)
	at com.kms.katalon.core.keyword.internal.KeywordMain$runKeyword.call(Unknown Source)
	at com.kms.katalon.core.cucumber.keyword.CucumberBuiltinKeywords.runFeatureFile(CucumberBuiltinKeywords.groovy:46)
	at com.kms.katalon.core.cucumber.keyword.CucumberBuiltinKeywords$runFeatureFile$0.callStatic(Unknown Source)
	at com.kms.katalon.core.cucumber.keyword.CucumberBuiltinKeywords.runFeatureFile(CucumberBuiltinKeywords.groovy:169)
	at com.kms.katalon.core.cucumber.keyword.CucumberBuiltinKeywords$runFeatureFile.call(Unknown Source)
	at Filtre Kontrolu.run(Filtre Kontrolu:19)
	at com.kms.katalon.core.main.ScriptEngine.run(ScriptEngine.java:194)
	at com.kms.katalon.core.main.ScriptEngine.runScriptAsRawText(ScriptEngine.java:119)
	at com.kms.katalon.core.main.TestCaseExecutor.runScript(TestCaseExecutor.java:339)
	at com.kms.katalon.core.main.TestCaseExecutor.doExecute(TestCaseExecutor.java:330)
	at com.kms.katalon.core.main.TestCaseExecutor.processExecutionPhase(TestCaseExecutor.java:309)
	at com.kms.katalon.core.main.TestCaseExecutor.accessMainPhase(TestCaseExecutor.java:301)
	at com.kms.katalon.core.main.TestCaseExecutor.execute(TestCaseExecutor.java:235)
	at com.kms.katalon.core.main.TestSuiteExecutor.accessTestCaseMainPhase(TestSuiteExecutor.java:191)
	at com.kms.katalon.core.main.TestSuiteExecutor.accessTestSuiteMainPhase(TestSuiteExecutor.java:141)
	at com.kms.katalon.core.main.TestSuiteExecutor.execute(TestSuiteExecutor.java:90)
	at com.kms.katalon.core.main.TestCaseMain.startTestSuite(TestCaseMain.java:157)
	at com.kms.katalon.core.main.TestCaseMain$startTestSuite$0.call(Unknown Source)
	at TempTestSuite1608235701335.run(TempTestSuite1608235701335.groovy:39)
Caused by: java.lang.NullPointerException: No format for key faıled
	at cucumber.runtime.formatter.AnsiFormats.get(AnsiFormats.java:51)
	at cucumber.runtime.Stats.printScenarios(Stats.java:170)
	at cucumber.runtime.Stats.printNonZeroResultScenarios(Stats.java:161)
	at cucumber.runtime.Stats.printStats(Stats.java:107)
	at cucumber.runtime.DefaultSummaryPrinter.printStats(DefaultSummaryPrinter.java:34)
	at cucumber.runtime.DefaultSummaryPrinter.print(DefaultSummaryPrinter.java:27)
	at cucumber.runtime.DefaultSummaryPrinter.access$000(DefaultSummaryPrinter.java:14)
	at cucumber.runtime.DefaultSummaryPrinter$1.receive(DefaultSummaryPrinter.java:63)
	at cucumber.runtime.DefaultSummaryPrinter$1.receive(DefaultSummaryPrinter.java:60)
	at cucumber.runner.EventBus.send(EventBus.java:28)
	at cucumber.runtime.Runtime.run(Runtime.java:109)
	at cucumber.api.cli.Main.run(Main.java:35)
	at cucumber.api.cli.Main$run.call(Unknown Source)
	at com.kms.katalon.core.cucumber.keyword.CucumberBuiltinKeywords$_runFeatureFile_closure1.doCall(CucumberBuiltinKeywords.groovy:76)
	at com.kms.katalon.core.cucumber.keyword.CucumberBuiltinKeywords$_runFeatureFile_closure1.doCall(CucumberBuiltinKeywords.groovy)
	at com.kms.katalon.core.keyword.internal.KeywordMain.runKeyword(KeywordMain.groovy:68)
	... 19 more


2020-12-17 23:08:36 - [TEST_STEP][PASSED] - Start listener action : sampleBeforeTestSuite: Invoke 'com.kms.katalon.core.annotation.BeforeTestCase' method: 'Listener.sampleBeforeTestSuite(...)' completed.

2020-12-17 23:08:36 - [MESSAGE][INFO] - Starting invoke 'com.kms.katalon.core.annotation.BeforeTestCase' method: 'Listener.sampleBeforeTestSuite(...)'

2020-12-17 23:08:36 - [TEST_STEP][PASSED] - Method.dosyalariSil("C:\otomasyondownfiles"): Method.dosyalariSil is PASSED

2020-12-17 23:08:36 - [MESSAGE][PASSED] - Method.dosyalariSil is PASSED

2020-12-17 23:08:36 - [TEST_STEP][PASSED] - openBrowser(baseUrl): Browser is opened with url: 'https://efatura-stage.elogo.com.tr/'

2020-12-17 23:08:38 - [MESSAGE][INFO] - Opening browser

2020-12-17 23:08:38 - [MESSAGE][INFO] - Starting 'Chrome' driver

2020-12-17 23:08:38 - [MESSAGE][INFO] - User set preference: ['prefs', '{download.default_directory=C:\otomasyondownfiles}']

2020-12-17 23:08:38 - [MESSAGE][INFO] - Action delay is set to 0 milliseconds

2020-12-17 23:08:44 - [MESSAGE][INFO] - Navigating browser to: 'https://efatura-stage.elogo.com.tr/'

2020-12-17 23:08:48 - [MESSAGE][PASSED] - Browser is opened with url: 'https://efatura-stage.elogo.com.tr/'

2020-12-17 23:08:48 - [TEST_STEP][PASSED] - maximizeWindow(): Invoke 'com.kms.katalon.core.annotation.BeforeTestCase' method: 'Listener.sampleBeforeTestSuite(...)' completed.

2020-12-17 23:08:48 - [MESSAGE][INFO] - Maximizing current window

2020-12-17 23:08:51 - [MESSAGE][PASSED] - Current window maximized

2020-12-17 23:08:51 - [MESSAGE][INFO] - Invoke 'com.kms.katalon.core.annotation.BeforeTestCase' method: 'Listener.sampleBeforeTestSuite(...)' completed.

2020-12-17 23:08:51 - [TEST_STEP][FAILED] - runFeatureFile("Include/features/e-Arsiv/e-Arsiv Araclari/e-Arsiv Fatura Kontrol Raporu/Filtre Kontrolu.feature"): Keyword runFeatureFile was failed (Root cause: java.lang.NullPointerException: No format for key faıled
	at cucumber.runtime.formatter.AnsiFormats.get(AnsiFormats.java:51)
	at cucumber.runtime.Stats.printScenarios(Stats.java:170)
	at cucumber.runtime.Stats.printNonZeroResultScenarios(Stats.java:161)
	at cucumber.runtime.Stats.printStats(Stats.java:107)
	at cucumber.runtime.DefaultSummaryPrinter.printStats(DefaultSummaryPrinter.java:34)
	at cucumber.runtime.DefaultSummaryPrinter.print(DefaultSummaryPrinter.java:27)
	at cucumber.runtime.DefaultSummaryPrinter.access$000(DefaultSummaryPrinter.java:14)
	at cucumber.runtime.DefaultSummaryPrinter$1.receive(DefaultSummaryPrinter.java:63)
	at cucumber.runtime.DefaultSummaryPrinter$1.receive(DefaultSummaryPrinter.java:60)
	at cucumber.runner.EventBus.send(EventBus.java:28)
	at cucumber.runtime.Runtime.run(Runtime.java:109)
	at cucumber.api.cli.Main.run(Main.java:35)
	at cucumber.api.cli.Main$run.call(Unknown Source)
	at com.kms.katalon.core.cucumber.keyword.CucumberBuiltinKeywords$_runFeatureFile_closure1.doCall(CucumberBuiltinKeywords.groovy:76)
	at com.kms.katalon.core.cucumber.keyword.CucumberBuiltinKeywords$_runFeatureFile_closure1.doCall(CucumberBuiltinKeywords.groovy)
	at com.kms.katalon.core.keyword.internal.KeywordMain.runKeyword(KeywordMain.groovy:68)
	at com.kms.katalon.core.keyword.internal.KeywordMain$runKeyword.call(Unknown Source)
	at com.kms.katalon.core.cucumber.keyword.CucumberBuiltinKeywords.runFeatureFile(CucumberBuiltinKeywords.groovy:46)
	at com.kms.katalon.core.cucumber.keyword.CucumberBuiltinKeywords$runFeatureFile$0.callStatic(Unknown Source)
	at com.kms.katalon.core.cucumber.keyword.CucumberBuiltinKeywords.runFeatureFile(CucumberBuiltinKeywords.groovy:169)
	at com.kms.katalon.core.cucumber.keyword.CucumberBuiltinKeywords$runFeatureFile.call(Unknown Source)
	at Filtre Kontrolu.run(Filtre Kontrolu:19)
	at com.kms.katalon.core.main.ScriptEngine.run(ScriptEngine.java:194)
	at com.kms.katalon.core.main.ScriptEngine.runScriptAsRawText(ScriptEngine.java:119)
	at com.kms.katalon.core.main.TestCaseExecutor.runScript(TestCaseExecutor.java:339)
	at com.kms.katalon.core.main.TestCaseExecutor.doExecute(TestCaseExecutor.java:330)
	at com.kms.katalon.core.main.TestCaseExecutor.processExecutionPhase(TestCaseExecutor.java:309)
	at com.kms.katalon.core.main.TestCaseExecutor.accessMainPhase(TestCaseExecutor.java:301)
	at com.kms.katalon.core.main.TestCaseExecutor.execute(TestCaseExecutor.java:235)
	at com.kms.katalon.core.main.TestSuiteExecutor.accessTestCaseMainPhase(TestSuiteExecutor.java:191)
	at com.kms.katalon.core.main.TestSuiteExecutor.accessTestSuiteMainPhase(TestSuiteExecutor.java:141)
	at com.kms.katalon.core.main.TestSuiteExecutor.execute(TestSuiteExecutor.java:90)
	at com.kms.katalon.core.main.TestCaseMain.startTestSuite(TestCaseMain.java:157)
	at com.kms.katalon.core.main.TestCaseMain$startTestSuite$0.call(Unknown Source)
	at TempTestSuite1608235701335.run(TempTestSuite1608235701335.groovy:39)
)

2020-12-17 23:08:51 - [MESSAGE][INFO] - Starting run keyword runFeatureFile: 'Include/features/e-Arsiv/e-Arsiv Araclari/e-Arsiv Fatura Kontrol Raporu/Filtre Kontrolu.feature' and extract report to folder: 'C:\Users\yigit\Documents\GitHub\eesekim\Reports\20201217_230810\_Suite Repository ( Deneysel )\e-Arsiv\e-Arsiv Araclari\e-Arsiv Fatura Kontrol Raporu\Filtre Kontrolu\20201217_230821/cucumber_report/1608235731620'...

2020-12-17 23:08:53 - [TEST_CASE][PASSED] - Start Test Case : SCENARIO e-Arsiv Fatura Kontrol Raporu Filtre Kontrolu: SCENARIO e-Arsiv Fatura Kontrol Raporu Filtre Kontrolu

2020-12-17 23:08:53 - [TEST_STEP][PASSED] - Kullanıcı adı ELOGOGIB ve Şifre 123456 olarak giriş yapılır: Kullanıcı adı ELOGOGIB ve Şifre 123456 olarak giriş yapılır

2020-12-17 23:08:53 - [MESSAGE][INFO] - Checking called Test Case

2020-12-17 23:08:53 - [MESSAGE][INFO] - Starting to call Test Case 'Test Cases/Sayfalar/Giris_Sayfasi/Login'

2020-12-17 23:08:53 - [TEST_CASE][PASSED] - Test Cases/Sayfalar/Giris_Sayfasi/Login: Test Cases/Sayfalar/Giris_Sayfasi/Login

2020-12-17 23:08:53 - [TEST_STEP][PASSED] - Sayfa_Basligi = getWindowTitle(): Current window's title is: 'LOGO e-Fatura'

2020-12-17 23:08:53 - [MESSAGE][INFO] - Getting current window's title

2020-12-17 23:08:53 - [MESSAGE][PASSED] - Current window's title is: 'LOGO e-Fatura'

2020-12-17 23:08:53 - [TEST_STEP][PASSED] - verifyMatch(Sayfa_Basligi, "LOGO e-Fatura", false): Actual text 'LOGO e-Fatura' and expected text 'LOGO e-Fatura' are matched 

2020-12-17 23:08:53 - [MESSAGE][INFO] - Matching actual text 'LOGO e-Fatura' with expected text 'LOGO e-Fatura'

2020-12-17 23:08:53 - [MESSAGE][PASSED] - Actual text 'LOGO e-Fatura' and expected text 'LOGO e-Fatura' are matched 

2020-12-17 23:08:53 - [TEST_STEP][PASSED] - if (waitForElementPresent(findTestObject("Object Repository/Sayfalar/Giris_Sayfasi/PopupCarpiGiris"), 5, OPTIONAL)): Object 'Object Repository/Sayfalar/Giris_Sayfasi/PopupCarpiGiris' is not present after 5 second(s)

2020-12-17 23:08:53 - [MESSAGE][INFO] - Finding Test Object 'Object Repository/Sayfalar/Giris_Sayfasi/PopupCarpiGiris'

2020-12-17 23:08:53 - [MESSAGE][INFO] - Checking object

2020-12-17 23:08:53 - [MESSAGE][INFO] - Finding web element from Test Object's properties

2020-12-17 23:08:53 - [MESSAGE][INFO] - Checking timeout

2020-12-17 23:08:53 - [MESSAGE][INFO] - Finding web element with id: 'Object Repository/Sayfalar/Giris_Sayfasi/PopupCarpiGiris' located by 'By.cssSelector: .bootbox-close-button.close' in '5' second(s)

2020-12-17 23:08:53 - [MESSAGE][INFO] - Smart Wait Function is triggered

2020-12-17 23:08:55 - [MESSAGE][INFO] - Smart Wait Function is triggered

2020-12-17 23:08:57 - [MESSAGE][INFO] - Smart Wait Function is triggered

2020-12-17 23:08:59 - [MESSAGE][INFO] - Smart Wait Function is triggered

2020-12-17 23:09:01 - [MESSAGE][INFO] - Unable to find the element located by 'By.cssSelector: .bootbox-close-button.close'. Please recheck the objects properties to make sure the desired element is located. 

2020-12-17 23:09:01 - [MESSAGE][WARNING] - [SELF-HEALING] Failed to find element with id 'Object Repository/Sayfalar/Giris_Sayfasi/PopupCarpiGiris'. Try using Self-healing.

2020-12-17 23:09:01 - [MESSAGE][WARNING] - [SELF-HEALING] Cannot find elements when the XPath is null.

2020-12-17 23:09:01 - [MESSAGE][WARNING] - [SELF-HEALING] Cannot find elements when the selector is null

2020-12-17 23:09:01 - [MESSAGE][WARNING] - Object 'Object Repository/Sayfalar/Giris_Sayfasi/PopupCarpiGiris' is not present after 5 second(s)

2020-12-17 23:09:01 - [TEST_STEP][PASSED] - sendKeys(findTestObject("Sayfalar/Giris_Sayfasi/Firma_Kodu"), KullaniciAdi): Keys 'ELOGOGIB' sent to object: 'Object Repository/Sayfalar/Giris_Sayfasi/Firma_Kodu'

2020-12-17 23:09:01 - [MESSAGE][INFO] - Finding Test Object 'Object Repository/Sayfalar/Giris_Sayfasi/Firma_Kodu'

2020-12-17 23:09:01 - [MESSAGE][INFO] - Sending keys 'ELOGOGIB' to object: 'Object Repository/Sayfalar/Giris_Sayfasi/Firma_Kodu'

2020-12-17 23:09:01 - [MESSAGE][INFO] - Finding web element from Test Object's properties

2020-12-17 23:09:01 - [MESSAGE][INFO] - Checking timeout

2020-12-17 23:09:01 - [MESSAGE][INFO] - Finding web element with id: 'Object Repository/Sayfalar/Giris_Sayfasi/Firma_Kodu' located by 'By.xpath: //*[@id = 'AccountName']' in '30' second(s)

2020-12-17 23:09:01 - [MESSAGE][INFO] - Smart Wait Function is triggered

2020-12-17 23:09:03 - [MESSAGE][INFO] - Found 1 web elements with id: 'Object Repository/Sayfalar/Giris_Sayfasi/Firma_Kodu' located by 'By.xpath: //*[@id = 'AccountName']' in '30' second(s)

2020-12-17 23:09:03 - [MESSAGE][PASSED] - Keys 'ELOGOGIB' sent to object: 'Object Repository/Sayfalar/Giris_Sayfasi/Firma_Kodu'

2020-12-17 23:09:03 - [TEST_STEP][PASSED] - sendKeys(findTestObject("Sayfalar/Giris_Sayfasi/Sifre"), Sifre): Keys '123456' sent to object: 'Object Repository/Sayfalar/Giris_Sayfasi/Sifre'

2020-12-17 23:09:03 - [MESSAGE][INFO] - Finding Test Object 'Object Repository/Sayfalar/Giris_Sayfasi/Sifre'

2020-12-17 23:09:03 - [MESSAGE][INFO] - Sending keys '123456' to object: 'Object Repository/Sayfalar/Giris_Sayfasi/Sifre'

2020-12-17 23:09:03 - [MESSAGE][INFO] - Finding web element from Test Object's properties

2020-12-17 23:09:03 - [MESSAGE][INFO] - Checking timeout

2020-12-17 23:09:03 - [MESSAGE][INFO] - Finding web element with id: 'Object Repository/Sayfalar/Giris_Sayfasi/Sifre' located by 'By.xpath: //*[@id = 'Password']' in '30' second(s)

2020-12-17 23:09:03 - [MESSAGE][INFO] - Smart Wait Function is triggered

2020-12-17 23:09:05 - [MESSAGE][INFO] - Found 2 web elements with id: 'Object Repository/Sayfalar/Giris_Sayfasi/Sifre' located by 'By.xpath: //*[@id = 'Password']' in '30' second(s)

2020-12-17 23:09:05 - [MESSAGE][PASSED] - Keys '123456' sent to object: 'Object Repository/Sayfalar/Giris_Sayfasi/Sifre'

2020-12-17 23:09:05 - [TEST_STEP][PASSED] - waitForElementClickable(findTestObject("Sayfalar/Giris_Sayfasi/Giris_Butonu"), Waits): Object 'Object Repository/Sayfalar/Giris_Sayfasi/Giris_Butonu' is clickable

2020-12-17 23:09:05 - [MESSAGE][INFO] - Finding Test Object 'Object Repository/Sayfalar/Giris_Sayfasi/Giris_Butonu'

2020-12-17 23:09:05 - [MESSAGE][INFO] - Checking object

2020-12-17 23:09:05 - [MESSAGE][INFO] - Checking timeout

2020-12-17 23:09:05 - [MESSAGE][INFO] - Finding web element from Test Object's properties

2020-12-17 23:09:05 - [MESSAGE][INFO] - Checking timeout

2020-12-17 23:09:05 - [MESSAGE][INFO] - Finding web element with id: 'Object Repository/Sayfalar/Giris_Sayfasi/Giris_Butonu' located by 'By.xpath: //*[@id = 'btnLogin']' in '10' second(s)

2020-12-17 23:09:05 - [MESSAGE][INFO] - Smart Wait Function is triggered

2020-12-17 23:09:07 - [MESSAGE][INFO] - Found 1 web elements with id: 'Object Repository/Sayfalar/Giris_Sayfasi/Giris_Butonu' located by 'By.xpath: //*[@id = 'btnLogin']' in '10' second(s)

2020-12-17 23:09:07 - [MESSAGE][PASSED] - Object 'Object Repository/Sayfalar/Giris_Sayfasi/Giris_Butonu' is clickable

2020-12-17 23:09:07 - [TEST_STEP][PASSED] - click(findTestObject("Sayfalar/Giris_Sayfasi/Giris_Butonu")): Object: 'Object Repository/Sayfalar/Giris_Sayfasi/Giris_Butonu' is clicked on

2020-12-17 23:09:07 - [MESSAGE][INFO] - Finding Test Object 'Object Repository/Sayfalar/Giris_Sayfasi/Giris_Butonu'

2020-12-17 23:09:07 - [MESSAGE][INFO] - Checking object

2020-12-17 23:09:07 - [MESSAGE][INFO] - Finding web element from Test Object's properties

2020-12-17 23:09:07 - [MESSAGE][INFO] - Checking timeout

2020-12-17 23:09:07 - [MESSAGE][INFO] - Finding web element with id: 'Object Repository/Sayfalar/Giris_Sayfasi/Giris_Butonu' located by 'By.xpath: //*[@id = 'btnLogin']' in '30' second(s)

2020-12-17 23:09:07 - [MESSAGE][INFO] - Smart Wait Function is triggered

2020-12-17 23:09:09 - [MESSAGE][INFO] - Found 1 web elements with id: 'Object Repository/Sayfalar/Giris_Sayfasi/Giris_Butonu' located by 'By.xpath: //*[@id = 'btnLogin']' in '30' second(s)

2020-12-17 23:09:09 - [MESSAGE][INFO] - Clicking on object: 'Object Repository/Sayfalar/Giris_Sayfasi/Giris_Butonu'

2020-12-17 23:09:11 - [MESSAGE][PASSED] - Object: 'Object Repository/Sayfalar/Giris_Sayfasi/Giris_Butonu' is clicked on

2020-12-17 23:09:11 - [TEST_STEP][PASSED] - if (verifyElementPresent(findTestObject("Sayfalar/Giris_Sayfasi/PopupOK"), 5, OPTIONAL)): Object: 'Object Repository/Sayfalar/Giris_Sayfasi/PopupOK' is clicked on

2020-12-17 23:09:11 - [MESSAGE][INFO] - Finding Test Object 'Object Repository/Sayfalar/Giris_Sayfasi/PopupOK'

2020-12-17 23:09:11 - [MESSAGE][INFO] - Checking object

2020-12-17 23:09:11 - [MESSAGE][INFO] - Finding web element from Test Object's properties

2020-12-17 23:09:11 - [MESSAGE][INFO] - Checking timeout

2020-12-17 23:09:11 - [MESSAGE][INFO] - Finding web element with id: 'Object Repository/Sayfalar/Giris_Sayfasi/PopupOK' located by 'By.cssSelector: .btn.btn-success' in '5' second(s)

2020-12-17 23:09:11 - [MESSAGE][INFO] - Smart Wait Function is triggered

2020-12-17 23:09:12 - [MESSAGE][INFO] - Found 1 web elements with id: 'Object Repository/Sayfalar/Giris_Sayfasi/PopupOK' located by 'By.cssSelector: .btn.btn-success' in '5' second(s)

2020-12-17 23:09:12 - [MESSAGE][PASSED] - Object 'Object Repository/Sayfalar/Giris_Sayfasi/PopupOK' is present

2020-12-17 23:09:12 - [TEST_STEP][PASSED] - click(findTestObject("Sayfalar/Giris_Sayfasi/PopupOK")): Object: 'Object Repository/Sayfalar/Giris_Sayfasi/PopupOK' is clicked on

2020-12-17 23:09:12 - [MESSAGE][INFO] - Finding Test Object 'Object Repository/Sayfalar/Giris_Sayfasi/PopupOK'

2020-12-17 23:09:12 - [MESSAGE][INFO] - Checking object

2020-12-17 23:09:12 - [MESSAGE][INFO] - Finding web element from Test Object's properties

2020-12-17 23:09:12 - [MESSAGE][INFO] - Checking timeout

2020-12-17 23:09:12 - [MESSAGE][INFO] - Finding web element with id: 'Object Repository/Sayfalar/Giris_Sayfasi/PopupOK' located by 'By.cssSelector: .btn.btn-success' in '30' second(s)

2020-12-17 23:09:12 - [MESSAGE][INFO] - Smart Wait Function is triggered

2020-12-17 23:09:14 - [MESSAGE][INFO] - Found 1 web elements with id: 'Object Repository/Sayfalar/Giris_Sayfasi/PopupOK' located by 'By.cssSelector: .btn.btn-success' in '30' second(s)

2020-12-17 23:09:14 - [MESSAGE][INFO] - Clicking on object: 'Object Repository/Sayfalar/Giris_Sayfasi/PopupOK'

2020-12-17 23:09:14 - [MESSAGE][PASSED] - Object: 'Object Repository/Sayfalar/Giris_Sayfasi/PopupOK' is clicked on

2020-12-17 23:09:14 - [TEST_STEP][PASSED] - verifyElementVisible(findTestObject("Object Repository/Kullanici_Islemleri/KullaniciIslemleri")): Object 'Object Repository/Kullanici_Islemleri/KullaniciIslemleri' is visible

2020-12-17 23:09:14 - [MESSAGE][INFO] - Finding Test Object 'Object Repository/Kullanici_Islemleri/KullaniciIslemleri'

2020-12-17 23:09:14 - [MESSAGE][INFO] - Checking object

2020-12-17 23:09:14 - [MESSAGE][INFO] - Finding web element from Test Object's properties

2020-12-17 23:09:14 - [MESSAGE][INFO] - Checking timeout

2020-12-17 23:09:14 - [MESSAGE][INFO] - Finding web element with id: 'Object Repository/Kullanici_Islemleri/KullaniciIslemleri' located by 'By.cssSelector: .dropdown>a>img' in '30' second(s)

2020-12-17 23:09:14 - [MESSAGE][INFO] - Smart Wait Function is triggered

2020-12-17 23:09:17 - [MESSAGE][INFO] - Found 1 web elements with id: 'Object Repository/Kullanici_Islemleri/KullaniciIslemleri' located by 'By.cssSelector: .dropdown>a>img' in '30' second(s)

2020-12-17 23:09:17 - [MESSAGE][PASSED] - Object 'Object Repository/Kullanici_Islemleri/KullaniciIslemleri' is visible

2020-12-17 23:09:17 - [MESSAGE][PASSED] - Call Test Case 'Test Cases/Sayfalar/Giris_Sayfasi/Login' successfully

2020-12-17 23:09:17 - [MESSAGE][PASSED] - Kullanıcı adı ELOGOGIB ve Şifre 123456 olarak giriş yapılır

2020-12-17 23:09:17 - [TEST_STEP][PASSED] - Ana menüden e-Arşiv seçilir: Ana menüden e-Arşiv seçilir

2020-12-17 23:09:17 - [MESSAGE][INFO] - Checking called Test Case

2020-12-17 23:09:17 - [MESSAGE][INFO] - Starting to call Test Case 'Test Cases/Menu/AnaMenuSecimi'

2020-12-17 23:09:17 - [TEST_CASE][PASSED] - Test Cases/Menu/AnaMenuSecimi: Test Cases/Menu/AnaMenuSecimi

2020-12-17 23:09:17 - [TEST_STEP][PASSED] - Method.TextDegerineEsitElementeTikla(findTestObject("Menu/Ana_Menu"), Ana_Menu): Method.TextDegerineEsitElementeTikla is PASSED

2020-12-17 23:09:17 - [MESSAGE][INFO] - Finding Test Object 'Object Repository/Menu/Ana_Menu'

2020-12-17 23:09:17 - [MESSAGE][INFO] - Checking timeout

2020-12-17 23:09:17 - [MESSAGE][INFO] - Finding web element with id: 'Object Repository/Menu/Ana_Menu' located by 'By.xpath: //*[@class = 'dropdown-toggle']' in '10' second(s)

2020-12-17 23:09:17 - [MESSAGE][INFO] - Smart Wait Function is triggered

2020-12-17 23:09:19 - [MESSAGE][INFO] - Found 14 web elements with id: 'Object Repository/Menu/Ana_Menu' located by 'By.xpath: //*[@class = 'dropdown-toggle']' in '10' second(s)

2020-12-17 23:09:19 - [MESSAGE][PASSED] - Method.TextDegerineEsitElementeTikla is PASSED

2020-12-17 23:09:19 - [MESSAGE][PASSED] - Call Test Case 'Test Cases/Menu/AnaMenuSecimi' successfully

2020-12-17 23:09:19 - [MESSAGE][PASSED] - Ana menüden e-Arşiv seçilir

2020-12-17 23:09:19 - [TEST_STEP][PASSED] - Alt menü e-Arşiv Araçları başlığı altındaki e-Arşiv Fatura Kontrol Raporu seçilir: Alt menü e-Arşiv Araçları başlığı altındaki e-Arşiv Fatura Kontrol Raporu seçilir

2020-12-17 23:09:19 - [MESSAGE][INFO] - Checking called Test Case

2020-12-17 23:09:19 - [MESSAGE][INFO] - Starting to call Test Case 'Test Cases/Menu/BasligaGoreAltMenuSecimi'

2020-12-17 23:09:19 - [TEST_CASE][PASSED] - Test Cases/Menu/BasligaGoreAltMenuSecimi: Test Cases/Menu/BasligaGoreAltMenuSecimi

2020-12-17 23:09:20 - [TEST_STEP][PASSED] - Method.TextDegerineEsitElementinAltindakiTextDegerineEsitOlanaTikla(findTestObject("Menu/Menu_Basligi"), findTestObject("Menu/Basliga_Gore_Alt_Menu"), Baslik, Alt_Menu): Method.TextDegerineEsitElementinAltindakiTextDegerineEsitOlanaTikla is PASSED

2020-12-17 23:09:20 - [MESSAGE][INFO] - Finding Test Object 'Object Repository/Menu/Menu_Basligi'

2020-12-17 23:09:20 - [MESSAGE][INFO] - Finding Test Object 'Object Repository/Menu/Basliga_Gore_Alt_Menu'

2020-12-17 23:09:20 - [MESSAGE][INFO] - Checking timeout

2020-12-17 23:09:20 - [MESSAGE][INFO] - Finding web element with id: 'Object Repository/Menu/Menu_Basligi' located by 'By.xpath: //li[@class='dropdown dropdown-large open']//li[@class='dropdown-header']' in '10' second(s)

2020-12-17 23:09:20 - [MESSAGE][INFO] - Smart Wait Function is triggered

2020-12-17 23:09:22 - [MESSAGE][INFO] - Found 2 web elements with id: 'Object Repository/Menu/Menu_Basligi' located by 'By.xpath: //li[@class='dropdown dropdown-large open']//li[@class='dropdown-header']' in '10' second(s)

2020-12-17 23:09:22 - [MESSAGE][INFO] - Smart Wait Function is triggered

2020-12-17 23:09:27 - [MESSAGE][PASSED] - Method.TextDegerineEsitElementinAltindakiTextDegerineEsitOlanaTikla is PASSED

2020-12-17 23:09:27 - [MESSAGE][PASSED] - Call Test Case 'Test Cases/Menu/BasligaGoreAltMenuSecimi' successfully

2020-12-17 23:09:27 - [MESSAGE][PASSED] - Alt menü e-Arşiv Araçları başlığı altındaki e-Arşiv Fatura Kontrol Raporu seçilir

2020-12-17 23:09:27 - [TEST_STEP][PASSED] - Filtre alanlarında Fatura No var mı: Filtre alanlarında Fatura No var mı

2020-12-17 23:09:27 - [MESSAGE][INFO] - Checking called Test Case

2020-12-17 23:09:27 - [MESSAGE][INFO] - Starting to call Test Case 'Test Cases/Filtreler/FiltreVarMi'

2020-12-17 23:09:27 - [TEST_CASE][PASSED] - Test Cases/Filtreler/FiltreVarMi: Test Cases/Filtreler/FiltreVarMi

2020-12-17 23:09:28 - [TEST_STEP][PASSED] - Method.TextDegerineEsitElementVarMi(findTestObject("Filtreler/Basliklar"), Filtre_alan): Method.TextDegerineEsitElementVarMi is PASSED

2020-12-17 23:09:28 - [MESSAGE][INFO] - Finding Test Object 'Object Repository/Filtreler/Basliklar'

2020-12-17 23:09:28 - [MESSAGE][INFO] - Checking timeout

2020-12-17 23:09:28 - [MESSAGE][INFO] - Finding web element with id: 'Object Repository/Filtreler/Basliklar' located by 'By.cssSelector: .control-label.col-sm-4.paddingMarginRLC' in '10' second(s)

2020-12-17 23:09:28 - [MESSAGE][INFO] - Smart Wait Function is triggered

2020-12-17 23:09:29 - [MESSAGE][INFO] - Found 4 web elements with id: 'Object Repository/Filtreler/Basliklar' located by 'By.cssSelector: .control-label.col-sm-4.paddingMarginRLC' in '10' second(s)

2020-12-17 23:09:29 - [MESSAGE][PASSED] - Method.TextDegerineEsitElementVarMi is PASSED

2020-12-17 23:09:29 - [MESSAGE][PASSED] - Call Test Case 'Test Cases/Filtreler/FiltreVarMi' successfully

2020-12-17 23:09:29 - [MESSAGE][PASSED] - Filtre alanlarında Fatura No var mı

2020-12-17 23:09:29 - [TEST_STEP][PASSED] - Filtre alanlarında İptal Durumu var mı: Filtre alanlarında İptal Durumu var mı

2020-12-17 23:09:29 - [MESSAGE][INFO] - Checking called Test Case

2020-12-17 23:09:29 - [MESSAGE][INFO] - Starting to call Test Case 'Test Cases/Filtreler/FiltreVarMi'

2020-12-17 23:09:29 - [TEST_CASE][PASSED] - Test Cases/Filtreler/FiltreVarMi: Test Cases/Filtreler/FiltreVarMi

2020-12-17 23:09:29 - [TEST_STEP][PASSED] - Method.TextDegerineEsitElementVarMi(findTestObject("Filtreler/Basliklar"), Filtre_alan): Method.TextDegerineEsitElementVarMi is PASSED

2020-12-17 23:09:29 - [MESSAGE][INFO] - Finding Test Object 'Object Repository/Filtreler/Basliklar'

2020-12-17 23:09:29 - [MESSAGE][INFO] - Checking timeout

2020-12-17 23:09:29 - [MESSAGE][INFO] - Finding web element with id: 'Object Repository/Filtreler/Basliklar' located by 'By.cssSelector: .control-label.col-sm-4.paddingMarginRLC' in '10' second(s)

2020-12-17 23:09:29 - [MESSAGE][INFO] - Smart Wait Function is triggered

2020-12-17 23:09:31 - [MESSAGE][INFO] - Found 4 web elements with id: 'Object Repository/Filtreler/Basliklar' located by 'By.cssSelector: .control-label.col-sm-4.paddingMarginRLC' in '10' second(s)

2020-12-17 23:09:31 - [MESSAGE][PASSED] - Method.TextDegerineEsitElementVarMi is PASSED

2020-12-17 23:09:31 - [MESSAGE][PASSED] - Call Test Case 'Test Cases/Filtreler/FiltreVarMi' successfully

2020-12-17 23:09:31 - [MESSAGE][PASSED] - Filtre alanlarında İptal Durumu var mı

2020-12-17 23:09:31 - [TEST_STEP][PASSED] - Filtre alanlarında Fatura Tarihi var mı: Filtre alanlarında Fatura Tarihi var mı

2020-12-17 23:09:31 - [MESSAGE][INFO] - Checking called Test Case

2020-12-17 23:09:31 - [MESSAGE][INFO] - Starting to call Test Case 'Test Cases/Filtreler/FiltreVarMi'

2020-12-17 23:09:31 - [TEST_CASE][PASSED] - Test Cases/Filtreler/FiltreVarMi: Test Cases/Filtreler/FiltreVarMi

2020-12-17 23:09:31 - [TEST_STEP][PASSED] - Method.TextDegerineEsitElementVarMi(findTestObject("Filtreler/Basliklar"), Filtre_alan): Method.TextDegerineEsitElementVarMi is PASSED

2020-12-17 23:09:31 - [MESSAGE][INFO] - Finding Test Object 'Object Repository/Filtreler/Basliklar'

2020-12-17 23:09:31 - [MESSAGE][INFO] - Checking timeout

2020-12-17 23:09:31 - [MESSAGE][INFO] - Finding web element with id: 'Object Repository/Filtreler/Basliklar' located by 'By.cssSelector: .control-label.col-sm-4.paddingMarginRLC' in '10' second(s)

2020-12-17 23:09:31 - [MESSAGE][INFO] - Smart Wait Function is triggered

2020-12-17 23:09:33 - [MESSAGE][INFO] - Found 4 web elements with id: 'Object Repository/Filtreler/Basliklar' located by 'By.cssSelector: .control-label.col-sm-4.paddingMarginRLC' in '10' second(s)

2020-12-17 23:09:33 - [MESSAGE][PASSED] - Method.TextDegerineEsitElementVarMi is PASSED

2020-12-17 23:09:33 - [MESSAGE][PASSED] - Call Test Case 'Test Cases/Filtreler/FiltreVarMi' successfully

2020-12-17 23:09:33 - [MESSAGE][PASSED] - Filtre alanlarında Fatura Tarihi var mı

2020-12-17 23:09:33 - [TEST_STEP][PASSED] - Filtre alanlarında Kontrol Sonucu var mı: Filtre alanlarında Kontrol Sonucu var mı

2020-12-17 23:09:33 - [MESSAGE][INFO] - Checking called Test Case

2020-12-17 23:09:33 - [MESSAGE][INFO] - Starting to call Test Case 'Test Cases/Filtreler/FiltreVarMi'

2020-12-17 23:09:33 - [TEST_CASE][PASSED] - Test Cases/Filtreler/FiltreVarMi: Test Cases/Filtreler/FiltreVarMi

2020-12-17 23:09:33 - [TEST_STEP][PASSED] - Method.TextDegerineEsitElementVarMi(findTestObject("Filtreler/Basliklar"), Filtre_alan): Method.TextDegerineEsitElementVarMi is PASSED

2020-12-17 23:09:33 - [MESSAGE][INFO] - Finding Test Object 'Object Repository/Filtreler/Basliklar'

2020-12-17 23:09:33 - [MESSAGE][INFO] - Checking timeout

2020-12-17 23:09:33 - [MESSAGE][INFO] - Finding web element with id: 'Object Repository/Filtreler/Basliklar' located by 'By.cssSelector: .control-label.col-sm-4.paddingMarginRLC' in '10' second(s)

2020-12-17 23:09:33 - [MESSAGE][INFO] - Smart Wait Function is triggered

2020-12-17 23:09:35 - [MESSAGE][INFO] - Found 4 web elements with id: 'Object Repository/Filtreler/Basliklar' located by 'By.cssSelector: .control-label.col-sm-4.paddingMarginRLC' in '10' second(s)

2020-12-17 23:09:35 - [MESSAGE][PASSED] - Method.TextDegerineEsitElementVarMi is PASSED

2020-12-17 23:09:35 - [MESSAGE][PASSED] - Call Test Case 'Test Cases/Filtreler/FiltreVarMi' successfully

2020-12-17 23:09:35 - [MESSAGE][PASSED] - Filtre alanlarında Kontrol Sonucu var mı

2020-12-17 23:09:35 - [TEST_STEP][PASSED] - Filtre butonlarında Listele var mı: Filtre butonlarında Listele var mı

2020-12-17 23:09:35 - [MESSAGE][INFO] - Checking called Test Case

2020-12-17 23:09:35 - [MESSAGE][INFO] - Starting to call Test Case 'Test Cases/Filtreler/ButonVarMi'

2020-12-17 23:09:35 - [TEST_CASE][PASSED] - Test Cases/Filtreler/ButonVarMi: Test Cases/Filtreler/ButonVarMi

2020-12-17 23:09:35 - [TEST_STEP][PASSED] - Method.TextDegerineEsitElementVarMi(findTestObject("Filtreler/Butonlar"), Filtre_Buton): Method.TextDegerineEsitElementVarMi is PASSED

2020-12-17 23:09:35 - [MESSAGE][INFO] - Finding Test Object 'Object Repository/Filtreler/Butonlar'

2020-12-17 23:09:35 - [MESSAGE][INFO] - Checking timeout

2020-12-17 23:09:35 - [MESSAGE][INFO] - Finding web element with id: 'Object Repository/Filtreler/Butonlar' located by 'By.cssSelector: .dxb>span' in '10' second(s)

2020-12-17 23:09:35 - [MESSAGE][INFO] - Smart Wait Function is triggered

2020-12-17 23:09:37 - [MESSAGE][INFO] - Found 2 web elements with id: 'Object Repository/Filtreler/Butonlar' located by 'By.cssSelector: .dxb>span' in '10' second(s)

2020-12-17 23:09:37 - [MESSAGE][PASSED] - Method.TextDegerineEsitElementVarMi is PASSED

2020-12-17 23:09:37 - [MESSAGE][PASSED] - Call Test Case 'Test Cases/Filtreler/ButonVarMi' successfully

2020-12-17 23:09:37 - [MESSAGE][PASSED] - Filtre butonlarında Listele var mı

2020-12-17 23:09:37 - [TEST_STEP][PASSED] - Filtre butonlarında Temizle var mı: Filtre butonlarında Temizle var mı

2020-12-17 23:09:37 - [MESSAGE][INFO] - Checking called Test Case

2020-12-17 23:09:37 - [MESSAGE][INFO] - Starting to call Test Case 'Test Cases/Filtreler/ButonVarMi'

2020-12-17 23:09:37 - [TEST_CASE][PASSED] - Test Cases/Filtreler/ButonVarMi: Test Cases/Filtreler/ButonVarMi

2020-12-17 23:09:37 - [TEST_STEP][PASSED] - Method.TextDegerineEsitElementVarMi(findTestObject("Filtreler/Butonlar"), Filtre_Buton): Method.TextDegerineEsitElementVarMi is PASSED

2020-12-17 23:09:37 - [MESSAGE][INFO] - Finding Test Object 'Object Repository/Filtreler/Butonlar'

2020-12-17 23:09:37 - [MESSAGE][INFO] - Checking timeout

2020-12-17 23:09:37 - [MESSAGE][INFO] - Finding web element with id: 'Object Repository/Filtreler/Butonlar' located by 'By.cssSelector: .dxb>span' in '10' second(s)

2020-12-17 23:09:37 - [MESSAGE][INFO] - Smart Wait Function is triggered

2020-12-17 23:09:39 - [MESSAGE][INFO] - Found 2 web elements with id: 'Object Repository/Filtreler/Butonlar' located by 'By.cssSelector: .dxb>span' in '10' second(s)

2020-12-17 23:09:39 - [MESSAGE][PASSED] - Method.TextDegerineEsitElementVarMi is PASSED

2020-12-17 23:09:39 - [MESSAGE][PASSED] - Call Test Case 'Test Cases/Filtreler/ButonVarMi' successfully

2020-12-17 23:09:39 - [MESSAGE][PASSED] - Filtre butonlarında Temizle var mı

2020-12-17 23:09:39 - [TEST_STEP][PASSED] - Kullanıcı işlemlerinden Çıkış seçilir: Kullanıcı işlemlerinden Çıkış seçilir

2020-12-17 23:09:39 - [MESSAGE][INFO] - Checking called Test Case

2020-12-17 23:09:39 - [MESSAGE][INFO] - Starting to call Test Case 'Test Cases/Kullanici_Islemleri/KullaniciIslemlerindenSecimYapilir'

2020-12-17 23:09:39 - [TEST_CASE][PASSED] - Test Cases/Kullanici_Islemleri/KullaniciIslemlerindenSecimYapilir: Test Cases/Kullanici_Islemleri/KullaniciIslemlerindenSecimYapilir

2020-12-17 23:09:39 - [TEST_STEP][PASSED] - waitForElementClickable(findTestObject("Object Repository/Kullanici_Islemleri/KullaniciIslemleri"), 10): Object 'Object Repository/Kullanici_Islemleri/KullaniciIslemleri' is clickable

2020-12-17 23:09:39 - [MESSAGE][INFO] - Finding Test Object 'Object Repository/Kullanici_Islemleri/KullaniciIslemleri'

2020-12-17 23:09:39 - [MESSAGE][INFO] - Checking object

2020-12-17 23:09:39 - [MESSAGE][INFO] - Checking timeout

2020-12-17 23:09:39 - [MESSAGE][INFO] - Finding web element from Test Object's properties

2020-12-17 23:09:39 - [MESSAGE][INFO] - Checking timeout

2020-12-17 23:09:39 - [MESSAGE][INFO] - Finding web element with id: 'Object Repository/Kullanici_Islemleri/KullaniciIslemleri' located by 'By.cssSelector: .dropdown>a>img' in '10' second(s)

2020-12-17 23:09:39 - [MESSAGE][INFO] - Smart Wait Function is triggered

2020-12-17 23:09:41 - [MESSAGE][INFO] - Found 1 web elements with id: 'Object Repository/Kullanici_Islemleri/KullaniciIslemleri' located by 'By.cssSelector: .dropdown>a>img' in '10' second(s)

2020-12-17 23:09:41 - [MESSAGE][PASSED] - Object 'Object Repository/Kullanici_Islemleri/KullaniciIslemleri' is clickable

2020-12-17 23:09:41 - [TEST_STEP][PASSED] - click(findTestObject("Object Repository/Kullanici_Islemleri/KullaniciIslemleri")): Object: 'Object Repository/Kullanici_Islemleri/KullaniciIslemleri' is clicked on

2020-12-17 23:09:41 - [MESSAGE][INFO] - Finding Test Object 'Object Repository/Kullanici_Islemleri/KullaniciIslemleri'

2020-12-17 23:09:41 - [MESSAGE][INFO] - Checking object

2020-12-17 23:09:41 - [MESSAGE][INFO] - Finding web element from Test Object's properties

2020-12-17 23:09:41 - [MESSAGE][INFO] - Checking timeout

2020-12-17 23:09:41 - [MESSAGE][INFO] - Finding web element with id: 'Object Repository/Kullanici_Islemleri/KullaniciIslemleri' located by 'By.cssSelector: .dropdown>a>img' in '30' second(s)

2020-12-17 23:09:41 - [MESSAGE][INFO] - Smart Wait Function is triggered

2020-12-17 23:09:41 - [MESSAGE][INFO] - Found 1 web elements with id: 'Object Repository/Kullanici_Islemleri/KullaniciIslemleri' located by 'By.cssSelector: .dropdown>a>img' in '30' second(s)

2020-12-17 23:09:41 - [MESSAGE][INFO] - Clicking on object: 'Object Repository/Kullanici_Islemleri/KullaniciIslemleri'

2020-12-17 23:09:41 - [MESSAGE][PASSED] - Object: 'Object Repository/Kullanici_Islemleri/KullaniciIslemleri' is clicked on

2020-12-17 23:09:41 - [TEST_STEP][PASSED] - Method.TextDegerineEsitElementeTikla(findTestObject("Object Repository/Kullanici_Islemleri/Secenekler"), Islem): Method.TextDegerineEsitElementeTikla is PASSED

2020-12-17 23:09:41 - [MESSAGE][INFO] - Finding Test Object 'Object Repository/Kullanici_Islemleri/Secenekler'

2020-12-17 23:09:41 - [MESSAGE][INFO] - Checking timeout

2020-12-17 23:09:41 - [MESSAGE][INFO] - Finding web element with id: 'Object Repository/Kullanici_Islemleri/Secenekler' located by 'By.cssSelector: .nav.navbar-nav.navbar-right li a' in '10' second(s)

2020-12-17 23:09:41 - [MESSAGE][INFO] - Smart Wait Function is triggered

2020-12-17 23:09:42 - [MESSAGE][INFO] - Found 25 web elements with id: 'Object Repository/Kullanici_Islemleri/Secenekler' located by 'By.cssSelector: .nav.navbar-nav.navbar-right li a' in '10' second(s)

2020-12-17 23:09:42 - [MESSAGE][PASSED] - Method.TextDegerineEsitElementeTikla is PASSED

2020-12-17 23:09:42 - [TEST_STEP][PASSED] - verifyElementNotPresent(findTestObject("Object Repository/Kullanici_Islemleri/Secenekler"), 10): Web element with id: 'Object Repository/Kullanici_Islemleri/Secenekler' located by 'By.cssSelector: .nav.navbar-nav.navbar-right li a' is not present after '10' second(s)

2020-12-17 23:09:42 - [MESSAGE][INFO] - Finding Test Object 'Object Repository/Kullanici_Islemleri/Secenekler'

2020-12-17 23:09:42 - [MESSAGE][INFO] - Checking object

2020-12-17 23:09:42 - [MESSAGE][INFO] - Checking timeout

2020-12-17 23:09:42 - [MESSAGE][INFO] - Finding web element with id: 'Object Repository/Kullanici_Islemleri/Secenekler' located by 'By.cssSelector: .nav.navbar-nav.navbar-right li a' in '10' second(s)

2020-12-17 23:09:42 - [MESSAGE][INFO] - Smart Wait Function is triggered

2020-12-17 23:09:43 - [MESSAGE][PASSED] - Web element with id: 'Object Repository/Kullanici_Islemleri/Secenekler' located by 'By.cssSelector: .nav.navbar-nav.navbar-right li a' is not present after '10' second(s)

2020-12-17 23:09:43 - [MESSAGE][PASSED] - Call Test Case 'Test Cases/Kullanici_Islemleri/KullaniciIslemlerindenSecimYapilir' successfully

2020-12-17 23:09:43 - [MESSAGE][PASSED] - Kullanıcı işlemlerinden Çıkış seçilir

2020-12-17 23:09:43 - [MESSAGE][FAILED] - Keyword runFeatureFile was failed (Root cause: java.lang.NullPointerException: No format for key faıled
	at cucumber.runtime.formatter.AnsiFormats.get(AnsiFormats.java:51)
	at cucumber.runtime.Stats.printScenarios(Stats.java:170)
	at cucumber.runtime.Stats.printNonZeroResultScenarios(Stats.java:161)
	at cucumber.runtime.Stats.printStats(Stats.java:107)
	at cucumber.runtime.DefaultSummaryPrinter.printStats(DefaultSummaryPrinter.java:34)
	at cucumber.runtime.DefaultSummaryPrinter.print(DefaultSummaryPrinter.java:27)
	at cucumber.runtime.DefaultSummaryPrinter.access$000(DefaultSummaryPrinter.java:14)
	at cucumber.runtime.DefaultSummaryPrinter$1.receive(DefaultSummaryPrinter.java:63)
	at cucumber.runtime.DefaultSummaryPrinter$1.receive(DefaultSummaryPrinter.java:60)
	at cucumber.runner.EventBus.send(EventBus.java:28)
	at cucumber.runtime.Runtime.run(Runtime.java:109)
	at cucumber.api.cli.Main.run(Main.java:35)
	at cucumber.api.cli.Main$run.call(Unknown Source)
	at com.kms.katalon.core.cucumber.keyword.CucumberBuiltinKeywords$_runFeatureFile_closure1.doCall(CucumberBuiltinKeywords.groovy:76)
	at com.kms.katalon.core.cucumber.keyword.CucumberBuiltinKeywords$_runFeatureFile_closure1.doCall(CucumberBuiltinKeywords.groovy)
	at com.kms.katalon.core.keyword.internal.KeywordMain.runKeyword(KeywordMain.groovy:68)
	at com.kms.katalon.core.keyword.internal.KeywordMain$runKeyword.call(Unknown Source)
	at com.kms.katalon.core.cucumber.keyword.CucumberBuiltinKeywords.runFeatureFile(CucumberBuiltinKeywords.groovy:46)
	at com.kms.katalon.core.cucumber.keyword.CucumberBuiltinKeywords$runFeatureFile$0.callStatic(Unknown Source)
	at com.kms.katalon.core.cucumber.keyword.CucumberBuiltinKeywords.runFeatureFile(CucumberBuiltinKeywords.groovy:169)
	at com.kms.katalon.core.cucumber.keyword.CucumberBuiltinKeywords$runFeatureFile.call(Unknown Source)
	at Filtre Kontrolu.run(Filtre Kontrolu:19)
	at com.kms.katalon.core.main.ScriptEngine.run(ScriptEngine.java:194)
	at com.kms.katalon.core.main.ScriptEngine.runScriptAsRawText(ScriptEngine.java:119)
	at com.kms.katalon.core.main.TestCaseExecutor.runScript(TestCaseExecutor.java:339)
	at com.kms.katalon.core.main.TestCaseExecutor.doExecute(TestCaseExecutor.java:330)
	at com.kms.katalon.core.main.TestCaseExecutor.processExecutionPhase(TestCaseExecutor.java:309)
	at com.kms.katalon.core.main.TestCaseExecutor.accessMainPhase(TestCaseExecutor.java:301)
	at com.kms.katalon.core.main.TestCaseExecutor.execute(TestCaseExecutor.java:235)
	at com.kms.katalon.core.main.TestSuiteExecutor.accessTestCaseMainPhase(TestSuiteExecutor.java:191)
	at com.kms.katalon.core.main.TestSuiteExecutor.accessTestSuiteMainPhase(TestSuiteExecutor.java:141)
	at com.kms.katalon.core.main.TestSuiteExecutor.execute(TestSuiteExecutor.java:90)
	at com.kms.katalon.core.main.TestCaseMain.startTestSuite(TestCaseMain.java:157)
	at com.kms.katalon.core.main.TestCaseMain$startTestSuite$0.call(Unknown Source)
	at TempTestSuite1608235701335.run(TempTestSuite1608235701335.groovy:39)
)

2020-12-17 23:09:43 - [TEST_STEP][PASSED] - Start listener action : sampleAfterTestSuite: Invoke 'com.kms.katalon.core.annotation.AfterTestCase' method: 'Listener.sampleAfterTestSuite(...)' completed.

2020-12-17 23:09:43 - [MESSAGE][INFO] - Starting invoke 'com.kms.katalon.core.annotation.AfterTestCase' method: 'Listener.sampleAfterTestSuite(...)'

2020-12-17 23:09:43 - [MESSAGE][INFO] - Invoke 'com.kms.katalon.core.annotation.AfterTestCase' method: 'Listener.sampleAfterTestSuite(...)' completed.]]></system-out>
         <system-err><![CDATA[2020-12-17 23:08:36 - [TEST_CASE][FAILED] - Test Cases/Case Repository/e-Arsiv/e-Arsiv Araclari/e-Arsiv Fatura Kontrol Raporu/Filtre Kontrolu: Test Cases/Case Repository/e-Arsiv/e-Arsiv Araclari/e-Arsiv Fatura Kontrol Raporu/Filtre Kontrolu FAILED.
Reason:
com.kms.katalon.core.exception.StepFailedException: Keyword runFeatureFile was failed (Root cause: java.lang.NullPointerException: No format for key faıled
	at cucumber.runtime.formatter.AnsiFormats.get(AnsiFormats.java:51)
	at cucumber.runtime.Stats.printScenarios(Stats.java:170)
	at cucumber.runtime.Stats.printNonZeroResultScenarios(Stats.java:161)
	at cucumber.runtime.Stats.printStats(Stats.java:107)
	at cucumber.runtime.DefaultSummaryPrinter.printStats(DefaultSummaryPrinter.java:34)
	at cucumber.runtime.DefaultSummaryPrinter.print(DefaultSummaryPrinter.java:27)
	at cucumber.runtime.DefaultSummaryPrinter.access$000(DefaultSummaryPrinter.java:14)
	at cucumber.runtime.DefaultSummaryPrinter$1.receive(DefaultSummaryPrinter.java:63)
	at cucumber.runtime.DefaultSummaryPrinter$1.receive(DefaultSummaryPrinter.java:60)
	at cucumber.runner.EventBus.send(EventBus.java:28)
	at cucumber.runtime.Runtime.run(Runtime.java:109)
	at cucumber.api.cli.Main.run(Main.java:35)
	at cucumber.api.cli.Main$run.call(Unknown Source)
	at com.kms.katalon.core.cucumber.keyword.CucumberBuiltinKeywords$_runFeatureFile_closure1.doCall(CucumberBuiltinKeywords.groovy:76)
	at com.kms.katalon.core.cucumber.keyword.CucumberBuiltinKeywords$_runFeatureFile_closure1.doCall(CucumberBuiltinKeywords.groovy)
	at com.kms.katalon.core.keyword.internal.KeywordMain.runKeyword(KeywordMain.groovy:68)
	at com.kms.katalon.core.keyword.internal.KeywordMain$runKeyword.call(Unknown Source)
	at com.kms.katalon.core.cucumber.keyword.CucumberBuiltinKeywords.runFeatureFile(CucumberBuiltinKeywords.groovy:46)
	at com.kms.katalon.core.cucumber.keyword.CucumberBuiltinKeywords$runFeatureFile$0.callStatic(Unknown Source)
	at com.kms.katalon.core.cucumber.keyword.CucumberBuiltinKeywords.runFeatureFile(CucumberBuiltinKeywords.groovy:169)
	at com.kms.katalon.core.cucumber.keyword.CucumberBuiltinKeywords$runFeatureFile.call(Unknown Source)
	at Filtre Kontrolu.run(Filtre Kontrolu:19)
	at com.kms.katalon.core.main.ScriptEngine.run(ScriptEngine.java:194)
	at com.kms.katalon.core.main.ScriptEngine.runScriptAsRawText(ScriptEngine.java:119)
	at com.kms.katalon.core.main.TestCaseExecutor.runScript(TestCaseExecutor.java:339)
	at com.kms.katalon.core.main.TestCaseExecutor.doExecute(TestCaseExecutor.java:330)
	at com.kms.katalon.core.main.TestCaseExecutor.processExecutionPhase(TestCaseExecutor.java:309)
	at com.kms.katalon.core.main.TestCaseExecutor.accessMainPhase(TestCaseExecutor.java:301)
	at com.kms.katalon.core.main.TestCaseExecutor.execute(TestCaseExecutor.java:235)
	at com.kms.katalon.core.main.TestSuiteExecutor.accessTestCaseMainPhase(TestSuiteExecutor.java:191)
	at com.kms.katalon.core.main.TestSuiteExecutor.accessTestSuiteMainPhase(TestSuiteExecutor.java:141)
	at com.kms.katalon.core.main.TestSuiteExecutor.execute(TestSuiteExecutor.java:90)
	at com.kms.katalon.core.main.TestCaseMain.startTestSuite(TestCaseMain.java:157)
	at com.kms.katalon.core.main.TestCaseMain$startTestSuite$0.call(Unknown Source)
	at TempTestSuite1608235701335.run(TempTestSuite1608235701335.groovy:39)
)
	at com.kms.katalon.core.keyword.internal.KeywordMain.stepFailed(KeywordMain.groovy:50)
	at com.kms.katalon.core.keyword.internal.KeywordMain.stepFailed(KeywordMain.groovy)
	at com.kms.katalon.core.keyword.internal.KeywordMain.runKeyword(KeywordMain.groovy:70)
	at com.kms.katalon.core.keyword.internal.KeywordMain$runKeyword.call(Unknown Source)
	at com.kms.katalon.core.cucumber.keyword.CucumberBuiltinKeywords.runFeatureFile(CucumberBuiltinKeywords.groovy:46)
	at com.kms.katalon.core.cucumber.keyword.CucumberBuiltinKeywords$runFeatureFile$0.callStatic(Unknown Source)
	at com.kms.katalon.core.cucumber.keyword.CucumberBuiltinKeywords.runFeatureFile(CucumberBuiltinKeywords.groovy:169)
	at com.kms.katalon.core.cucumber.keyword.CucumberBuiltinKeywords$runFeatureFile.call(Unknown Source)
	at Filtre Kontrolu.run(Filtre Kontrolu:19)
	at com.kms.katalon.core.main.ScriptEngine.run(ScriptEngine.java:194)
	at com.kms.katalon.core.main.ScriptEngine.runScriptAsRawText(ScriptEngine.java:119)
	at com.kms.katalon.core.main.TestCaseExecutor.runScript(TestCaseExecutor.java:339)
	at com.kms.katalon.core.main.TestCaseExecutor.doExecute(TestCaseExecutor.java:330)
	at com.kms.katalon.core.main.TestCaseExecutor.processExecutionPhase(TestCaseExecutor.java:309)
	at com.kms.katalon.core.main.TestCaseExecutor.accessMainPhase(TestCaseExecutor.java:301)
	at com.kms.katalon.core.main.TestCaseExecutor.execute(TestCaseExecutor.java:235)
	at com.kms.katalon.core.main.TestSuiteExecutor.accessTestCaseMainPhase(TestSuiteExecutor.java:191)
	at com.kms.katalon.core.main.TestSuiteExecutor.accessTestSuiteMainPhase(TestSuiteExecutor.java:141)
	at com.kms.katalon.core.main.TestSuiteExecutor.execute(TestSuiteExecutor.java:90)
	at com.kms.katalon.core.main.TestCaseMain.startTestSuite(TestCaseMain.java:157)
	at com.kms.katalon.core.main.TestCaseMain$startTestSuite$0.call(Unknown Source)
	at TempTestSuite1608235701335.run(TempTestSuite1608235701335.groovy:39)
Caused by: java.lang.NullPointerException: No format for key faıled
	at cucumber.runtime.formatter.AnsiFormats.get(AnsiFormats.java:51)
	at cucumber.runtime.Stats.printScenarios(Stats.java:170)
	at cucumber.runtime.Stats.printNonZeroResultScenarios(Stats.java:161)
	at cucumber.runtime.Stats.printStats(Stats.java:107)
	at cucumber.runtime.DefaultSummaryPrinter.printStats(DefaultSummaryPrinter.java:34)
	at cucumber.runtime.DefaultSummaryPrinter.print(DefaultSummaryPrinter.java:27)
	at cucumber.runtime.DefaultSummaryPrinter.access$000(DefaultSummaryPrinter.java:14)
	at cucumber.runtime.DefaultSummaryPrinter$1.receive(DefaultSummaryPrinter.java:63)
	at cucumber.runtime.DefaultSummaryPrinter$1.receive(DefaultSummaryPrinter.java:60)
	at cucumber.runner.EventBus.send(EventBus.java:28)
	at cucumber.runtime.Runtime.run(Runtime.java:109)
	at cucumber.api.cli.Main.run(Main.java:35)
	at cucumber.api.cli.Main$run.call(Unknown Source)
	at com.kms.katalon.core.cucumber.keyword.CucumberBuiltinKeywords$_runFeatureFile_closure1.doCall(CucumberBuiltinKeywords.groovy:76)
	at com.kms.katalon.core.cucumber.keyword.CucumberBuiltinKeywords$_runFeatureFile_closure1.doCall(CucumberBuiltinKeywords.groovy)
	at com.kms.katalon.core.keyword.internal.KeywordMain.runKeyword(KeywordMain.groovy:68)
	... 19 more]]></system-err>
      </testcase>
      <system-out><![CDATA[2020-12-17 23:08:35 - [TEST_SUITE][FAILED] - Filtre Kontrolu: Test Cases/Case Repository/e-Arsiv/e-Arsiv Araclari/e-Arsiv Fatura Kontrol Raporu/Filtre Kontrolu FAILED.
Reason:
com.kms.katalon.core.exception.StepFailedException: Keyword runFeatureFile was failed (Root cause: java.lang.NullPointerException: No format for key faıled
	at cucumber.runtime.formatter.AnsiFormats.get(AnsiFormats.java:51)
	at cucumber.runtime.Stats.printScenarios(Stats.java:170)
	at cucumber.runtime.Stats.printNonZeroResultScenarios(Stats.java:161)
	at cucumber.runtime.Stats.printStats(Stats.java:107)
	at cucumber.runtime.DefaultSummaryPrinter.printStats(DefaultSummaryPrinter.java:34)
	at cucumber.runtime.DefaultSummaryPrinter.print(DefaultSummaryPrinter.java:27)
	at cucumber.runtime.DefaultSummaryPrinter.access$000(DefaultSummaryPrinter.java:14)
	at cucumber.runtime.DefaultSummaryPrinter$1.receive(DefaultSummaryPrinter.java:63)
	at cucumber.runtime.DefaultSummaryPrinter$1.receive(DefaultSummaryPrinter.java:60)
	at cucumber.runner.EventBus.send(EventBus.java:28)
	at cucumber.runtime.Runtime.run(Runtime.java:109)
	at cucumber.api.cli.Main.run(Main.java:35)
	at cucumber.api.cli.Main$run.call(Unknown Source)
	at com.kms.katalon.core.cucumber.keyword.CucumberBuiltinKeywords$_runFeatureFile_closure1.doCall(CucumberBuiltinKeywords.groovy:76)
	at com.kms.katalon.core.cucumber.keyword.CucumberBuiltinKeywords$_runFeatureFile_closure1.doCall(CucumberBuiltinKeywords.groovy)
	at com.kms.katalon.core.keyword.internal.KeywordMain.runKeyword(KeywordMain.groovy:68)
	at com.kms.katalon.core.keyword.internal.KeywordMain$runKeyword.call(Unknown Source)
	at com.kms.katalon.core.cucumber.keyword.CucumberBuiltinKeywords.runFeatureFile(CucumberBuiltinKeywords.groovy:46)
	at com.kms.katalon.core.cucumber.keyword.CucumberBuiltinKeywords$runFeatureFile$0.callStatic(Unknown Source)
	at com.kms.katalon.core.cucumber.keyword.CucumberBuiltinKeywords.runFeatureFile(CucumberBuiltinKeywords.groovy:169)
	at com.kms.katalon.core.cucumber.keyword.CucumberBuiltinKeywords$runFeatureFile.call(Unknown Source)
	at Filtre Kontrolu.run(Filtre Kontrolu:19)
	at com.kms.katalon.core.main.ScriptEngine.run(ScriptEngine.java:194)
	at com.kms.katalon.core.main.ScriptEngine.runScriptAsRawText(ScriptEngine.java:119)
	at com.kms.katalon.core.main.TestCaseExecutor.runScript(TestCaseExecutor.java:339)
	at com.kms.katalon.core.main.TestCaseExecutor.doExecute(TestCaseExecutor.java:330)
	at com.kms.katalon.core.main.TestCaseExecutor.processExecutionPhase(TestCaseExecutor.java:309)
	at com.kms.katalon.core.main.TestCaseExecutor.accessMainPhase(TestCaseExecutor.java:301)
	at com.kms.katalon.core.main.TestCaseExecutor.execute(TestCaseExecutor.java:235)
	at com.kms.katalon.core.main.TestSuiteExecutor.accessTestCaseMainPhase(TestSuiteExecutor.java:191)
	at com.kms.katalon.core.main.TestSuiteExecutor.accessTestSuiteMainPhase(TestSuiteExecutor.java:141)
	at com.kms.katalon.core.main.TestSuiteExecutor.execute(TestSuiteExecutor.java:90)
	at com.kms.katalon.core.main.TestCaseMain.startTestSuite(TestCaseMain.java:157)
	at com.kms.katalon.core.main.TestCaseMain$startTestSuite$0.call(Unknown Source)
	at TempTestSuite1608235701335.run(TempTestSuite1608235701335.groovy:39)
)
	at com.kms.katalon.core.keyword.internal.KeywordMain.stepFailed(KeywordMain.groovy:50)
	at com.kms.katalon.core.keyword.internal.KeywordMain.stepFailed(KeywordMain.groovy)
	at com.kms.katalon.core.keyword.internal.KeywordMain.runKeyword(KeywordMain.groovy:70)
	at com.kms.katalon.core.keyword.internal.KeywordMain$runKeyword.call(Unknown Source)
	at com.kms.katalon.core.cucumber.keyword.CucumberBuiltinKeywords.runFeatureFile(CucumberBuiltinKeywords.groovy:46)
	at com.kms.katalon.core.cucumber.keyword.CucumberBuiltinKeywords$runFeatureFile$0.callStatic(Unknown Source)
	at com.kms.katalon.core.cucumber.keyword.CucumberBuiltinKeywords.runFeatureFile(CucumberBuiltinKeywords.groovy:169)
	at com.kms.katalon.core.cucumber.keyword.CucumberBuiltinKeywords$runFeatureFile.call(Unknown Source)
	at Filtre Kontrolu.run(Filtre Kontrolu:19)
	at com.kms.katalon.core.main.ScriptEngine.run(ScriptEngine.java:194)
	at com.kms.katalon.core.main.ScriptEngine.runScriptAsRawText(ScriptEngine.java:119)
	at com.kms.katalon.core.main.TestCaseExecutor.runScript(TestCaseExecutor.java:339)
	at com.kms.katalon.core.main.TestCaseExecutor.doExecute(TestCaseExecutor.java:330)
	at com.kms.katalon.core.main.TestCaseExecutor.processExecutionPhase(TestCaseExecutor.java:309)
	at com.kms.katalon.core.main.TestCaseExecutor.accessMainPhase(TestCaseExecutor.java:301)
	at com.kms.katalon.core.main.TestCaseExecutor.execute(TestCaseExecutor.java:235)
	at com.kms.katalon.core.main.TestSuiteExecutor.accessTestCaseMainPhase(TestSuiteExecutor.java:191)
	at com.kms.katalon.core.main.TestSuiteExecutor.accessTestSuiteMainPhase(TestSuiteExecutor.java:141)
	at com.kms.katalon.core.main.TestSuiteExecutor.execute(TestSuiteExecutor.java:90)
	at com.kms.katalon.core.main.TestCaseMain.startTestSuite(TestCaseMain.java:157)
	at com.kms.katalon.core.main.TestCaseMain$startTestSuite$0.call(Unknown Source)
	at TempTestSuite1608235701335.run(TempTestSuite1608235701335.groovy:39)
Caused by: java.lang.NullPointerException: No format for key faıled
	at cucumber.runtime.formatter.AnsiFormats.get(AnsiFormats.java:51)
	at cucumber.runtime.Stats.printScenarios(Stats.java:170)
	at cucumber.runtime.Stats.printNonZeroResultScenarios(Stats.java:161)
	at cucumber.runtime.Stats.printStats(Stats.java:107)
	at cucumber.runtime.DefaultSummaryPrinter.printStats(DefaultSummaryPrinter.java:34)
	at cucumber.runtime.DefaultSummaryPrinter.print(DefaultSummaryPrinter.java:27)
	at cucumber.runtime.DefaultSummaryPrinter.access$000(DefaultSummaryPrinter.java:14)
	at cucumber.runtime.DefaultSummaryPrinter$1.receive(DefaultSummaryPrinter.java:63)
	at cucumber.runtime.DefaultSummaryPrinter$1.receive(DefaultSummaryPrinter.java:60)
	at cucumber.runner.EventBus.send(EventBus.java:28)
	at cucumber.runtime.Runtime.run(Runtime.java:109)
	at cucumber.api.cli.Main.run(Main.java:35)
	at cucumber.api.cli.Main$run.call(Unknown Source)
	at com.kms.katalon.core.cucumber.keyword.CucumberBuiltinKeywords$_runFeatureFile_closure1.doCall(CucumberBuiltinKeywords.groovy:76)
	at com.kms.katalon.core.cucumber.keyword.CucumberBuiltinKeywords$_runFeatureFile_closure1.doCall(CucumberBuiltinKeywords.groovy)
	at com.kms.katalon.core.keyword.internal.KeywordMain.runKeyword(KeywordMain.groovy:68)
	... 19 more]]></system-out>
      <system-err><![CDATA[2020-12-17 23:08:35 - [TEST_SUITE][FAILED] - Filtre Kontrolu: Test Cases/Case Repository/e-Arsiv/e-Arsiv Araclari/e-Arsiv Fatura Kontrol Raporu/Filtre Kontrolu FAILED.
Reason:
com.kms.katalon.core.exception.StepFailedException: Keyword runFeatureFile was failed (Root cause: java.lang.NullPointerException: No format for key faıled
	at cucumber.runtime.formatter.AnsiFormats.get(AnsiFormats.java:51)
	at cucumber.runtime.Stats.printScenarios(Stats.java:170)
	at cucumber.runtime.Stats.printNonZeroResultScenarios(Stats.java:161)
	at cucumber.runtime.Stats.printStats(Stats.java:107)
	at cucumber.runtime.DefaultSummaryPrinter.printStats(DefaultSummaryPrinter.java:34)
	at cucumber.runtime.DefaultSummaryPrinter.print(DefaultSummaryPrinter.java:27)
	at cucumber.runtime.DefaultSummaryPrinter.access$000(DefaultSummaryPrinter.java:14)
	at cucumber.runtime.DefaultSummaryPrinter$1.receive(DefaultSummaryPrinter.java:63)
	at cucumber.runtime.DefaultSummaryPrinter$1.receive(DefaultSummaryPrinter.java:60)
	at cucumber.runner.EventBus.send(EventBus.java:28)
	at cucumber.runtime.Runtime.run(Runtime.java:109)
	at cucumber.api.cli.Main.run(Main.java:35)
	at cucumber.api.cli.Main$run.call(Unknown Source)
	at com.kms.katalon.core.cucumber.keyword.CucumberBuiltinKeywords$_runFeatureFile_closure1.doCall(CucumberBuiltinKeywords.groovy:76)
	at com.kms.katalon.core.cucumber.keyword.CucumberBuiltinKeywords$_runFeatureFile_closure1.doCall(CucumberBuiltinKeywords.groovy)
	at com.kms.katalon.core.keyword.internal.KeywordMain.runKeyword(KeywordMain.groovy:68)
	at com.kms.katalon.core.keyword.internal.KeywordMain$runKeyword.call(Unknown Source)
	at com.kms.katalon.core.cucumber.keyword.CucumberBuiltinKeywords.runFeatureFile(CucumberBuiltinKeywords.groovy:46)
	at com.kms.katalon.core.cucumber.keyword.CucumberBuiltinKeywords$runFeatureFile$0.callStatic(Unknown Source)
	at com.kms.katalon.core.cucumber.keyword.CucumberBuiltinKeywords.runFeatureFile(CucumberBuiltinKeywords.groovy:169)
	at com.kms.katalon.core.cucumber.keyword.CucumberBuiltinKeywords$runFeatureFile.call(Unknown Source)
	at Filtre Kontrolu.run(Filtre Kontrolu:19)
	at com.kms.katalon.core.main.ScriptEngine.run(ScriptEngine.java:194)
	at com.kms.katalon.core.main.ScriptEngine.runScriptAsRawText(ScriptEngine.java:119)
	at com.kms.katalon.core.main.TestCaseExecutor.runScript(TestCaseExecutor.java:339)
	at com.kms.katalon.core.main.TestCaseExecutor.doExecute(TestCaseExecutor.java:330)
	at com.kms.katalon.core.main.TestCaseExecutor.processExecutionPhase(TestCaseExecutor.java:309)
	at com.kms.katalon.core.main.TestCaseExecutor.accessMainPhase(TestCaseExecutor.java:301)
	at com.kms.katalon.core.main.TestCaseExecutor.execute(TestCaseExecutor.java:235)
	at com.kms.katalon.core.main.TestSuiteExecutor.accessTestCaseMainPhase(TestSuiteExecutor.java:191)
	at com.kms.katalon.core.main.TestSuiteExecutor.accessTestSuiteMainPhase(TestSuiteExecutor.java:141)
	at com.kms.katalon.core.main.TestSuiteExecutor.execute(TestSuiteExecutor.java:90)
	at com.kms.katalon.core.main.TestCaseMain.startTestSuite(TestCaseMain.java:157)
	at com.kms.katalon.core.main.TestCaseMain$startTestSuite$0.call(Unknown Source)
	at TempTestSuite1608235701335.run(TempTestSuite1608235701335.groovy:39)
)
	at com.kms.katalon.core.keyword.internal.KeywordMain.stepFailed(KeywordMain.groovy:50)
	at com.kms.katalon.core.keyword.internal.KeywordMain.stepFailed(KeywordMain.groovy)
	at com.kms.katalon.core.keyword.internal.KeywordMain.runKeyword(KeywordMain.groovy:70)
	at com.kms.katalon.core.keyword.internal.KeywordMain$runKeyword.call(Unknown Source)
	at com.kms.katalon.core.cucumber.keyword.CucumberBuiltinKeywords.runFeatureFile(CucumberBuiltinKeywords.groovy:46)
	at com.kms.katalon.core.cucumber.keyword.CucumberBuiltinKeywords$runFeatureFile$0.callStatic(Unknown Source)
	at com.kms.katalon.core.cucumber.keyword.CucumberBuiltinKeywords.runFeatureFile(CucumberBuiltinKeywords.groovy:169)
	at com.kms.katalon.core.cucumber.keyword.CucumberBuiltinKeywords$runFeatureFile.call(Unknown Source)
	at Filtre Kontrolu.run(Filtre Kontrolu:19)
	at com.kms.katalon.core.main.ScriptEngine.run(ScriptEngine.java:194)
	at com.kms.katalon.core.main.ScriptEngine.runScriptAsRawText(ScriptEngine.java:119)
	at com.kms.katalon.core.main.TestCaseExecutor.runScript(TestCaseExecutor.java:339)
	at com.kms.katalon.core.main.TestCaseExecutor.doExecute(TestCaseExecutor.java:330)
	at com.kms.katalon.core.main.TestCaseExecutor.processExecutionPhase(TestCaseExecutor.java:309)
	at com.kms.katalon.core.main.TestCaseExecutor.accessMainPhase(TestCaseExecutor.java:301)
	at com.kms.katalon.core.main.TestCaseExecutor.execute(TestCaseExecutor.java:235)
	at com.kms.katalon.core.main.TestSuiteExecutor.accessTestCaseMainPhase(TestSuiteExecutor.java:191)
	at com.kms.katalon.core.main.TestSuiteExecutor.accessTestSuiteMainPhase(TestSuiteExecutor.java:141)
	at com.kms.katalon.core.main.TestSuiteExecutor.execute(TestSuiteExecutor.java:90)
	at com.kms.katalon.core.main.TestCaseMain.startTestSuite(TestCaseMain.java:157)
	at com.kms.katalon.core.main.TestCaseMain$startTestSuite$0.call(Unknown Source)
	at TempTestSuite1608235701335.run(TempTestSuite1608235701335.groovy:39)
Caused by: java.lang.NullPointerException: No format for key faıled
	at cucumber.runtime.formatter.AnsiFormats.get(AnsiFormats.java:51)
	at cucumber.runtime.Stats.printScenarios(Stats.java:170)
	at cucumber.runtime.Stats.printNonZeroResultScenarios(Stats.java:161)
	at cucumber.runtime.Stats.printStats(Stats.java:107)
	at cucumber.runtime.DefaultSummaryPrinter.printStats(DefaultSummaryPrinter.java:34)
	at cucumber.runtime.DefaultSummaryPrinter.print(DefaultSummaryPrinter.java:27)
	at cucumber.runtime.DefaultSummaryPrinter.access$000(DefaultSummaryPrinter.java:14)
	at cucumber.runtime.DefaultSummaryPrinter$1.receive(DefaultSummaryPrinter.java:63)
	at cucumber.runtime.DefaultSummaryPrinter$1.receive(DefaultSummaryPrinter.java:60)
	at cucumber.runner.EventBus.send(EventBus.java:28)
	at cucumber.runtime.Runtime.run(Runtime.java:109)
	at cucumber.api.cli.Main.run(Main.java:35)
	at cucumber.api.cli.Main$run.call(Unknown Source)
	at com.kms.katalon.core.cucumber.keyword.CucumberBuiltinKeywords$_runFeatureFile_closure1.doCall(CucumberBuiltinKeywords.groovy:76)
	at com.kms.katalon.core.cucumber.keyword.CucumberBuiltinKeywords$_runFeatureFile_closure1.doCall(CucumberBuiltinKeywords.groovy)
	at com.kms.katalon.core.keyword.internal.KeywordMain.runKeyword(KeywordMain.groovy:68)
	... 19 more]]></system-err>
   </testsuite>
   <testsuite name="Ekran Kontrolu" tests="1" failures="1" errors="0" time="50.708" timestamp="2020-12-17 23:08:36" hostname="yigit - LAPTOP-7436ND4C" id="">
      <properties>
         <property name="deviceName" value=""/>
         <property name="devicePlatform" value=""/>
         <property name="logFolder" value="C:\\Users\\yigit\\Documents\\GitHub\\eesekim\\Reports\\20201217_230810\\_Suite Repository ( Deneysel )\\e-Arsiv\\e-Arsiv Araclari\\e-Arsiv Fatura Olusturma\\Ekran Kontrolu\\20201217_230823"/>
         <property name="logFiles" value="C:\\Users\\yigit\\Documents\\GitHub\\eesekim\\Reports\\20201217_230810\\_Suite Repository ( Deneysel )\\e-Arsiv\\e-Arsiv Araclari\\e-Arsiv Fatura Olusturma\\Ekran Kontrolu\\20201217_230823\\execution0.log"/>
         <property name="attachments" value=""/>
         <property name="hostName" value="yigit - LAPTOP-7436ND4C"/>
         <property name="os" value="Windows 10 64bit"/>
         <property name="katalonVersion" value="7.7.2.205"/>
         <property name="browser" value="Chrome 87.0.4280.88"/>
         <property name="hostAddress" value="10.10.10.154"/>
         <property name="sessionId" value="4740e30f760d71e7fcd69d88023d3414"/>
         <property name="seleniumVersion" value="3.141.59"/>
         <property name="proxyInformation" value="ProxyInformation { proxyOption=NO_PROXY, proxyServerType=HTTP, username=, password=********, proxyServerAddress=, proxyServerPort=0, executionList=&quot;&quot;, isApplyToDesiredCapabilities=true }"/>
         <property name="platform" value="Windows 10"/>
      </properties>
      <testcase name="Test Cases/Case Repository/e-Arsiv/e-Arsiv Araclari/e-Arsiv Fatura Olusturma/Ekran Kontrolu" time="47.996" classname="Test Cases/Case Repository/e-Arsiv/e-Arsiv Araclari/e-Arsiv Fatura Olusturma/Ekran Kontrolu" status="FAILED">
         <failure type="FAILED" message="Test Cases/Case Repository/e-Arsiv/e-Arsiv Araclari/e-Arsiv Fatura Olusturma/Ekran Kontrolu FAILED.
Reason:
com.kms.katalon.core.exception.StepFailedException: Keyword runFeatureFile was failed (Root cause: java.lang.NullPointerException: No format for key faıled
	at cucumber.runtime.formatter.AnsiFormats.get(AnsiFormats.java:51)
	at cucumber.runtime.Stats.printScenarios(Stats.java:170)
	at cucumber.runtime.Stats.printNonZeroResultScenarios(Stats.java:161)
	at cucumber.runtime.Stats.printStats(Stats.java:107)
	at cucumber.runtime.DefaultSummaryPrinter.printStats(DefaultSummaryPrinter.java:34)
	at cucumber.runtime.DefaultSummaryPrinter.print(DefaultSummaryPrinter.java:27)
	at cucumber.runtime.DefaultSummaryPrinter.access$000(DefaultSummaryPrinter.java:14)
	at cucumber.runtime.DefaultSummaryPrinter$1.receive(DefaultSummaryPrinter.java:63)
	at cucumber.runtime.DefaultSummaryPrinter$1.receive(DefaultSummaryPrinter.java:60)
	at cucumber.runner.EventBus.send(EventBus.java:28)
	at cucumber.runtime.Runtime.run(Runtime.java:109)
	at cucumber.api.cli.Main.run(Main.java:35)
	at cucumber.api.cli.Main$run.call(Unknown Source)
	at com.kms.katalon.core.cucumber.keyword.CucumberBuiltinKeywords$_runFeatureFile_closure1.doCall(CucumberBuiltinKeywords.groovy:76)
	at com.kms.katalon.core.cucumber.keyword.CucumberBuiltinKeywords$_runFeatureFile_closure1.doCall(CucumberBuiltinKeywords.groovy)
	at com.kms.katalon.core.keyword.internal.KeywordMain.runKeyword(KeywordMain.groovy:68)
	at com.kms.katalon.core.keyword.internal.KeywordMain$runKeyword.call(Unknown Source)
	at com.kms.katalon.core.cucumber.keyword.CucumberBuiltinKeywords.runFeatureFile(CucumberBuiltinKeywords.groovy:46)
	at com.kms.katalon.core.cucumber.keyword.CucumberBuiltinKeywords$runFeatureFile$0.callStatic(Unknown Source)
	at com.kms.katalon.core.cucumber.keyword.CucumberBuiltinKeywords.runFeatureFile(CucumberBuiltinKeywords.groovy:169)
	at com.kms.katalon.core.cucumber.keyword.CucumberBuiltinKeywords$runFeatureFile.call(Unknown Source)
	at Ekran Kontrolu.run(Ekran Kontrolu:19)
	at com.kms.katalon.core.main.ScriptEngine.run(ScriptEngine.java:194)
	at com.kms.katalon.core.main.ScriptEngine.runScriptAsRawText(ScriptEngine.java:119)
	at com.kms.katalon.core.main.TestCaseExecutor.runScript(TestCaseExecutor.java:339)
	at com.kms.katalon.core.main.TestCaseExecutor.doExecute(TestCaseExecutor.java:330)
	at com.kms.katalon.core.main.TestCaseExecutor.processExecutionPhase(TestCaseExecutor.java:309)
	at com.kms.katalon.core.main.TestCaseExecutor.accessMainPhase(TestCaseExecutor.java:301)
	at com.kms.katalon.core.main.TestCaseExecutor.execute(TestCaseExecutor.java:235)
	at com.kms.katalon.core.main.TestSuiteExecutor.accessTestCaseMainPhase(TestSuiteExecutor.java:191)
	at com.kms.katalon.core.main.TestSuiteExecutor.accessTestSuiteMainPhase(TestSuiteExecutor.java:141)
	at com.kms.katalon.core.main.TestSuiteExecutor.execute(TestSuiteExecutor.java:90)
	at com.kms.katalon.core.main.TestCaseMain.startTestSuite(TestCaseMain.java:157)
	at com.kms.katalon.core.main.TestCaseMain$startTestSuite$0.call(Unknown Source)
	at TempTestSuite1608235703341.run(TempTestSuite1608235703341.groovy:39)
)
	at com.kms.katalon.core.keyword.internal.KeywordMain.stepFailed(KeywordMain.groovy:50)
	at com.kms.katalon.core.keyword.internal.KeywordMain.stepFailed(KeywordMain.groovy)
	at com.kms.katalon.core.keyword.internal.KeywordMain.runKeyword(KeywordMain.groovy:70)
	at com.kms.katalon.core.keyword.internal.KeywordMain$runKeyword.call(Unknown Source)
	at com.kms.katalon.core.cucumber.keyword.CucumberBuiltinKeywords.runFeatureFile(CucumberBuiltinKeywords.groovy:46)
	at com.kms.katalon.core.cucumber.keyword.CucumberBuiltinKeywords$runFeatureFile$0.callStatic(Unknown Source)
	at com.kms.katalon.core.cucumber.keyword.CucumberBuiltinKeywords.runFeatureFile(CucumberBuiltinKeywords.groovy:169)
	at com.kms.katalon.core.cucumber.keyword.CucumberBuiltinKeywords$runFeatureFile.call(Unknown Source)
	at Ekran Kontrolu.run(Ekran Kontrolu:19)
	at com.kms.katalon.core.main.ScriptEngine.run(ScriptEngine.java:194)
	at com.kms.katalon.core.main.ScriptEngine.runScriptAsRawText(ScriptEngine.java:119)
	at com.kms.katalon.core.main.TestCaseExecutor.runScript(TestCaseExecutor.java:339)
	at com.kms.katalon.core.main.TestCaseExecutor.doExecute(TestCaseExecutor.java:330)
	at com.kms.katalon.core.main.TestCaseExecutor.processExecutionPhase(TestCaseExecutor.java:309)
	at com.kms.katalon.core.main.TestCaseExecutor.accessMainPhase(TestCaseExecutor.java:301)
	at com.kms.katalon.core.main.TestCaseExecutor.execute(TestCaseExecutor.java:235)
	at com.kms.katalon.core.main.TestSuiteExecutor.accessTestCaseMainPhase(TestSuiteExecutor.java:191)
	at com.kms.katalon.core.main.TestSuiteExecutor.accessTestSuiteMainPhase(TestSuiteExecutor.java:141)
	at com.kms.katalon.core.main.TestSuiteExecutor.execute(TestSuiteExecutor.java:90)
	at com.kms.katalon.core.main.TestCaseMain.startTestSuite(TestCaseMain.java:157)
	at com.kms.katalon.core.main.TestCaseMain$startTestSuite$0.call(Unknown Source)
	at TempTestSuite1608235703341.run(TempTestSuite1608235703341.groovy:39)
Caused by: java.lang.NullPointerException: No format for key faıled
	at cucumber.runtime.formatter.AnsiFormats.get(AnsiFormats.java:51)
	at cucumber.runtime.Stats.printScenarios(Stats.java:170)
	at cucumber.runtime.Stats.printNonZeroResultScenarios(Stats.java:161)
	at cucumber.runtime.Stats.printStats(Stats.java:107)
	at cucumber.runtime.DefaultSummaryPrinter.printStats(DefaultSummaryPrinter.java:34)
	at cucumber.runtime.DefaultSummaryPrinter.print(DefaultSummaryPrinter.java:27)
	at cucumber.runtime.DefaultSummaryPrinter.access$000(DefaultSummaryPrinter.java:14)
	at cucumber.runtime.DefaultSummaryPrinter$1.receive(DefaultSummaryPrinter.java:63)
	at cucumber.runtime.DefaultSummaryPrinter$1.receive(DefaultSummaryPrinter.java:60)
	at cucumber.runner.EventBus.send(EventBus.java:28)
	at cucumber.runtime.Runtime.run(Runtime.java:109)
	at cucumber.api.cli.Main.run(Main.java:35)
	at cucumber.api.cli.Main$run.call(Unknown Source)
	at com.kms.katalon.core.cucumber.keyword.CucumberBuiltinKeywords$_runFeatureFile_closure1.doCall(CucumberBuiltinKeywords.groovy:76)
	at com.kms.katalon.core.cucumber.keyword.CucumberBuiltinKeywords$_runFeatureFile_closure1.doCall(CucumberBuiltinKeywords.groovy)
	at com.kms.katalon.core.keyword.internal.KeywordMain.runKeyword(KeywordMain.groovy:68)
	... 19 more
"/>
         <system-out><![CDATA[2020-12-17 23:08:37 - [TEST_CASE][FAILED] - Test Cases/Case Repository/e-Arsiv/e-Arsiv Araclari/e-Arsiv Fatura Olusturma/Ekran Kontrolu: Test Cases/Case Repository/e-Arsiv/e-Arsiv Araclari/e-Arsiv Fatura Olusturma/Ekran Kontrolu FAILED.
Reason:
com.kms.katalon.core.exception.StepFailedException: Keyword runFeatureFile was failed (Root cause: java.lang.NullPointerException: No format for key faıled
	at cucumber.runtime.formatter.AnsiFormats.get(AnsiFormats.java:51)
	at cucumber.runtime.Stats.printScenarios(Stats.java:170)
	at cucumber.runtime.Stats.printNonZeroResultScenarios(Stats.java:161)
	at cucumber.runtime.Stats.printStats(Stats.java:107)
	at cucumber.runtime.DefaultSummaryPrinter.printStats(DefaultSummaryPrinter.java:34)
	at cucumber.runtime.DefaultSummaryPrinter.print(DefaultSummaryPrinter.java:27)
	at cucumber.runtime.DefaultSummaryPrinter.access$000(DefaultSummaryPrinter.java:14)
	at cucumber.runtime.DefaultSummaryPrinter$1.receive(DefaultSummaryPrinter.java:63)
	at cucumber.runtime.DefaultSummaryPrinter$1.receive(DefaultSummaryPrinter.java:60)
	at cucumber.runner.EventBus.send(EventBus.java:28)
	at cucumber.runtime.Runtime.run(Runtime.java:109)
	at cucumber.api.cli.Main.run(Main.java:35)
	at cucumber.api.cli.Main$run.call(Unknown Source)
	at com.kms.katalon.core.cucumber.keyword.CucumberBuiltinKeywords$_runFeatureFile_closure1.doCall(CucumberBuiltinKeywords.groovy:76)
	at com.kms.katalon.core.cucumber.keyword.CucumberBuiltinKeywords$_runFeatureFile_closure1.doCall(CucumberBuiltinKeywords.groovy)
	at com.kms.katalon.core.keyword.internal.KeywordMain.runKeyword(KeywordMain.groovy:68)
	at com.kms.katalon.core.keyword.internal.KeywordMain$runKeyword.call(Unknown Source)
	at com.kms.katalon.core.cucumber.keyword.CucumberBuiltinKeywords.runFeatureFile(CucumberBuiltinKeywords.groovy:46)
	at com.kms.katalon.core.cucumber.keyword.CucumberBuiltinKeywords$runFeatureFile$0.callStatic(Unknown Source)
	at com.kms.katalon.core.cucumber.keyword.CucumberBuiltinKeywords.runFeatureFile(CucumberBuiltinKeywords.groovy:169)
	at com.kms.katalon.core.cucumber.keyword.CucumberBuiltinKeywords$runFeatureFile.call(Unknown Source)
	at Ekran Kontrolu.run(Ekran Kontrolu:19)
	at com.kms.katalon.core.main.ScriptEngine.run(ScriptEngine.java:194)
	at com.kms.katalon.core.main.ScriptEngine.runScriptAsRawText(ScriptEngine.java:119)
	at com.kms.katalon.core.main.TestCaseExecutor.runScript(TestCaseExecutor.java:339)
	at com.kms.katalon.core.main.TestCaseExecutor.doExecute(TestCaseExecutor.java:330)
	at com.kms.katalon.core.main.TestCaseExecutor.processExecutionPhase(TestCaseExecutor.java:309)
	at com.kms.katalon.core.main.TestCaseExecutor.accessMainPhase(TestCaseExecutor.java:301)
	at com.kms.katalon.core.main.TestCaseExecutor.execute(TestCaseExecutor.java:235)
	at com.kms.katalon.core.main.TestSuiteExecutor.accessTestCaseMainPhase(TestSuiteExecutor.java:191)
	at com.kms.katalon.core.main.TestSuiteExecutor.accessTestSuiteMainPhase(TestSuiteExecutor.java:141)
	at com.kms.katalon.core.main.TestSuiteExecutor.execute(TestSuiteExecutor.java:90)
	at com.kms.katalon.core.main.TestCaseMain.startTestSuite(TestCaseMain.java:157)
	at com.kms.katalon.core.main.TestCaseMain$startTestSuite$0.call(Unknown Source)
	at TempTestSuite1608235703341.run(TempTestSuite1608235703341.groovy:39)
)
	at com.kms.katalon.core.keyword.internal.KeywordMain.stepFailed(KeywordMain.groovy:50)
	at com.kms.katalon.core.keyword.internal.KeywordMain.stepFailed(KeywordMain.groovy)
	at com.kms.katalon.core.keyword.internal.KeywordMain.runKeyword(KeywordMain.groovy:70)
	at com.kms.katalon.core.keyword.internal.KeywordMain$runKeyword.call(Unknown Source)
	at com.kms.katalon.core.cucumber.keyword.CucumberBuiltinKeywords.runFeatureFile(CucumberBuiltinKeywords.groovy:46)
	at com.kms.katalon.core.cucumber.keyword.CucumberBuiltinKeywords$runFeatureFile$0.callStatic(Unknown Source)
	at com.kms.katalon.core.cucumber.keyword.CucumberBuiltinKeywords.runFeatureFile(CucumberBuiltinKeywords.groovy:169)
	at com.kms.katalon.core.cucumber.keyword.CucumberBuiltinKeywords$runFeatureFile.call(Unknown Source)
	at Ekran Kontrolu.run(Ekran Kontrolu:19)
	at com.kms.katalon.core.main.ScriptEngine.run(ScriptEngine.java:194)
	at com.kms.katalon.core.main.ScriptEngine.runScriptAsRawText(ScriptEngine.java:119)
	at com.kms.katalon.core.main.TestCaseExecutor.runScript(TestCaseExecutor.java:339)
	at com.kms.katalon.core.main.TestCaseExecutor.doExecute(TestCaseExecutor.java:330)
	at com.kms.katalon.core.main.TestCaseExecutor.processExecutionPhase(TestCaseExecutor.java:309)
	at com.kms.katalon.core.main.TestCaseExecutor.accessMainPhase(TestCaseExecutor.java:301)
	at com.kms.katalon.core.main.TestCaseExecutor.execute(TestCaseExecutor.java:235)
	at com.kms.katalon.core.main.TestSuiteExecutor.accessTestCaseMainPhase(TestSuiteExecutor.java:191)
	at com.kms.katalon.core.main.TestSuiteExecutor.accessTestSuiteMainPhase(TestSuiteExecutor.java:141)
	at com.kms.katalon.core.main.TestSuiteExecutor.execute(TestSuiteExecutor.java:90)
	at com.kms.katalon.core.main.TestCaseMain.startTestSuite(TestCaseMain.java:157)
	at com.kms.katalon.core.main.TestCaseMain$startTestSuite$0.call(Unknown Source)
	at TempTestSuite1608235703341.run(TempTestSuite1608235703341.groovy:39)
Caused by: java.lang.NullPointerException: No format for key faıled
	at cucumber.runtime.formatter.AnsiFormats.get(AnsiFormats.java:51)
	at cucumber.runtime.Stats.printScenarios(Stats.java:170)
	at cucumber.runtime.Stats.printNonZeroResultScenarios(Stats.java:161)
	at cucumber.runtime.Stats.printStats(Stats.java:107)
	at cucumber.runtime.DefaultSummaryPrinter.printStats(DefaultSummaryPrinter.java:34)
	at cucumber.runtime.DefaultSummaryPrinter.print(DefaultSummaryPrinter.java:27)
	at cucumber.runtime.DefaultSummaryPrinter.access$000(DefaultSummaryPrinter.java:14)
	at cucumber.runtime.DefaultSummaryPrinter$1.receive(DefaultSummaryPrinter.java:63)
	at cucumber.runtime.DefaultSummaryPrinter$1.receive(DefaultSummaryPrinter.java:60)
	at cucumber.runner.EventBus.send(EventBus.java:28)
	at cucumber.runtime.Runtime.run(Runtime.java:109)
	at cucumber.api.cli.Main.run(Main.java:35)
	at cucumber.api.cli.Main$run.call(Unknown Source)
	at com.kms.katalon.core.cucumber.keyword.CucumberBuiltinKeywords$_runFeatureFile_closure1.doCall(CucumberBuiltinKeywords.groovy:76)
	at com.kms.katalon.core.cucumber.keyword.CucumberBuiltinKeywords$_runFeatureFile_closure1.doCall(CucumberBuiltinKeywords.groovy)
	at com.kms.katalon.core.keyword.internal.KeywordMain.runKeyword(KeywordMain.groovy:68)
	... 19 more


2020-12-17 23:08:37 - [TEST_STEP][PASSED] - Start listener action : sampleBeforeTestSuite: Invoke 'com.kms.katalon.core.annotation.BeforeTestCase' method: 'Listener.sampleBeforeTestSuite(...)' completed.

2020-12-17 23:08:37 - [MESSAGE][INFO] - Starting invoke 'com.kms.katalon.core.annotation.BeforeTestCase' method: 'Listener.sampleBeforeTestSuite(...)'

2020-12-17 23:08:37 - [TEST_STEP][PASSED] - Method.dosyalariSil("C:\otomasyondownfiles"): Method.dosyalariSil is PASSED

2020-12-17 23:08:37 - [MESSAGE][PASSED] - Method.dosyalariSil is PASSED

2020-12-17 23:08:37 - [TEST_STEP][PASSED] - openBrowser(baseUrl): Browser is opened with url: 'https://efatura-stage.elogo.com.tr/'

2020-12-17 23:08:39 - [MESSAGE][INFO] - Opening browser

2020-12-17 23:08:39 - [MESSAGE][INFO] - Starting 'Chrome' driver

2020-12-17 23:08:39 - [MESSAGE][INFO] - User set preference: ['prefs', '{download.default_directory=C:\otomasyondownfiles}']

2020-12-17 23:08:39 - [MESSAGE][INFO] - Action delay is set to 0 milliseconds

2020-12-17 23:08:45 - [MESSAGE][INFO] - Navigating browser to: 'https://efatura-stage.elogo.com.tr/'

2020-12-17 23:08:48 - [MESSAGE][PASSED] - Browser is opened with url: 'https://efatura-stage.elogo.com.tr/'

2020-12-17 23:08:48 - [TEST_STEP][PASSED] - maximizeWindow(): Invoke 'com.kms.katalon.core.annotation.BeforeTestCase' method: 'Listener.sampleBeforeTestSuite(...)' completed.

2020-12-17 23:08:48 - [MESSAGE][INFO] - Maximizing current window

2020-12-17 23:08:50 - [MESSAGE][PASSED] - Current window maximized

2020-12-17 23:08:50 - [MESSAGE][INFO] - Invoke 'com.kms.katalon.core.annotation.BeforeTestCase' method: 'Listener.sampleBeforeTestSuite(...)' completed.

2020-12-17 23:08:50 - [TEST_STEP][FAILED] - runFeatureFile("Include/features/e-Arsiv/e-Arsiv Araclari/e-Arsiv Fatura Olusturma/Ekran Kontrolu.feature"): Keyword runFeatureFile was failed (Root cause: java.lang.NullPointerException: No format for key faıled
	at cucumber.runtime.formatter.AnsiFormats.get(AnsiFormats.java:51)
	at cucumber.runtime.Stats.printScenarios(Stats.java:170)
	at cucumber.runtime.Stats.printNonZeroResultScenarios(Stats.java:161)
	at cucumber.runtime.Stats.printStats(Stats.java:107)
	at cucumber.runtime.DefaultSummaryPrinter.printStats(DefaultSummaryPrinter.java:34)
	at cucumber.runtime.DefaultSummaryPrinter.print(DefaultSummaryPrinter.java:27)
	at cucumber.runtime.DefaultSummaryPrinter.access$000(DefaultSummaryPrinter.java:14)
	at cucumber.runtime.DefaultSummaryPrinter$1.receive(DefaultSummaryPrinter.java:63)
	at cucumber.runtime.DefaultSummaryPrinter$1.receive(DefaultSummaryPrinter.java:60)
	at cucumber.runner.EventBus.send(EventBus.java:28)
	at cucumber.runtime.Runtime.run(Runtime.java:109)
	at cucumber.api.cli.Main.run(Main.java:35)
	at cucumber.api.cli.Main$run.call(Unknown Source)
	at com.kms.katalon.core.cucumber.keyword.CucumberBuiltinKeywords$_runFeatureFile_closure1.doCall(CucumberBuiltinKeywords.groovy:76)
	at com.kms.katalon.core.cucumber.keyword.CucumberBuiltinKeywords$_runFeatureFile_closure1.doCall(CucumberBuiltinKeywords.groovy)
	at com.kms.katalon.core.keyword.internal.KeywordMain.runKeyword(KeywordMain.groovy:68)
	at com.kms.katalon.core.keyword.internal.KeywordMain$runKeyword.call(Unknown Source)
	at com.kms.katalon.core.cucumber.keyword.CucumberBuiltinKeywords.runFeatureFile(CucumberBuiltinKeywords.groovy:46)
	at com.kms.katalon.core.cucumber.keyword.CucumberBuiltinKeywords$runFeatureFile$0.callStatic(Unknown Source)
	at com.kms.katalon.core.cucumber.keyword.CucumberBuiltinKeywords.runFeatureFile(CucumberBuiltinKeywords.groovy:169)
	at com.kms.katalon.core.cucumber.keyword.CucumberBuiltinKeywords$runFeatureFile.call(Unknown Source)
	at Ekran Kontrolu.run(Ekran Kontrolu:19)
	at com.kms.katalon.core.main.ScriptEngine.run(ScriptEngine.java:194)
	at com.kms.katalon.core.main.ScriptEngine.runScriptAsRawText(ScriptEngine.java:119)
	at com.kms.katalon.core.main.TestCaseExecutor.runScript(TestCaseExecutor.java:339)
	at com.kms.katalon.core.main.TestCaseExecutor.doExecute(TestCaseExecutor.java:330)
	at com.kms.katalon.core.main.TestCaseExecutor.processExecutionPhase(TestCaseExecutor.java:309)
	at com.kms.katalon.core.main.TestCaseExecutor.accessMainPhase(TestCaseExecutor.java:301)
	at com.kms.katalon.core.main.TestCaseExecutor.execute(TestCaseExecutor.java:235)
	at com.kms.katalon.core.main.TestSuiteExecutor.accessTestCaseMainPhase(TestSuiteExecutor.java:191)
	at com.kms.katalon.core.main.TestSuiteExecutor.accessTestSuiteMainPhase(TestSuiteExecutor.java:141)
	at com.kms.katalon.core.main.TestSuiteExecutor.execute(TestSuiteExecutor.java:90)
	at com.kms.katalon.core.main.TestCaseMain.startTestSuite(TestCaseMain.java:157)
	at com.kms.katalon.core.main.TestCaseMain$startTestSuite$0.call(Unknown Source)
	at TempTestSuite1608235703341.run(TempTestSuite1608235703341.groovy:39)
)

2020-12-17 23:08:50 - [MESSAGE][INFO] - Starting run keyword runFeatureFile: 'Include/features/e-Arsiv/e-Arsiv Araclari/e-Arsiv Fatura Olusturma/Ekran Kontrolu.feature' and extract report to folder: 'C:\Users\yigit\Documents\GitHub\eesekim\Reports\20201217_230810\_Suite Repository ( Deneysel )\e-Arsiv\e-Arsiv Araclari\e-Arsiv Fatura Olusturma\Ekran Kontrolu\20201217_230823/cucumber_report/1608235730924'...

2020-12-17 23:08:52 - [TEST_CASE][PASSED] - Start Test Case : SCENARIO e-Arsiv Fatura Olusturma Buton Kontrolu: SCENARIO e-Arsiv Fatura Olusturma Buton Kontrolu

2020-12-17 23:08:52 - [TEST_STEP][PASSED] - Kullanıcı adı ELOGOGIB ve Şifre 123456 olarak giriş yapılır: Kullanıcı adı ELOGOGIB ve Şifre 123456 olarak giriş yapılır

2020-12-17 23:08:52 - [MESSAGE][INFO] - Checking called Test Case

2020-12-17 23:08:52 - [MESSAGE][INFO] - Starting to call Test Case 'Test Cases/Sayfalar/Giris_Sayfasi/Login'

2020-12-17 23:08:52 - [TEST_CASE][PASSED] - Test Cases/Sayfalar/Giris_Sayfasi/Login: Test Cases/Sayfalar/Giris_Sayfasi/Login

2020-12-17 23:08:52 - [TEST_STEP][PASSED] - Sayfa_Basligi = getWindowTitle(): Current window's title is: 'LOGO e-Fatura'

2020-12-17 23:08:52 - [MESSAGE][INFO] - Getting current window's title

2020-12-17 23:08:53 - [MESSAGE][PASSED] - Current window's title is: 'LOGO e-Fatura'

2020-12-17 23:08:53 - [TEST_STEP][PASSED] - verifyMatch(Sayfa_Basligi, "LOGO e-Fatura", false): Actual text 'LOGO e-Fatura' and expected text 'LOGO e-Fatura' are matched 

2020-12-17 23:08:53 - [MESSAGE][INFO] - Matching actual text 'LOGO e-Fatura' with expected text 'LOGO e-Fatura'

2020-12-17 23:08:53 - [MESSAGE][PASSED] - Actual text 'LOGO e-Fatura' and expected text 'LOGO e-Fatura' are matched 

2020-12-17 23:08:53 - [TEST_STEP][PASSED] - if (waitForElementPresent(findTestObject("Object Repository/Sayfalar/Giris_Sayfasi/PopupCarpiGiris"), 5, OPTIONAL)): Object 'Object Repository/Sayfalar/Giris_Sayfasi/PopupCarpiGiris' is not present after 5 second(s)

2020-12-17 23:08:53 - [MESSAGE][INFO] - Finding Test Object 'Object Repository/Sayfalar/Giris_Sayfasi/PopupCarpiGiris'

2020-12-17 23:08:53 - [MESSAGE][INFO] - Checking object

2020-12-17 23:08:53 - [MESSAGE][INFO] - Finding web element from Test Object's properties

2020-12-17 23:08:53 - [MESSAGE][INFO] - Checking timeout

2020-12-17 23:08:53 - [MESSAGE][INFO] - Finding web element with id: 'Object Repository/Sayfalar/Giris_Sayfasi/PopupCarpiGiris' located by 'By.cssSelector: .bootbox-close-button.close' in '5' second(s)

2020-12-17 23:08:53 - [MESSAGE][INFO] - Smart Wait Function is triggered

2020-12-17 23:08:53 - [MESSAGE][INFO] - Smart Wait Function is triggered

2020-12-17 23:08:53 - [MESSAGE][INFO] - Smart Wait Function is triggered

2020-12-17 23:08:54 - [MESSAGE][INFO] - Smart Wait Function is triggered

2020-12-17 23:08:54 - [MESSAGE][INFO] - Smart Wait Function is triggered

2020-12-17 23:08:54 - [MESSAGE][INFO] - Smart Wait Function is triggered

2020-12-17 23:08:54 - [MESSAGE][INFO] - Smart Wait Function is triggered

2020-12-17 23:08:55 - [MESSAGE][INFO] - Smart Wait Function is triggered

2020-12-17 23:08:55 - [MESSAGE][INFO] - Smart Wait Function is triggered

2020-12-17 23:08:55 - [MESSAGE][INFO] - Smart Wait Function is triggered

2020-12-17 23:08:55 - [MESSAGE][INFO] - Smart Wait Function is triggered

2020-12-17 23:08:56 - [MESSAGE][INFO] - Smart Wait Function is triggered

2020-12-17 23:08:56 - [MESSAGE][INFO] - Smart Wait Function is triggered

2020-12-17 23:08:56 - [MESSAGE][INFO] - Smart Wait Function is triggered

2020-12-17 23:08:56 - [MESSAGE][INFO] - Smart Wait Function is triggered

2020-12-17 23:08:57 - [MESSAGE][INFO] - Smart Wait Function is triggered

2020-12-17 23:08:57 - [MESSAGE][INFO] - Smart Wait Function is triggered

2020-12-17 23:08:57 - [MESSAGE][INFO] - Smart Wait Function is triggered

2020-12-17 23:08:57 - [MESSAGE][INFO] - Smart Wait Function is triggered

2020-12-17 23:08:58 - [MESSAGE][INFO] - Smart Wait Function is triggered

2020-12-17 23:08:58 - [MESSAGE][INFO] - Smart Wait Function is triggered

2020-12-17 23:08:58 - [MESSAGE][INFO] - Smart Wait Function is triggered

2020-12-17 23:08:59 - [MESSAGE][INFO] - Smart Wait Function is triggered

2020-12-17 23:08:59 - [MESSAGE][INFO] - Unable to find the element located by 'By.cssSelector: .bootbox-close-button.close'. Please recheck the objects properties to make sure the desired element is located. 

2020-12-17 23:08:59 - [MESSAGE][WARNING] - [SELF-HEALING] Failed to find element with id 'Object Repository/Sayfalar/Giris_Sayfasi/PopupCarpiGiris'. Try using Self-healing.

2020-12-17 23:08:59 - [MESSAGE][WARNING] - [SELF-HEALING] Cannot find elements when the XPath is null.

2020-12-17 23:08:59 - [MESSAGE][WARNING] - [SELF-HEALING] Cannot find elements when the selector is null

2020-12-17 23:08:59 - [MESSAGE][WARNING] - Object 'Object Repository/Sayfalar/Giris_Sayfasi/PopupCarpiGiris' is not present after 5 second(s)

2020-12-17 23:08:59 - [TEST_STEP][PASSED] - sendKeys(findTestObject("Sayfalar/Giris_Sayfasi/Firma_Kodu"), KullaniciAdi): Keys 'ELOGOGIB' sent to object: 'Object Repository/Sayfalar/Giris_Sayfasi/Firma_Kodu'

2020-12-17 23:08:59 - [MESSAGE][INFO] - Finding Test Object 'Object Repository/Sayfalar/Giris_Sayfasi/Firma_Kodu'

2020-12-17 23:08:59 - [MESSAGE][INFO] - Sending keys 'ELOGOGIB' to object: 'Object Repository/Sayfalar/Giris_Sayfasi/Firma_Kodu'

2020-12-17 23:08:59 - [MESSAGE][INFO] - Finding web element from Test Object's properties

2020-12-17 23:08:59 - [MESSAGE][INFO] - Checking timeout

2020-12-17 23:08:59 - [MESSAGE][INFO] - Finding web element with id: 'Object Repository/Sayfalar/Giris_Sayfasi/Firma_Kodu' located by 'By.xpath: //*[@id = 'AccountName']' in '30' second(s)

2020-12-17 23:08:59 - [MESSAGE][INFO] - Smart Wait Function is triggered

2020-12-17 23:08:59 - [MESSAGE][INFO] - Found 1 web elements with id: 'Object Repository/Sayfalar/Giris_Sayfasi/Firma_Kodu' located by 'By.xpath: //*[@id = 'AccountName']' in '30' second(s)

2020-12-17 23:08:59 - [MESSAGE][PASSED] - Keys 'ELOGOGIB' sent to object: 'Object Repository/Sayfalar/Giris_Sayfasi/Firma_Kodu'

2020-12-17 23:08:59 - [TEST_STEP][PASSED] - sendKeys(findTestObject("Sayfalar/Giris_Sayfasi/Sifre"), Sifre): Keys '123456' sent to object: 'Object Repository/Sayfalar/Giris_Sayfasi/Sifre'

2020-12-17 23:08:59 - [MESSAGE][INFO] - Finding Test Object 'Object Repository/Sayfalar/Giris_Sayfasi/Sifre'

2020-12-17 23:08:59 - [MESSAGE][INFO] - Sending keys '123456' to object: 'Object Repository/Sayfalar/Giris_Sayfasi/Sifre'

2020-12-17 23:08:59 - [MESSAGE][INFO] - Finding web element from Test Object's properties

2020-12-17 23:08:59 - [MESSAGE][INFO] - Checking timeout

2020-12-17 23:08:59 - [MESSAGE][INFO] - Finding web element with id: 'Object Repository/Sayfalar/Giris_Sayfasi/Sifre' located by 'By.xpath: //*[@id = 'Password']' in '30' second(s)

2020-12-17 23:08:59 - [MESSAGE][INFO] - Smart Wait Function is triggered

2020-12-17 23:09:00 - [MESSAGE][INFO] - Found 2 web elements with id: 'Object Repository/Sayfalar/Giris_Sayfasi/Sifre' located by 'By.xpath: //*[@id = 'Password']' in '30' second(s)

2020-12-17 23:09:00 - [MESSAGE][PASSED] - Keys '123456' sent to object: 'Object Repository/Sayfalar/Giris_Sayfasi/Sifre'

2020-12-17 23:09:00 - [TEST_STEP][PASSED] - waitForElementClickable(findTestObject("Sayfalar/Giris_Sayfasi/Giris_Butonu"), Waits): Object 'Object Repository/Sayfalar/Giris_Sayfasi/Giris_Butonu' is clickable

2020-12-17 23:09:00 - [MESSAGE][INFO] - Finding Test Object 'Object Repository/Sayfalar/Giris_Sayfasi/Giris_Butonu'

2020-12-17 23:09:00 - [MESSAGE][INFO] - Checking object

2020-12-17 23:09:00 - [MESSAGE][INFO] - Checking timeout

2020-12-17 23:09:00 - [MESSAGE][INFO] - Finding web element from Test Object's properties

2020-12-17 23:09:00 - [MESSAGE][INFO] - Checking timeout

2020-12-17 23:09:00 - [MESSAGE][INFO] - Finding web element with id: 'Object Repository/Sayfalar/Giris_Sayfasi/Giris_Butonu' located by 'By.xpath: //*[@id = 'btnLogin']' in '10' second(s)

2020-12-17 23:09:00 - [MESSAGE][INFO] - Smart Wait Function is triggered

2020-12-17 23:09:00 - [MESSAGE][INFO] - Found 1 web elements with id: 'Object Repository/Sayfalar/Giris_Sayfasi/Giris_Butonu' located by 'By.xpath: //*[@id = 'btnLogin']' in '10' second(s)

2020-12-17 23:09:00 - [MESSAGE][PASSED] - Object 'Object Repository/Sayfalar/Giris_Sayfasi/Giris_Butonu' is clickable

2020-12-17 23:09:00 - [TEST_STEP][PASSED] - click(findTestObject("Sayfalar/Giris_Sayfasi/Giris_Butonu")): Object: 'Object Repository/Sayfalar/Giris_Sayfasi/Giris_Butonu' is clicked on

2020-12-17 23:09:00 - [MESSAGE][INFO] - Finding Test Object 'Object Repository/Sayfalar/Giris_Sayfasi/Giris_Butonu'

2020-12-17 23:09:00 - [MESSAGE][INFO] - Checking object

2020-12-17 23:09:00 - [MESSAGE][INFO] - Finding web element from Test Object's properties

2020-12-17 23:09:00 - [MESSAGE][INFO] - Checking timeout

2020-12-17 23:09:00 - [MESSAGE][INFO] - Finding web element with id: 'Object Repository/Sayfalar/Giris_Sayfasi/Giris_Butonu' located by 'By.xpath: //*[@id = 'btnLogin']' in '30' second(s)

2020-12-17 23:09:00 - [MESSAGE][INFO] - Smart Wait Function is triggered

2020-12-17 23:09:01 - [MESSAGE][INFO] - Found 1 web elements with id: 'Object Repository/Sayfalar/Giris_Sayfasi/Giris_Butonu' located by 'By.xpath: //*[@id = 'btnLogin']' in '30' second(s)

2020-12-17 23:09:01 - [MESSAGE][INFO] - Clicking on object: 'Object Repository/Sayfalar/Giris_Sayfasi/Giris_Butonu'

2020-12-17 23:09:03 - [MESSAGE][PASSED] - Object: 'Object Repository/Sayfalar/Giris_Sayfasi/Giris_Butonu' is clicked on

2020-12-17 23:09:03 - [TEST_STEP][PASSED] - if (verifyElementPresent(findTestObject("Sayfalar/Giris_Sayfasi/PopupOK"), 5, OPTIONAL)): Object: 'Object Repository/Sayfalar/Giris_Sayfasi/PopupOK' is clicked on

2020-12-17 23:09:03 - [MESSAGE][INFO] - Finding Test Object 'Object Repository/Sayfalar/Giris_Sayfasi/PopupOK'

2020-12-17 23:09:03 - [MESSAGE][INFO] - Checking object

2020-12-17 23:09:03 - [MESSAGE][INFO] - Finding web element from Test Object's properties

2020-12-17 23:09:03 - [MESSAGE][INFO] - Checking timeout

2020-12-17 23:09:03 - [MESSAGE][INFO] - Finding web element with id: 'Object Repository/Sayfalar/Giris_Sayfasi/PopupOK' located by 'By.cssSelector: .btn.btn-success' in '5' second(s)

2020-12-17 23:09:03 - [MESSAGE][INFO] - Smart Wait Function is triggered

2020-12-17 23:09:03 - [MESSAGE][INFO] - Found 1 web elements with id: 'Object Repository/Sayfalar/Giris_Sayfasi/PopupOK' located by 'By.cssSelector: .btn.btn-success' in '5' second(s)

2020-12-17 23:09:03 - [MESSAGE][PASSED] - Object 'Object Repository/Sayfalar/Giris_Sayfasi/PopupOK' is present

2020-12-17 23:09:03 - [TEST_STEP][PASSED] - click(findTestObject("Sayfalar/Giris_Sayfasi/PopupOK")): Object: 'Object Repository/Sayfalar/Giris_Sayfasi/PopupOK' is clicked on

2020-12-17 23:09:03 - [MESSAGE][INFO] - Finding Test Object 'Object Repository/Sayfalar/Giris_Sayfasi/PopupOK'

2020-12-17 23:09:03 - [MESSAGE][INFO] - Checking object

2020-12-17 23:09:03 - [MESSAGE][INFO] - Finding web element from Test Object's properties

2020-12-17 23:09:03 - [MESSAGE][INFO] - Checking timeout

2020-12-17 23:09:03 - [MESSAGE][INFO] - Finding web element with id: 'Object Repository/Sayfalar/Giris_Sayfasi/PopupOK' located by 'By.cssSelector: .btn.btn-success' in '30' second(s)

2020-12-17 23:09:03 - [MESSAGE][INFO] - Smart Wait Function is triggered

2020-12-17 23:09:04 - [MESSAGE][INFO] - Found 1 web elements with id: 'Object Repository/Sayfalar/Giris_Sayfasi/PopupOK' located by 'By.cssSelector: .btn.btn-success' in '30' second(s)

2020-12-17 23:09:04 - [MESSAGE][INFO] - Clicking on object: 'Object Repository/Sayfalar/Giris_Sayfasi/PopupOK'

2020-12-17 23:09:04 - [MESSAGE][PASSED] - Object: 'Object Repository/Sayfalar/Giris_Sayfasi/PopupOK' is clicked on

2020-12-17 23:09:04 - [TEST_STEP][PASSED] - verifyElementVisible(findTestObject("Object Repository/Kullanici_Islemleri/KullaniciIslemleri")): Object 'Object Repository/Kullanici_Islemleri/KullaniciIslemleri' is visible

2020-12-17 23:09:04 - [MESSAGE][INFO] - Finding Test Object 'Object Repository/Kullanici_Islemleri/KullaniciIslemleri'

2020-12-17 23:09:04 - [MESSAGE][INFO] - Checking object

2020-12-17 23:09:04 - [MESSAGE][INFO] - Finding web element from Test Object's properties

2020-12-17 23:09:04 - [MESSAGE][INFO] - Checking timeout

2020-12-17 23:09:04 - [MESSAGE][INFO] - Finding web element with id: 'Object Repository/Kullanici_Islemleri/KullaniciIslemleri' located by 'By.cssSelector: .dropdown>a>img' in '30' second(s)

2020-12-17 23:09:04 - [MESSAGE][INFO] - Smart Wait Function is triggered

2020-12-17 23:09:04 - [MESSAGE][INFO] - Found 1 web elements with id: 'Object Repository/Kullanici_Islemleri/KullaniciIslemleri' located by 'By.cssSelector: .dropdown>a>img' in '30' second(s)

2020-12-17 23:09:04 - [MESSAGE][PASSED] - Object 'Object Repository/Kullanici_Islemleri/KullaniciIslemleri' is visible

2020-12-17 23:09:04 - [MESSAGE][PASSED] - Call Test Case 'Test Cases/Sayfalar/Giris_Sayfasi/Login' successfully

2020-12-17 23:09:04 - [MESSAGE][PASSED] - Kullanıcı adı ELOGOGIB ve Şifre 123456 olarak giriş yapılır

2020-12-17 23:09:04 - [TEST_STEP][PASSED] - Ana menüden e-Arşiv seçilir: Ana menüden e-Arşiv seçilir

2020-12-17 23:09:04 - [MESSAGE][INFO] - Checking called Test Case

2020-12-17 23:09:04 - [MESSAGE][INFO] - Starting to call Test Case 'Test Cases/Menu/AnaMenuSecimi'

2020-12-17 23:09:05 - [TEST_CASE][PASSED] - Test Cases/Menu/AnaMenuSecimi: Test Cases/Menu/AnaMenuSecimi

2020-12-17 23:09:05 - [TEST_STEP][PASSED] - Method.TextDegerineEsitElementeTikla(findTestObject("Menu/Ana_Menu"), Ana_Menu): Method.TextDegerineEsitElementeTikla is PASSED

2020-12-17 23:09:05 - [MESSAGE][INFO] - Finding Test Object 'Object Repository/Menu/Ana_Menu'

2020-12-17 23:09:05 - [MESSAGE][INFO] - Checking timeout

2020-12-17 23:09:05 - [MESSAGE][INFO] - Finding web element with id: 'Object Repository/Menu/Ana_Menu' located by 'By.xpath: //*[@class = 'dropdown-toggle']' in '10' second(s)

2020-12-17 23:09:05 - [MESSAGE][INFO] - Smart Wait Function is triggered

2020-12-17 23:09:05 - [MESSAGE][INFO] - Found 14 web elements with id: 'Object Repository/Menu/Ana_Menu' located by 'By.xpath: //*[@class = 'dropdown-toggle']' in '10' second(s)

2020-12-17 23:09:05 - [MESSAGE][PASSED] - Method.TextDegerineEsitElementeTikla is PASSED

2020-12-17 23:09:05 - [MESSAGE][PASSED] - Call Test Case 'Test Cases/Menu/AnaMenuSecimi' successfully

2020-12-17 23:09:05 - [MESSAGE][PASSED] - Ana menüden e-Arşiv seçilir

2020-12-17 23:09:05 - [TEST_STEP][PASSED] - Alt menü e-Arşiv Araçları başlığı altındaki e-Arşiv Fatura Oluşturma seçilir: Alt menü e-Arşiv Araçları başlığı altındaki e-Arşiv Fatura Oluşturma seçilir

2020-12-17 23:09:05 - [MESSAGE][INFO] - Checking called Test Case

2020-12-17 23:09:05 - [MESSAGE][INFO] - Starting to call Test Case 'Test Cases/Menu/BasligaGoreAltMenuSecimi'

2020-12-17 23:09:06 - [TEST_CASE][PASSED] - Test Cases/Menu/BasligaGoreAltMenuSecimi: Test Cases/Menu/BasligaGoreAltMenuSecimi

2020-12-17 23:09:06 - [TEST_STEP][PASSED] - Method.TextDegerineEsitElementinAltindakiTextDegerineEsitOlanaTikla(findTestObject("Menu/Menu_Basligi"), findTestObject("Menu/Basliga_Gore_Alt_Menu"), Baslik, Alt_Menu): Method.TextDegerineEsitElementinAltindakiTextDegerineEsitOlanaTikla is PASSED

2020-12-17 23:09:06 - [MESSAGE][INFO] - Finding Test Object 'Object Repository/Menu/Menu_Basligi'

2020-12-17 23:09:06 - [MESSAGE][INFO] - Finding Test Object 'Object Repository/Menu/Basliga_Gore_Alt_Menu'

2020-12-17 23:09:06 - [MESSAGE][INFO] - Checking timeout

2020-12-17 23:09:06 - [MESSAGE][INFO] - Finding web element with id: 'Object Repository/Menu/Menu_Basligi' located by 'By.xpath: //li[@class='dropdown dropdown-large open']//li[@class='dropdown-header']' in '10' second(s)

2020-12-17 23:09:06 - [MESSAGE][INFO] - Smart Wait Function is triggered

2020-12-17 23:09:06 - [MESSAGE][INFO] - Found 2 web elements with id: 'Object Repository/Menu/Menu_Basligi' located by 'By.xpath: //li[@class='dropdown dropdown-large open']//li[@class='dropdown-header']' in '10' second(s)

2020-12-17 23:09:06 - [MESSAGE][INFO] - Smart Wait Function is triggered

2020-12-17 23:09:09 - [MESSAGE][PASSED] - Method.TextDegerineEsitElementinAltindakiTextDegerineEsitOlanaTikla is PASSED

2020-12-17 23:09:09 - [MESSAGE][PASSED] - Call Test Case 'Test Cases/Menu/BasligaGoreAltMenuSecimi' successfully

2020-12-17 23:09:09 - [MESSAGE][PASSED] - Alt menü e-Arşiv Araçları başlığı altındaki e-Arşiv Fatura Oluşturma seçilir

2020-12-17 23:09:09 - [TEST_STEP][PASSED] - Filtre alanlarında Durumu var mı: Filtre alanlarında Durumu var mı

2020-12-17 23:09:09 - [MESSAGE][INFO] - Checking called Test Case

2020-12-17 23:09:09 - [MESSAGE][INFO] - Starting to call Test Case 'Test Cases/Filtreler/FiltreVarMi'

2020-12-17 23:09:09 - [TEST_CASE][PASSED] - Test Cases/Filtreler/FiltreVarMi: Test Cases/Filtreler/FiltreVarMi

2020-12-17 23:09:09 - [TEST_STEP][PASSED] - Method.TextDegerineEsitElementVarMi(findTestObject("Filtreler/Basliklar"), Filtre_alan): Method.TextDegerineEsitElementVarMi is PASSED

2020-12-17 23:09:09 - [MESSAGE][INFO] - Finding Test Object 'Object Repository/Filtreler/Basliklar'

2020-12-17 23:09:10 - [MESSAGE][INFO] - Checking timeout

2020-12-17 23:09:10 - [MESSAGE][INFO] - Finding web element with id: 'Object Repository/Filtreler/Basliklar' located by 'By.cssSelector: .control-label.col-sm-4.paddingMarginRLC' in '10' second(s)

2020-12-17 23:09:10 - [MESSAGE][INFO] - Smart Wait Function is triggered

2020-12-17 23:09:10 - [MESSAGE][INFO] - Found 10 web elements with id: 'Object Repository/Filtreler/Basliklar' located by 'By.cssSelector: .control-label.col-sm-4.paddingMarginRLC' in '10' second(s)

2020-12-17 23:09:10 - [MESSAGE][PASSED] - Method.TextDegerineEsitElementVarMi is PASSED

2020-12-17 23:09:10 - [MESSAGE][PASSED] - Call Test Case 'Test Cases/Filtreler/FiltreVarMi' successfully

2020-12-17 23:09:10 - [MESSAGE][PASSED] - Filtre alanlarında Durumu var mı

2020-12-17 23:09:10 - [TEST_STEP][PASSED] - Filtre alanlarında Oluşturma Tarihi var mı: Filtre alanlarında Oluşturma Tarihi var mı

2020-12-17 23:09:10 - [MESSAGE][INFO] - Checking called Test Case

2020-12-17 23:09:10 - [MESSAGE][INFO] - Starting to call Test Case 'Test Cases/Filtreler/FiltreVarMi'

2020-12-17 23:09:10 - [TEST_CASE][PASSED] - Test Cases/Filtreler/FiltreVarMi: Test Cases/Filtreler/FiltreVarMi

2020-12-17 23:09:10 - [TEST_STEP][PASSED] - Method.TextDegerineEsitElementVarMi(findTestObject("Filtreler/Basliklar"), Filtre_alan): Method.TextDegerineEsitElementVarMi is PASSED

2020-12-17 23:09:10 - [MESSAGE][INFO] - Finding Test Object 'Object Repository/Filtreler/Basliklar'

2020-12-17 23:09:10 - [MESSAGE][INFO] - Checking timeout

2020-12-17 23:09:10 - [MESSAGE][INFO] - Finding web element with id: 'Object Repository/Filtreler/Basliklar' located by 'By.cssSelector: .control-label.col-sm-4.paddingMarginRLC' in '10' second(s)

2020-12-17 23:09:10 - [MESSAGE][INFO] - Smart Wait Function is triggered

2020-12-17 23:09:10 - [MESSAGE][INFO] - Found 10 web elements with id: 'Object Repository/Filtreler/Basliklar' located by 'By.cssSelector: .control-label.col-sm-4.paddingMarginRLC' in '10' second(s)

2020-12-17 23:09:10 - [MESSAGE][PASSED] - Method.TextDegerineEsitElementVarMi is PASSED

2020-12-17 23:09:10 - [MESSAGE][PASSED] - Call Test Case 'Test Cases/Filtreler/FiltreVarMi' successfully

2020-12-17 23:09:10 - [MESSAGE][PASSED] - Filtre alanlarında Oluşturma Tarihi var mı

2020-12-17 23:09:10 - [TEST_STEP][PASSED] - Filtre alanlarında Toplam Tutar var mı: Filtre alanlarında Toplam Tutar var mı

2020-12-17 23:09:10 - [MESSAGE][INFO] - Checking called Test Case

2020-12-17 23:09:10 - [MESSAGE][INFO] - Starting to call Test Case 'Test Cases/Filtreler/FiltreVarMi'

2020-12-17 23:09:10 - [TEST_CASE][PASSED] - Test Cases/Filtreler/FiltreVarMi: Test Cases/Filtreler/FiltreVarMi

2020-12-17 23:09:10 - [TEST_STEP][PASSED] - Method.TextDegerineEsitElementVarMi(findTestObject("Filtreler/Basliklar"), Filtre_alan): Method.TextDegerineEsitElementVarMi is PASSED

2020-12-17 23:09:10 - [MESSAGE][INFO] - Finding Test Object 'Object Repository/Filtreler/Basliklar'

2020-12-17 23:09:10 - [MESSAGE][INFO] - Checking timeout

2020-12-17 23:09:10 - [MESSAGE][INFO] - Finding web element with id: 'Object Repository/Filtreler/Basliklar' located by 'By.cssSelector: .control-label.col-sm-4.paddingMarginRLC' in '10' second(s)

2020-12-17 23:09:10 - [MESSAGE][INFO] - Smart Wait Function is triggered

2020-12-17 23:09:11 - [MESSAGE][INFO] - Found 10 web elements with id: 'Object Repository/Filtreler/Basliklar' located by 'By.cssSelector: .control-label.col-sm-4.paddingMarginRLC' in '10' second(s)

2020-12-17 23:09:11 - [MESSAGE][PASSED] - Method.TextDegerineEsitElementVarMi is PASSED

2020-12-17 23:09:11 - [MESSAGE][PASSED] - Call Test Case 'Test Cases/Filtreler/FiltreVarMi' successfully

2020-12-17 23:09:11 - [MESSAGE][PASSED] - Filtre alanlarında Toplam Tutar var mı

2020-12-17 23:09:11 - [TEST_STEP][PASSED] - Filtre alanlarında Tüm Hesaplar var mı: Filtre alanlarında Tüm Hesaplar var mı

2020-12-17 23:09:11 - [MESSAGE][INFO] - Checking called Test Case

2020-12-17 23:09:11 - [MESSAGE][INFO] - Starting to call Test Case 'Test Cases/Filtreler/FiltreVarMi'

2020-12-17 23:09:11 - [TEST_CASE][PASSED] - Test Cases/Filtreler/FiltreVarMi: Test Cases/Filtreler/FiltreVarMi

2020-12-17 23:09:11 - [TEST_STEP][PASSED] - Method.TextDegerineEsitElementVarMi(findTestObject("Filtreler/Basliklar"), Filtre_alan): Method.TextDegerineEsitElementVarMi is PASSED

2020-12-17 23:09:11 - [MESSAGE][INFO] - Finding Test Object 'Object Repository/Filtreler/Basliklar'

2020-12-17 23:09:11 - [MESSAGE][INFO] - Checking timeout

2020-12-17 23:09:11 - [MESSAGE][INFO] - Finding web element with id: 'Object Repository/Filtreler/Basliklar' located by 'By.cssSelector: .control-label.col-sm-4.paddingMarginRLC' in '10' second(s)

2020-12-17 23:09:11 - [MESSAGE][INFO] - Smart Wait Function is triggered

2020-12-17 23:09:11 - [MESSAGE][INFO] - Found 10 web elements with id: 'Object Repository/Filtreler/Basliklar' located by 'By.cssSelector: .control-label.col-sm-4.paddingMarginRLC' in '10' second(s)

2020-12-17 23:09:11 - [MESSAGE][PASSED] - Method.TextDegerineEsitElementVarMi is PASSED

2020-12-17 23:09:11 - [MESSAGE][PASSED] - Call Test Case 'Test Cases/Filtreler/FiltreVarMi' successfully

2020-12-17 23:09:11 - [MESSAGE][PASSED] - Filtre alanlarında Tüm Hesaplar var mı

2020-12-17 23:09:11 - [TEST_STEP][PASSED] - Filtre alanlarında Alıcı Ünvan var mı: Filtre alanlarında Alıcı Ünvan var mı

2020-12-17 23:09:11 - [MESSAGE][INFO] - Checking called Test Case

2020-12-17 23:09:11 - [MESSAGE][INFO] - Starting to call Test Case 'Test Cases/Filtreler/FiltreVarMi'

2020-12-17 23:09:11 - [TEST_CASE][PASSED] - Test Cases/Filtreler/FiltreVarMi: Test Cases/Filtreler/FiltreVarMi

2020-12-17 23:09:11 - [TEST_STEP][PASSED] - Method.TextDegerineEsitElementVarMi(findTestObject("Filtreler/Basliklar"), Filtre_alan): Method.TextDegerineEsitElementVarMi is PASSED

2020-12-17 23:09:11 - [MESSAGE][INFO] - Finding Test Object 'Object Repository/Filtreler/Basliklar'

2020-12-17 23:09:12 - [MESSAGE][INFO] - Checking timeout

2020-12-17 23:09:12 - [MESSAGE][INFO] - Finding web element with id: 'Object Repository/Filtreler/Basliklar' located by 'By.cssSelector: .control-label.col-sm-4.paddingMarginRLC' in '10' second(s)

2020-12-17 23:09:12 - [MESSAGE][INFO] - Smart Wait Function is triggered

2020-12-17 23:09:12 - [MESSAGE][INFO] - Found 10 web elements with id: 'Object Repository/Filtreler/Basliklar' located by 'By.cssSelector: .control-label.col-sm-4.paddingMarginRLC' in '10' second(s)

2020-12-17 23:09:12 - [MESSAGE][PASSED] - Method.TextDegerineEsitElementVarMi is PASSED

2020-12-17 23:09:12 - [MESSAGE][PASSED] - Call Test Case 'Test Cases/Filtreler/FiltreVarMi' successfully

2020-12-17 23:09:12 - [MESSAGE][PASSED] - Filtre alanlarında Alıcı Ünvan var mı

2020-12-17 23:09:12 - [TEST_STEP][PASSED] - Filtre alanlarında Fatura Tarihi var mı: Filtre alanlarında Fatura Tarihi var mı

2020-12-17 23:09:12 - [MESSAGE][INFO] - Checking called Test Case

2020-12-17 23:09:12 - [MESSAGE][INFO] - Starting to call Test Case 'Test Cases/Filtreler/FiltreVarMi'

2020-12-17 23:09:12 - [TEST_CASE][PASSED] - Test Cases/Filtreler/FiltreVarMi: Test Cases/Filtreler/FiltreVarMi

2020-12-17 23:09:12 - [TEST_STEP][PASSED] - Method.TextDegerineEsitElementVarMi(findTestObject("Filtreler/Basliklar"), Filtre_alan): Method.TextDegerineEsitElementVarMi is PASSED

2020-12-17 23:09:12 - [MESSAGE][INFO] - Finding Test Object 'Object Repository/Filtreler/Basliklar'

2020-12-17 23:09:12 - [MESSAGE][INFO] - Checking timeout

2020-12-17 23:09:12 - [MESSAGE][INFO] - Finding web element with id: 'Object Repository/Filtreler/Basliklar' located by 'By.cssSelector: .control-label.col-sm-4.paddingMarginRLC' in '10' second(s)

2020-12-17 23:09:12 - [MESSAGE][INFO] - Smart Wait Function is triggered

2020-12-17 23:09:12 - [MESSAGE][INFO] - Found 10 web elements with id: 'Object Repository/Filtreler/Basliklar' located by 'By.cssSelector: .control-label.col-sm-4.paddingMarginRLC' in '10' second(s)

2020-12-17 23:09:12 - [MESSAGE][PASSED] - Method.TextDegerineEsitElementVarMi is PASSED

2020-12-17 23:09:12 - [MESSAGE][PASSED] - Call Test Case 'Test Cases/Filtreler/FiltreVarMi' successfully

2020-12-17 23:09:12 - [MESSAGE][PASSED] - Filtre alanlarında Fatura Tarihi var mı

2020-12-17 23:09:12 - [TEST_STEP][PASSED] - Filtre alanlarında Fatura ETTN var mı: Filtre alanlarında Fatura ETTN var mı

2020-12-17 23:09:12 - [MESSAGE][INFO] - Checking called Test Case

2020-12-17 23:09:12 - [MESSAGE][INFO] - Starting to call Test Case 'Test Cases/Filtreler/FiltreVarMi'

2020-12-17 23:09:13 - [TEST_CASE][PASSED] - Test Cases/Filtreler/FiltreVarMi: Test Cases/Filtreler/FiltreVarMi

2020-12-17 23:09:13 - [TEST_STEP][PASSED] - Method.TextDegerineEsitElementVarMi(findTestObject("Filtreler/Basliklar"), Filtre_alan): Method.TextDegerineEsitElementVarMi is PASSED

2020-12-17 23:09:13 - [MESSAGE][INFO] - Finding Test Object 'Object Repository/Filtreler/Basliklar'

2020-12-17 23:09:13 - [MESSAGE][INFO] - Checking timeout

2020-12-17 23:09:13 - [MESSAGE][INFO] - Finding web element with id: 'Object Repository/Filtreler/Basliklar' located by 'By.cssSelector: .control-label.col-sm-4.paddingMarginRLC' in '10' second(s)

2020-12-17 23:09:13 - [MESSAGE][INFO] - Smart Wait Function is triggered

2020-12-17 23:09:13 - [MESSAGE][INFO] - Found 10 web elements with id: 'Object Repository/Filtreler/Basliklar' located by 'By.cssSelector: .control-label.col-sm-4.paddingMarginRLC' in '10' second(s)

2020-12-17 23:09:13 - [MESSAGE][PASSED] - Method.TextDegerineEsitElementVarMi is PASSED

2020-12-17 23:09:13 - [MESSAGE][PASSED] - Call Test Case 'Test Cases/Filtreler/FiltreVarMi' successfully

2020-12-17 23:09:13 - [MESSAGE][PASSED] - Filtre alanlarında Fatura ETTN var mı

2020-12-17 23:09:13 - [TEST_STEP][PASSED] - Filtre alanlarında Fatura No var mı: Filtre alanlarında Fatura No var mı

2020-12-17 23:09:13 - [MESSAGE][INFO] - Checking called Test Case

2020-12-17 23:09:13 - [MESSAGE][INFO] - Starting to call Test Case 'Test Cases/Filtreler/FiltreVarMi'

2020-12-17 23:09:13 - [TEST_CASE][PASSED] - Test Cases/Filtreler/FiltreVarMi: Test Cases/Filtreler/FiltreVarMi

2020-12-17 23:09:13 - [TEST_STEP][PASSED] - Method.TextDegerineEsitElementVarMi(findTestObject("Filtreler/Basliklar"), Filtre_alan): Method.TextDegerineEsitElementVarMi is PASSED

2020-12-17 23:09:13 - [MESSAGE][INFO] - Finding Test Object 'Object Repository/Filtreler/Basliklar'

2020-12-17 23:09:13 - [MESSAGE][INFO] - Checking timeout

2020-12-17 23:09:13 - [MESSAGE][INFO] - Finding web element with id: 'Object Repository/Filtreler/Basliklar' located by 'By.cssSelector: .control-label.col-sm-4.paddingMarginRLC' in '10' second(s)

2020-12-17 23:09:13 - [MESSAGE][INFO] - Smart Wait Function is triggered

2020-12-17 23:09:13 - [MESSAGE][INFO] - Found 10 web elements with id: 'Object Repository/Filtreler/Basliklar' located by 'By.cssSelector: .control-label.col-sm-4.paddingMarginRLC' in '10' second(s)

2020-12-17 23:09:13 - [MESSAGE][PASSED] - Method.TextDegerineEsitElementVarMi is PASSED

2020-12-17 23:09:13 - [MESSAGE][PASSED] - Call Test Case 'Test Cases/Filtreler/FiltreVarMi' successfully

2020-12-17 23:09:13 - [MESSAGE][PASSED] - Filtre alanlarında Fatura No var mı

2020-12-17 23:09:13 - [TEST_STEP][PASSED] - Filtre alanlarında Tür var mı: Filtre alanlarında Tür var mı

2020-12-17 23:09:13 - [MESSAGE][INFO] - Checking called Test Case

2020-12-17 23:09:13 - [MESSAGE][INFO] - Starting to call Test Case 'Test Cases/Filtreler/FiltreVarMi'

2020-12-17 23:09:13 - [TEST_CASE][PASSED] - Test Cases/Filtreler/FiltreVarMi: Test Cases/Filtreler/FiltreVarMi

2020-12-17 23:09:13 - [TEST_STEP][PASSED] - Method.TextDegerineEsitElementVarMi(findTestObject("Filtreler/Basliklar"), Filtre_alan): Method.TextDegerineEsitElementVarMi is PASSED

2020-12-17 23:09:13 - [MESSAGE][INFO] - Finding Test Object 'Object Repository/Filtreler/Basliklar'

2020-12-17 23:09:14 - [MESSAGE][INFO] - Checking timeout

2020-12-17 23:09:14 - [MESSAGE][INFO] - Finding web element with id: 'Object Repository/Filtreler/Basliklar' located by 'By.cssSelector: .control-label.col-sm-4.paddingMarginRLC' in '10' second(s)

2020-12-17 23:09:14 - [MESSAGE][INFO] - Smart Wait Function is triggered

2020-12-17 23:09:14 - [MESSAGE][INFO] - Found 10 web elements with id: 'Object Repository/Filtreler/Basliklar' located by 'By.cssSelector: .control-label.col-sm-4.paddingMarginRLC' in '10' second(s)

2020-12-17 23:09:14 - [MESSAGE][PASSED] - Method.TextDegerineEsitElementVarMi is PASSED

2020-12-17 23:09:14 - [MESSAGE][PASSED] - Call Test Case 'Test Cases/Filtreler/FiltreVarMi' successfully

2020-12-17 23:09:14 - [MESSAGE][PASSED] - Filtre alanlarında Tür var mı

2020-12-17 23:09:14 - [TEST_STEP][PASSED] - Filtre alanlarında Müşteri Bayi Kodu var mı: Filtre alanlarında Müşteri Bayi Kodu var mı

2020-12-17 23:09:14 - [MESSAGE][INFO] - Checking called Test Case

2020-12-17 23:09:14 - [MESSAGE][INFO] - Starting to call Test Case 'Test Cases/Filtreler/FiltreVarMi'

2020-12-17 23:09:14 - [TEST_CASE][PASSED] - Test Cases/Filtreler/FiltreVarMi: Test Cases/Filtreler/FiltreVarMi

2020-12-17 23:09:14 - [TEST_STEP][PASSED] - Method.TextDegerineEsitElementVarMi(findTestObject("Filtreler/Basliklar"), Filtre_alan): Method.TextDegerineEsitElementVarMi is PASSED

2020-12-17 23:09:14 - [MESSAGE][INFO] - Finding Test Object 'Object Repository/Filtreler/Basliklar'

2020-12-17 23:09:14 - [MESSAGE][INFO] - Checking timeout

2020-12-17 23:09:14 - [MESSAGE][INFO] - Finding web element with id: 'Object Repository/Filtreler/Basliklar' located by 'By.cssSelector: .control-label.col-sm-4.paddingMarginRLC' in '10' second(s)

2020-12-17 23:09:14 - [MESSAGE][INFO] - Smart Wait Function is triggered

2020-12-17 23:09:14 - [MESSAGE][INFO] - Found 10 web elements with id: 'Object Repository/Filtreler/Basliklar' located by 'By.cssSelector: .control-label.col-sm-4.paddingMarginRLC' in '10' second(s)

2020-12-17 23:09:14 - [MESSAGE][PASSED] - Method.TextDegerineEsitElementVarMi is PASSED

2020-12-17 23:09:14 - [MESSAGE][PASSED] - Call Test Case 'Test Cases/Filtreler/FiltreVarMi' successfully

2020-12-17 23:09:14 - [MESSAGE][PASSED] - Filtre alanlarında Müşteri Bayi Kodu var mı

2020-12-17 23:09:14 - [TEST_STEP][PASSED] - Filtre butonlarında Listele var mı: Filtre butonlarında Listele var mı

2020-12-17 23:09:14 - [MESSAGE][INFO] - Checking called Test Case

2020-12-17 23:09:14 - [MESSAGE][INFO] - Starting to call Test Case 'Test Cases/Filtreler/ButonVarMi'

2020-12-17 23:09:14 - [TEST_CASE][PASSED] - Test Cases/Filtreler/ButonVarMi: Test Cases/Filtreler/ButonVarMi

2020-12-17 23:09:15 - [TEST_STEP][PASSED] - Method.TextDegerineEsitElementVarMi(findTestObject("Filtreler/Butonlar"), Filtre_Buton): Method.TextDegerineEsitElementVarMi is PASSED

2020-12-17 23:09:15 - [MESSAGE][INFO] - Finding Test Object 'Object Repository/Filtreler/Butonlar'

2020-12-17 23:09:15 - [MESSAGE][INFO] - Checking timeout

2020-12-17 23:09:15 - [MESSAGE][INFO] - Finding web element with id: 'Object Repository/Filtreler/Butonlar' located by 'By.cssSelector: .dxb>span' in '10' second(s)

2020-12-17 23:09:15 - [MESSAGE][INFO] - Smart Wait Function is triggered

2020-12-17 23:09:15 - [MESSAGE][INFO] - Found 2 web elements with id: 'Object Repository/Filtreler/Butonlar' located by 'By.cssSelector: .dxb>span' in '10' second(s)

2020-12-17 23:09:15 - [MESSAGE][PASSED] - Method.TextDegerineEsitElementVarMi is PASSED

2020-12-17 23:09:15 - [MESSAGE][PASSED] - Call Test Case 'Test Cases/Filtreler/ButonVarMi' successfully

2020-12-17 23:09:15 - [MESSAGE][PASSED] - Filtre butonlarında Listele var mı

2020-12-17 23:09:15 - [TEST_STEP][PASSED] - Filtre butonlarında Temizle var mı: Filtre butonlarında Temizle var mı

2020-12-17 23:09:15 - [MESSAGE][INFO] - Checking called Test Case

2020-12-17 23:09:15 - [MESSAGE][INFO] - Starting to call Test Case 'Test Cases/Filtreler/ButonVarMi'

2020-12-17 23:09:15 - [TEST_CASE][PASSED] - Test Cases/Filtreler/ButonVarMi: Test Cases/Filtreler/ButonVarMi

2020-12-17 23:09:15 - [TEST_STEP][PASSED] - Method.TextDegerineEsitElementVarMi(findTestObject("Filtreler/Butonlar"), Filtre_Buton): Method.TextDegerineEsitElementVarMi is PASSED

2020-12-17 23:09:15 - [MESSAGE][INFO] - Finding Test Object 'Object Repository/Filtreler/Butonlar'

2020-12-17 23:09:15 - [MESSAGE][INFO] - Checking timeout

2020-12-17 23:09:15 - [MESSAGE][INFO] - Finding web element with id: 'Object Repository/Filtreler/Butonlar' located by 'By.cssSelector: .dxb>span' in '10' second(s)

2020-12-17 23:09:15 - [MESSAGE][INFO] - Smart Wait Function is triggered

2020-12-17 23:09:15 - [MESSAGE][INFO] - Found 2 web elements with id: 'Object Repository/Filtreler/Butonlar' located by 'By.cssSelector: .dxb>span' in '10' second(s)

2020-12-17 23:09:15 - [MESSAGE][PASSED] - Method.TextDegerineEsitElementVarMi is PASSED

2020-12-17 23:09:15 - [MESSAGE][PASSED] - Call Test Case 'Test Cases/Filtreler/ButonVarMi' successfully

2020-12-17 23:09:15 - [MESSAGE][PASSED] - Filtre butonlarında Temizle var mı

2020-12-17 23:09:15 - [TEST_STEP][PASSED] - Butonlardan Ekle var mı: Butonlardan Ekle var mı

2020-12-17 23:09:15 - [MESSAGE][INFO] - Checking called Test Case

2020-12-17 23:09:15 - [MESSAGE][INFO] - Starting to call Test Case 'Test Cases/Butonlar/ButonVarMi'

2020-12-17 23:09:15 - [TEST_CASE][PASSED] - Test Cases/Butonlar/ButonVarMi: Test Cases/Butonlar/ButonVarMi

2020-12-17 23:09:16 - [TEST_STEP][PASSED] - Method.TextDegerineEsitElementVarMi(findTestObject("Butonlar/Butonlar"), Buton): Method.TextDegerineEsitElementVarMi is PASSED

2020-12-17 23:09:16 - [MESSAGE][INFO] - Finding Test Object 'Object Repository/Butonlar/Butonlar'

2020-12-17 23:09:16 - [MESSAGE][INFO] - Checking timeout

2020-12-17 23:09:16 - [MESSAGE][INFO] - Finding web element with id: 'Object Repository/Butonlar/Butonlar' located by 'By.cssSelector: .panel.panel-default.text-center.footerPanel .btn,.btn.btn-primary.btnControls' in '10' second(s)

2020-12-17 23:09:16 - [MESSAGE][INFO] - Smart Wait Function is triggered

2020-12-17 23:09:16 - [MESSAGE][INFO] - Found 10 web elements with id: 'Object Repository/Butonlar/Butonlar' located by 'By.cssSelector: .panel.panel-default.text-center.footerPanel .btn,.btn.btn-primary.btnControls' in '10' second(s)

2020-12-17 23:09:16 - [MESSAGE][PASSED] - Method.TextDegerineEsitElementVarMi is PASSED

2020-12-17 23:09:16 - [MESSAGE][PASSED] - Call Test Case 'Test Cases/Butonlar/ButonVarMi' successfully

2020-12-17 23:09:16 - [MESSAGE][PASSED] - Butonlardan Ekle var mı

2020-12-17 23:09:16 - [TEST_STEP][PASSED] - Butonlardan Numara Oluştur var mı: Butonlardan Numara Oluştur var mı

2020-12-17 23:09:16 - [MESSAGE][INFO] - Checking called Test Case

2020-12-17 23:09:16 - [MESSAGE][INFO] - Starting to call Test Case 'Test Cases/Butonlar/ButonVarMi'

2020-12-17 23:09:16 - [TEST_CASE][PASSED] - Test Cases/Butonlar/ButonVarMi: Test Cases/Butonlar/ButonVarMi

2020-12-17 23:09:16 - [TEST_STEP][PASSED] - Method.TextDegerineEsitElementVarMi(findTestObject("Butonlar/Butonlar"), Buton): Method.TextDegerineEsitElementVarMi is PASSED

2020-12-17 23:09:16 - [MESSAGE][INFO] - Finding Test Object 'Object Repository/Butonlar/Butonlar'

2020-12-17 23:09:16 - [MESSAGE][INFO] - Checking timeout

2020-12-17 23:09:16 - [MESSAGE][INFO] - Finding web element with id: 'Object Repository/Butonlar/Butonlar' located by 'By.cssSelector: .panel.panel-default.text-center.footerPanel .btn,.btn.btn-primary.btnControls' in '10' second(s)

2020-12-17 23:09:16 - [MESSAGE][INFO] - Smart Wait Function is triggered

2020-12-17 23:09:17 - [MESSAGE][INFO] - Found 10 web elements with id: 'Object Repository/Butonlar/Butonlar' located by 'By.cssSelector: .panel.panel-default.text-center.footerPanel .btn,.btn.btn-primary.btnControls' in '10' second(s)

2020-12-17 23:09:17 - [MESSAGE][PASSED] - Method.TextDegerineEsitElementVarMi is PASSED

2020-12-17 23:09:17 - [MESSAGE][PASSED] - Call Test Case 'Test Cases/Butonlar/ButonVarMi' successfully

2020-12-17 23:09:17 - [MESSAGE][PASSED] - Butonlardan Numara Oluştur var mı

2020-12-17 23:09:17 - [TEST_STEP][PASSED] - Butonlardan Gönder var mı: Butonlardan Gönder var mı

2020-12-17 23:09:17 - [MESSAGE][INFO] - Checking called Test Case

2020-12-17 23:09:17 - [MESSAGE][INFO] - Starting to call Test Case 'Test Cases/Butonlar/ButonVarMi'

2020-12-17 23:09:17 - [TEST_CASE][PASSED] - Test Cases/Butonlar/ButonVarMi: Test Cases/Butonlar/ButonVarMi

2020-12-17 23:09:17 - [TEST_STEP][PASSED] - Method.TextDegerineEsitElementVarMi(findTestObject("Butonlar/Butonlar"), Buton): Method.TextDegerineEsitElementVarMi is PASSED

2020-12-17 23:09:17 - [MESSAGE][INFO] - Finding Test Object 'Object Repository/Butonlar/Butonlar'

2020-12-17 23:09:17 - [MESSAGE][INFO] - Checking timeout

2020-12-17 23:09:17 - [MESSAGE][INFO] - Finding web element with id: 'Object Repository/Butonlar/Butonlar' located by 'By.cssSelector: .panel.panel-default.text-center.footerPanel .btn,.btn.btn-primary.btnControls' in '10' second(s)

2020-12-17 23:09:17 - [MESSAGE][INFO] - Smart Wait Function is triggered

2020-12-17 23:09:17 - [MESSAGE][INFO] - Found 10 web elements with id: 'Object Repository/Butonlar/Butonlar' located by 'By.cssSelector: .panel.panel-default.text-center.footerPanel .btn,.btn.btn-primary.btnControls' in '10' second(s)

2020-12-17 23:09:17 - [MESSAGE][PASSED] - Method.TextDegerineEsitElementVarMi is PASSED

2020-12-17 23:09:17 - [MESSAGE][PASSED] - Call Test Case 'Test Cases/Butonlar/ButonVarMi' successfully

2020-12-17 23:09:17 - [MESSAGE][PASSED] - Butonlardan Gönder var mı

2020-12-17 23:09:17 - [TEST_STEP][PASSED] - Butonlardan Değiştir var mı: Butonlardan Değiştir var mı

2020-12-17 23:09:17 - [MESSAGE][INFO] - Checking called Test Case

2020-12-17 23:09:17 - [MESSAGE][INFO] - Starting to call Test Case 'Test Cases/Butonlar/ButonVarMi'

2020-12-17 23:09:17 - [TEST_CASE][PASSED] - Test Cases/Butonlar/ButonVarMi: Test Cases/Butonlar/ButonVarMi

2020-12-17 23:09:17 - [TEST_STEP][PASSED] - Method.TextDegerineEsitElementVarMi(findTestObject("Butonlar/Butonlar"), Buton): Method.TextDegerineEsitElementVarMi is PASSED

2020-12-17 23:09:17 - [MESSAGE][INFO] - Finding Test Object 'Object Repository/Butonlar/Butonlar'

2020-12-17 23:09:17 - [MESSAGE][INFO] - Checking timeout

2020-12-17 23:09:17 - [MESSAGE][INFO] - Finding web element with id: 'Object Repository/Butonlar/Butonlar' located by 'By.cssSelector: .panel.panel-default.text-center.footerPanel .btn,.btn.btn-primary.btnControls' in '10' second(s)

2020-12-17 23:09:17 - [MESSAGE][INFO] - Smart Wait Function is triggered

2020-12-17 23:09:17 - [MESSAGE][INFO] - Found 10 web elements with id: 'Object Repository/Butonlar/Butonlar' located by 'By.cssSelector: .panel.panel-default.text-center.footerPanel .btn,.btn.btn-primary.btnControls' in '10' second(s)

2020-12-17 23:09:17 - [MESSAGE][PASSED] - Method.TextDegerineEsitElementVarMi is PASSED

2020-12-17 23:09:17 - [MESSAGE][PASSED] - Call Test Case 'Test Cases/Butonlar/ButonVarMi' successfully

2020-12-17 23:09:17 - [MESSAGE][PASSED] - Butonlardan Değiştir var mı

2020-12-17 23:09:17 - [TEST_STEP][PASSED] - Butonlardan Göster var mı: Butonlardan Göster var mı

2020-12-17 23:09:17 - [MESSAGE][INFO] - Checking called Test Case

2020-12-17 23:09:17 - [MESSAGE][INFO] - Starting to call Test Case 'Test Cases/Butonlar/ButonVarMi'

2020-12-17 23:09:17 - [TEST_CASE][PASSED] - Test Cases/Butonlar/ButonVarMi: Test Cases/Butonlar/ButonVarMi

2020-12-17 23:09:17 - [TEST_STEP][PASSED] - Method.TextDegerineEsitElementVarMi(findTestObject("Butonlar/Butonlar"), Buton): Method.TextDegerineEsitElementVarMi is PASSED

2020-12-17 23:09:17 - [MESSAGE][INFO] - Finding Test Object 'Object Repository/Butonlar/Butonlar'

2020-12-17 23:09:18 - [MESSAGE][INFO] - Checking timeout

2020-12-17 23:09:18 - [MESSAGE][INFO] - Finding web element with id: 'Object Repository/Butonlar/Butonlar' located by 'By.cssSelector: .panel.panel-default.text-center.footerPanel .btn,.btn.btn-primary.btnControls' in '10' second(s)

2020-12-17 23:09:18 - [MESSAGE][INFO] - Smart Wait Function is triggered

2020-12-17 23:09:18 - [MESSAGE][INFO] - Found 10 web elements with id: 'Object Repository/Butonlar/Butonlar' located by 'By.cssSelector: .panel.panel-default.text-center.footerPanel .btn,.btn.btn-primary.btnControls' in '10' second(s)

2020-12-17 23:09:18 - [MESSAGE][PASSED] - Method.TextDegerineEsitElementVarMi is PASSED

2020-12-17 23:09:18 - [MESSAGE][PASSED] - Call Test Case 'Test Cases/Butonlar/ButonVarMi' successfully

2020-12-17 23:09:18 - [MESSAGE][PASSED] - Butonlardan Göster var mı

2020-12-17 23:09:18 - [TEST_STEP][PASSED] - Butonlardan UBL var mı: Butonlardan UBL var mı

2020-12-17 23:09:18 - [MESSAGE][INFO] - Checking called Test Case

2020-12-17 23:09:18 - [MESSAGE][INFO] - Starting to call Test Case 'Test Cases/Butonlar/ButonVarMi'

2020-12-17 23:09:18 - [TEST_CASE][PASSED] - Test Cases/Butonlar/ButonVarMi: Test Cases/Butonlar/ButonVarMi

2020-12-17 23:09:18 - [TEST_STEP][PASSED] - Method.TextDegerineEsitElementVarMi(findTestObject("Butonlar/Butonlar"), Buton): Method.TextDegerineEsitElementVarMi is PASSED

2020-12-17 23:09:18 - [MESSAGE][INFO] - Finding Test Object 'Object Repository/Butonlar/Butonlar'

2020-12-17 23:09:18 - [MESSAGE][INFO] - Checking timeout

2020-12-17 23:09:18 - [MESSAGE][INFO] - Finding web element with id: 'Object Repository/Butonlar/Butonlar' located by 'By.cssSelector: .panel.panel-default.text-center.footerPanel .btn,.btn.btn-primary.btnControls' in '10' second(s)

2020-12-17 23:09:18 - [MESSAGE][INFO] - Smart Wait Function is triggered

2020-12-17 23:09:18 - [MESSAGE][INFO] - Found 10 web elements with id: 'Object Repository/Butonlar/Butonlar' located by 'By.cssSelector: .panel.panel-default.text-center.footerPanel .btn,.btn.btn-primary.btnControls' in '10' second(s)

2020-12-17 23:09:18 - [MESSAGE][PASSED] - Method.TextDegerineEsitElementVarMi is PASSED

2020-12-17 23:09:18 - [MESSAGE][PASSED] - Call Test Case 'Test Cases/Butonlar/ButonVarMi' successfully

2020-12-17 23:09:18 - [MESSAGE][PASSED] - Butonlardan UBL var mı

2020-12-17 23:09:18 - [TEST_STEP][PASSED] - Butonlardan Sil var mı: Butonlardan Sil var mı

2020-12-17 23:09:18 - [MESSAGE][INFO] - Checking called Test Case

2020-12-17 23:09:18 - [MESSAGE][INFO] - Starting to call Test Case 'Test Cases/Butonlar/ButonVarMi'

2020-12-17 23:09:18 - [TEST_CASE][PASSED] - Test Cases/Butonlar/ButonVarMi: Test Cases/Butonlar/ButonVarMi

2020-12-17 23:09:18 - [TEST_STEP][PASSED] - Method.TextDegerineEsitElementVarMi(findTestObject("Butonlar/Butonlar"), Buton): Method.TextDegerineEsitElementVarMi is PASSED

2020-12-17 23:09:18 - [MESSAGE][INFO] - Finding Test Object 'Object Repository/Butonlar/Butonlar'

2020-12-17 23:09:19 - [MESSAGE][INFO] - Checking timeout

2020-12-17 23:09:19 - [MESSAGE][INFO] - Finding web element with id: 'Object Repository/Butonlar/Butonlar' located by 'By.cssSelector: .panel.panel-default.text-center.footerPanel .btn,.btn.btn-primary.btnControls' in '10' second(s)

2020-12-17 23:09:19 - [MESSAGE][INFO] - Smart Wait Function is triggered

2020-12-17 23:09:19 - [MESSAGE][INFO] - Found 10 web elements with id: 'Object Repository/Butonlar/Butonlar' located by 'By.cssSelector: .panel.panel-default.text-center.footerPanel .btn,.btn.btn-primary.btnControls' in '10' second(s)

2020-12-17 23:09:19 - [MESSAGE][PASSED] - Method.TextDegerineEsitElementVarMi is PASSED

2020-12-17 23:09:19 - [MESSAGE][PASSED] - Call Test Case 'Test Cases/Butonlar/ButonVarMi' successfully

2020-12-17 23:09:19 - [MESSAGE][PASSED] - Butonlardan Sil var mı

2020-12-17 23:09:19 - [TEST_STEP][PASSED] - Butonlardan As400 var mı: Butonlardan As400 var mı

2020-12-17 23:09:19 - [MESSAGE][INFO] - Checking called Test Case

2020-12-17 23:09:19 - [MESSAGE][INFO] - Starting to call Test Case 'Test Cases/Butonlar/ButonVarMi'

2020-12-17 23:09:19 - [TEST_CASE][PASSED] - Test Cases/Butonlar/ButonVarMi: Test Cases/Butonlar/ButonVarMi

2020-12-17 23:09:19 - [TEST_STEP][PASSED] - Method.TextDegerineEsitElementVarMi(findTestObject("Butonlar/Butonlar"), Buton): Method.TextDegerineEsitElementVarMi is PASSED

2020-12-17 23:09:19 - [MESSAGE][INFO] - Finding Test Object 'Object Repository/Butonlar/Butonlar'

2020-12-17 23:09:19 - [MESSAGE][INFO] - Checking timeout

2020-12-17 23:09:19 - [MESSAGE][INFO] - Finding web element with id: 'Object Repository/Butonlar/Butonlar' located by 'By.cssSelector: .panel.panel-default.text-center.footerPanel .btn,.btn.btn-primary.btnControls' in '10' second(s)

2020-12-17 23:09:19 - [MESSAGE][INFO] - Smart Wait Function is triggered

2020-12-17 23:09:19 - [MESSAGE][INFO] - Found 10 web elements with id: 'Object Repository/Butonlar/Butonlar' located by 'By.cssSelector: .panel.panel-default.text-center.footerPanel .btn,.btn.btn-primary.btnControls' in '10' second(s)

2020-12-17 23:09:20 - [MESSAGE][PASSED] - Method.TextDegerineEsitElementVarMi is PASSED

2020-12-17 23:09:20 - [MESSAGE][PASSED] - Call Test Case 'Test Cases/Butonlar/ButonVarMi' successfully

2020-12-17 23:09:20 - [MESSAGE][PASSED] - Butonlardan As400 var mı

2020-12-17 23:09:20 - [TEST_STEP][PASSED] - Butonlardan Excel var mı: Butonlardan Excel var mı

2020-12-17 23:09:20 - [MESSAGE][INFO] - Checking called Test Case

2020-12-17 23:09:20 - [MESSAGE][INFO] - Starting to call Test Case 'Test Cases/Butonlar/ButonVarMi'

2020-12-17 23:09:20 - [TEST_CASE][PASSED] - Test Cases/Butonlar/ButonVarMi: Test Cases/Butonlar/ButonVarMi

2020-12-17 23:09:20 - [TEST_STEP][PASSED] - Method.TextDegerineEsitElementVarMi(findTestObject("Butonlar/Butonlar"), Buton): Method.TextDegerineEsitElementVarMi is PASSED

2020-12-17 23:09:20 - [MESSAGE][INFO] - Finding Test Object 'Object Repository/Butonlar/Butonlar'

2020-12-17 23:09:20 - [MESSAGE][INFO] - Checking timeout

2020-12-17 23:09:20 - [MESSAGE][INFO] - Finding web element with id: 'Object Repository/Butonlar/Butonlar' located by 'By.cssSelector: .panel.panel-default.text-center.footerPanel .btn,.btn.btn-primary.btnControls' in '10' second(s)

2020-12-17 23:09:20 - [MESSAGE][INFO] - Smart Wait Function is triggered

2020-12-17 23:09:20 - [MESSAGE][INFO] - Found 10 web elements with id: 'Object Repository/Butonlar/Butonlar' located by 'By.cssSelector: .panel.panel-default.text-center.footerPanel .btn,.btn.btn-primary.btnControls' in '10' second(s)

2020-12-17 23:09:20 - [MESSAGE][PASSED] - Method.TextDegerineEsitElementVarMi is PASSED

2020-12-17 23:09:20 - [MESSAGE][PASSED] - Call Test Case 'Test Cases/Butonlar/ButonVarMi' successfully

2020-12-17 23:09:20 - [MESSAGE][PASSED] - Butonlardan Excel var mı

2020-12-17 23:09:20 - [TEST_STEP][PASSED] - Butonlardan Excel isimli butona tıklanır: Butonlardan Excel isimli butona tıklanır

2020-12-17 23:09:20 - [MESSAGE][INFO] - Checking called Test Case

2020-12-17 23:09:20 - [MESSAGE][INFO] - Starting to call Test Case 'Test Cases/Butonlar/ButonaTikla'

2020-12-17 23:09:20 - [TEST_CASE][PASSED] - Test Cases/Butonlar/ButonaTikla: Test Cases/Butonlar/ButonaTikla

2020-12-17 23:09:21 - [TEST_STEP][PASSED] - Method.TextDegerineEsitElementeTiklaEquals(findTestObject("Butonlar/Butonlar"), Buton_Adi): Method.TextDegerineEsitElementeTiklaEquals is PASSED

2020-12-17 23:09:21 - [MESSAGE][INFO] - Finding Test Object 'Object Repository/Butonlar/Butonlar'

2020-12-17 23:09:21 - [MESSAGE][INFO] - Checking timeout

2020-12-17 23:09:21 - [MESSAGE][INFO] - Finding web element with id: 'Object Repository/Butonlar/Butonlar' located by 'By.cssSelector: .panel.panel-default.text-center.footerPanel .btn,.btn.btn-primary.btnControls' in '10' second(s)

2020-12-17 23:09:21 - [MESSAGE][INFO] - Smart Wait Function is triggered

2020-12-17 23:09:21 - [MESSAGE][INFO] - Found 10 web elements with id: 'Object Repository/Butonlar/Butonlar' located by 'By.cssSelector: .panel.panel-default.text-center.footerPanel .btn,.btn.btn-primary.btnControls' in '10' second(s)

2020-12-17 23:09:21 - [MESSAGE][PASSED] - Method.TextDegerineEsitElementeTiklaEquals is PASSED

2020-12-17 23:09:21 - [MESSAGE][PASSED] - Call Test Case 'Test Cases/Butonlar/ButonaTikla' successfully

2020-12-17 23:09:21 - [MESSAGE][PASSED] - Butonlardan Excel isimli butona tıklanır

2020-12-17 23:09:21 - [TEST_STEP][PASSED] - Alt butonlardan Excel'e Aktar var mı: Alt butonlardan Excel'e Aktar var mı

2020-12-17 23:09:21 - [MESSAGE][INFO] - Checking called Test Case

2020-12-17 23:09:21 - [MESSAGE][INFO] - Starting to call Test Case 'Test Cases/Butonlar/AltButonVarMi'

2020-12-17 23:09:21 - [TEST_CASE][PASSED] - Test Cases/Butonlar/AltButonVarMi: Test Cases/Butonlar/AltButonVarMi

2020-12-17 23:09:21 - [TEST_STEP][PASSED] - Method.TextDegerineEsitElementVarMi(findTestObject("Butonlar/AltButonlar"), AltButon): Method.TextDegerineEsitElementVarMi is PASSED

2020-12-17 23:09:21 - [MESSAGE][INFO] - Finding Test Object 'Object Repository/Butonlar/AltButonlar'

2020-12-17 23:09:21 - [MESSAGE][INFO] - Checking timeout

2020-12-17 23:09:21 - [MESSAGE][INFO] - Finding web element with id: 'Object Repository/Butonlar/AltButonlar' located by 'By.cssSelector: .btn-group.open li>a' in '10' second(s)

2020-12-17 23:09:21 - [MESSAGE][INFO] - Smart Wait Function is triggered

2020-12-17 23:09:22 - [MESSAGE][INFO] - Found 2 web elements with id: 'Object Repository/Butonlar/AltButonlar' located by 'By.cssSelector: .btn-group.open li>a' in '10' second(s)

2020-12-17 23:09:22 - [MESSAGE][PASSED] - Method.TextDegerineEsitElementVarMi is PASSED

2020-12-17 23:09:22 - [MESSAGE][PASSED] - Call Test Case 'Test Cases/Butonlar/AltButonVarMi' successfully

2020-12-17 23:09:22 - [MESSAGE][PASSED] - Alt butonlardan Excel'e Aktar var mı

2020-12-17 23:09:22 - [TEST_STEP][PASSED] - Alt butonlardan Tümünü Excel'e Aktar var mı: Alt butonlardan Tümünü Excel'e Aktar var mı

2020-12-17 23:09:22 - [MESSAGE][INFO] - Checking called Test Case

2020-12-17 23:09:22 - [MESSAGE][INFO] - Starting to call Test Case 'Test Cases/Butonlar/AltButonVarMi'

2020-12-17 23:09:22 - [TEST_CASE][PASSED] - Test Cases/Butonlar/AltButonVarMi: Test Cases/Butonlar/AltButonVarMi

2020-12-17 23:09:22 - [TEST_STEP][PASSED] - Method.TextDegerineEsitElementVarMi(findTestObject("Butonlar/AltButonlar"), AltButon): Method.TextDegerineEsitElementVarMi is PASSED

2020-12-17 23:09:22 - [MESSAGE][INFO] - Finding Test Object 'Object Repository/Butonlar/AltButonlar'

2020-12-17 23:09:22 - [MESSAGE][INFO] - Checking timeout

2020-12-17 23:09:22 - [MESSAGE][INFO] - Finding web element with id: 'Object Repository/Butonlar/AltButonlar' located by 'By.cssSelector: .btn-group.open li>a' in '10' second(s)

2020-12-17 23:09:22 - [MESSAGE][INFO] - Smart Wait Function is triggered

2020-12-17 23:09:22 - [MESSAGE][INFO] - Found 2 web elements with id: 'Object Repository/Butonlar/AltButonlar' located by 'By.cssSelector: .btn-group.open li>a' in '10' second(s)

2020-12-17 23:09:22 - [MESSAGE][PASSED] - Method.TextDegerineEsitElementVarMi is PASSED

2020-12-17 23:09:22 - [MESSAGE][PASSED] - Call Test Case 'Test Cases/Butonlar/AltButonVarMi' successfully

2020-12-17 23:09:22 - [MESSAGE][PASSED] - Alt butonlardan Tümünü Excel'e Aktar var mı

2020-12-17 23:09:22 - [TEST_STEP][PASSED] - Kullanıcı işlemlerinden Çıkış seçilir: Kullanıcı işlemlerinden Çıkış seçilir

2020-12-17 23:09:22 - [MESSAGE][INFO] - Checking called Test Case

2020-12-17 23:09:22 - [MESSAGE][INFO] - Starting to call Test Case 'Test Cases/Kullanici_Islemleri/KullaniciIslemlerindenSecimYapilir'

2020-12-17 23:09:22 - [TEST_CASE][PASSED] - Test Cases/Kullanici_Islemleri/KullaniciIslemlerindenSecimYapilir: Test Cases/Kullanici_Islemleri/KullaniciIslemlerindenSecimYapilir

2020-12-17 23:09:23 - [TEST_STEP][PASSED] - waitForElementClickable(findTestObject("Object Repository/Kullanici_Islemleri/KullaniciIslemleri"), 10): Object 'Object Repository/Kullanici_Islemleri/KullaniciIslemleri' is clickable

2020-12-17 23:09:23 - [MESSAGE][INFO] - Finding Test Object 'Object Repository/Kullanici_Islemleri/KullaniciIslemleri'

2020-12-17 23:09:23 - [MESSAGE][INFO] - Checking object

2020-12-17 23:09:23 - [MESSAGE][INFO] - Checking timeout

2020-12-17 23:09:23 - [MESSAGE][INFO] - Finding web element from Test Object's properties

2020-12-17 23:09:23 - [MESSAGE][INFO] - Checking timeout

2020-12-17 23:09:23 - [MESSAGE][INFO] - Finding web element with id: 'Object Repository/Kullanici_Islemleri/KullaniciIslemleri' located by 'By.cssSelector: .dropdown>a>img' in '10' second(s)

2020-12-17 23:09:23 - [MESSAGE][INFO] - Smart Wait Function is triggered

2020-12-17 23:09:23 - [MESSAGE][INFO] - Found 1 web elements with id: 'Object Repository/Kullanici_Islemleri/KullaniciIslemleri' located by 'By.cssSelector: .dropdown>a>img' in '10' second(s)

2020-12-17 23:09:23 - [MESSAGE][PASSED] - Object 'Object Repository/Kullanici_Islemleri/KullaniciIslemleri' is clickable

2020-12-17 23:09:23 - [TEST_STEP][PASSED] - click(findTestObject("Object Repository/Kullanici_Islemleri/KullaniciIslemleri")): Object: 'Object Repository/Kullanici_Islemleri/KullaniciIslemleri' is clicked on

2020-12-17 23:09:23 - [MESSAGE][INFO] - Finding Test Object 'Object Repository/Kullanici_Islemleri/KullaniciIslemleri'

2020-12-17 23:09:23 - [MESSAGE][INFO] - Checking object

2020-12-17 23:09:23 - [MESSAGE][INFO] - Finding web element from Test Object's properties

2020-12-17 23:09:23 - [MESSAGE][INFO] - Checking timeout

2020-12-17 23:09:23 - [MESSAGE][INFO] - Finding web element with id: 'Object Repository/Kullanici_Islemleri/KullaniciIslemleri' located by 'By.cssSelector: .dropdown>a>img' in '30' second(s)

2020-12-17 23:09:23 - [MESSAGE][INFO] - Smart Wait Function is triggered

2020-12-17 23:09:23 - [MESSAGE][INFO] - Found 1 web elements with id: 'Object Repository/Kullanici_Islemleri/KullaniciIslemleri' located by 'By.cssSelector: .dropdown>a>img' in '30' second(s)

2020-12-17 23:09:23 - [MESSAGE][INFO] - Clicking on object: 'Object Repository/Kullanici_Islemleri/KullaniciIslemleri'

2020-12-17 23:09:23 - [MESSAGE][PASSED] - Object: 'Object Repository/Kullanici_Islemleri/KullaniciIslemleri' is clicked on

2020-12-17 23:09:23 - [TEST_STEP][PASSED] - Method.TextDegerineEsitElementeTikla(findTestObject("Object Repository/Kullanici_Islemleri/Secenekler"), Islem): Method.TextDegerineEsitElementeTikla is PASSED

2020-12-17 23:09:23 - [MESSAGE][INFO] - Finding Test Object 'Object Repository/Kullanici_Islemleri/Secenekler'

2020-12-17 23:09:23 - [MESSAGE][INFO] - Checking timeout

2020-12-17 23:09:23 - [MESSAGE][INFO] - Finding web element with id: 'Object Repository/Kullanici_Islemleri/Secenekler' located by 'By.cssSelector: .nav.navbar-nav.navbar-right li a' in '10' second(s)

2020-12-17 23:09:23 - [MESSAGE][INFO] - Smart Wait Function is triggered

2020-12-17 23:09:24 - [MESSAGE][INFO] - Found 25 web elements with id: 'Object Repository/Kullanici_Islemleri/Secenekler' located by 'By.cssSelector: .nav.navbar-nav.navbar-right li a' in '10' second(s)

2020-12-17 23:09:24 - [MESSAGE][PASSED] - Method.TextDegerineEsitElementeTikla is PASSED

2020-12-17 23:09:24 - [TEST_STEP][PASSED] - verifyElementNotPresent(findTestObject("Object Repository/Kullanici_Islemleri/Secenekler"), 10): Web element with id: 'Object Repository/Kullanici_Islemleri/Secenekler' located by 'By.cssSelector: .nav.navbar-nav.navbar-right li a' is not present after '10' second(s)

2020-12-17 23:09:24 - [MESSAGE][INFO] - Finding Test Object 'Object Repository/Kullanici_Islemleri/Secenekler'

2020-12-17 23:09:25 - [MESSAGE][INFO] - Checking object

2020-12-17 23:09:25 - [MESSAGE][INFO] - Checking timeout

2020-12-17 23:09:25 - [MESSAGE][INFO] - Finding web element with id: 'Object Repository/Kullanici_Islemleri/Secenekler' located by 'By.cssSelector: .nav.navbar-nav.navbar-right li a' in '10' second(s)

2020-12-17 23:09:25 - [MESSAGE][INFO] - Smart Wait Function is triggered

2020-12-17 23:09:25 - [MESSAGE][PASSED] - Web element with id: 'Object Repository/Kullanici_Islemleri/Secenekler' located by 'By.cssSelector: .nav.navbar-nav.navbar-right li a' is not present after '10' second(s)

2020-12-17 23:09:25 - [MESSAGE][PASSED] - Call Test Case 'Test Cases/Kullanici_Islemleri/KullaniciIslemlerindenSecimYapilir' successfully

2020-12-17 23:09:25 - [MESSAGE][PASSED] - Kullanıcı işlemlerinden Çıkış seçilir

2020-12-17 23:09:25 - [MESSAGE][FAILED] - Keyword runFeatureFile was failed (Root cause: java.lang.NullPointerException: No format for key faıled
	at cucumber.runtime.formatter.AnsiFormats.get(AnsiFormats.java:51)
	at cucumber.runtime.Stats.printScenarios(Stats.java:170)
	at cucumber.runtime.Stats.printNonZeroResultScenarios(Stats.java:161)
	at cucumber.runtime.Stats.printStats(Stats.java:107)
	at cucumber.runtime.DefaultSummaryPrinter.printStats(DefaultSummaryPrinter.java:34)
	at cucumber.runtime.DefaultSummaryPrinter.print(DefaultSummaryPrinter.java:27)
	at cucumber.runtime.DefaultSummaryPrinter.access$000(DefaultSummaryPrinter.java:14)
	at cucumber.runtime.DefaultSummaryPrinter$1.receive(DefaultSummaryPrinter.java:63)
	at cucumber.runtime.DefaultSummaryPrinter$1.receive(DefaultSummaryPrinter.java:60)
	at cucumber.runner.EventBus.send(EventBus.java:28)
	at cucumber.runtime.Runtime.run(Runtime.java:109)
	at cucumber.api.cli.Main.run(Main.java:35)
	at cucumber.api.cli.Main$run.call(Unknown Source)
	at com.kms.katalon.core.cucumber.keyword.CucumberBuiltinKeywords$_runFeatureFile_closure1.doCall(CucumberBuiltinKeywords.groovy:76)
	at com.kms.katalon.core.cucumber.keyword.CucumberBuiltinKeywords$_runFeatureFile_closure1.doCall(CucumberBuiltinKeywords.groovy)
	at com.kms.katalon.core.keyword.internal.KeywordMain.runKeyword(KeywordMain.groovy:68)
	at com.kms.katalon.core.keyword.internal.KeywordMain$runKeyword.call(Unknown Source)
	at com.kms.katalon.core.cucumber.keyword.CucumberBuiltinKeywords.runFeatureFile(CucumberBuiltinKeywords.groovy:46)
	at com.kms.katalon.core.cucumber.keyword.CucumberBuiltinKeywords$runFeatureFile$0.callStatic(Unknown Source)
	at com.kms.katalon.core.cucumber.keyword.CucumberBuiltinKeywords.runFeatureFile(CucumberBuiltinKeywords.groovy:169)
	at com.kms.katalon.core.cucumber.keyword.CucumberBuiltinKeywords$runFeatureFile.call(Unknown Source)
	at Ekran Kontrolu.run(Ekran Kontrolu:19)
	at com.kms.katalon.core.main.ScriptEngine.run(ScriptEngine.java:194)
	at com.kms.katalon.core.main.ScriptEngine.runScriptAsRawText(ScriptEngine.java:119)
	at com.kms.katalon.core.main.TestCaseExecutor.runScript(TestCaseExecutor.java:339)
	at com.kms.katalon.core.main.TestCaseExecutor.doExecute(TestCaseExecutor.java:330)
	at com.kms.katalon.core.main.TestCaseExecutor.processExecutionPhase(TestCaseExecutor.java:309)
	at com.kms.katalon.core.main.TestCaseExecutor.accessMainPhase(TestCaseExecutor.java:301)
	at com.kms.katalon.core.main.TestCaseExecutor.execute(TestCaseExecutor.java:235)
	at com.kms.katalon.core.main.TestSuiteExecutor.accessTestCaseMainPhase(TestSuiteExecutor.java:191)
	at com.kms.katalon.core.main.TestSuiteExecutor.accessTestSuiteMainPhase(TestSuiteExecutor.java:141)
	at com.kms.katalon.core.main.TestSuiteExecutor.execute(TestSuiteExecutor.java:90)
	at com.kms.katalon.core.main.TestCaseMain.startTestSuite(TestCaseMain.java:157)
	at com.kms.katalon.core.main.TestCaseMain$startTestSuite$0.call(Unknown Source)
	at TempTestSuite1608235703341.run(TempTestSuite1608235703341.groovy:39)
)

2020-12-17 23:09:25 - [TEST_STEP][PASSED] - Start listener action : sampleAfterTestSuite: Invoke 'com.kms.katalon.core.annotation.AfterTestCase' method: 'Listener.sampleAfterTestSuite(...)' completed.

2020-12-17 23:09:25 - [MESSAGE][INFO] - Starting invoke 'com.kms.katalon.core.annotation.AfterTestCase' method: 'Listener.sampleAfterTestSuite(...)'

2020-12-17 23:09:25 - [MESSAGE][INFO] - Invoke 'com.kms.katalon.core.annotation.AfterTestCase' method: 'Listener.sampleAfterTestSuite(...)' completed.]]></system-out>
         <system-err><![CDATA[2020-12-17 23:08:37 - [TEST_CASE][FAILED] - Test Cases/Case Repository/e-Arsiv/e-Arsiv Araclari/e-Arsiv Fatura Olusturma/Ekran Kontrolu: Test Cases/Case Repository/e-Arsiv/e-Arsiv Araclari/e-Arsiv Fatura Olusturma/Ekran Kontrolu FAILED.
Reason:
com.kms.katalon.core.exception.StepFailedException: Keyword runFeatureFile was failed (Root cause: java.lang.NullPointerException: No format for key faıled
	at cucumber.runtime.formatter.AnsiFormats.get(AnsiFormats.java:51)
	at cucumber.runtime.Stats.printScenarios(Stats.java:170)
	at cucumber.runtime.Stats.printNonZeroResultScenarios(Stats.java:161)
	at cucumber.runtime.Stats.printStats(Stats.java:107)
	at cucumber.runtime.DefaultSummaryPrinter.printStats(DefaultSummaryPrinter.java:34)
	at cucumber.runtime.DefaultSummaryPrinter.print(DefaultSummaryPrinter.java:27)
	at cucumber.runtime.DefaultSummaryPrinter.access$000(DefaultSummaryPrinter.java:14)
	at cucumber.runtime.DefaultSummaryPrinter$1.receive(DefaultSummaryPrinter.java:63)
	at cucumber.runtime.DefaultSummaryPrinter$1.receive(DefaultSummaryPrinter.java:60)
	at cucumber.runner.EventBus.send(EventBus.java:28)
	at cucumber.runtime.Runtime.run(Runtime.java:109)
	at cucumber.api.cli.Main.run(Main.java:35)
	at cucumber.api.cli.Main$run.call(Unknown Source)
	at com.kms.katalon.core.cucumber.keyword.CucumberBuiltinKeywords$_runFeatureFile_closure1.doCall(CucumberBuiltinKeywords.groovy:76)
	at com.kms.katalon.core.cucumber.keyword.CucumberBuiltinKeywords$_runFeatureFile_closure1.doCall(CucumberBuiltinKeywords.groovy)
	at com.kms.katalon.core.keyword.internal.KeywordMain.runKeyword(KeywordMain.groovy:68)
	at com.kms.katalon.core.keyword.internal.KeywordMain$runKeyword.call(Unknown Source)
	at com.kms.katalon.core.cucumber.keyword.CucumberBuiltinKeywords.runFeatureFile(CucumberBuiltinKeywords.groovy:46)
	at com.kms.katalon.core.cucumber.keyword.CucumberBuiltinKeywords$runFeatureFile$0.callStatic(Unknown Source)
	at com.kms.katalon.core.cucumber.keyword.CucumberBuiltinKeywords.runFeatureFile(CucumberBuiltinKeywords.groovy:169)
	at com.kms.katalon.core.cucumber.keyword.CucumberBuiltinKeywords$runFeatureFile.call(Unknown Source)
	at Ekran Kontrolu.run(Ekran Kontrolu:19)
	at com.kms.katalon.core.main.ScriptEngine.run(ScriptEngine.java:194)
	at com.kms.katalon.core.main.ScriptEngine.runScriptAsRawText(ScriptEngine.java:119)
	at com.kms.katalon.core.main.TestCaseExecutor.runScript(TestCaseExecutor.java:339)
	at com.kms.katalon.core.main.TestCaseExecutor.doExecute(TestCaseExecutor.java:330)
	at com.kms.katalon.core.main.TestCaseExecutor.processExecutionPhase(TestCaseExecutor.java:309)
	at com.kms.katalon.core.main.TestCaseExecutor.accessMainPhase(TestCaseExecutor.java:301)
	at com.kms.katalon.core.main.TestCaseExecutor.execute(TestCaseExecutor.java:235)
	at com.kms.katalon.core.main.TestSuiteExecutor.accessTestCaseMainPhase(TestSuiteExecutor.java:191)
	at com.kms.katalon.core.main.TestSuiteExecutor.accessTestSuiteMainPhase(TestSuiteExecutor.java:141)
	at com.kms.katalon.core.main.TestSuiteExecutor.execute(TestSuiteExecutor.java:90)
	at com.kms.katalon.core.main.TestCaseMain.startTestSuite(TestCaseMain.java:157)
	at com.kms.katalon.core.main.TestCaseMain$startTestSuite$0.call(Unknown Source)
	at TempTestSuite1608235703341.run(TempTestSuite1608235703341.groovy:39)
)
	at com.kms.katalon.core.keyword.internal.KeywordMain.stepFailed(KeywordMain.groovy:50)
	at com.kms.katalon.core.keyword.internal.KeywordMain.stepFailed(KeywordMain.groovy)
	at com.kms.katalon.core.keyword.internal.KeywordMain.runKeyword(KeywordMain.groovy:70)
	at com.kms.katalon.core.keyword.internal.KeywordMain$runKeyword.call(Unknown Source)
	at com.kms.katalon.core.cucumber.keyword.CucumberBuiltinKeywords.runFeatureFile(CucumberBuiltinKeywords.groovy:46)
	at com.kms.katalon.core.cucumber.keyword.CucumberBuiltinKeywords$runFeatureFile$0.callStatic(Unknown Source)
	at com.kms.katalon.core.cucumber.keyword.CucumberBuiltinKeywords.runFeatureFile(CucumberBuiltinKeywords.groovy:169)
	at com.kms.katalon.core.cucumber.keyword.CucumberBuiltinKeywords$runFeatureFile.call(Unknown Source)
	at Ekran Kontrolu.run(Ekran Kontrolu:19)
	at com.kms.katalon.core.main.ScriptEngine.run(ScriptEngine.java:194)
	at com.kms.katalon.core.main.ScriptEngine.runScriptAsRawText(ScriptEngine.java:119)
	at com.kms.katalon.core.main.TestCaseExecutor.runScript(TestCaseExecutor.java:339)
	at com.kms.katalon.core.main.TestCaseExecutor.doExecute(TestCaseExecutor.java:330)
	at com.kms.katalon.core.main.TestCaseExecutor.processExecutionPhase(TestCaseExecutor.java:309)
	at com.kms.katalon.core.main.TestCaseExecutor.accessMainPhase(TestCaseExecutor.java:301)
	at com.kms.katalon.core.main.TestCaseExecutor.execute(TestCaseExecutor.java:235)
	at com.kms.katalon.core.main.TestSuiteExecutor.accessTestCaseMainPhase(TestSuiteExecutor.java:191)
	at com.kms.katalon.core.main.TestSuiteExecutor.accessTestSuiteMainPhase(TestSuiteExecutor.java:141)
	at com.kms.katalon.core.main.TestSuiteExecutor.execute(TestSuiteExecutor.java:90)
	at com.kms.katalon.core.main.TestCaseMain.startTestSuite(TestCaseMain.java:157)
	at com.kms.katalon.core.main.TestCaseMain$startTestSuite$0.call(Unknown Source)
	at TempTestSuite1608235703341.run(TempTestSuite1608235703341.groovy:39)
Caused by: java.lang.NullPointerException: No format for key faıled
	at cucumber.runtime.formatter.AnsiFormats.get(AnsiFormats.java:51)
	at cucumber.runtime.Stats.printScenarios(Stats.java:170)
	at cucumber.runtime.Stats.printNonZeroResultScenarios(Stats.java:161)
	at cucumber.runtime.Stats.printStats(Stats.java:107)
	at cucumber.runtime.DefaultSummaryPrinter.printStats(DefaultSummaryPrinter.java:34)
	at cucumber.runtime.DefaultSummaryPrinter.print(DefaultSummaryPrinter.java:27)
	at cucumber.runtime.DefaultSummaryPrinter.access$000(DefaultSummaryPrinter.java:14)
	at cucumber.runtime.DefaultSummaryPrinter$1.receive(DefaultSummaryPrinter.java:63)
	at cucumber.runtime.DefaultSummaryPrinter$1.receive(DefaultSummaryPrinter.java:60)
	at cucumber.runner.EventBus.send(EventBus.java:28)
	at cucumber.runtime.Runtime.run(Runtime.java:109)
	at cucumber.api.cli.Main.run(Main.java:35)
	at cucumber.api.cli.Main$run.call(Unknown Source)
	at com.kms.katalon.core.cucumber.keyword.CucumberBuiltinKeywords$_runFeatureFile_closure1.doCall(CucumberBuiltinKeywords.groovy:76)
	at com.kms.katalon.core.cucumber.keyword.CucumberBuiltinKeywords$_runFeatureFile_closure1.doCall(CucumberBuiltinKeywords.groovy)
	at com.kms.katalon.core.keyword.internal.KeywordMain.runKeyword(KeywordMain.groovy:68)
	... 19 more]]></system-err>
      </testcase>
      <system-out><![CDATA[2020-12-17 23:08:36 - [TEST_SUITE][FAILED] - Ekran Kontrolu: Test Cases/Case Repository/e-Arsiv/e-Arsiv Araclari/e-Arsiv Fatura Olusturma/Ekran Kontrolu FAILED.
Reason:
com.kms.katalon.core.exception.StepFailedException: Keyword runFeatureFile was failed (Root cause: java.lang.NullPointerException: No format for key faıled
	at cucumber.runtime.formatter.AnsiFormats.get(AnsiFormats.java:51)
	at cucumber.runtime.Stats.printScenarios(Stats.java:170)
	at cucumber.runtime.Stats.printNonZeroResultScenarios(Stats.java:161)
	at cucumber.runtime.Stats.printStats(Stats.java:107)
	at cucumber.runtime.DefaultSummaryPrinter.printStats(DefaultSummaryPrinter.java:34)
	at cucumber.runtime.DefaultSummaryPrinter.print(DefaultSummaryPrinter.java:27)
	at cucumber.runtime.DefaultSummaryPrinter.access$000(DefaultSummaryPrinter.java:14)
	at cucumber.runtime.DefaultSummaryPrinter$1.receive(DefaultSummaryPrinter.java:63)
	at cucumber.runtime.DefaultSummaryPrinter$1.receive(DefaultSummaryPrinter.java:60)
	at cucumber.runner.EventBus.send(EventBus.java:28)
	at cucumber.runtime.Runtime.run(Runtime.java:109)
	at cucumber.api.cli.Main.run(Main.java:35)
	at cucumber.api.cli.Main$run.call(Unknown Source)
	at com.kms.katalon.core.cucumber.keyword.CucumberBuiltinKeywords$_runFeatureFile_closure1.doCall(CucumberBuiltinKeywords.groovy:76)
	at com.kms.katalon.core.cucumber.keyword.CucumberBuiltinKeywords$_runFeatureFile_closure1.doCall(CucumberBuiltinKeywords.groovy)
	at com.kms.katalon.core.keyword.internal.KeywordMain.runKeyword(KeywordMain.groovy:68)
	at com.kms.katalon.core.keyword.internal.KeywordMain$runKeyword.call(Unknown Source)
	at com.kms.katalon.core.cucumber.keyword.CucumberBuiltinKeywords.runFeatureFile(CucumberBuiltinKeywords.groovy:46)
	at com.kms.katalon.core.cucumber.keyword.CucumberBuiltinKeywords$runFeatureFile$0.callStatic(Unknown Source)
	at com.kms.katalon.core.cucumber.keyword.CucumberBuiltinKeywords.runFeatureFile(CucumberBuiltinKeywords.groovy:169)
	at com.kms.katalon.core.cucumber.keyword.CucumberBuiltinKeywords$runFeatureFile.call(Unknown Source)
	at Ekran Kontrolu.run(Ekran Kontrolu:19)
	at com.kms.katalon.core.main.ScriptEngine.run(ScriptEngine.java:194)
	at com.kms.katalon.core.main.ScriptEngine.runScriptAsRawText(ScriptEngine.java:119)
	at com.kms.katalon.core.main.TestCaseExecutor.runScript(TestCaseExecutor.java:339)
	at com.kms.katalon.core.main.TestCaseExecutor.doExecute(TestCaseExecutor.java:330)
	at com.kms.katalon.core.main.TestCaseExecutor.processExecutionPhase(TestCaseExecutor.java:309)
	at com.kms.katalon.core.main.TestCaseExecutor.accessMainPhase(TestCaseExecutor.java:301)
	at com.kms.katalon.core.main.TestCaseExecutor.execute(TestCaseExecutor.java:235)
	at com.kms.katalon.core.main.TestSuiteExecutor.accessTestCaseMainPhase(TestSuiteExecutor.java:191)
	at com.kms.katalon.core.main.TestSuiteExecutor.accessTestSuiteMainPhase(TestSuiteExecutor.java:141)
	at com.kms.katalon.core.main.TestSuiteExecutor.execute(TestSuiteExecutor.java:90)
	at com.kms.katalon.core.main.TestCaseMain.startTestSuite(TestCaseMain.java:157)
	at com.kms.katalon.core.main.TestCaseMain$startTestSuite$0.call(Unknown Source)
	at TempTestSuite1608235703341.run(TempTestSuite1608235703341.groovy:39)
)
	at com.kms.katalon.core.keyword.internal.KeywordMain.stepFailed(KeywordMain.groovy:50)
	at com.kms.katalon.core.keyword.internal.KeywordMain.stepFailed(KeywordMain.groovy)
	at com.kms.katalon.core.keyword.internal.KeywordMain.runKeyword(KeywordMain.groovy:70)
	at com.kms.katalon.core.keyword.internal.KeywordMain$runKeyword.call(Unknown Source)
	at com.kms.katalon.core.cucumber.keyword.CucumberBuiltinKeywords.runFeatureFile(CucumberBuiltinKeywords.groovy:46)
	at com.kms.katalon.core.cucumber.keyword.CucumberBuiltinKeywords$runFeatureFile$0.callStatic(Unknown Source)
	at com.kms.katalon.core.cucumber.keyword.CucumberBuiltinKeywords.runFeatureFile(CucumberBuiltinKeywords.groovy:169)
	at com.kms.katalon.core.cucumber.keyword.CucumberBuiltinKeywords$runFeatureFile.call(Unknown Source)
	at Ekran Kontrolu.run(Ekran Kontrolu:19)
	at com.kms.katalon.core.main.ScriptEngine.run(ScriptEngine.java:194)
	at com.kms.katalon.core.main.ScriptEngine.runScriptAsRawText(ScriptEngine.java:119)
	at com.kms.katalon.core.main.TestCaseExecutor.runScript(TestCaseExecutor.java:339)
	at com.kms.katalon.core.main.TestCaseExecutor.doExecute(TestCaseExecutor.java:330)
	at com.kms.katalon.core.main.TestCaseExecutor.processExecutionPhase(TestCaseExecutor.java:309)
	at com.kms.katalon.core.main.TestCaseExecutor.accessMainPhase(TestCaseExecutor.java:301)
	at com.kms.katalon.core.main.TestCaseExecutor.execute(TestCaseExecutor.java:235)
	at com.kms.katalon.core.main.TestSuiteExecutor.accessTestCaseMainPhase(TestSuiteExecutor.java:191)
	at com.kms.katalon.core.main.TestSuiteExecutor.accessTestSuiteMainPhase(TestSuiteExecutor.java:141)
	at com.kms.katalon.core.main.TestSuiteExecutor.execute(TestSuiteExecutor.java:90)
	at com.kms.katalon.core.main.TestCaseMain.startTestSuite(TestCaseMain.java:157)
	at com.kms.katalon.core.main.TestCaseMain$startTestSuite$0.call(Unknown Source)
	at TempTestSuite1608235703341.run(TempTestSuite1608235703341.groovy:39)
Caused by: java.lang.NullPointerException: No format for key faıled
	at cucumber.runtime.formatter.AnsiFormats.get(AnsiFormats.java:51)
	at cucumber.runtime.Stats.printScenarios(Stats.java:170)
	at cucumber.runtime.Stats.printNonZeroResultScenarios(Stats.java:161)
	at cucumber.runtime.Stats.printStats(Stats.java:107)
	at cucumber.runtime.DefaultSummaryPrinter.printStats(DefaultSummaryPrinter.java:34)
	at cucumber.runtime.DefaultSummaryPrinter.print(DefaultSummaryPrinter.java:27)
	at cucumber.runtime.DefaultSummaryPrinter.access$000(DefaultSummaryPrinter.java:14)
	at cucumber.runtime.DefaultSummaryPrinter$1.receive(DefaultSummaryPrinter.java:63)
	at cucumber.runtime.DefaultSummaryPrinter$1.receive(DefaultSummaryPrinter.java:60)
	at cucumber.runner.EventBus.send(EventBus.java:28)
	at cucumber.runtime.Runtime.run(Runtime.java:109)
	at cucumber.api.cli.Main.run(Main.java:35)
	at cucumber.api.cli.Main$run.call(Unknown Source)
	at com.kms.katalon.core.cucumber.keyword.CucumberBuiltinKeywords$_runFeatureFile_closure1.doCall(CucumberBuiltinKeywords.groovy:76)
	at com.kms.katalon.core.cucumber.keyword.CucumberBuiltinKeywords$_runFeatureFile_closure1.doCall(CucumberBuiltinKeywords.groovy)
	at com.kms.katalon.core.keyword.internal.KeywordMain.runKeyword(KeywordMain.groovy:68)
	... 19 more]]></system-out>
      <system-err><![CDATA[2020-12-17 23:08:36 - [TEST_SUITE][FAILED] - Ekran Kontrolu: Test Cases/Case Repository/e-Arsiv/e-Arsiv Araclari/e-Arsiv Fatura Olusturma/Ekran Kontrolu FAILED.
Reason:
com.kms.katalon.core.exception.StepFailedException: Keyword runFeatureFile was failed (Root cause: java.lang.NullPointerException: No format for key faıled
	at cucumber.runtime.formatter.AnsiFormats.get(AnsiFormats.java:51)
	at cucumber.runtime.Stats.printScenarios(Stats.java:170)
	at cucumber.runtime.Stats.printNonZeroResultScenarios(Stats.java:161)
	at cucumber.runtime.Stats.printStats(Stats.java:107)
	at cucumber.runtime.DefaultSummaryPrinter.printStats(DefaultSummaryPrinter.java:34)
	at cucumber.runtime.DefaultSummaryPrinter.print(DefaultSummaryPrinter.java:27)
	at cucumber.runtime.DefaultSummaryPrinter.access$000(DefaultSummaryPrinter.java:14)
	at cucumber.runtime.DefaultSummaryPrinter$1.receive(DefaultSummaryPrinter.java:63)
	at cucumber.runtime.DefaultSummaryPrinter$1.receive(DefaultSummaryPrinter.java:60)
	at cucumber.runner.EventBus.send(EventBus.java:28)
	at cucumber.runtime.Runtime.run(Runtime.java:109)
	at cucumber.api.cli.Main.run(Main.java:35)
	at cucumber.api.cli.Main$run.call(Unknown Source)
	at com.kms.katalon.core.cucumber.keyword.CucumberBuiltinKeywords$_runFeatureFile_closure1.doCall(CucumberBuiltinKeywords.groovy:76)
	at com.kms.katalon.core.cucumber.keyword.CucumberBuiltinKeywords$_runFeatureFile_closure1.doCall(CucumberBuiltinKeywords.groovy)
	at com.kms.katalon.core.keyword.internal.KeywordMain.runKeyword(KeywordMain.groovy:68)
	at com.kms.katalon.core.keyword.internal.KeywordMain$runKeyword.call(Unknown Source)
	at com.kms.katalon.core.cucumber.keyword.CucumberBuiltinKeywords.runFeatureFile(CucumberBuiltinKeywords.groovy:46)
	at com.kms.katalon.core.cucumber.keyword.CucumberBuiltinKeywords$runFeatureFile$0.callStatic(Unknown Source)
	at com.kms.katalon.core.cucumber.keyword.CucumberBuiltinKeywords.runFeatureFile(CucumberBuiltinKeywords.groovy:169)
	at com.kms.katalon.core.cucumber.keyword.CucumberBuiltinKeywords$runFeatureFile.call(Unknown Source)
	at Ekran Kontrolu.run(Ekran Kontrolu:19)
	at com.kms.katalon.core.main.ScriptEngine.run(ScriptEngine.java:194)
	at com.kms.katalon.core.main.ScriptEngine.runScriptAsRawText(ScriptEngine.java:119)
	at com.kms.katalon.core.main.TestCaseExecutor.runScript(TestCaseExecutor.java:339)
	at com.kms.katalon.core.main.TestCaseExecutor.doExecute(TestCaseExecutor.java:330)
	at com.kms.katalon.core.main.TestCaseExecutor.processExecutionPhase(TestCaseExecutor.java:309)
	at com.kms.katalon.core.main.TestCaseExecutor.accessMainPhase(TestCaseExecutor.java:301)
	at com.kms.katalon.core.main.TestCaseExecutor.execute(TestCaseExecutor.java:235)
	at com.kms.katalon.core.main.TestSuiteExecutor.accessTestCaseMainPhase(TestSuiteExecutor.java:191)
	at com.kms.katalon.core.main.TestSuiteExecutor.accessTestSuiteMainPhase(TestSuiteExecutor.java:141)
	at com.kms.katalon.core.main.TestSuiteExecutor.execute(TestSuiteExecutor.java:90)
	at com.kms.katalon.core.main.TestCaseMain.startTestSuite(TestCaseMain.java:157)
	at com.kms.katalon.core.main.TestCaseMain$startTestSuite$0.call(Unknown Source)
	at TempTestSuite1608235703341.run(TempTestSuite1608235703341.groovy:39)
)
	at com.kms.katalon.core.keyword.internal.KeywordMain.stepFailed(KeywordMain.groovy:50)
	at com.kms.katalon.core.keyword.internal.KeywordMain.stepFailed(KeywordMain.groovy)
	at com.kms.katalon.core.keyword.internal.KeywordMain.runKeyword(KeywordMain.groovy:70)
	at com.kms.katalon.core.keyword.internal.KeywordMain$runKeyword.call(Unknown Source)
	at com.kms.katalon.core.cucumber.keyword.CucumberBuiltinKeywords.runFeatureFile(CucumberBuiltinKeywords.groovy:46)
	at com.kms.katalon.core.cucumber.keyword.CucumberBuiltinKeywords$runFeatureFile$0.callStatic(Unknown Source)
	at com.kms.katalon.core.cucumber.keyword.CucumberBuiltinKeywords.runFeatureFile(CucumberBuiltinKeywords.groovy:169)
	at com.kms.katalon.core.cucumber.keyword.CucumberBuiltinKeywords$runFeatureFile.call(Unknown Source)
	at Ekran Kontrolu.run(Ekran Kontrolu:19)
	at com.kms.katalon.core.main.ScriptEngine.run(ScriptEngine.java:194)
	at com.kms.katalon.core.main.ScriptEngine.runScriptAsRawText(ScriptEngine.java:119)
	at com.kms.katalon.core.main.TestCaseExecutor.runScript(TestCaseExecutor.java:339)
	at com.kms.katalon.core.main.TestCaseExecutor.doExecute(TestCaseExecutor.java:330)
	at com.kms.katalon.core.main.TestCaseExecutor.processExecutionPhase(TestCaseExecutor.java:309)
	at com.kms.katalon.core.main.TestCaseExecutor.accessMainPhase(TestCaseExecutor.java:301)
	at com.kms.katalon.core.main.TestCaseExecutor.execute(TestCaseExecutor.java:235)
	at com.kms.katalon.core.main.TestSuiteExecutor.accessTestCaseMainPhase(TestSuiteExecutor.java:191)
	at com.kms.katalon.core.main.TestSuiteExecutor.accessTestSuiteMainPhase(TestSuiteExecutor.java:141)
	at com.kms.katalon.core.main.TestSuiteExecutor.execute(TestSuiteExecutor.java:90)
	at com.kms.katalon.core.main.TestCaseMain.startTestSuite(TestCaseMain.java:157)
	at com.kms.katalon.core.main.TestCaseMain$startTestSuite$0.call(Unknown Source)
	at TempTestSuite1608235703341.run(TempTestSuite1608235703341.groovy:39)
Caused by: java.lang.NullPointerException: No format for key faıled
	at cucumber.runtime.formatter.AnsiFormats.get(AnsiFormats.java:51)
	at cucumber.runtime.Stats.printScenarios(Stats.java:170)
	at cucumber.runtime.Stats.printNonZeroResultScenarios(Stats.java:161)
	at cucumber.runtime.Stats.printStats(Stats.java:107)
	at cucumber.runtime.DefaultSummaryPrinter.printStats(DefaultSummaryPrinter.java:34)
	at cucumber.runtime.DefaultSummaryPrinter.print(DefaultSummaryPrinter.java:27)
	at cucumber.runtime.DefaultSummaryPrinter.access$000(DefaultSummaryPrinter.java:14)
	at cucumber.runtime.DefaultSummaryPrinter$1.receive(DefaultSummaryPrinter.java:63)
	at cucumber.runtime.DefaultSummaryPrinter$1.receive(DefaultSummaryPrinter.java:60)
	at cucumber.runner.EventBus.send(EventBus.java:28)
	at cucumber.runtime.Runtime.run(Runtime.java:109)
	at cucumber.api.cli.Main.run(Main.java:35)
	at cucumber.api.cli.Main$run.call(Unknown Source)
	at com.kms.katalon.core.cucumber.keyword.CucumberBuiltinKeywords$_runFeatureFile_closure1.doCall(CucumberBuiltinKeywords.groovy:76)
	at com.kms.katalon.core.cucumber.keyword.CucumberBuiltinKeywords$_runFeatureFile_closure1.doCall(CucumberBuiltinKeywords.groovy)
	at com.kms.katalon.core.keyword.internal.KeywordMain.runKeyword(KeywordMain.groovy:68)
	... 19 more]]></system-err>
   </testsuite>
   <testsuite name="Ekran Kontrolu" tests="1" failures="1" errors="0" time="65.25" timestamp="2020-12-17 23:08:35" hostname="yigit - LAPTOP-7436ND4C" id="">
      <properties>
         <property name="deviceName" value=""/>
         <property name="devicePlatform" value=""/>
         <property name="logFolder" value="C:\\Users\\yigit\\Documents\\GitHub\\eesekim\\Reports\\20201217_230810\\_Suite Repository ( Deneysel )\\e-Arsiv\\e-Arsiv Araclari\\e-Arsiv Taslak\\Ekran Kontrolu\\20201217_230825"/>
         <property name="logFiles" value="C:\\Users\\yigit\\Documents\\GitHub\\eesekim\\Reports\\20201217_230810\\_Suite Repository ( Deneysel )\\e-Arsiv\\e-Arsiv Araclari\\e-Arsiv Taslak\\Ekran Kontrolu\\20201217_230825\\execution0.log"/>
         <property name="attachments" value=""/>
         <property name="hostName" value="yigit - LAPTOP-7436ND4C"/>
         <property name="os" value="Windows 10 64bit"/>
         <property name="katalonVersion" value="7.7.2.205"/>
         <property name="browser" value="Chrome 87.0.4280.88"/>
         <property name="hostAddress" value="10.10.10.154"/>
         <property name="sessionId" value="40dea41cd79673d03ea7f7809f0fb638"/>
         <property name="seleniumVersion" value="3.141.59"/>
         <property name="proxyInformation" value="ProxyInformation { proxyOption=NO_PROXY, proxyServerType=HTTP, username=, password=********, proxyServerAddress=, proxyServerPort=0, executionList=&quot;&quot;, isApplyToDesiredCapabilities=true }"/>
         <property name="platform" value="Windows 10"/>
      </properties>
      <testcase name="Test Cases/Case Repository/e-Arsiv/e-Arsiv Araclari/e-Arsiv Taslak/Buton Kontrolu" time="62.721" classname="Test Cases/Case Repository/e-Arsiv/e-Arsiv Araclari/e-Arsiv Taslak/Buton Kontrolu" status="FAILED">
         <failure type="FAILED" message="Test Cases/Case Repository/e-Arsiv/e-Arsiv Araclari/e-Arsiv Taslak/Buton Kontrolu FAILED.
Reason:
com.kms.katalon.core.exception.StepFailedException: Keyword runFeatureFile was failed (Root cause: java.lang.NullPointerException: No format for key faıled
	at cucumber.runtime.formatter.AnsiFormats.get(AnsiFormats.java:51)
	at cucumber.runtime.Stats.printScenarios(Stats.java:170)
	at cucumber.runtime.Stats.printNonZeroResultScenarios(Stats.java:161)
	at cucumber.runtime.Stats.printStats(Stats.java:107)
	at cucumber.runtime.DefaultSummaryPrinter.printStats(DefaultSummaryPrinter.java:34)
	at cucumber.runtime.DefaultSummaryPrinter.print(DefaultSummaryPrinter.java:27)
	at cucumber.runtime.DefaultSummaryPrinter.access$000(DefaultSummaryPrinter.java:14)
	at cucumber.runtime.DefaultSummaryPrinter$1.receive(DefaultSummaryPrinter.java:63)
	at cucumber.runtime.DefaultSummaryPrinter$1.receive(DefaultSummaryPrinter.java:60)
	at cucumber.runner.EventBus.send(EventBus.java:28)
	at cucumber.runtime.Runtime.run(Runtime.java:109)
	at cucumber.api.cli.Main.run(Main.java:35)
	at cucumber.api.cli.Main$run.call(Unknown Source)
	at com.kms.katalon.core.cucumber.keyword.CucumberBuiltinKeywords$_runFeatureFile_closure1.doCall(CucumberBuiltinKeywords.groovy:76)
	at com.kms.katalon.core.cucumber.keyword.CucumberBuiltinKeywords$_runFeatureFile_closure1.doCall(CucumberBuiltinKeywords.groovy)
	at com.kms.katalon.core.keyword.internal.KeywordMain.runKeyword(KeywordMain.groovy:68)
	at com.kms.katalon.core.keyword.internal.KeywordMain$runKeyword.call(Unknown Source)
	at com.kms.katalon.core.cucumber.keyword.CucumberBuiltinKeywords.runFeatureFile(CucumberBuiltinKeywords.groovy:46)
	at com.kms.katalon.core.cucumber.keyword.CucumberBuiltinKeywords$runFeatureFile$0.callStatic(Unknown Source)
	at com.kms.katalon.core.cucumber.keyword.CucumberBuiltinKeywords.runFeatureFile(CucumberBuiltinKeywords.groovy:169)
	at com.kms.katalon.core.cucumber.keyword.CucumberBuiltinKeywords$runFeatureFile.call(Unknown Source)
	at Buton Kontrolu.run(Buton Kontrolu:19)
	at com.kms.katalon.core.main.ScriptEngine.run(ScriptEngine.java:194)
	at com.kms.katalon.core.main.ScriptEngine.runScriptAsRawText(ScriptEngine.java:119)
	at com.kms.katalon.core.main.TestCaseExecutor.runScript(TestCaseExecutor.java:339)
	at com.kms.katalon.core.main.TestCaseExecutor.doExecute(TestCaseExecutor.java:330)
	at com.kms.katalon.core.main.TestCaseExecutor.processExecutionPhase(TestCaseExecutor.java:309)
	at com.kms.katalon.core.main.TestCaseExecutor.accessMainPhase(TestCaseExecutor.java:301)
	at com.kms.katalon.core.main.TestCaseExecutor.execute(TestCaseExecutor.java:235)
	at com.kms.katalon.core.main.TestSuiteExecutor.accessTestCaseMainPhase(TestSuiteExecutor.java:191)
	at com.kms.katalon.core.main.TestSuiteExecutor.accessTestSuiteMainPhase(TestSuiteExecutor.java:141)
	at com.kms.katalon.core.main.TestSuiteExecutor.execute(TestSuiteExecutor.java:90)
	at com.kms.katalon.core.main.TestCaseMain.startTestSuite(TestCaseMain.java:157)
	at com.kms.katalon.core.main.TestCaseMain$startTestSuite$0.call(Unknown Source)
	at TempTestSuite1608235705297.run(TempTestSuite1608235705297.groovy:39)
)
	at com.kms.katalon.core.keyword.internal.KeywordMain.stepFailed(KeywordMain.groovy:50)
	at com.kms.katalon.core.keyword.internal.KeywordMain.stepFailed(KeywordMain.groovy)
	at com.kms.katalon.core.keyword.internal.KeywordMain.runKeyword(KeywordMain.groovy:70)
	at com.kms.katalon.core.keyword.internal.KeywordMain$runKeyword.call(Unknown Source)
	at com.kms.katalon.core.cucumber.keyword.CucumberBuiltinKeywords.runFeatureFile(CucumberBuiltinKeywords.groovy:46)
	at com.kms.katalon.core.cucumber.keyword.CucumberBuiltinKeywords$runFeatureFile$0.callStatic(Unknown Source)
	at com.kms.katalon.core.cucumber.keyword.CucumberBuiltinKeywords.runFeatureFile(CucumberBuiltinKeywords.groovy:169)
	at com.kms.katalon.core.cucumber.keyword.CucumberBuiltinKeywords$runFeatureFile.call(Unknown Source)
	at Buton Kontrolu.run(Buton Kontrolu:19)
	at com.kms.katalon.core.main.ScriptEngine.run(ScriptEngine.java:194)
	at com.kms.katalon.core.main.ScriptEngine.runScriptAsRawText(ScriptEngine.java:119)
	at com.kms.katalon.core.main.TestCaseExecutor.runScript(TestCaseExecutor.java:339)
	at com.kms.katalon.core.main.TestCaseExecutor.doExecute(TestCaseExecutor.java:330)
	at com.kms.katalon.core.main.TestCaseExecutor.processExecutionPhase(TestCaseExecutor.java:309)
	at com.kms.katalon.core.main.TestCaseExecutor.accessMainPhase(TestCaseExecutor.java:301)
	at com.kms.katalon.core.main.TestCaseExecutor.execute(TestCaseExecutor.java:235)
	at com.kms.katalon.core.main.TestSuiteExecutor.accessTestCaseMainPhase(TestSuiteExecutor.java:191)
	at com.kms.katalon.core.main.TestSuiteExecutor.accessTestSuiteMainPhase(TestSuiteExecutor.java:141)
	at com.kms.katalon.core.main.TestSuiteExecutor.execute(TestSuiteExecutor.java:90)
	at com.kms.katalon.core.main.TestCaseMain.startTestSuite(TestCaseMain.java:157)
	at com.kms.katalon.core.main.TestCaseMain$startTestSuite$0.call(Unknown Source)
	at TempTestSuite1608235705297.run(TempTestSuite1608235705297.groovy:39)
Caused by: java.lang.NullPointerException: No format for key faıled
	at cucumber.runtime.formatter.AnsiFormats.get(AnsiFormats.java:51)
	at cucumber.runtime.Stats.printScenarios(Stats.java:170)
	at cucumber.runtime.Stats.printNonZeroResultScenarios(Stats.java:161)
	at cucumber.runtime.Stats.printStats(Stats.java:107)
	at cucumber.runtime.DefaultSummaryPrinter.printStats(DefaultSummaryPrinter.java:34)
	at cucumber.runtime.DefaultSummaryPrinter.print(DefaultSummaryPrinter.java:27)
	at cucumber.runtime.DefaultSummaryPrinter.access$000(DefaultSummaryPrinter.java:14)
	at cucumber.runtime.DefaultSummaryPrinter$1.receive(DefaultSummaryPrinter.java:63)
	at cucumber.runtime.DefaultSummaryPrinter$1.receive(DefaultSummaryPrinter.java:60)
	at cucumber.runner.EventBus.send(EventBus.java:28)
	at cucumber.runtime.Runtime.run(Runtime.java:109)
	at cucumber.api.cli.Main.run(Main.java:35)
	at cucumber.api.cli.Main$run.call(Unknown Source)
	at com.kms.katalon.core.cucumber.keyword.CucumberBuiltinKeywords$_runFeatureFile_closure1.doCall(CucumberBuiltinKeywords.groovy:76)
	at com.kms.katalon.core.cucumber.keyword.CucumberBuiltinKeywords$_runFeatureFile_closure1.doCall(CucumberBuiltinKeywords.groovy)
	at com.kms.katalon.core.keyword.internal.KeywordMain.runKeyword(KeywordMain.groovy:68)
	... 19 more
"/>
         <system-out><![CDATA[2020-12-17 23:08:37 - [TEST_CASE][FAILED] - Test Cases/Case Repository/e-Arsiv/e-Arsiv Araclari/e-Arsiv Taslak/Buton Kontrolu: Test Cases/Case Repository/e-Arsiv/e-Arsiv Araclari/e-Arsiv Taslak/Buton Kontrolu FAILED.
Reason:
com.kms.katalon.core.exception.StepFailedException: Keyword runFeatureFile was failed (Root cause: java.lang.NullPointerException: No format for key faıled
	at cucumber.runtime.formatter.AnsiFormats.get(AnsiFormats.java:51)
	at cucumber.runtime.Stats.printScenarios(Stats.java:170)
	at cucumber.runtime.Stats.printNonZeroResultScenarios(Stats.java:161)
	at cucumber.runtime.Stats.printStats(Stats.java:107)
	at cucumber.runtime.DefaultSummaryPrinter.printStats(DefaultSummaryPrinter.java:34)
	at cucumber.runtime.DefaultSummaryPrinter.print(DefaultSummaryPrinter.java:27)
	at cucumber.runtime.DefaultSummaryPrinter.access$000(DefaultSummaryPrinter.java:14)
	at cucumber.runtime.DefaultSummaryPrinter$1.receive(DefaultSummaryPrinter.java:63)
	at cucumber.runtime.DefaultSummaryPrinter$1.receive(DefaultSummaryPrinter.java:60)
	at cucumber.runner.EventBus.send(EventBus.java:28)
	at cucumber.runtime.Runtime.run(Runtime.java:109)
	at cucumber.api.cli.Main.run(Main.java:35)
	at cucumber.api.cli.Main$run.call(Unknown Source)
	at com.kms.katalon.core.cucumber.keyword.CucumberBuiltinKeywords$_runFeatureFile_closure1.doCall(CucumberBuiltinKeywords.groovy:76)
	at com.kms.katalon.core.cucumber.keyword.CucumberBuiltinKeywords$_runFeatureFile_closure1.doCall(CucumberBuiltinKeywords.groovy)
	at com.kms.katalon.core.keyword.internal.KeywordMain.runKeyword(KeywordMain.groovy:68)
	at com.kms.katalon.core.keyword.internal.KeywordMain$runKeyword.call(Unknown Source)
	at com.kms.katalon.core.cucumber.keyword.CucumberBuiltinKeywords.runFeatureFile(CucumberBuiltinKeywords.groovy:46)
	at com.kms.katalon.core.cucumber.keyword.CucumberBuiltinKeywords$runFeatureFile$0.callStatic(Unknown Source)
	at com.kms.katalon.core.cucumber.keyword.CucumberBuiltinKeywords.runFeatureFile(CucumberBuiltinKeywords.groovy:169)
	at com.kms.katalon.core.cucumber.keyword.CucumberBuiltinKeywords$runFeatureFile.call(Unknown Source)
	at Buton Kontrolu.run(Buton Kontrolu:19)
	at com.kms.katalon.core.main.ScriptEngine.run(ScriptEngine.java:194)
	at com.kms.katalon.core.main.ScriptEngine.runScriptAsRawText(ScriptEngine.java:119)
	at com.kms.katalon.core.main.TestCaseExecutor.runScript(TestCaseExecutor.java:339)
	at com.kms.katalon.core.main.TestCaseExecutor.doExecute(TestCaseExecutor.java:330)
	at com.kms.katalon.core.main.TestCaseExecutor.processExecutionPhase(TestCaseExecutor.java:309)
	at com.kms.katalon.core.main.TestCaseExecutor.accessMainPhase(TestCaseExecutor.java:301)
	at com.kms.katalon.core.main.TestCaseExecutor.execute(TestCaseExecutor.java:235)
	at com.kms.katalon.core.main.TestSuiteExecutor.accessTestCaseMainPhase(TestSuiteExecutor.java:191)
	at com.kms.katalon.core.main.TestSuiteExecutor.accessTestSuiteMainPhase(TestSuiteExecutor.java:141)
	at com.kms.katalon.core.main.TestSuiteExecutor.execute(TestSuiteExecutor.java:90)
	at com.kms.katalon.core.main.TestCaseMain.startTestSuite(TestCaseMain.java:157)
	at com.kms.katalon.core.main.TestCaseMain$startTestSuite$0.call(Unknown Source)
	at TempTestSuite1608235705297.run(TempTestSuite1608235705297.groovy:39)
)
	at com.kms.katalon.core.keyword.internal.KeywordMain.stepFailed(KeywordMain.groovy:50)
	at com.kms.katalon.core.keyword.internal.KeywordMain.stepFailed(KeywordMain.groovy)
	at com.kms.katalon.core.keyword.internal.KeywordMain.runKeyword(KeywordMain.groovy:70)
	at com.kms.katalon.core.keyword.internal.KeywordMain$runKeyword.call(Unknown Source)
	at com.kms.katalon.core.cucumber.keyword.CucumberBuiltinKeywords.runFeatureFile(CucumberBuiltinKeywords.groovy:46)
	at com.kms.katalon.core.cucumber.keyword.CucumberBuiltinKeywords$runFeatureFile$0.callStatic(Unknown Source)
	at com.kms.katalon.core.cucumber.keyword.CucumberBuiltinKeywords.runFeatureFile(CucumberBuiltinKeywords.groovy:169)
	at com.kms.katalon.core.cucumber.keyword.CucumberBuiltinKeywords$runFeatureFile.call(Unknown Source)
	at Buton Kontrolu.run(Buton Kontrolu:19)
	at com.kms.katalon.core.main.ScriptEngine.run(ScriptEngine.java:194)
	at com.kms.katalon.core.main.ScriptEngine.runScriptAsRawText(ScriptEngine.java:119)
	at com.kms.katalon.core.main.TestCaseExecutor.runScript(TestCaseExecutor.java:339)
	at com.kms.katalon.core.main.TestCaseExecutor.doExecute(TestCaseExecutor.java:330)
	at com.kms.katalon.core.main.TestCaseExecutor.processExecutionPhase(TestCaseExecutor.java:309)
	at com.kms.katalon.core.main.TestCaseExecutor.accessMainPhase(TestCaseExecutor.java:301)
	at com.kms.katalon.core.main.TestCaseExecutor.execute(TestCaseExecutor.java:235)
	at com.kms.katalon.core.main.TestSuiteExecutor.accessTestCaseMainPhase(TestSuiteExecutor.java:191)
	at com.kms.katalon.core.main.TestSuiteExecutor.accessTestSuiteMainPhase(TestSuiteExecutor.java:141)
	at com.kms.katalon.core.main.TestSuiteExecutor.execute(TestSuiteExecutor.java:90)
	at com.kms.katalon.core.main.TestCaseMain.startTestSuite(TestCaseMain.java:157)
	at com.kms.katalon.core.main.TestCaseMain$startTestSuite$0.call(Unknown Source)
	at TempTestSuite1608235705297.run(TempTestSuite1608235705297.groovy:39)
Caused by: java.lang.NullPointerException: No format for key faıled
	at cucumber.runtime.formatter.AnsiFormats.get(AnsiFormats.java:51)
	at cucumber.runtime.Stats.printScenarios(Stats.java:170)
	at cucumber.runtime.Stats.printNonZeroResultScenarios(Stats.java:161)
	at cucumber.runtime.Stats.printStats(Stats.java:107)
	at cucumber.runtime.DefaultSummaryPrinter.printStats(DefaultSummaryPrinter.java:34)
	at cucumber.runtime.DefaultSummaryPrinter.print(DefaultSummaryPrinter.java:27)
	at cucumber.runtime.DefaultSummaryPrinter.access$000(DefaultSummaryPrinter.java:14)
	at cucumber.runtime.DefaultSummaryPrinter$1.receive(DefaultSummaryPrinter.java:63)
	at cucumber.runtime.DefaultSummaryPrinter$1.receive(DefaultSummaryPrinter.java:60)
	at cucumber.runner.EventBus.send(EventBus.java:28)
	at cucumber.runtime.Runtime.run(Runtime.java:109)
	at cucumber.api.cli.Main.run(Main.java:35)
	at cucumber.api.cli.Main$run.call(Unknown Source)
	at com.kms.katalon.core.cucumber.keyword.CucumberBuiltinKeywords$_runFeatureFile_closure1.doCall(CucumberBuiltinKeywords.groovy:76)
	at com.kms.katalon.core.cucumber.keyword.CucumberBuiltinKeywords$_runFeatureFile_closure1.doCall(CucumberBuiltinKeywords.groovy)
	at com.kms.katalon.core.keyword.internal.KeywordMain.runKeyword(KeywordMain.groovy:68)
	... 19 more


2020-12-17 23:08:37 - [TEST_STEP][PASSED] - Start listener action : sampleBeforeTestSuite: Invoke 'com.kms.katalon.core.annotation.BeforeTestCase' method: 'Listener.sampleBeforeTestSuite(...)' completed.

2020-12-17 23:08:37 - [MESSAGE][INFO] - Starting invoke 'com.kms.katalon.core.annotation.BeforeTestCase' method: 'Listener.sampleBeforeTestSuite(...)'

2020-12-17 23:08:37 - [TEST_STEP][PASSED] - Method.dosyalariSil("C:\otomasyondownfiles"): Method.dosyalariSil is PASSED

2020-12-17 23:08:37 - [MESSAGE][PASSED] - Method.dosyalariSil is PASSED

2020-12-17 23:08:37 - [TEST_STEP][PASSED] - openBrowser(baseUrl): Browser is opened with url: 'https://efatura-stage.elogo.com.tr/'

2020-12-17 23:08:39 - [MESSAGE][INFO] - Opening browser

2020-12-17 23:08:39 - [MESSAGE][INFO] - Starting 'Chrome' driver

2020-12-17 23:08:39 - [MESSAGE][INFO] - User set preference: ['prefs', '{download.default_directory=C:\otomasyondownfiles}']

2020-12-17 23:08:39 - [MESSAGE][INFO] - Action delay is set to 0 milliseconds

2020-12-17 23:08:45 - [MESSAGE][INFO] - Navigating browser to: 'https://efatura-stage.elogo.com.tr/'

2020-12-17 23:08:48 - [MESSAGE][PASSED] - Browser is opened with url: 'https://efatura-stage.elogo.com.tr/'

2020-12-17 23:08:48 - [TEST_STEP][PASSED] - maximizeWindow(): Invoke 'com.kms.katalon.core.annotation.BeforeTestCase' method: 'Listener.sampleBeforeTestSuite(...)' completed.

2020-12-17 23:08:48 - [MESSAGE][INFO] - Maximizing current window

2020-12-17 23:08:50 - [MESSAGE][PASSED] - Current window maximized

2020-12-17 23:08:50 - [MESSAGE][INFO] - Invoke 'com.kms.katalon.core.annotation.BeforeTestCase' method: 'Listener.sampleBeforeTestSuite(...)' completed.

2020-12-17 23:08:50 - [TEST_STEP][FAILED] - runFeatureFile("Include/features/e-Arsiv/e-Arsiv Araclari/e-Arsiv Taslak/Buton Kontrolu.feature"): Keyword runFeatureFile was failed (Root cause: java.lang.NullPointerException: No format for key faıled
	at cucumber.runtime.formatter.AnsiFormats.get(AnsiFormats.java:51)
	at cucumber.runtime.Stats.printScenarios(Stats.java:170)
	at cucumber.runtime.Stats.printNonZeroResultScenarios(Stats.java:161)
	at cucumber.runtime.Stats.printStats(Stats.java:107)
	at cucumber.runtime.DefaultSummaryPrinter.printStats(DefaultSummaryPrinter.java:34)
	at cucumber.runtime.DefaultSummaryPrinter.print(DefaultSummaryPrinter.java:27)
	at cucumber.runtime.DefaultSummaryPrinter.access$000(DefaultSummaryPrinter.java:14)
	at cucumber.runtime.DefaultSummaryPrinter$1.receive(DefaultSummaryPrinter.java:63)
	at cucumber.runtime.DefaultSummaryPrinter$1.receive(DefaultSummaryPrinter.java:60)
	at cucumber.runner.EventBus.send(EventBus.java:28)
	at cucumber.runtime.Runtime.run(Runtime.java:109)
	at cucumber.api.cli.Main.run(Main.java:35)
	at cucumber.api.cli.Main$run.call(Unknown Source)
	at com.kms.katalon.core.cucumber.keyword.CucumberBuiltinKeywords$_runFeatureFile_closure1.doCall(CucumberBuiltinKeywords.groovy:76)
	at com.kms.katalon.core.cucumber.keyword.CucumberBuiltinKeywords$_runFeatureFile_closure1.doCall(CucumberBuiltinKeywords.groovy)
	at com.kms.katalon.core.keyword.internal.KeywordMain.runKeyword(KeywordMain.groovy:68)
	at com.kms.katalon.core.keyword.internal.KeywordMain$runKeyword.call(Unknown Source)
	at com.kms.katalon.core.cucumber.keyword.CucumberBuiltinKeywords.runFeatureFile(CucumberBuiltinKeywords.groovy:46)
	at com.kms.katalon.core.cucumber.keyword.CucumberBuiltinKeywords$runFeatureFile$0.callStatic(Unknown Source)
	at com.kms.katalon.core.cucumber.keyword.CucumberBuiltinKeywords.runFeatureFile(CucumberBuiltinKeywords.groovy:169)
	at com.kms.katalon.core.cucumber.keyword.CucumberBuiltinKeywords$runFeatureFile.call(Unknown Source)
	at Buton Kontrolu.run(Buton Kontrolu:19)
	at com.kms.katalon.core.main.ScriptEngine.run(ScriptEngine.java:194)
	at com.kms.katalon.core.main.ScriptEngine.runScriptAsRawText(ScriptEngine.java:119)
	at com.kms.katalon.core.main.TestCaseExecutor.runScript(TestCaseExecutor.java:339)
	at com.kms.katalon.core.main.TestCaseExecutor.doExecute(TestCaseExecutor.java:330)
	at com.kms.katalon.core.main.TestCaseExecutor.processExecutionPhase(TestCaseExecutor.java:309)
	at com.kms.katalon.core.main.TestCaseExecutor.accessMainPhase(TestCaseExecutor.java:301)
	at com.kms.katalon.core.main.TestCaseExecutor.execute(TestCaseExecutor.java:235)
	at com.kms.katalon.core.main.TestSuiteExecutor.accessTestCaseMainPhase(TestSuiteExecutor.java:191)
	at com.kms.katalon.core.main.TestSuiteExecutor.accessTestSuiteMainPhase(TestSuiteExecutor.java:141)
	at com.kms.katalon.core.main.TestSuiteExecutor.execute(TestSuiteExecutor.java:90)
	at com.kms.katalon.core.main.TestCaseMain.startTestSuite(TestCaseMain.java:157)
	at com.kms.katalon.core.main.TestCaseMain$startTestSuite$0.call(Unknown Source)
	at TempTestSuite1608235705297.run(TempTestSuite1608235705297.groovy:39)
)

2020-12-17 23:08:50 - [MESSAGE][INFO] - Starting run keyword runFeatureFile: 'Include/features/e-Arsiv/e-Arsiv Araclari/e-Arsiv Taslak/Buton Kontrolu.feature' and extract report to folder: 'C:\Users\yigit\Documents\GitHub\eesekim\Reports\20201217_230810\_Suite Repository ( Deneysel )\e-Arsiv\e-Arsiv Araclari\e-Arsiv Taslak\Ekran Kontrolu\20201217_230825/cucumber_report/1608235730895'...

2020-12-17 23:08:52 - [TEST_CASE][PASSED] - Start Test Case : SCENARIO e-Arsiv Taslak Buton Kontrolu: SCENARIO e-Arsiv Taslak Buton Kontrolu

2020-12-17 23:08:52 - [TEST_STEP][PASSED] - Kullanıcı adı ELOGOGIB ve Şifre 123456 olarak giriş yapılır: Kullanıcı adı ELOGOGIB ve Şifre 123456 olarak giriş yapılır

2020-12-17 23:08:52 - [MESSAGE][INFO] - Checking called Test Case

2020-12-17 23:08:52 - [MESSAGE][INFO] - Starting to call Test Case 'Test Cases/Sayfalar/Giris_Sayfasi/Login'

2020-12-17 23:08:52 - [TEST_CASE][PASSED] - Test Cases/Sayfalar/Giris_Sayfasi/Login: Test Cases/Sayfalar/Giris_Sayfasi/Login

2020-12-17 23:08:53 - [TEST_STEP][PASSED] - Sayfa_Basligi = getWindowTitle(): Current window's title is: 'LOGO e-Fatura'

2020-12-17 23:08:53 - [MESSAGE][INFO] - Getting current window's title

2020-12-17 23:08:53 - [MESSAGE][PASSED] - Current window's title is: 'LOGO e-Fatura'

2020-12-17 23:08:53 - [TEST_STEP][PASSED] - verifyMatch(Sayfa_Basligi, "LOGO e-Fatura", false): Actual text 'LOGO e-Fatura' and expected text 'LOGO e-Fatura' are matched 

2020-12-17 23:08:53 - [MESSAGE][INFO] - Matching actual text 'LOGO e-Fatura' with expected text 'LOGO e-Fatura'

2020-12-17 23:08:53 - [MESSAGE][PASSED] - Actual text 'LOGO e-Fatura' and expected text 'LOGO e-Fatura' are matched 

2020-12-17 23:08:53 - [TEST_STEP][PASSED] - if (waitForElementPresent(findTestObject("Object Repository/Sayfalar/Giris_Sayfasi/PopupCarpiGiris"), 5, OPTIONAL)): Object 'Object Repository/Sayfalar/Giris_Sayfasi/PopupCarpiGiris' is not present after 5 second(s)

2020-12-17 23:08:53 - [MESSAGE][INFO] - Finding Test Object 'Object Repository/Sayfalar/Giris_Sayfasi/PopupCarpiGiris'

2020-12-17 23:08:53 - [MESSAGE][INFO] - Checking object

2020-12-17 23:08:53 - [MESSAGE][INFO] - Finding web element from Test Object's properties

2020-12-17 23:08:53 - [MESSAGE][INFO] - Checking timeout

2020-12-17 23:08:53 - [MESSAGE][INFO] - Finding web element with id: 'Object Repository/Sayfalar/Giris_Sayfasi/PopupCarpiGiris' located by 'By.cssSelector: .bootbox-close-button.close' in '5' second(s)

2020-12-17 23:08:53 - [MESSAGE][INFO] - Smart Wait Function is triggered

2020-12-17 23:08:55 - [MESSAGE][INFO] - Smart Wait Function is triggered

2020-12-17 23:08:57 - [MESSAGE][INFO] - Smart Wait Function is triggered

2020-12-17 23:08:59 - [MESSAGE][INFO] - Unable to find the element located by 'By.cssSelector: .bootbox-close-button.close'. Please recheck the objects properties to make sure the desired element is located. 

2020-12-17 23:08:59 - [MESSAGE][WARNING] - [SELF-HEALING] Failed to find element with id 'Object Repository/Sayfalar/Giris_Sayfasi/PopupCarpiGiris'. Try using Self-healing.

2020-12-17 23:08:59 - [MESSAGE][WARNING] - [SELF-HEALING] Cannot find elements when the XPath is null.

2020-12-17 23:08:59 - [MESSAGE][WARNING] - [SELF-HEALING] Cannot find elements when the selector is null

2020-12-17 23:08:59 - [MESSAGE][WARNING] - Object 'Object Repository/Sayfalar/Giris_Sayfasi/PopupCarpiGiris' is not present after 5 second(s)

2020-12-17 23:08:59 - [TEST_STEP][PASSED] - sendKeys(findTestObject("Sayfalar/Giris_Sayfasi/Firma_Kodu"), KullaniciAdi): Keys 'ELOGOGIB' sent to object: 'Object Repository/Sayfalar/Giris_Sayfasi/Firma_Kodu'

2020-12-17 23:08:59 - [MESSAGE][INFO] - Finding Test Object 'Object Repository/Sayfalar/Giris_Sayfasi/Firma_Kodu'

2020-12-17 23:08:59 - [MESSAGE][INFO] - Sending keys 'ELOGOGIB' to object: 'Object Repository/Sayfalar/Giris_Sayfasi/Firma_Kodu'

2020-12-17 23:08:59 - [MESSAGE][INFO] - Finding web element from Test Object's properties

2020-12-17 23:08:59 - [MESSAGE][INFO] - Checking timeout

2020-12-17 23:08:59 - [MESSAGE][INFO] - Finding web element with id: 'Object Repository/Sayfalar/Giris_Sayfasi/Firma_Kodu' located by 'By.xpath: //*[@id = 'AccountName']' in '30' second(s)

2020-12-17 23:08:59 - [MESSAGE][INFO] - Smart Wait Function is triggered

2020-12-17 23:09:01 - [MESSAGE][INFO] - Found 1 web elements with id: 'Object Repository/Sayfalar/Giris_Sayfasi/Firma_Kodu' located by 'By.xpath: //*[@id = 'AccountName']' in '30' second(s)

2020-12-17 23:09:01 - [MESSAGE][PASSED] - Keys 'ELOGOGIB' sent to object: 'Object Repository/Sayfalar/Giris_Sayfasi/Firma_Kodu'

2020-12-17 23:09:01 - [TEST_STEP][PASSED] - sendKeys(findTestObject("Sayfalar/Giris_Sayfasi/Sifre"), Sifre): Keys '123456' sent to object: 'Object Repository/Sayfalar/Giris_Sayfasi/Sifre'

2020-12-17 23:09:01 - [MESSAGE][INFO] - Finding Test Object 'Object Repository/Sayfalar/Giris_Sayfasi/Sifre'

2020-12-17 23:09:01 - [MESSAGE][INFO] - Sending keys '123456' to object: 'Object Repository/Sayfalar/Giris_Sayfasi/Sifre'

2020-12-17 23:09:01 - [MESSAGE][INFO] - Finding web element from Test Object's properties

2020-12-17 23:09:01 - [MESSAGE][INFO] - Checking timeout

2020-12-17 23:09:01 - [MESSAGE][INFO] - Finding web element with id: 'Object Repository/Sayfalar/Giris_Sayfasi/Sifre' located by 'By.xpath: //*[@id = 'Password']' in '30' second(s)

2020-12-17 23:09:01 - [MESSAGE][INFO] - Smart Wait Function is triggered

2020-12-17 23:09:03 - [MESSAGE][INFO] - Found 2 web elements with id: 'Object Repository/Sayfalar/Giris_Sayfasi/Sifre' located by 'By.xpath: //*[@id = 'Password']' in '30' second(s)

2020-12-17 23:09:03 - [MESSAGE][PASSED] - Keys '123456' sent to object: 'Object Repository/Sayfalar/Giris_Sayfasi/Sifre'

2020-12-17 23:09:03 - [TEST_STEP][PASSED] - waitForElementClickable(findTestObject("Sayfalar/Giris_Sayfasi/Giris_Butonu"), Waits): Object 'Object Repository/Sayfalar/Giris_Sayfasi/Giris_Butonu' is clickable

2020-12-17 23:09:03 - [MESSAGE][INFO] - Finding Test Object 'Object Repository/Sayfalar/Giris_Sayfasi/Giris_Butonu'

2020-12-17 23:09:03 - [MESSAGE][INFO] - Checking object

2020-12-17 23:09:03 - [MESSAGE][INFO] - Checking timeout

2020-12-17 23:09:03 - [MESSAGE][INFO] - Finding web element from Test Object's properties

2020-12-17 23:09:03 - [MESSAGE][INFO] - Checking timeout

2020-12-17 23:09:03 - [MESSAGE][INFO] - Finding web element with id: 'Object Repository/Sayfalar/Giris_Sayfasi/Giris_Butonu' located by 'By.xpath: //*[@id = 'btnLogin']' in '10' second(s)

2020-12-17 23:09:03 - [MESSAGE][INFO] - Smart Wait Function is triggered

2020-12-17 23:09:05 - [MESSAGE][INFO] - Found 1 web elements with id: 'Object Repository/Sayfalar/Giris_Sayfasi/Giris_Butonu' located by 'By.xpath: //*[@id = 'btnLogin']' in '10' second(s)

2020-12-17 23:09:05 - [MESSAGE][PASSED] - Object 'Object Repository/Sayfalar/Giris_Sayfasi/Giris_Butonu' is clickable

2020-12-17 23:09:05 - [TEST_STEP][PASSED] - click(findTestObject("Sayfalar/Giris_Sayfasi/Giris_Butonu")): Object: 'Object Repository/Sayfalar/Giris_Sayfasi/Giris_Butonu' is clicked on

2020-12-17 23:09:05 - [MESSAGE][INFO] - Finding Test Object 'Object Repository/Sayfalar/Giris_Sayfasi/Giris_Butonu'

2020-12-17 23:09:05 - [MESSAGE][INFO] - Checking object

2020-12-17 23:09:05 - [MESSAGE][INFO] - Finding web element from Test Object's properties

2020-12-17 23:09:05 - [MESSAGE][INFO] - Checking timeout

2020-12-17 23:09:05 - [MESSAGE][INFO] - Finding web element with id: 'Object Repository/Sayfalar/Giris_Sayfasi/Giris_Butonu' located by 'By.xpath: //*[@id = 'btnLogin']' in '30' second(s)

2020-12-17 23:09:05 - [MESSAGE][INFO] - Smart Wait Function is triggered

2020-12-17 23:09:07 - [MESSAGE][INFO] - Found 1 web elements with id: 'Object Repository/Sayfalar/Giris_Sayfasi/Giris_Butonu' located by 'By.xpath: //*[@id = 'btnLogin']' in '30' second(s)

2020-12-17 23:09:07 - [MESSAGE][INFO] - Clicking on object: 'Object Repository/Sayfalar/Giris_Sayfasi/Giris_Butonu'

2020-12-17 23:09:10 - [MESSAGE][PASSED] - Object: 'Object Repository/Sayfalar/Giris_Sayfasi/Giris_Butonu' is clicked on

2020-12-17 23:09:10 - [TEST_STEP][PASSED] - if (verifyElementPresent(findTestObject("Sayfalar/Giris_Sayfasi/PopupOK"), 5, OPTIONAL)): Object: 'Object Repository/Sayfalar/Giris_Sayfasi/PopupOK' is clicked on

2020-12-17 23:09:10 - [MESSAGE][INFO] - Finding Test Object 'Object Repository/Sayfalar/Giris_Sayfasi/PopupOK'

2020-12-17 23:09:10 - [MESSAGE][INFO] - Checking object

2020-12-17 23:09:10 - [MESSAGE][INFO] - Finding web element from Test Object's properties

2020-12-17 23:09:10 - [MESSAGE][INFO] - Checking timeout

2020-12-17 23:09:10 - [MESSAGE][INFO] - Finding web element with id: 'Object Repository/Sayfalar/Giris_Sayfasi/PopupOK' located by 'By.cssSelector: .btn.btn-success' in '5' second(s)

2020-12-17 23:09:10 - [MESSAGE][INFO] - Smart Wait Function is triggered

2020-12-17 23:09:11 - [MESSAGE][INFO] - Found 1 web elements with id: 'Object Repository/Sayfalar/Giris_Sayfasi/PopupOK' located by 'By.cssSelector: .btn.btn-success' in '5' second(s)

2020-12-17 23:09:11 - [MESSAGE][PASSED] - Object 'Object Repository/Sayfalar/Giris_Sayfasi/PopupOK' is present

2020-12-17 23:09:11 - [TEST_STEP][PASSED] - click(findTestObject("Sayfalar/Giris_Sayfasi/PopupOK")): Object: 'Object Repository/Sayfalar/Giris_Sayfasi/PopupOK' is clicked on

2020-12-17 23:09:11 - [MESSAGE][INFO] - Finding Test Object 'Object Repository/Sayfalar/Giris_Sayfasi/PopupOK'

2020-12-17 23:09:11 - [MESSAGE][INFO] - Checking object

2020-12-17 23:09:11 - [MESSAGE][INFO] - Finding web element from Test Object's properties

2020-12-17 23:09:11 - [MESSAGE][INFO] - Checking timeout

2020-12-17 23:09:11 - [MESSAGE][INFO] - Finding web element with id: 'Object Repository/Sayfalar/Giris_Sayfasi/PopupOK' located by 'By.cssSelector: .btn.btn-success' in '30' second(s)

2020-12-17 23:09:11 - [MESSAGE][INFO] - Smart Wait Function is triggered

2020-12-17 23:09:13 - [MESSAGE][INFO] - Found 1 web elements with id: 'Object Repository/Sayfalar/Giris_Sayfasi/PopupOK' located by 'By.cssSelector: .btn.btn-success' in '30' second(s)

2020-12-17 23:09:13 - [MESSAGE][INFO] - Clicking on object: 'Object Repository/Sayfalar/Giris_Sayfasi/PopupOK'

2020-12-17 23:09:13 - [MESSAGE][PASSED] - Object: 'Object Repository/Sayfalar/Giris_Sayfasi/PopupOK' is clicked on

2020-12-17 23:09:13 - [TEST_STEP][PASSED] - verifyElementVisible(findTestObject("Object Repository/Kullanici_Islemleri/KullaniciIslemleri")): Object 'Object Repository/Kullanici_Islemleri/KullaniciIslemleri' is visible

2020-12-17 23:09:13 - [MESSAGE][INFO] - Finding Test Object 'Object Repository/Kullanici_Islemleri/KullaniciIslemleri'

2020-12-17 23:09:13 - [MESSAGE][INFO] - Checking object

2020-12-17 23:09:13 - [MESSAGE][INFO] - Finding web element from Test Object's properties

2020-12-17 23:09:13 - [MESSAGE][INFO] - Checking timeout

2020-12-17 23:09:13 - [MESSAGE][INFO] - Finding web element with id: 'Object Repository/Kullanici_Islemleri/KullaniciIslemleri' located by 'By.cssSelector: .dropdown>a>img' in '30' second(s)

2020-12-17 23:09:13 - [MESSAGE][INFO] - Smart Wait Function is triggered

2020-12-17 23:09:16 - [MESSAGE][INFO] - Found 1 web elements with id: 'Object Repository/Kullanici_Islemleri/KullaniciIslemleri' located by 'By.cssSelector: .dropdown>a>img' in '30' second(s)

2020-12-17 23:09:16 - [MESSAGE][PASSED] - Object 'Object Repository/Kullanici_Islemleri/KullaniciIslemleri' is visible

2020-12-17 23:09:16 - [MESSAGE][PASSED] - Call Test Case 'Test Cases/Sayfalar/Giris_Sayfasi/Login' successfully

2020-12-17 23:09:16 - [MESSAGE][PASSED] - Kullanıcı adı ELOGOGIB ve Şifre 123456 olarak giriş yapılır

2020-12-17 23:09:16 - [TEST_STEP][PASSED] - Ana menüden e-Arşiv seçilir: Ana menüden e-Arşiv seçilir

2020-12-17 23:09:16 - [MESSAGE][INFO] - Checking called Test Case

2020-12-17 23:09:16 - [MESSAGE][INFO] - Starting to call Test Case 'Test Cases/Menu/AnaMenuSecimi'

2020-12-17 23:09:16 - [TEST_CASE][PASSED] - Test Cases/Menu/AnaMenuSecimi: Test Cases/Menu/AnaMenuSecimi

2020-12-17 23:09:16 - [TEST_STEP][PASSED] - Method.TextDegerineEsitElementeTikla(findTestObject("Menu/Ana_Menu"), Ana_Menu): Method.TextDegerineEsitElementeTikla is PASSED

2020-12-17 23:09:16 - [MESSAGE][INFO] - Finding Test Object 'Object Repository/Menu/Ana_Menu'

2020-12-17 23:09:17 - [MESSAGE][INFO] - Checking timeout

2020-12-17 23:09:17 - [MESSAGE][INFO] - Finding web element with id: 'Object Repository/Menu/Ana_Menu' located by 'By.xpath: //*[@class = 'dropdown-toggle']' in '10' second(s)

2020-12-17 23:09:17 - [MESSAGE][INFO] - Smart Wait Function is triggered

2020-12-17 23:09:18 - [MESSAGE][INFO] - Found 14 web elements with id: 'Object Repository/Menu/Ana_Menu' located by 'By.xpath: //*[@class = 'dropdown-toggle']' in '10' second(s)

2020-12-17 23:09:18 - [MESSAGE][PASSED] - Method.TextDegerineEsitElementeTikla is PASSED

2020-12-17 23:09:18 - [MESSAGE][PASSED] - Call Test Case 'Test Cases/Menu/AnaMenuSecimi' successfully

2020-12-17 23:09:18 - [MESSAGE][PASSED] - Ana menüden e-Arşiv seçilir

2020-12-17 23:09:18 - [TEST_STEP][PASSED] - Alt menü e-Arşiv Araçları başlığı altındaki e-Arşiv Taslak seçilir: Alt menü e-Arşiv Araçları başlığı altındaki e-Arşiv Taslak seçilir

2020-12-17 23:09:18 - [MESSAGE][INFO] - Checking called Test Case

2020-12-17 23:09:18 - [MESSAGE][INFO] - Starting to call Test Case 'Test Cases/Menu/BasligaGoreAltMenuSecimi'

2020-12-17 23:09:18 - [TEST_CASE][PASSED] - Test Cases/Menu/BasligaGoreAltMenuSecimi: Test Cases/Menu/BasligaGoreAltMenuSecimi

2020-12-17 23:09:19 - [TEST_STEP][PASSED] - Method.TextDegerineEsitElementinAltindakiTextDegerineEsitOlanaTikla(findTestObject("Menu/Menu_Basligi"), findTestObject("Menu/Basliga_Gore_Alt_Menu"), Baslik, Alt_Menu): Method.TextDegerineEsitElementinAltindakiTextDegerineEsitOlanaTikla is PASSED

2020-12-17 23:09:19 - [MESSAGE][INFO] - Finding Test Object 'Object Repository/Menu/Menu_Basligi'

2020-12-17 23:09:19 - [MESSAGE][INFO] - Finding Test Object 'Object Repository/Menu/Basliga_Gore_Alt_Menu'

2020-12-17 23:09:19 - [MESSAGE][INFO] - Checking timeout

2020-12-17 23:09:19 - [MESSAGE][INFO] - Finding web element with id: 'Object Repository/Menu/Menu_Basligi' located by 'By.xpath: //li[@class='dropdown dropdown-large open']//li[@class='dropdown-header']' in '10' second(s)

2020-12-17 23:09:19 - [MESSAGE][INFO] - Smart Wait Function is triggered

2020-12-17 23:09:21 - [MESSAGE][INFO] - Found 2 web elements with id: 'Object Repository/Menu/Menu_Basligi' located by 'By.xpath: //li[@class='dropdown dropdown-large open']//li[@class='dropdown-header']' in '10' second(s)

2020-12-17 23:09:21 - [MESSAGE][INFO] - Smart Wait Function is triggered

2020-12-17 23:09:25 - [MESSAGE][PASSED] - Method.TextDegerineEsitElementinAltindakiTextDegerineEsitOlanaTikla is PASSED

2020-12-17 23:09:25 - [MESSAGE][PASSED] - Call Test Case 'Test Cases/Menu/BasligaGoreAltMenuSecimi' successfully

2020-12-17 23:09:25 - [MESSAGE][PASSED] - Alt menü e-Arşiv Araçları başlığı altındaki e-Arşiv Taslak seçilir

2020-12-17 23:09:25 - [TEST_STEP][PASSED] - Filtre alanlarında Durumu var mı: Filtre alanlarında Durumu var mı

2020-12-17 23:09:25 - [MESSAGE][INFO] - Checking called Test Case

2020-12-17 23:09:25 - [MESSAGE][INFO] - Starting to call Test Case 'Test Cases/Filtreler/FiltreVarMi'

2020-12-17 23:09:25 - [TEST_CASE][PASSED] - Test Cases/Filtreler/FiltreVarMi: Test Cases/Filtreler/FiltreVarMi

2020-12-17 23:09:25 - [TEST_STEP][PASSED] - Method.TextDegerineEsitElementVarMi(findTestObject("Filtreler/Basliklar"), Filtre_alan): Method.TextDegerineEsitElementVarMi is PASSED

2020-12-17 23:09:25 - [MESSAGE][INFO] - Finding Test Object 'Object Repository/Filtreler/Basliklar'

2020-12-17 23:09:25 - [MESSAGE][INFO] - Checking timeout

2020-12-17 23:09:25 - [MESSAGE][INFO] - Finding web element with id: 'Object Repository/Filtreler/Basliklar' located by 'By.cssSelector: .control-label.col-sm-4.paddingMarginRLC' in '10' second(s)

2020-12-17 23:09:25 - [MESSAGE][INFO] - Smart Wait Function is triggered

2020-12-17 23:09:26 - [MESSAGE][INFO] - Found 10 web elements with id: 'Object Repository/Filtreler/Basliklar' located by 'By.cssSelector: .control-label.col-sm-4.paddingMarginRLC' in '10' second(s)

2020-12-17 23:09:26 - [MESSAGE][PASSED] - Method.TextDegerineEsitElementVarMi is PASSED

2020-12-17 23:09:26 - [MESSAGE][PASSED] - Call Test Case 'Test Cases/Filtreler/FiltreVarMi' successfully

2020-12-17 23:09:26 - [MESSAGE][PASSED] - Filtre alanlarında Durumu var mı

2020-12-17 23:09:26 - [TEST_STEP][PASSED] - Filtre alanlarında Oluşturma Tarihi var mı: Filtre alanlarında Oluşturma Tarihi var mı

2020-12-17 23:09:26 - [MESSAGE][INFO] - Checking called Test Case

2020-12-17 23:09:26 - [MESSAGE][INFO] - Starting to call Test Case 'Test Cases/Filtreler/FiltreVarMi'

2020-12-17 23:09:26 - [TEST_CASE][PASSED] - Test Cases/Filtreler/FiltreVarMi: Test Cases/Filtreler/FiltreVarMi

2020-12-17 23:09:26 - [TEST_STEP][PASSED] - Method.TextDegerineEsitElementVarMi(findTestObject("Filtreler/Basliklar"), Filtre_alan): Method.TextDegerineEsitElementVarMi is PASSED

2020-12-17 23:09:26 - [MESSAGE][INFO] - Finding Test Object 'Object Repository/Filtreler/Basliklar'

2020-12-17 23:09:26 - [MESSAGE][INFO] - Checking timeout

2020-12-17 23:09:26 - [MESSAGE][INFO] - Finding web element with id: 'Object Repository/Filtreler/Basliklar' located by 'By.cssSelector: .control-label.col-sm-4.paddingMarginRLC' in '10' second(s)

2020-12-17 23:09:26 - [MESSAGE][INFO] - Smart Wait Function is triggered

2020-12-17 23:09:27 - [MESSAGE][INFO] - Found 10 web elements with id: 'Object Repository/Filtreler/Basliklar' located by 'By.cssSelector: .control-label.col-sm-4.paddingMarginRLC' in '10' second(s)

2020-12-17 23:09:27 - [MESSAGE][PASSED] - Method.TextDegerineEsitElementVarMi is PASSED

2020-12-17 23:09:27 - [MESSAGE][PASSED] - Call Test Case 'Test Cases/Filtreler/FiltreVarMi' successfully

2020-12-17 23:09:27 - [MESSAGE][PASSED] - Filtre alanlarında Oluşturma Tarihi var mı

2020-12-17 23:09:27 - [TEST_STEP][PASSED] - Filtre alanlarında Toplam Tutar var mı: Filtre alanlarında Toplam Tutar var mı

2020-12-17 23:09:27 - [MESSAGE][INFO] - Checking called Test Case

2020-12-17 23:09:27 - [MESSAGE][INFO] - Starting to call Test Case 'Test Cases/Filtreler/FiltreVarMi'

2020-12-17 23:09:27 - [TEST_CASE][PASSED] - Test Cases/Filtreler/FiltreVarMi: Test Cases/Filtreler/FiltreVarMi

2020-12-17 23:09:27 - [TEST_STEP][PASSED] - Method.TextDegerineEsitElementVarMi(findTestObject("Filtreler/Basliklar"), Filtre_alan): Method.TextDegerineEsitElementVarMi is PASSED

2020-12-17 23:09:27 - [MESSAGE][INFO] - Finding Test Object 'Object Repository/Filtreler/Basliklar'

2020-12-17 23:09:27 - [MESSAGE][INFO] - Checking timeout

2020-12-17 23:09:27 - [MESSAGE][INFO] - Finding web element with id: 'Object Repository/Filtreler/Basliklar' located by 'By.cssSelector: .control-label.col-sm-4.paddingMarginRLC' in '10' second(s)

2020-12-17 23:09:27 - [MESSAGE][INFO] - Smart Wait Function is triggered

2020-12-17 23:09:27 - [MESSAGE][INFO] - Found 10 web elements with id: 'Object Repository/Filtreler/Basliklar' located by 'By.cssSelector: .control-label.col-sm-4.paddingMarginRLC' in '10' second(s)

2020-12-17 23:09:27 - [MESSAGE][PASSED] - Method.TextDegerineEsitElementVarMi is PASSED

2020-12-17 23:09:27 - [MESSAGE][PASSED] - Call Test Case 'Test Cases/Filtreler/FiltreVarMi' successfully

2020-12-17 23:09:27 - [MESSAGE][PASSED] - Filtre alanlarında Toplam Tutar var mı

2020-12-17 23:09:27 - [TEST_STEP][PASSED] - Filtre alanlarında Tüm Hesaplar var mı: Filtre alanlarında Tüm Hesaplar var mı

2020-12-17 23:09:27 - [MESSAGE][INFO] - Checking called Test Case

2020-12-17 23:09:27 - [MESSAGE][INFO] - Starting to call Test Case 'Test Cases/Filtreler/FiltreVarMi'

2020-12-17 23:09:27 - [TEST_CASE][PASSED] - Test Cases/Filtreler/FiltreVarMi: Test Cases/Filtreler/FiltreVarMi

2020-12-17 23:09:27 - [TEST_STEP][PASSED] - Method.TextDegerineEsitElementVarMi(findTestObject("Filtreler/Basliklar"), Filtre_alan): Method.TextDegerineEsitElementVarMi is PASSED

2020-12-17 23:09:27 - [MESSAGE][INFO] - Finding Test Object 'Object Repository/Filtreler/Basliklar'

2020-12-17 23:09:27 - [MESSAGE][INFO] - Checking timeout

2020-12-17 23:09:27 - [MESSAGE][INFO] - Finding web element with id: 'Object Repository/Filtreler/Basliklar' located by 'By.cssSelector: .control-label.col-sm-4.paddingMarginRLC' in '10' second(s)

2020-12-17 23:09:27 - [MESSAGE][INFO] - Smart Wait Function is triggered

2020-12-17 23:09:28 - [MESSAGE][INFO] - Found 10 web elements with id: 'Object Repository/Filtreler/Basliklar' located by 'By.cssSelector: .control-label.col-sm-4.paddingMarginRLC' in '10' second(s)

2020-12-17 23:09:28 - [MESSAGE][PASSED] - Method.TextDegerineEsitElementVarMi is PASSED

2020-12-17 23:09:28 - [MESSAGE][PASSED] - Call Test Case 'Test Cases/Filtreler/FiltreVarMi' successfully

2020-12-17 23:09:28 - [MESSAGE][PASSED] - Filtre alanlarında Tüm Hesaplar var mı

2020-12-17 23:09:28 - [TEST_STEP][PASSED] - Filtre alanlarında Alıcı Ünvan var mı: Filtre alanlarında Alıcı Ünvan var mı

2020-12-17 23:09:28 - [MESSAGE][INFO] - Checking called Test Case

2020-12-17 23:09:28 - [MESSAGE][INFO] - Starting to call Test Case 'Test Cases/Filtreler/FiltreVarMi'

2020-12-17 23:09:28 - [TEST_CASE][PASSED] - Test Cases/Filtreler/FiltreVarMi: Test Cases/Filtreler/FiltreVarMi

2020-12-17 23:09:28 - [TEST_STEP][PASSED] - Method.TextDegerineEsitElementVarMi(findTestObject("Filtreler/Basliklar"), Filtre_alan): Method.TextDegerineEsitElementVarMi is PASSED

2020-12-17 23:09:28 - [MESSAGE][INFO] - Finding Test Object 'Object Repository/Filtreler/Basliklar'

2020-12-17 23:09:28 - [MESSAGE][INFO] - Checking timeout

2020-12-17 23:09:28 - [MESSAGE][INFO] - Finding web element with id: 'Object Repository/Filtreler/Basliklar' located by 'By.cssSelector: .control-label.col-sm-4.paddingMarginRLC' in '10' second(s)

2020-12-17 23:09:28 - [MESSAGE][INFO] - Smart Wait Function is triggered

2020-12-17 23:09:28 - [MESSAGE][INFO] - Found 10 web elements with id: 'Object Repository/Filtreler/Basliklar' located by 'By.cssSelector: .control-label.col-sm-4.paddingMarginRLC' in '10' second(s)

2020-12-17 23:09:28 - [MESSAGE][PASSED] - Method.TextDegerineEsitElementVarMi is PASSED

2020-12-17 23:09:28 - [MESSAGE][PASSED] - Call Test Case 'Test Cases/Filtreler/FiltreVarMi' successfully

2020-12-17 23:09:28 - [MESSAGE][PASSED] - Filtre alanlarında Alıcı Ünvan var mı

2020-12-17 23:09:28 - [TEST_STEP][PASSED] - Filtre alanlarında Fatura Tarihi var mı: Filtre alanlarında Fatura Tarihi var mı

2020-12-17 23:09:28 - [MESSAGE][INFO] - Checking called Test Case

2020-12-17 23:09:28 - [MESSAGE][INFO] - Starting to call Test Case 'Test Cases/Filtreler/FiltreVarMi'

2020-12-17 23:09:28 - [TEST_CASE][PASSED] - Test Cases/Filtreler/FiltreVarMi: Test Cases/Filtreler/FiltreVarMi

2020-12-17 23:09:28 - [TEST_STEP][PASSED] - Method.TextDegerineEsitElementVarMi(findTestObject("Filtreler/Basliklar"), Filtre_alan): Method.TextDegerineEsitElementVarMi is PASSED

2020-12-17 23:09:28 - [MESSAGE][INFO] - Finding Test Object 'Object Repository/Filtreler/Basliklar'

2020-12-17 23:09:28 - [MESSAGE][INFO] - Checking timeout

2020-12-17 23:09:28 - [MESSAGE][INFO] - Finding web element with id: 'Object Repository/Filtreler/Basliklar' located by 'By.cssSelector: .control-label.col-sm-4.paddingMarginRLC' in '10' second(s)

2020-12-17 23:09:28 - [MESSAGE][INFO] - Smart Wait Function is triggered

2020-12-17 23:09:29 - [MESSAGE][INFO] - Found 10 web elements with id: 'Object Repository/Filtreler/Basliklar' located by 'By.cssSelector: .control-label.col-sm-4.paddingMarginRLC' in '10' second(s)

2020-12-17 23:09:29 - [MESSAGE][PASSED] - Method.TextDegerineEsitElementVarMi is PASSED

2020-12-17 23:09:29 - [MESSAGE][PASSED] - Call Test Case 'Test Cases/Filtreler/FiltreVarMi' successfully

2020-12-17 23:09:29 - [MESSAGE][PASSED] - Filtre alanlarında Fatura Tarihi var mı

2020-12-17 23:09:29 - [TEST_STEP][PASSED] - Filtre alanlarında Fatura ETTN var mı: Filtre alanlarında Fatura ETTN var mı

2020-12-17 23:09:29 - [MESSAGE][INFO] - Checking called Test Case

2020-12-17 23:09:29 - [MESSAGE][INFO] - Starting to call Test Case 'Test Cases/Filtreler/FiltreVarMi'

2020-12-17 23:09:29 - [TEST_CASE][PASSED] - Test Cases/Filtreler/FiltreVarMi: Test Cases/Filtreler/FiltreVarMi

2020-12-17 23:09:29 - [TEST_STEP][PASSED] - Method.TextDegerineEsitElementVarMi(findTestObject("Filtreler/Basliklar"), Filtre_alan): Method.TextDegerineEsitElementVarMi is PASSED

2020-12-17 23:09:29 - [MESSAGE][INFO] - Finding Test Object 'Object Repository/Filtreler/Basliklar'

2020-12-17 23:09:29 - [MESSAGE][INFO] - Checking timeout

2020-12-17 23:09:29 - [MESSAGE][INFO] - Finding web element with id: 'Object Repository/Filtreler/Basliklar' located by 'By.cssSelector: .control-label.col-sm-4.paddingMarginRLC' in '10' second(s)

2020-12-17 23:09:29 - [MESSAGE][INFO] - Smart Wait Function is triggered

2020-12-17 23:09:29 - [MESSAGE][INFO] - Found 10 web elements with id: 'Object Repository/Filtreler/Basliklar' located by 'By.cssSelector: .control-label.col-sm-4.paddingMarginRLC' in '10' second(s)

2020-12-17 23:09:29 - [MESSAGE][PASSED] - Method.TextDegerineEsitElementVarMi is PASSED

2020-12-17 23:09:29 - [MESSAGE][PASSED] - Call Test Case 'Test Cases/Filtreler/FiltreVarMi' successfully

2020-12-17 23:09:29 - [MESSAGE][PASSED] - Filtre alanlarında Fatura ETTN var mı

2020-12-17 23:09:29 - [TEST_STEP][PASSED] - Filtre alanlarında Fatura No var mı: Filtre alanlarında Fatura No var mı

2020-12-17 23:09:29 - [MESSAGE][INFO] - Checking called Test Case

2020-12-17 23:09:29 - [MESSAGE][INFO] - Starting to call Test Case 'Test Cases/Filtreler/FiltreVarMi'

2020-12-17 23:09:29 - [TEST_CASE][PASSED] - Test Cases/Filtreler/FiltreVarMi: Test Cases/Filtreler/FiltreVarMi

2020-12-17 23:09:29 - [TEST_STEP][PASSED] - Method.TextDegerineEsitElementVarMi(findTestObject("Filtreler/Basliklar"), Filtre_alan): Method.TextDegerineEsitElementVarMi is PASSED

2020-12-17 23:09:29 - [MESSAGE][INFO] - Finding Test Object 'Object Repository/Filtreler/Basliklar'

2020-12-17 23:09:29 - [MESSAGE][INFO] - Checking timeout

2020-12-17 23:09:29 - [MESSAGE][INFO] - Finding web element with id: 'Object Repository/Filtreler/Basliklar' located by 'By.cssSelector: .control-label.col-sm-4.paddingMarginRLC' in '10' second(s)

2020-12-17 23:09:29 - [MESSAGE][INFO] - Smart Wait Function is triggered

2020-12-17 23:09:30 - [MESSAGE][INFO] - Found 10 web elements with id: 'Object Repository/Filtreler/Basliklar' located by 'By.cssSelector: .control-label.col-sm-4.paddingMarginRLC' in '10' second(s)

2020-12-17 23:09:30 - [MESSAGE][PASSED] - Method.TextDegerineEsitElementVarMi is PASSED

2020-12-17 23:09:30 - [MESSAGE][PASSED] - Call Test Case 'Test Cases/Filtreler/FiltreVarMi' successfully

2020-12-17 23:09:30 - [MESSAGE][PASSED] - Filtre alanlarında Fatura No var mı

2020-12-17 23:09:30 - [TEST_STEP][PASSED] - Filtre alanlarında Tür var mı: Filtre alanlarında Tür var mı

2020-12-17 23:09:30 - [MESSAGE][INFO] - Checking called Test Case

2020-12-17 23:09:30 - [MESSAGE][INFO] - Starting to call Test Case 'Test Cases/Filtreler/FiltreVarMi'

2020-12-17 23:09:30 - [TEST_CASE][PASSED] - Test Cases/Filtreler/FiltreVarMi: Test Cases/Filtreler/FiltreVarMi

2020-12-17 23:09:30 - [TEST_STEP][PASSED] - Method.TextDegerineEsitElementVarMi(findTestObject("Filtreler/Basliklar"), Filtre_alan): Method.TextDegerineEsitElementVarMi is PASSED

2020-12-17 23:09:30 - [MESSAGE][INFO] - Finding Test Object 'Object Repository/Filtreler/Basliklar'

2020-12-17 23:09:30 - [MESSAGE][INFO] - Checking timeout

2020-12-17 23:09:30 - [MESSAGE][INFO] - Finding web element with id: 'Object Repository/Filtreler/Basliklar' located by 'By.cssSelector: .control-label.col-sm-4.paddingMarginRLC' in '10' second(s)

2020-12-17 23:09:30 - [MESSAGE][INFO] - Smart Wait Function is triggered

2020-12-17 23:09:30 - [MESSAGE][INFO] - Found 10 web elements with id: 'Object Repository/Filtreler/Basliklar' located by 'By.cssSelector: .control-label.col-sm-4.paddingMarginRLC' in '10' second(s)

2020-12-17 23:09:30 - [MESSAGE][PASSED] - Method.TextDegerineEsitElementVarMi is PASSED

2020-12-17 23:09:30 - [MESSAGE][PASSED] - Call Test Case 'Test Cases/Filtreler/FiltreVarMi' successfully

2020-12-17 23:09:30 - [MESSAGE][PASSED] - Filtre alanlarında Tür var mı

2020-12-17 23:09:30 - [TEST_STEP][PASSED] - Filtre alanlarında Müşteri Bayi Kodu var mı: Filtre alanlarında Müşteri Bayi Kodu var mı

2020-12-17 23:09:30 - [MESSAGE][INFO] - Checking called Test Case

2020-12-17 23:09:30 - [MESSAGE][INFO] - Starting to call Test Case 'Test Cases/Filtreler/FiltreVarMi'

2020-12-17 23:09:30 - [TEST_CASE][PASSED] - Test Cases/Filtreler/FiltreVarMi: Test Cases/Filtreler/FiltreVarMi

2020-12-17 23:09:30 - [TEST_STEP][PASSED] - Method.TextDegerineEsitElementVarMi(findTestObject("Filtreler/Basliklar"), Filtre_alan): Method.TextDegerineEsitElementVarMi is PASSED

2020-12-17 23:09:30 - [MESSAGE][INFO] - Finding Test Object 'Object Repository/Filtreler/Basliklar'

2020-12-17 23:09:30 - [MESSAGE][INFO] - Checking timeout

2020-12-17 23:09:30 - [MESSAGE][INFO] - Finding web element with id: 'Object Repository/Filtreler/Basliklar' located by 'By.cssSelector: .control-label.col-sm-4.paddingMarginRLC' in '10' second(s)

2020-12-17 23:09:30 - [MESSAGE][INFO] - Smart Wait Function is triggered

2020-12-17 23:09:30 - [MESSAGE][INFO] - Found 10 web elements with id: 'Object Repository/Filtreler/Basliklar' located by 'By.cssSelector: .control-label.col-sm-4.paddingMarginRLC' in '10' second(s)

2020-12-17 23:09:30 - [MESSAGE][PASSED] - Method.TextDegerineEsitElementVarMi is PASSED

2020-12-17 23:09:30 - [MESSAGE][PASSED] - Call Test Case 'Test Cases/Filtreler/FiltreVarMi' successfully

2020-12-17 23:09:30 - [MESSAGE][PASSED] - Filtre alanlarında Müşteri Bayi Kodu var mı

2020-12-17 23:09:30 - [TEST_STEP][PASSED] - Filtre butonlarında Listele var mı: Filtre butonlarında Listele var mı

2020-12-17 23:09:30 - [MESSAGE][INFO] - Checking called Test Case

2020-12-17 23:09:30 - [MESSAGE][INFO] - Starting to call Test Case 'Test Cases/Filtreler/ButonVarMi'

2020-12-17 23:09:30 - [TEST_CASE][PASSED] - Test Cases/Filtreler/ButonVarMi: Test Cases/Filtreler/ButonVarMi

2020-12-17 23:09:31 - [TEST_STEP][PASSED] - Method.TextDegerineEsitElementVarMi(findTestObject("Filtreler/Butonlar"), Filtre_Buton): Method.TextDegerineEsitElementVarMi is PASSED

2020-12-17 23:09:31 - [MESSAGE][INFO] - Finding Test Object 'Object Repository/Filtreler/Butonlar'

2020-12-17 23:09:31 - [MESSAGE][INFO] - Checking timeout

2020-12-17 23:09:31 - [MESSAGE][INFO] - Finding web element with id: 'Object Repository/Filtreler/Butonlar' located by 'By.cssSelector: .dxb>span' in '10' second(s)

2020-12-17 23:09:31 - [MESSAGE][INFO] - Smart Wait Function is triggered

2020-12-17 23:09:31 - [MESSAGE][INFO] - Found 2 web elements with id: 'Object Repository/Filtreler/Butonlar' located by 'By.cssSelector: .dxb>span' in '10' second(s)

2020-12-17 23:09:31 - [MESSAGE][PASSED] - Method.TextDegerineEsitElementVarMi is PASSED

2020-12-17 23:09:31 - [MESSAGE][PASSED] - Call Test Case 'Test Cases/Filtreler/ButonVarMi' successfully

2020-12-17 23:09:31 - [MESSAGE][PASSED] - Filtre butonlarında Listele var mı

2020-12-17 23:09:31 - [TEST_STEP][PASSED] - Filtre butonlarında Temizle var mı: Filtre butonlarında Temizle var mı

2020-12-17 23:09:31 - [MESSAGE][INFO] - Checking called Test Case

2020-12-17 23:09:31 - [MESSAGE][INFO] - Starting to call Test Case 'Test Cases/Filtreler/ButonVarMi'

2020-12-17 23:09:31 - [TEST_CASE][PASSED] - Test Cases/Filtreler/ButonVarMi: Test Cases/Filtreler/ButonVarMi

2020-12-17 23:09:31 - [TEST_STEP][PASSED] - Method.TextDegerineEsitElementVarMi(findTestObject("Filtreler/Butonlar"), Filtre_Buton): Method.TextDegerineEsitElementVarMi is PASSED

2020-12-17 23:09:31 - [MESSAGE][INFO] - Finding Test Object 'Object Repository/Filtreler/Butonlar'

2020-12-17 23:09:31 - [MESSAGE][INFO] - Checking timeout

2020-12-17 23:09:31 - [MESSAGE][INFO] - Finding web element with id: 'Object Repository/Filtreler/Butonlar' located by 'By.cssSelector: .dxb>span' in '10' second(s)

2020-12-17 23:09:31 - [MESSAGE][INFO] - Smart Wait Function is triggered

2020-12-17 23:09:31 - [MESSAGE][INFO] - Found 2 web elements with id: 'Object Repository/Filtreler/Butonlar' located by 'By.cssSelector: .dxb>span' in '10' second(s)

2020-12-17 23:09:31 - [MESSAGE][PASSED] - Method.TextDegerineEsitElementVarMi is PASSED

2020-12-17 23:09:31 - [MESSAGE][PASSED] - Call Test Case 'Test Cases/Filtreler/ButonVarMi' successfully

2020-12-17 23:09:31 - [MESSAGE][PASSED] - Filtre butonlarında Temizle var mı

2020-12-17 23:09:31 - [TEST_STEP][PASSED] - Butonlardan Gönder var mı: Butonlardan Gönder var mı

2020-12-17 23:09:31 - [MESSAGE][INFO] - Checking called Test Case

2020-12-17 23:09:31 - [MESSAGE][INFO] - Starting to call Test Case 'Test Cases/Butonlar/ButonVarMi'

2020-12-17 23:09:31 - [TEST_CASE][PASSED] - Test Cases/Butonlar/ButonVarMi: Test Cases/Butonlar/ButonVarMi

2020-12-17 23:09:32 - [TEST_STEP][PASSED] - Method.TextDegerineEsitElementVarMi(findTestObject("Butonlar/Butonlar"), Buton): Method.TextDegerineEsitElementVarMi is PASSED

2020-12-17 23:09:32 - [MESSAGE][INFO] - Finding Test Object 'Object Repository/Butonlar/Butonlar'

2020-12-17 23:09:32 - [MESSAGE][INFO] - Checking timeout

2020-12-17 23:09:32 - [MESSAGE][INFO] - Finding web element with id: 'Object Repository/Butonlar/Butonlar' located by 'By.cssSelector: .panel.panel-default.text-center.footerPanel .btn,.btn.btn-primary.btnControls' in '10' second(s)

2020-12-17 23:09:32 - [MESSAGE][INFO] - Smart Wait Function is triggered

2020-12-17 23:09:32 - [MESSAGE][INFO] - Found 9 web elements with id: 'Object Repository/Butonlar/Butonlar' located by 'By.cssSelector: .panel.panel-default.text-center.footerPanel .btn,.btn.btn-primary.btnControls' in '10' second(s)

2020-12-17 23:09:32 - [MESSAGE][PASSED] - Method.TextDegerineEsitElementVarMi is PASSED

2020-12-17 23:09:32 - [MESSAGE][PASSED] - Call Test Case 'Test Cases/Butonlar/ButonVarMi' successfully

2020-12-17 23:09:32 - [MESSAGE][PASSED] - Butonlardan Gönder var mı

2020-12-17 23:09:32 - [TEST_STEP][PASSED] - Butonlardan İptal Et var mı: Butonlardan İptal Et var mı

2020-12-17 23:09:32 - [MESSAGE][INFO] - Checking called Test Case

2020-12-17 23:09:32 - [MESSAGE][INFO] - Starting to call Test Case 'Test Cases/Butonlar/ButonVarMi'

2020-12-17 23:09:32 - [TEST_CASE][PASSED] - Test Cases/Butonlar/ButonVarMi: Test Cases/Butonlar/ButonVarMi

2020-12-17 23:09:32 - [TEST_STEP][PASSED] - Method.TextDegerineEsitElementVarMi(findTestObject("Butonlar/Butonlar"), Buton): Method.TextDegerineEsitElementVarMi is PASSED

2020-12-17 23:09:32 - [MESSAGE][INFO] - Finding Test Object 'Object Repository/Butonlar/Butonlar'

2020-12-17 23:09:32 - [MESSAGE][INFO] - Checking timeout

2020-12-17 23:09:32 - [MESSAGE][INFO] - Finding web element with id: 'Object Repository/Butonlar/Butonlar' located by 'By.cssSelector: .panel.panel-default.text-center.footerPanel .btn,.btn.btn-primary.btnControls' in '10' second(s)

2020-12-17 23:09:32 - [MESSAGE][INFO] - Smart Wait Function is triggered

2020-12-17 23:09:32 - [MESSAGE][INFO] - Found 9 web elements with id: 'Object Repository/Butonlar/Butonlar' located by 'By.cssSelector: .panel.panel-default.text-center.footerPanel .btn,.btn.btn-primary.btnControls' in '10' second(s)

2020-12-17 23:09:32 - [MESSAGE][PASSED] - Method.TextDegerineEsitElementVarMi is PASSED

2020-12-17 23:09:32 - [MESSAGE][PASSED] - Call Test Case 'Test Cases/Butonlar/ButonVarMi' successfully

2020-12-17 23:09:32 - [MESSAGE][PASSED] - Butonlardan İptal Et var mı

2020-12-17 23:09:32 - [TEST_STEP][PASSED] - Butonlardan Değiştir var mı: Butonlardan Değiştir var mı

2020-12-17 23:09:32 - [MESSAGE][INFO] - Checking called Test Case

2020-12-17 23:09:32 - [MESSAGE][INFO] - Starting to call Test Case 'Test Cases/Butonlar/ButonVarMi'

2020-12-17 23:09:32 - [TEST_CASE][PASSED] - Test Cases/Butonlar/ButonVarMi: Test Cases/Butonlar/ButonVarMi

2020-12-17 23:09:32 - [TEST_STEP][PASSED] - Method.TextDegerineEsitElementVarMi(findTestObject("Butonlar/Butonlar"), Buton): Method.TextDegerineEsitElementVarMi is PASSED

2020-12-17 23:09:32 - [MESSAGE][INFO] - Finding Test Object 'Object Repository/Butonlar/Butonlar'

2020-12-17 23:09:33 - [MESSAGE][INFO] - Checking timeout

2020-12-17 23:09:33 - [MESSAGE][INFO] - Finding web element with id: 'Object Repository/Butonlar/Butonlar' located by 'By.cssSelector: .panel.panel-default.text-center.footerPanel .btn,.btn.btn-primary.btnControls' in '10' second(s)

2020-12-17 23:09:33 - [MESSAGE][INFO] - Smart Wait Function is triggered

2020-12-17 23:09:33 - [MESSAGE][INFO] - Found 9 web elements with id: 'Object Repository/Butonlar/Butonlar' located by 'By.cssSelector: .panel.panel-default.text-center.footerPanel .btn,.btn.btn-primary.btnControls' in '10' second(s)

2020-12-17 23:09:33 - [MESSAGE][PASSED] - Method.TextDegerineEsitElementVarMi is PASSED

2020-12-17 23:09:33 - [MESSAGE][PASSED] - Call Test Case 'Test Cases/Butonlar/ButonVarMi' successfully

2020-12-17 23:09:33 - [MESSAGE][PASSED] - Butonlardan Değiştir var mı

2020-12-17 23:09:33 - [TEST_STEP][PASSED] - Butonlardan Göster var mı: Butonlardan Göster var mı

2020-12-17 23:09:33 - [MESSAGE][INFO] - Checking called Test Case

2020-12-17 23:09:33 - [MESSAGE][INFO] - Starting to call Test Case 'Test Cases/Butonlar/ButonVarMi'

2020-12-17 23:09:33 - [TEST_CASE][PASSED] - Test Cases/Butonlar/ButonVarMi: Test Cases/Butonlar/ButonVarMi

2020-12-17 23:09:33 - [TEST_STEP][PASSED] - Method.TextDegerineEsitElementVarMi(findTestObject("Butonlar/Butonlar"), Buton): Method.TextDegerineEsitElementVarMi is PASSED

2020-12-17 23:09:33 - [MESSAGE][INFO] - Finding Test Object 'Object Repository/Butonlar/Butonlar'

2020-12-17 23:09:33 - [MESSAGE][INFO] - Checking timeout

2020-12-17 23:09:33 - [MESSAGE][INFO] - Finding web element with id: 'Object Repository/Butonlar/Butonlar' located by 'By.cssSelector: .panel.panel-default.text-center.footerPanel .btn,.btn.btn-primary.btnControls' in '10' second(s)

2020-12-17 23:09:33 - [MESSAGE][INFO] - Smart Wait Function is triggered

2020-12-17 23:09:33 - [MESSAGE][INFO] - Found 9 web elements with id: 'Object Repository/Butonlar/Butonlar' located by 'By.cssSelector: .panel.panel-default.text-center.footerPanel .btn,.btn.btn-primary.btnControls' in '10' second(s)

2020-12-17 23:09:33 - [MESSAGE][PASSED] - Method.TextDegerineEsitElementVarMi is PASSED

2020-12-17 23:09:33 - [MESSAGE][PASSED] - Call Test Case 'Test Cases/Butonlar/ButonVarMi' successfully

2020-12-17 23:09:33 - [MESSAGE][PASSED] - Butonlardan Göster var mı

2020-12-17 23:09:33 - [TEST_STEP][PASSED] - Butonlardan UBL var mı: Butonlardan UBL var mı

2020-12-17 23:09:33 - [MESSAGE][INFO] - Checking called Test Case

2020-12-17 23:09:33 - [MESSAGE][INFO] - Starting to call Test Case 'Test Cases/Butonlar/ButonVarMi'

2020-12-17 23:09:33 - [TEST_CASE][PASSED] - Test Cases/Butonlar/ButonVarMi: Test Cases/Butonlar/ButonVarMi

2020-12-17 23:09:33 - [TEST_STEP][PASSED] - Method.TextDegerineEsitElementVarMi(findTestObject("Butonlar/Butonlar"), Buton): Method.TextDegerineEsitElementVarMi is PASSED

2020-12-17 23:09:33 - [MESSAGE][INFO] - Finding Test Object 'Object Repository/Butonlar/Butonlar'

2020-12-17 23:09:33 - [MESSAGE][INFO] - Checking timeout

2020-12-17 23:09:33 - [MESSAGE][INFO] - Finding web element with id: 'Object Repository/Butonlar/Butonlar' located by 'By.cssSelector: .panel.panel-default.text-center.footerPanel .btn,.btn.btn-primary.btnControls' in '10' second(s)

2020-12-17 23:09:33 - [MESSAGE][INFO] - Smart Wait Function is triggered

2020-12-17 23:09:34 - [MESSAGE][INFO] - Found 9 web elements with id: 'Object Repository/Butonlar/Butonlar' located by 'By.cssSelector: .panel.panel-default.text-center.footerPanel .btn,.btn.btn-primary.btnControls' in '10' second(s)

2020-12-17 23:09:34 - [MESSAGE][PASSED] - Method.TextDegerineEsitElementVarMi is PASSED

2020-12-17 23:09:34 - [MESSAGE][PASSED] - Call Test Case 'Test Cases/Butonlar/ButonVarMi' successfully

2020-12-17 23:09:34 - [MESSAGE][PASSED] - Butonlardan UBL var mı

2020-12-17 23:09:34 - [TEST_STEP][PASSED] - Butonlardan Sil var mı: Butonlardan Sil var mı

2020-12-17 23:09:34 - [MESSAGE][INFO] - Checking called Test Case

2020-12-17 23:09:34 - [MESSAGE][INFO] - Starting to call Test Case 'Test Cases/Butonlar/ButonVarMi'

2020-12-17 23:09:34 - [TEST_CASE][PASSED] - Test Cases/Butonlar/ButonVarMi: Test Cases/Butonlar/ButonVarMi

2020-12-17 23:09:34 - [TEST_STEP][PASSED] - Method.TextDegerineEsitElementVarMi(findTestObject("Butonlar/Butonlar"), Buton): Method.TextDegerineEsitElementVarMi is PASSED

2020-12-17 23:09:34 - [MESSAGE][INFO] - Finding Test Object 'Object Repository/Butonlar/Butonlar'

2020-12-17 23:09:34 - [MESSAGE][INFO] - Checking timeout

2020-12-17 23:09:34 - [MESSAGE][INFO] - Finding web element with id: 'Object Repository/Butonlar/Butonlar' located by 'By.cssSelector: .panel.panel-default.text-center.footerPanel .btn,.btn.btn-primary.btnControls' in '10' second(s)

2020-12-17 23:09:34 - [MESSAGE][INFO] - Smart Wait Function is triggered

2020-12-17 23:09:34 - [MESSAGE][INFO] - Found 9 web elements with id: 'Object Repository/Butonlar/Butonlar' located by 'By.cssSelector: .panel.panel-default.text-center.footerPanel .btn,.btn.btn-primary.btnControls' in '10' second(s)

2020-12-17 23:09:34 - [MESSAGE][PASSED] - Method.TextDegerineEsitElementVarMi is PASSED

2020-12-17 23:09:34 - [MESSAGE][PASSED] - Call Test Case 'Test Cases/Butonlar/ButonVarMi' successfully

2020-12-17 23:09:34 - [MESSAGE][PASSED] - Butonlardan Sil var mı

2020-12-17 23:09:34 - [TEST_STEP][PASSED] - Butonlardan Excel var mı: Butonlardan Excel var mı

2020-12-17 23:09:34 - [MESSAGE][INFO] - Checking called Test Case

2020-12-17 23:09:34 - [MESSAGE][INFO] - Starting to call Test Case 'Test Cases/Butonlar/ButonVarMi'

2020-12-17 23:09:34 - [TEST_CASE][PASSED] - Test Cases/Butonlar/ButonVarMi: Test Cases/Butonlar/ButonVarMi

2020-12-17 23:09:34 - [TEST_STEP][PASSED] - Method.TextDegerineEsitElementVarMi(findTestObject("Butonlar/Butonlar"), Buton): Method.TextDegerineEsitElementVarMi is PASSED

2020-12-17 23:09:34 - [MESSAGE][INFO] - Finding Test Object 'Object Repository/Butonlar/Butonlar'

2020-12-17 23:09:34 - [MESSAGE][INFO] - Checking timeout

2020-12-17 23:09:34 - [MESSAGE][INFO] - Finding web element with id: 'Object Repository/Butonlar/Butonlar' located by 'By.cssSelector: .panel.panel-default.text-center.footerPanel .btn,.btn.btn-primary.btnControls' in '10' second(s)

2020-12-17 23:09:34 - [MESSAGE][INFO] - Smart Wait Function is triggered

2020-12-17 23:09:35 - [MESSAGE][INFO] - Found 9 web elements with id: 'Object Repository/Butonlar/Butonlar' located by 'By.cssSelector: .panel.panel-default.text-center.footerPanel .btn,.btn.btn-primary.btnControls' in '10' second(s)

2020-12-17 23:09:35 - [MESSAGE][PASSED] - Method.TextDegerineEsitElementVarMi is PASSED

2020-12-17 23:09:35 - [MESSAGE][PASSED] - Call Test Case 'Test Cases/Butonlar/ButonVarMi' successfully

2020-12-17 23:09:35 - [MESSAGE][PASSED] - Butonlardan Excel var mı

2020-12-17 23:09:35 - [TEST_STEP][PASSED] - Butonlardan İzleme Kayıtları var mı: Butonlardan İzleme Kayıtları var mı

2020-12-17 23:09:35 - [MESSAGE][INFO] - Checking called Test Case

2020-12-17 23:09:35 - [MESSAGE][INFO] - Starting to call Test Case 'Test Cases/Butonlar/ButonVarMi'

2020-12-17 23:09:35 - [TEST_CASE][PASSED] - Test Cases/Butonlar/ButonVarMi: Test Cases/Butonlar/ButonVarMi

2020-12-17 23:09:35 - [TEST_STEP][PASSED] - Method.TextDegerineEsitElementVarMi(findTestObject("Butonlar/Butonlar"), Buton): Method.TextDegerineEsitElementVarMi is PASSED

2020-12-17 23:09:35 - [MESSAGE][INFO] - Finding Test Object 'Object Repository/Butonlar/Butonlar'

2020-12-17 23:09:35 - [MESSAGE][INFO] - Checking timeout

2020-12-17 23:09:35 - [MESSAGE][INFO] - Finding web element with id: 'Object Repository/Butonlar/Butonlar' located by 'By.cssSelector: .panel.panel-default.text-center.footerPanel .btn,.btn.btn-primary.btnControls' in '10' second(s)

2020-12-17 23:09:35 - [MESSAGE][INFO] - Smart Wait Function is triggered

2020-12-17 23:09:35 - [MESSAGE][INFO] - Found 9 web elements with id: 'Object Repository/Butonlar/Butonlar' located by 'By.cssSelector: .panel.panel-default.text-center.footerPanel .btn,.btn.btn-primary.btnControls' in '10' second(s)

2020-12-17 23:09:35 - [MESSAGE][PASSED] - Method.TextDegerineEsitElementVarMi is PASSED

2020-12-17 23:09:35 - [MESSAGE][PASSED] - Call Test Case 'Test Cases/Butonlar/ButonVarMi' successfully

2020-12-17 23:09:35 - [MESSAGE][PASSED] - Butonlardan İzleme Kayıtları var mı

2020-12-17 23:09:35 - [TEST_STEP][PASSED] - Butonlardan Excel isimli butona tıklanır: Butonlardan Excel isimli butona tıklanır

2020-12-17 23:09:35 - [MESSAGE][INFO] - Checking called Test Case

2020-12-17 23:09:35 - [MESSAGE][INFO] - Starting to call Test Case 'Test Cases/Butonlar/ButonaTikla'

2020-12-17 23:09:35 - [TEST_CASE][PASSED] - Test Cases/Butonlar/ButonaTikla: Test Cases/Butonlar/ButonaTikla

2020-12-17 23:09:35 - [TEST_STEP][PASSED] - Method.TextDegerineEsitElementeTiklaEquals(findTestObject("Butonlar/Butonlar"), Buton_Adi): Method.TextDegerineEsitElementeTiklaEquals is PASSED

2020-12-17 23:09:35 - [MESSAGE][INFO] - Finding Test Object 'Object Repository/Butonlar/Butonlar'

2020-12-17 23:09:36 - [MESSAGE][INFO] - Checking timeout

2020-12-17 23:09:36 - [MESSAGE][INFO] - Finding web element with id: 'Object Repository/Butonlar/Butonlar' located by 'By.cssSelector: .panel.panel-default.text-center.footerPanel .btn,.btn.btn-primary.btnControls' in '10' second(s)

2020-12-17 23:09:36 - [MESSAGE][INFO] - Smart Wait Function is triggered

2020-12-17 23:09:36 - [MESSAGE][INFO] - Found 9 web elements with id: 'Object Repository/Butonlar/Butonlar' located by 'By.cssSelector: .panel.panel-default.text-center.footerPanel .btn,.btn.btn-primary.btnControls' in '10' second(s)

2020-12-17 23:09:36 - [MESSAGE][PASSED] - Method.TextDegerineEsitElementeTiklaEquals is PASSED

2020-12-17 23:09:36 - [MESSAGE][PASSED] - Call Test Case 'Test Cases/Butonlar/ButonaTikla' successfully

2020-12-17 23:09:36 - [MESSAGE][PASSED] - Butonlardan Excel isimli butona tıklanır

2020-12-17 23:09:36 - [TEST_STEP][PASSED] - Alt butonlardan Excel 'e Aktar var mı: Alt butonlardan Excel 'e Aktar var mı

2020-12-17 23:09:36 - [MESSAGE][INFO] - Checking called Test Case

2020-12-17 23:09:36 - [MESSAGE][INFO] - Starting to call Test Case 'Test Cases/Butonlar/AltButonVarMi'

2020-12-17 23:09:36 - [TEST_CASE][PASSED] - Test Cases/Butonlar/AltButonVarMi: Test Cases/Butonlar/AltButonVarMi

2020-12-17 23:09:36 - [TEST_STEP][PASSED] - Method.TextDegerineEsitElementVarMi(findTestObject("Butonlar/AltButonlar"), AltButon): Method.TextDegerineEsitElementVarMi is PASSED

2020-12-17 23:09:36 - [MESSAGE][INFO] - Finding Test Object 'Object Repository/Butonlar/AltButonlar'

2020-12-17 23:09:36 - [MESSAGE][INFO] - Checking timeout

2020-12-17 23:09:36 - [MESSAGE][INFO] - Finding web element with id: 'Object Repository/Butonlar/AltButonlar' located by 'By.cssSelector: .btn-group.open li>a' in '10' second(s)

2020-12-17 23:09:36 - [MESSAGE][INFO] - Smart Wait Function is triggered

2020-12-17 23:09:37 - [MESSAGE][INFO] - Found 2 web elements with id: 'Object Repository/Butonlar/AltButonlar' located by 'By.cssSelector: .btn-group.open li>a' in '10' second(s)

2020-12-17 23:09:37 - [MESSAGE][PASSED] - Method.TextDegerineEsitElementVarMi is PASSED

2020-12-17 23:09:37 - [MESSAGE][PASSED] - Call Test Case 'Test Cases/Butonlar/AltButonVarMi' successfully

2020-12-17 23:09:37 - [MESSAGE][PASSED] - Alt butonlardan Excel 'e Aktar var mı

2020-12-17 23:09:37 - [TEST_STEP][PASSED] - Alt butonlardan Tümünü Excel 'e Aktar var mı: Alt butonlardan Tümünü Excel 'e Aktar var mı

2020-12-17 23:09:37 - [MESSAGE][INFO] - Checking called Test Case

2020-12-17 23:09:37 - [MESSAGE][INFO] - Starting to call Test Case 'Test Cases/Butonlar/AltButonVarMi'

2020-12-17 23:09:37 - [TEST_CASE][PASSED] - Test Cases/Butonlar/AltButonVarMi: Test Cases/Butonlar/AltButonVarMi

2020-12-17 23:09:37 - [TEST_STEP][PASSED] - Method.TextDegerineEsitElementVarMi(findTestObject("Butonlar/AltButonlar"), AltButon): Method.TextDegerineEsitElementVarMi is PASSED

2020-12-17 23:09:37 - [MESSAGE][INFO] - Finding Test Object 'Object Repository/Butonlar/AltButonlar'

2020-12-17 23:09:37 - [MESSAGE][INFO] - Checking timeout

2020-12-17 23:09:37 - [MESSAGE][INFO] - Finding web element with id: 'Object Repository/Butonlar/AltButonlar' located by 'By.cssSelector: .btn-group.open li>a' in '10' second(s)

2020-12-17 23:09:37 - [MESSAGE][INFO] - Smart Wait Function is triggered

2020-12-17 23:09:37 - [MESSAGE][INFO] - Found 2 web elements with id: 'Object Repository/Butonlar/AltButonlar' located by 'By.cssSelector: .btn-group.open li>a' in '10' second(s)

2020-12-17 23:09:37 - [MESSAGE][PASSED] - Method.TextDegerineEsitElementVarMi is PASSED

2020-12-17 23:09:37 - [MESSAGE][PASSED] - Call Test Case 'Test Cases/Butonlar/AltButonVarMi' successfully

2020-12-17 23:09:37 - [MESSAGE][PASSED] - Alt butonlardan Tümünü Excel 'e Aktar var mı

2020-12-17 23:09:37 - [TEST_STEP][PASSED] - Kullanıcı işlemlerinden Çıkış seçilir: Kullanıcı işlemlerinden Çıkış seçilir

2020-12-17 23:09:37 - [MESSAGE][INFO] - Checking called Test Case

2020-12-17 23:09:37 - [MESSAGE][INFO] - Starting to call Test Case 'Test Cases/Kullanici_Islemleri/KullaniciIslemlerindenSecimYapilir'

2020-12-17 23:09:37 - [TEST_CASE][PASSED] - Test Cases/Kullanici_Islemleri/KullaniciIslemlerindenSecimYapilir: Test Cases/Kullanici_Islemleri/KullaniciIslemlerindenSecimYapilir

2020-12-17 23:09:37 - [TEST_STEP][PASSED] - waitForElementClickable(findTestObject("Object Repository/Kullanici_Islemleri/KullaniciIslemleri"), 10): Object 'Object Repository/Kullanici_Islemleri/KullaniciIslemleri' is clickable

2020-12-17 23:09:37 - [MESSAGE][INFO] - Finding Test Object 'Object Repository/Kullanici_Islemleri/KullaniciIslemleri'

2020-12-17 23:09:37 - [MESSAGE][INFO] - Checking object

2020-12-17 23:09:37 - [MESSAGE][INFO] - Checking timeout

2020-12-17 23:09:37 - [MESSAGE][INFO] - Finding web element from Test Object's properties

2020-12-17 23:09:37 - [MESSAGE][INFO] - Checking timeout

2020-12-17 23:09:37 - [MESSAGE][INFO] - Finding web element with id: 'Object Repository/Kullanici_Islemleri/KullaniciIslemleri' located by 'By.cssSelector: .dropdown>a>img' in '10' second(s)

2020-12-17 23:09:37 - [MESSAGE][INFO] - Smart Wait Function is triggered

2020-12-17 23:09:38 - [MESSAGE][INFO] - Found 1 web elements with id: 'Object Repository/Kullanici_Islemleri/KullaniciIslemleri' located by 'By.cssSelector: .dropdown>a>img' in '10' second(s)

2020-12-17 23:09:38 - [MESSAGE][PASSED] - Object 'Object Repository/Kullanici_Islemleri/KullaniciIslemleri' is clickable

2020-12-17 23:09:38 - [TEST_STEP][PASSED] - click(findTestObject("Object Repository/Kullanici_Islemleri/KullaniciIslemleri")): Object: 'Object Repository/Kullanici_Islemleri/KullaniciIslemleri' is clicked on

2020-12-17 23:09:38 - [MESSAGE][INFO] - Finding Test Object 'Object Repository/Kullanici_Islemleri/KullaniciIslemleri'

2020-12-17 23:09:38 - [MESSAGE][INFO] - Checking object

2020-12-17 23:09:38 - [MESSAGE][INFO] - Finding web element from Test Object's properties

2020-12-17 23:09:38 - [MESSAGE][INFO] - Checking timeout

2020-12-17 23:09:38 - [MESSAGE][INFO] - Finding web element with id: 'Object Repository/Kullanici_Islemleri/KullaniciIslemleri' located by 'By.cssSelector: .dropdown>a>img' in '30' second(s)

2020-12-17 23:09:38 - [MESSAGE][INFO] - Smart Wait Function is triggered

2020-12-17 23:09:38 - [MESSAGE][INFO] - Found 1 web elements with id: 'Object Repository/Kullanici_Islemleri/KullaniciIslemleri' located by 'By.cssSelector: .dropdown>a>img' in '30' second(s)

2020-12-17 23:09:38 - [MESSAGE][INFO] - Clicking on object: 'Object Repository/Kullanici_Islemleri/KullaniciIslemleri'

2020-12-17 23:09:38 - [MESSAGE][PASSED] - Object: 'Object Repository/Kullanici_Islemleri/KullaniciIslemleri' is clicked on

2020-12-17 23:09:38 - [TEST_STEP][PASSED] - Method.TextDegerineEsitElementeTikla(findTestObject("Object Repository/Kullanici_Islemleri/Secenekler"), Islem): Method.TextDegerineEsitElementeTikla is PASSED

2020-12-17 23:09:38 - [MESSAGE][INFO] - Finding Test Object 'Object Repository/Kullanici_Islemleri/Secenekler'

2020-12-17 23:09:38 - [MESSAGE][INFO] - Checking timeout

2020-12-17 23:09:38 - [MESSAGE][INFO] - Finding web element with id: 'Object Repository/Kullanici_Islemleri/Secenekler' located by 'By.cssSelector: .nav.navbar-nav.navbar-right li a' in '10' second(s)

2020-12-17 23:09:38 - [MESSAGE][INFO] - Smart Wait Function is triggered

2020-12-17 23:09:38 - [MESSAGE][INFO] - Found 25 web elements with id: 'Object Repository/Kullanici_Islemleri/Secenekler' located by 'By.cssSelector: .nav.navbar-nav.navbar-right li a' in '10' second(s)

2020-12-17 23:09:39 - [MESSAGE][PASSED] - Method.TextDegerineEsitElementeTikla is PASSED

2020-12-17 23:09:39 - [TEST_STEP][PASSED] - verifyElementNotPresent(findTestObject("Object Repository/Kullanici_Islemleri/Secenekler"), 10): Web element with id: 'Object Repository/Kullanici_Islemleri/Secenekler' located by 'By.cssSelector: .nav.navbar-nav.navbar-right li a' is not present after '10' second(s)

2020-12-17 23:09:39 - [MESSAGE][INFO] - Finding Test Object 'Object Repository/Kullanici_Islemleri/Secenekler'

2020-12-17 23:09:39 - [MESSAGE][INFO] - Checking object

2020-12-17 23:09:39 - [MESSAGE][INFO] - Checking timeout

2020-12-17 23:09:39 - [MESSAGE][INFO] - Finding web element with id: 'Object Repository/Kullanici_Islemleri/Secenekler' located by 'By.cssSelector: .nav.navbar-nav.navbar-right li a' in '10' second(s)

2020-12-17 23:09:39 - [MESSAGE][INFO] - Smart Wait Function is triggered

2020-12-17 23:09:40 - [MESSAGE][PASSED] - Web element with id: 'Object Repository/Kullanici_Islemleri/Secenekler' located by 'By.cssSelector: .nav.navbar-nav.navbar-right li a' is not present after '10' second(s)

2020-12-17 23:09:40 - [MESSAGE][PASSED] - Call Test Case 'Test Cases/Kullanici_Islemleri/KullaniciIslemlerindenSecimYapilir' successfully

2020-12-17 23:09:40 - [MESSAGE][PASSED] - Kullanıcı işlemlerinden Çıkış seçilir

2020-12-17 23:09:40 - [MESSAGE][FAILED] - Keyword runFeatureFile was failed (Root cause: java.lang.NullPointerException: No format for key faıled
	at cucumber.runtime.formatter.AnsiFormats.get(AnsiFormats.java:51)
	at cucumber.runtime.Stats.printScenarios(Stats.java:170)
	at cucumber.runtime.Stats.printNonZeroResultScenarios(Stats.java:161)
	at cucumber.runtime.Stats.printStats(Stats.java:107)
	at cucumber.runtime.DefaultSummaryPrinter.printStats(DefaultSummaryPrinter.java:34)
	at cucumber.runtime.DefaultSummaryPrinter.print(DefaultSummaryPrinter.java:27)
	at cucumber.runtime.DefaultSummaryPrinter.access$000(DefaultSummaryPrinter.java:14)
	at cucumber.runtime.DefaultSummaryPrinter$1.receive(DefaultSummaryPrinter.java:63)
	at cucumber.runtime.DefaultSummaryPrinter$1.receive(DefaultSummaryPrinter.java:60)
	at cucumber.runner.EventBus.send(EventBus.java:28)
	at cucumber.runtime.Runtime.run(Runtime.java:109)
	at cucumber.api.cli.Main.run(Main.java:35)
	at cucumber.api.cli.Main$run.call(Unknown Source)
	at com.kms.katalon.core.cucumber.keyword.CucumberBuiltinKeywords$_runFeatureFile_closure1.doCall(CucumberBuiltinKeywords.groovy:76)
	at com.kms.katalon.core.cucumber.keyword.CucumberBuiltinKeywords$_runFeatureFile_closure1.doCall(CucumberBuiltinKeywords.groovy)
	at com.kms.katalon.core.keyword.internal.KeywordMain.runKeyword(KeywordMain.groovy:68)
	at com.kms.katalon.core.keyword.internal.KeywordMain$runKeyword.call(Unknown Source)
	at com.kms.katalon.core.cucumber.keyword.CucumberBuiltinKeywords.runFeatureFile(CucumberBuiltinKeywords.groovy:46)
	at com.kms.katalon.core.cucumber.keyword.CucumberBuiltinKeywords$runFeatureFile$0.callStatic(Unknown Source)
	at com.kms.katalon.core.cucumber.keyword.CucumberBuiltinKeywords.runFeatureFile(CucumberBuiltinKeywords.groovy:169)
	at com.kms.katalon.core.cucumber.keyword.CucumberBuiltinKeywords$runFeatureFile.call(Unknown Source)
	at Buton Kontrolu.run(Buton Kontrolu:19)
	at com.kms.katalon.core.main.ScriptEngine.run(ScriptEngine.java:194)
	at com.kms.katalon.core.main.ScriptEngine.runScriptAsRawText(ScriptEngine.java:119)
	at com.kms.katalon.core.main.TestCaseExecutor.runScript(TestCaseExecutor.java:339)
	at com.kms.katalon.core.main.TestCaseExecutor.doExecute(TestCaseExecutor.java:330)
	at com.kms.katalon.core.main.TestCaseExecutor.processExecutionPhase(TestCaseExecutor.java:309)
	at com.kms.katalon.core.main.TestCaseExecutor.accessMainPhase(TestCaseExecutor.java:301)
	at com.kms.katalon.core.main.TestCaseExecutor.execute(TestCaseExecutor.java:235)
	at com.kms.katalon.core.main.TestSuiteExecutor.accessTestCaseMainPhase(TestSuiteExecutor.java:191)
	at com.kms.katalon.core.main.TestSuiteExecutor.accessTestSuiteMainPhase(TestSuiteExecutor.java:141)
	at com.kms.katalon.core.main.TestSuiteExecutor.execute(TestSuiteExecutor.java:90)
	at com.kms.katalon.core.main.TestCaseMain.startTestSuite(TestCaseMain.java:157)
	at com.kms.katalon.core.main.TestCaseMain$startTestSuite$0.call(Unknown Source)
	at TempTestSuite1608235705297.run(TempTestSuite1608235705297.groovy:39)
)

2020-12-17 23:09:40 - [TEST_STEP][PASSED] - Start listener action : sampleAfterTestSuite: Invoke 'com.kms.katalon.core.annotation.AfterTestCase' method: 'Listener.sampleAfterTestSuite(...)' completed.

2020-12-17 23:09:40 - [MESSAGE][INFO] - Starting invoke 'com.kms.katalon.core.annotation.AfterTestCase' method: 'Listener.sampleAfterTestSuite(...)'

2020-12-17 23:09:40 - [MESSAGE][INFO] - Invoke 'com.kms.katalon.core.annotation.AfterTestCase' method: 'Listener.sampleAfterTestSuite(...)' completed.]]></system-out>
         <system-err><![CDATA[2020-12-17 23:08:37 - [TEST_CASE][FAILED] - Test Cases/Case Repository/e-Arsiv/e-Arsiv Araclari/e-Arsiv Taslak/Buton Kontrolu: Test Cases/Case Repository/e-Arsiv/e-Arsiv Araclari/e-Arsiv Taslak/Buton Kontrolu FAILED.
Reason:
com.kms.katalon.core.exception.StepFailedException: Keyword runFeatureFile was failed (Root cause: java.lang.NullPointerException: No format for key faıled
	at cucumber.runtime.formatter.AnsiFormats.get(AnsiFormats.java:51)
	at cucumber.runtime.Stats.printScenarios(Stats.java:170)
	at cucumber.runtime.Stats.printNonZeroResultScenarios(Stats.java:161)
	at cucumber.runtime.Stats.printStats(Stats.java:107)
	at cucumber.runtime.DefaultSummaryPrinter.printStats(DefaultSummaryPrinter.java:34)
	at cucumber.runtime.DefaultSummaryPrinter.print(DefaultSummaryPrinter.java:27)
	at cucumber.runtime.DefaultSummaryPrinter.access$000(DefaultSummaryPrinter.java:14)
	at cucumber.runtime.DefaultSummaryPrinter$1.receive(DefaultSummaryPrinter.java:63)
	at cucumber.runtime.DefaultSummaryPrinter$1.receive(DefaultSummaryPrinter.java:60)
	at cucumber.runner.EventBus.send(EventBus.java:28)
	at cucumber.runtime.Runtime.run(Runtime.java:109)
	at cucumber.api.cli.Main.run(Main.java:35)
	at cucumber.api.cli.Main$run.call(Unknown Source)
	at com.kms.katalon.core.cucumber.keyword.CucumberBuiltinKeywords$_runFeatureFile_closure1.doCall(CucumberBuiltinKeywords.groovy:76)
	at com.kms.katalon.core.cucumber.keyword.CucumberBuiltinKeywords$_runFeatureFile_closure1.doCall(CucumberBuiltinKeywords.groovy)
	at com.kms.katalon.core.keyword.internal.KeywordMain.runKeyword(KeywordMain.groovy:68)
	at com.kms.katalon.core.keyword.internal.KeywordMain$runKeyword.call(Unknown Source)
	at com.kms.katalon.core.cucumber.keyword.CucumberBuiltinKeywords.runFeatureFile(CucumberBuiltinKeywords.groovy:46)
	at com.kms.katalon.core.cucumber.keyword.CucumberBuiltinKeywords$runFeatureFile$0.callStatic(Unknown Source)
	at com.kms.katalon.core.cucumber.keyword.CucumberBuiltinKeywords.runFeatureFile(CucumberBuiltinKeywords.groovy:169)
	at com.kms.katalon.core.cucumber.keyword.CucumberBuiltinKeywords$runFeatureFile.call(Unknown Source)
	at Buton Kontrolu.run(Buton Kontrolu:19)
	at com.kms.katalon.core.main.ScriptEngine.run(ScriptEngine.java:194)
	at com.kms.katalon.core.main.ScriptEngine.runScriptAsRawText(ScriptEngine.java:119)
	at com.kms.katalon.core.main.TestCaseExecutor.runScript(TestCaseExecutor.java:339)
	at com.kms.katalon.core.main.TestCaseExecutor.doExecute(TestCaseExecutor.java:330)
	at com.kms.katalon.core.main.TestCaseExecutor.processExecutionPhase(TestCaseExecutor.java:309)
	at com.kms.katalon.core.main.TestCaseExecutor.accessMainPhase(TestCaseExecutor.java:301)
	at com.kms.katalon.core.main.TestCaseExecutor.execute(TestCaseExecutor.java:235)
	at com.kms.katalon.core.main.TestSuiteExecutor.accessTestCaseMainPhase(TestSuiteExecutor.java:191)
	at com.kms.katalon.core.main.TestSuiteExecutor.accessTestSuiteMainPhase(TestSuiteExecutor.java:141)
	at com.kms.katalon.core.main.TestSuiteExecutor.execute(TestSuiteExecutor.java:90)
	at com.kms.katalon.core.main.TestCaseMain.startTestSuite(TestCaseMain.java:157)
	at com.kms.katalon.core.main.TestCaseMain$startTestSuite$0.call(Unknown Source)
	at TempTestSuite1608235705297.run(TempTestSuite1608235705297.groovy:39)
)
	at com.kms.katalon.core.keyword.internal.KeywordMain.stepFailed(KeywordMain.groovy:50)
	at com.kms.katalon.core.keyword.internal.KeywordMain.stepFailed(KeywordMain.groovy)
	at com.kms.katalon.core.keyword.internal.KeywordMain.runKeyword(KeywordMain.groovy:70)
	at com.kms.katalon.core.keyword.internal.KeywordMain$runKeyword.call(Unknown Source)
	at com.kms.katalon.core.cucumber.keyword.CucumberBuiltinKeywords.runFeatureFile(CucumberBuiltinKeywords.groovy:46)
	at com.kms.katalon.core.cucumber.keyword.CucumberBuiltinKeywords$runFeatureFile$0.callStatic(Unknown Source)
	at com.kms.katalon.core.cucumber.keyword.CucumberBuiltinKeywords.runFeatureFile(CucumberBuiltinKeywords.groovy:169)
	at com.kms.katalon.core.cucumber.keyword.CucumberBuiltinKeywords$runFeatureFile.call(Unknown Source)
	at Buton Kontrolu.run(Buton Kontrolu:19)
	at com.kms.katalon.core.main.ScriptEngine.run(ScriptEngine.java:194)
	at com.kms.katalon.core.main.ScriptEngine.runScriptAsRawText(ScriptEngine.java:119)
	at com.kms.katalon.core.main.TestCaseExecutor.runScript(TestCaseExecutor.java:339)
	at com.kms.katalon.core.main.TestCaseExecutor.doExecute(TestCaseExecutor.java:330)
	at com.kms.katalon.core.main.TestCaseExecutor.processExecutionPhase(TestCaseExecutor.java:309)
	at com.kms.katalon.core.main.TestCaseExecutor.accessMainPhase(TestCaseExecutor.java:301)
	at com.kms.katalon.core.main.TestCaseExecutor.execute(TestCaseExecutor.java:235)
	at com.kms.katalon.core.main.TestSuiteExecutor.accessTestCaseMainPhase(TestSuiteExecutor.java:191)
	at com.kms.katalon.core.main.TestSuiteExecutor.accessTestSuiteMainPhase(TestSuiteExecutor.java:141)
	at com.kms.katalon.core.main.TestSuiteExecutor.execute(TestSuiteExecutor.java:90)
	at com.kms.katalon.core.main.TestCaseMain.startTestSuite(TestCaseMain.java:157)
	at com.kms.katalon.core.main.TestCaseMain$startTestSuite$0.call(Unknown Source)
	at TempTestSuite1608235705297.run(TempTestSuite1608235705297.groovy:39)
Caused by: java.lang.NullPointerException: No format for key faıled
	at cucumber.runtime.formatter.AnsiFormats.get(AnsiFormats.java:51)
	at cucumber.runtime.Stats.printScenarios(Stats.java:170)
	at cucumber.runtime.Stats.printNonZeroResultScenarios(Stats.java:161)
	at cucumber.runtime.Stats.printStats(Stats.java:107)
	at cucumber.runtime.DefaultSummaryPrinter.printStats(DefaultSummaryPrinter.java:34)
	at cucumber.runtime.DefaultSummaryPrinter.print(DefaultSummaryPrinter.java:27)
	at cucumber.runtime.DefaultSummaryPrinter.access$000(DefaultSummaryPrinter.java:14)
	at cucumber.runtime.DefaultSummaryPrinter$1.receive(DefaultSummaryPrinter.java:63)
	at cucumber.runtime.DefaultSummaryPrinter$1.receive(DefaultSummaryPrinter.java:60)
	at cucumber.runner.EventBus.send(EventBus.java:28)
	at cucumber.runtime.Runtime.run(Runtime.java:109)
	at cucumber.api.cli.Main.run(Main.java:35)
	at cucumber.api.cli.Main$run.call(Unknown Source)
	at com.kms.katalon.core.cucumber.keyword.CucumberBuiltinKeywords$_runFeatureFile_closure1.doCall(CucumberBuiltinKeywords.groovy:76)
	at com.kms.katalon.core.cucumber.keyword.CucumberBuiltinKeywords$_runFeatureFile_closure1.doCall(CucumberBuiltinKeywords.groovy)
	at com.kms.katalon.core.keyword.internal.KeywordMain.runKeyword(KeywordMain.groovy:68)
	... 19 more]]></system-err>
      </testcase>
      <system-out><![CDATA[2020-12-17 23:08:35 - [TEST_SUITE][FAILED] - Ekran Kontrolu: Test Cases/Case Repository/e-Arsiv/e-Arsiv Araclari/e-Arsiv Taslak/Buton Kontrolu FAILED.
Reason:
com.kms.katalon.core.exception.StepFailedException: Keyword runFeatureFile was failed (Root cause: java.lang.NullPointerException: No format for key faıled
	at cucumber.runtime.formatter.AnsiFormats.get(AnsiFormats.java:51)
	at cucumber.runtime.Stats.printScenarios(Stats.java:170)
	at cucumber.runtime.Stats.printNonZeroResultScenarios(Stats.java:161)
	at cucumber.runtime.Stats.printStats(Stats.java:107)
	at cucumber.runtime.DefaultSummaryPrinter.printStats(DefaultSummaryPrinter.java:34)
	at cucumber.runtime.DefaultSummaryPrinter.print(DefaultSummaryPrinter.java:27)
	at cucumber.runtime.DefaultSummaryPrinter.access$000(DefaultSummaryPrinter.java:14)
	at cucumber.runtime.DefaultSummaryPrinter$1.receive(DefaultSummaryPrinter.java:63)
	at cucumber.runtime.DefaultSummaryPrinter$1.receive(DefaultSummaryPrinter.java:60)
	at cucumber.runner.EventBus.send(EventBus.java:28)
	at cucumber.runtime.Runtime.run(Runtime.java:109)
	at cucumber.api.cli.Main.run(Main.java:35)
	at cucumber.api.cli.Main$run.call(Unknown Source)
	at com.kms.katalon.core.cucumber.keyword.CucumberBuiltinKeywords$_runFeatureFile_closure1.doCall(CucumberBuiltinKeywords.groovy:76)
	at com.kms.katalon.core.cucumber.keyword.CucumberBuiltinKeywords$_runFeatureFile_closure1.doCall(CucumberBuiltinKeywords.groovy)
	at com.kms.katalon.core.keyword.internal.KeywordMain.runKeyword(KeywordMain.groovy:68)
	at com.kms.katalon.core.keyword.internal.KeywordMain$runKeyword.call(Unknown Source)
	at com.kms.katalon.core.cucumber.keyword.CucumberBuiltinKeywords.runFeatureFile(CucumberBuiltinKeywords.groovy:46)
	at com.kms.katalon.core.cucumber.keyword.CucumberBuiltinKeywords$runFeatureFile$0.callStatic(Unknown Source)
	at com.kms.katalon.core.cucumber.keyword.CucumberBuiltinKeywords.runFeatureFile(CucumberBuiltinKeywords.groovy:169)
	at com.kms.katalon.core.cucumber.keyword.CucumberBuiltinKeywords$runFeatureFile.call(Unknown Source)
	at Buton Kontrolu.run(Buton Kontrolu:19)
	at com.kms.katalon.core.main.ScriptEngine.run(ScriptEngine.java:194)
	at com.kms.katalon.core.main.ScriptEngine.runScriptAsRawText(ScriptEngine.java:119)
	at com.kms.katalon.core.main.TestCaseExecutor.runScript(TestCaseExecutor.java:339)
	at com.kms.katalon.core.main.TestCaseExecutor.doExecute(TestCaseExecutor.java:330)
	at com.kms.katalon.core.main.TestCaseExecutor.processExecutionPhase(TestCaseExecutor.java:309)
	at com.kms.katalon.core.main.TestCaseExecutor.accessMainPhase(TestCaseExecutor.java:301)
	at com.kms.katalon.core.main.TestCaseExecutor.execute(TestCaseExecutor.java:235)
	at com.kms.katalon.core.main.TestSuiteExecutor.accessTestCaseMainPhase(TestSuiteExecutor.java:191)
	at com.kms.katalon.core.main.TestSuiteExecutor.accessTestSuiteMainPhase(TestSuiteExecutor.java:141)
	at com.kms.katalon.core.main.TestSuiteExecutor.execute(TestSuiteExecutor.java:90)
	at com.kms.katalon.core.main.TestCaseMain.startTestSuite(TestCaseMain.java:157)
	at com.kms.katalon.core.main.TestCaseMain$startTestSuite$0.call(Unknown Source)
	at TempTestSuite1608235705297.run(TempTestSuite1608235705297.groovy:39)
)
	at com.kms.katalon.core.keyword.internal.KeywordMain.stepFailed(KeywordMain.groovy:50)
	at com.kms.katalon.core.keyword.internal.KeywordMain.stepFailed(KeywordMain.groovy)
	at com.kms.katalon.core.keyword.internal.KeywordMain.runKeyword(KeywordMain.groovy:70)
	at com.kms.katalon.core.keyword.internal.KeywordMain$runKeyword.call(Unknown Source)
	at com.kms.katalon.core.cucumber.keyword.CucumberBuiltinKeywords.runFeatureFile(CucumberBuiltinKeywords.groovy:46)
	at com.kms.katalon.core.cucumber.keyword.CucumberBuiltinKeywords$runFeatureFile$0.callStatic(Unknown Source)
	at com.kms.katalon.core.cucumber.keyword.CucumberBuiltinKeywords.runFeatureFile(CucumberBuiltinKeywords.groovy:169)
	at com.kms.katalon.core.cucumber.keyword.CucumberBuiltinKeywords$runFeatureFile.call(Unknown Source)
	at Buton Kontrolu.run(Buton Kontrolu:19)
	at com.kms.katalon.core.main.ScriptEngine.run(ScriptEngine.java:194)
	at com.kms.katalon.core.main.ScriptEngine.runScriptAsRawText(ScriptEngine.java:119)
	at com.kms.katalon.core.main.TestCaseExecutor.runScript(TestCaseExecutor.java:339)
	at com.kms.katalon.core.main.TestCaseExecutor.doExecute(TestCaseExecutor.java:330)
	at com.kms.katalon.core.main.TestCaseExecutor.processExecutionPhase(TestCaseExecutor.java:309)
	at com.kms.katalon.core.main.TestCaseExecutor.accessMainPhase(TestCaseExecutor.java:301)
	at com.kms.katalon.core.main.TestCaseExecutor.execute(TestCaseExecutor.java:235)
	at com.kms.katalon.core.main.TestSuiteExecutor.accessTestCaseMainPhase(TestSuiteExecutor.java:191)
	at com.kms.katalon.core.main.TestSuiteExecutor.accessTestSuiteMainPhase(TestSuiteExecutor.java:141)
	at com.kms.katalon.core.main.TestSuiteExecutor.execute(TestSuiteExecutor.java:90)
	at com.kms.katalon.core.main.TestCaseMain.startTestSuite(TestCaseMain.java:157)
	at com.kms.katalon.core.main.TestCaseMain$startTestSuite$0.call(Unknown Source)
	at TempTestSuite1608235705297.run(TempTestSuite1608235705297.groovy:39)
Caused by: java.lang.NullPointerException: No format for key faıled
	at cucumber.runtime.formatter.AnsiFormats.get(AnsiFormats.java:51)
	at cucumber.runtime.Stats.printScenarios(Stats.java:170)
	at cucumber.runtime.Stats.printNonZeroResultScenarios(Stats.java:161)
	at cucumber.runtime.Stats.printStats(Stats.java:107)
	at cucumber.runtime.DefaultSummaryPrinter.printStats(DefaultSummaryPrinter.java:34)
	at cucumber.runtime.DefaultSummaryPrinter.print(DefaultSummaryPrinter.java:27)
	at cucumber.runtime.DefaultSummaryPrinter.access$000(DefaultSummaryPrinter.java:14)
	at cucumber.runtime.DefaultSummaryPrinter$1.receive(DefaultSummaryPrinter.java:63)
	at cucumber.runtime.DefaultSummaryPrinter$1.receive(DefaultSummaryPrinter.java:60)
	at cucumber.runner.EventBus.send(EventBus.java:28)
	at cucumber.runtime.Runtime.run(Runtime.java:109)
	at cucumber.api.cli.Main.run(Main.java:35)
	at cucumber.api.cli.Main$run.call(Unknown Source)
	at com.kms.katalon.core.cucumber.keyword.CucumberBuiltinKeywords$_runFeatureFile_closure1.doCall(CucumberBuiltinKeywords.groovy:76)
	at com.kms.katalon.core.cucumber.keyword.CucumberBuiltinKeywords$_runFeatureFile_closure1.doCall(CucumberBuiltinKeywords.groovy)
	at com.kms.katalon.core.keyword.internal.KeywordMain.runKeyword(KeywordMain.groovy:68)
	... 19 more]]></system-out>
      <system-err><![CDATA[2020-12-17 23:08:35 - [TEST_SUITE][FAILED] - Ekran Kontrolu: Test Cases/Case Repository/e-Arsiv/e-Arsiv Araclari/e-Arsiv Taslak/Buton Kontrolu FAILED.
Reason:
com.kms.katalon.core.exception.StepFailedException: Keyword runFeatureFile was failed (Root cause: java.lang.NullPointerException: No format for key faıled
	at cucumber.runtime.formatter.AnsiFormats.get(AnsiFormats.java:51)
	at cucumber.runtime.Stats.printScenarios(Stats.java:170)
	at cucumber.runtime.Stats.printNonZeroResultScenarios(Stats.java:161)
	at cucumber.runtime.Stats.printStats(Stats.java:107)
	at cucumber.runtime.DefaultSummaryPrinter.printStats(DefaultSummaryPrinter.java:34)
	at cucumber.runtime.DefaultSummaryPrinter.print(DefaultSummaryPrinter.java:27)
	at cucumber.runtime.DefaultSummaryPrinter.access$000(DefaultSummaryPrinter.java:14)
	at cucumber.runtime.DefaultSummaryPrinter$1.receive(DefaultSummaryPrinter.java:63)
	at cucumber.runtime.DefaultSummaryPrinter$1.receive(DefaultSummaryPrinter.java:60)
	at cucumber.runner.EventBus.send(EventBus.java:28)
	at cucumber.runtime.Runtime.run(Runtime.java:109)
	at cucumber.api.cli.Main.run(Main.java:35)
	at cucumber.api.cli.Main$run.call(Unknown Source)
	at com.kms.katalon.core.cucumber.keyword.CucumberBuiltinKeywords$_runFeatureFile_closure1.doCall(CucumberBuiltinKeywords.groovy:76)
	at com.kms.katalon.core.cucumber.keyword.CucumberBuiltinKeywords$_runFeatureFile_closure1.doCall(CucumberBuiltinKeywords.groovy)
	at com.kms.katalon.core.keyword.internal.KeywordMain.runKeyword(KeywordMain.groovy:68)
	at com.kms.katalon.core.keyword.internal.KeywordMain$runKeyword.call(Unknown Source)
	at com.kms.katalon.core.cucumber.keyword.CucumberBuiltinKeywords.runFeatureFile(CucumberBuiltinKeywords.groovy:46)
	at com.kms.katalon.core.cucumber.keyword.CucumberBuiltinKeywords$runFeatureFile$0.callStatic(Unknown Source)
	at com.kms.katalon.core.cucumber.keyword.CucumberBuiltinKeywords.runFeatureFile(CucumberBuiltinKeywords.groovy:169)
	at com.kms.katalon.core.cucumber.keyword.CucumberBuiltinKeywords$runFeatureFile.call(Unknown Source)
	at Buton Kontrolu.run(Buton Kontrolu:19)
	at com.kms.katalon.core.main.ScriptEngine.run(ScriptEngine.java:194)
	at com.kms.katalon.core.main.ScriptEngine.runScriptAsRawText(ScriptEngine.java:119)
	at com.kms.katalon.core.main.TestCaseExecutor.runScript(TestCaseExecutor.java:339)
	at com.kms.katalon.core.main.TestCaseExecutor.doExecute(TestCaseExecutor.java:330)
	at com.kms.katalon.core.main.TestCaseExecutor.processExecutionPhase(TestCaseExecutor.java:309)
	at com.kms.katalon.core.main.TestCaseExecutor.accessMainPhase(TestCaseExecutor.java:301)
	at com.kms.katalon.core.main.TestCaseExecutor.execute(TestCaseExecutor.java:235)
	at com.kms.katalon.core.main.TestSuiteExecutor.accessTestCaseMainPhase(TestSuiteExecutor.java:191)
	at com.kms.katalon.core.main.TestSuiteExecutor.accessTestSuiteMainPhase(TestSuiteExecutor.java:141)
	at com.kms.katalon.core.main.TestSuiteExecutor.execute(TestSuiteExecutor.java:90)
	at com.kms.katalon.core.main.TestCaseMain.startTestSuite(TestCaseMain.java:157)
	at com.kms.katalon.core.main.TestCaseMain$startTestSuite$0.call(Unknown Source)
	at TempTestSuite1608235705297.run(TempTestSuite1608235705297.groovy:39)
)
	at com.kms.katalon.core.keyword.internal.KeywordMain.stepFailed(KeywordMain.groovy:50)
	at com.kms.katalon.core.keyword.internal.KeywordMain.stepFailed(KeywordMain.groovy)
	at com.kms.katalon.core.keyword.internal.KeywordMain.runKeyword(KeywordMain.groovy:70)
	at com.kms.katalon.core.keyword.internal.KeywordMain$runKeyword.call(Unknown Source)
	at com.kms.katalon.core.cucumber.keyword.CucumberBuiltinKeywords.runFeatureFile(CucumberBuiltinKeywords.groovy:46)
	at com.kms.katalon.core.cucumber.keyword.CucumberBuiltinKeywords$runFeatureFile$0.callStatic(Unknown Source)
	at com.kms.katalon.core.cucumber.keyword.CucumberBuiltinKeywords.runFeatureFile(CucumberBuiltinKeywords.groovy:169)
	at com.kms.katalon.core.cucumber.keyword.CucumberBuiltinKeywords$runFeatureFile.call(Unknown Source)
	at Buton Kontrolu.run(Buton Kontrolu:19)
	at com.kms.katalon.core.main.ScriptEngine.run(ScriptEngine.java:194)
	at com.kms.katalon.core.main.ScriptEngine.runScriptAsRawText(ScriptEngine.java:119)
	at com.kms.katalon.core.main.TestCaseExecutor.runScript(TestCaseExecutor.java:339)
	at com.kms.katalon.core.main.TestCaseExecutor.doExecute(TestCaseExecutor.java:330)
	at com.kms.katalon.core.main.TestCaseExecutor.processExecutionPhase(TestCaseExecutor.java:309)
	at com.kms.katalon.core.main.TestCaseExecutor.accessMainPhase(TestCaseExecutor.java:301)
	at com.kms.katalon.core.main.TestCaseExecutor.execute(TestCaseExecutor.java:235)
	at com.kms.katalon.core.main.TestSuiteExecutor.accessTestCaseMainPhase(TestSuiteExecutor.java:191)
	at com.kms.katalon.core.main.TestSuiteExecutor.accessTestSuiteMainPhase(TestSuiteExecutor.java:141)
	at com.kms.katalon.core.main.TestSuiteExecutor.execute(TestSuiteExecutor.java:90)
	at com.kms.katalon.core.main.TestCaseMain.startTestSuite(TestCaseMain.java:157)
	at com.kms.katalon.core.main.TestCaseMain$startTestSuite$0.call(Unknown Source)
	at TempTestSuite1608235705297.run(TempTestSuite1608235705297.groovy:39)
Caused by: java.lang.NullPointerException: No format for key faıled
	at cucumber.runtime.formatter.AnsiFormats.get(AnsiFormats.java:51)
	at cucumber.runtime.Stats.printScenarios(Stats.java:170)
	at cucumber.runtime.Stats.printNonZeroResultScenarios(Stats.java:161)
	at cucumber.runtime.Stats.printStats(Stats.java:107)
	at cucumber.runtime.DefaultSummaryPrinter.printStats(DefaultSummaryPrinter.java:34)
	at cucumber.runtime.DefaultSummaryPrinter.print(DefaultSummaryPrinter.java:27)
	at cucumber.runtime.DefaultSummaryPrinter.access$000(DefaultSummaryPrinter.java:14)
	at cucumber.runtime.DefaultSummaryPrinter$1.receive(DefaultSummaryPrinter.java:63)
	at cucumber.runtime.DefaultSummaryPrinter$1.receive(DefaultSummaryPrinter.java:60)
	at cucumber.runner.EventBus.send(EventBus.java:28)
	at cucumber.runtime.Runtime.run(Runtime.java:109)
	at cucumber.api.cli.Main.run(Main.java:35)
	at cucumber.api.cli.Main$run.call(Unknown Source)
	at com.kms.katalon.core.cucumber.keyword.CucumberBuiltinKeywords$_runFeatureFile_closure1.doCall(CucumberBuiltinKeywords.groovy:76)
	at com.kms.katalon.core.cucumber.keyword.CucumberBuiltinKeywords$_runFeatureFile_closure1.doCall(CucumberBuiltinKeywords.groovy)
	at com.kms.katalon.core.keyword.internal.KeywordMain.runKeyword(KeywordMain.groovy:68)
	... 19 more]]></system-err>
   </testsuite>
</testsuites>
